[0.162s] Invoking command in '/home/user/Jina/build/dsr_mujoco': CMAKE_PREFIX_PATH=/opt/ros/humble /usr/bin/cmake --build /home/user/Jina/build/dsr_mujoco -- -j12 -l12
[0.225s] Built target ament_cmake_python_copy_dsr_mujoco
[0.366s] running egg_info
[0.366s] writing dsr_mujoco.egg-info/PKG-INFO
[0.366s] writing dependency_links to dsr_mujoco.egg-info/dependency_links.txt
[0.366s] writing top-level names to dsr_mujoco.egg-info/top_level.txt
[0.367s] reading manifest file 'dsr_mujoco.egg-info/SOURCES.txt'
[0.368s] writing manifest file 'dsr_mujoco.egg-info/SOURCES.txt'
[0.385s] Built target ament_cmake_python_build_dsr_mujoco_egg
[0.636s] Invoked command in '/home/user/Jina/build/dsr_mujoco' returned '0': CMAKE_PREFIX_PATH=/opt/ros/humble /usr/bin/cmake --build /home/user/Jina/build/dsr_mujoco -- -j12 -l12
[0.637s] Invoking command in '/home/user/Jina/build/dsr_mujoco': CMAKE_PREFIX_PATH=/opt/ros/humble /usr/bin/cmake --install /home/user/Jina/build/dsr_mujoco
[0.646s] -- Install configuration: ""
[0.646s] -- Up-to-date: /home/user/Jina/install/dsr_mujoco/share/dsr_mujoco/environment/pythonpath.sh
[0.646s] -- Up-to-date: /home/user/Jina/install/dsr_mujoco/share/dsr_mujoco/environment/pythonpath.dsv
[0.646s] -- Up-to-date: /home/user/Jina/install/dsr_mujoco/local/lib/python3.10/dist-packages/dsr_mujoco-0.1.0-py3.10.egg-info
[0.647s] -- Installing: /home/user/Jina/install/dsr_mujoco/local/lib/python3.10/dist-packages/dsr_mujoco-0.1.0-py3.10.egg-info/dependency_links.txt
[0.647s] -- Installing: /home/user/Jina/install/dsr_mujoco/local/lib/python3.10/dist-packages/dsr_mujoco-0.1.0-py3.10.egg-info/SOURCES.txt
[0.647s] -- Installing: /home/user/Jina/install/dsr_mujoco/local/lib/python3.10/dist-packages/dsr_mujoco-0.1.0-py3.10.egg-info/PKG-INFO
[0.647s] -- Installing: /home/user/Jina/install/dsr_mujoco/local/lib/python3.10/dist-packages/dsr_mujoco-0.1.0-py3.10.egg-info/top_level.txt
[0.647s] -- Up-to-date: /home/user/Jina/install/dsr_mujoco/local/lib/python3.10/dist-packages/dsr_mujoco
[0.647s] -- Up-to-date: /home/user/Jina/install/dsr_mujoco/local/lib/python3.10/dist-packages/dsr_mujoco/__init__.py
[0.647s] -- Up-to-date: /home/user/Jina/install/dsr_mujoco/local/lib/python3.10/dist-packages/dsr_mujoco/dsr_merge_gripper.py
[0.648s] -- Up-to-date: /home/user/Jina/install/dsr_mujoco/local/lib/python3.10/dist-packages/dsr_mujoco/dsr_build_scene.py
[0.769s] Listing '/home/user/Jina/install/dsr_mujoco/local/lib/python3.10/dist-packages/dsr_mujoco'...
[0.786s] -- Up-to-date: /home/user/Jina/install/dsr_mujoco/share/dsr_mujoco//launch
[0.791s] -- Up-to-date: /home/user/Jina/install/dsr_mujoco/share/dsr_mujoco//launch/dsr_mujoco_default.launch.py
[0.791s] -- Up-to-date: /home/user/Jina/install/dsr_mujoco/share/dsr_mujoco//launch/dsr_mujoco.launch.py
[0.791s] -- Up-to-date: /home/user/Jina/install/dsr_mujoco/share/dsr_mujoco//config
[0.791s] -- Up-to-date: /home/user/Jina/install/dsr_mujoco/share/dsr_mujoco//config/dsr_mujoco_controller_with_2f85.yaml
[0.791s] -- Up-to-date: /home/user/Jina/install/dsr_mujoco/share/dsr_mujoco//config/2f85_controller.yaml
[0.791s] -- Up-to-date: /home/user/Jina/install/dsr_mujoco/share/dsr_mujoco//config/dsr_mujoco_controller.yaml
[0.791s] -- Up-to-date: /home/user/Jina/install/dsr_mujoco/share/ament_index/resource_index/package_run_dependencies/dsr_mujoco
[0.791s] -- Up-to-date: /home/user/Jina/install/dsr_mujoco/share/ament_index/resource_index/parent_prefix_path/dsr_mujoco
[0.791s] -- Up-to-date: /home/user/Jina/install/dsr_mujoco/share/dsr_mujoco/environment/ament_prefix_path.sh
[0.791s] -- Up-to-date: /home/user/Jina/install/dsr_mujoco/share/dsr_mujoco/environment/ament_prefix_path.dsv
[0.791s] -- Up-to-date: /home/user/Jina/install/dsr_mujoco/share/dsr_mujoco/environment/path.sh
[0.791s] -- Up-to-date: /home/user/Jina/install/dsr_mujoco/share/dsr_mujoco/environment/path.dsv
[0.791s] -- Up-to-date: /home/user/Jina/install/dsr_mujoco/share/dsr_mujoco/local_setup.bash
[0.792s] -- Up-to-date: /home/user/Jina/install/dsr_mujoco/share/dsr_mujoco/local_setup.sh
[0.792s] -- Up-to-date: /home/user/Jina/install/dsr_mujoco/share/dsr_mujoco/local_setup.zsh
[0.792s] -- Up-to-date: /home/user/Jina/install/dsr_mujoco/share/dsr_mujoco/local_setup.dsv
[0.792s] -- Installing: /home/user/Jina/install/dsr_mujoco/share/dsr_mujoco/package.dsv
[0.792s] -- Up-to-date: /home/user/Jina/install/dsr_mujoco/share/ament_index/resource_index/packages/dsr_mujoco
[0.792s] -- Up-to-date: /home/user/Jina/install/dsr_mujoco/share/dsr_mujoco/cmake/dsr_mujocoConfig.cmake
[0.792s] -- Up-to-date: /home/user/Jina/install/dsr_mujoco/share/dsr_mujoco/cmake/dsr_mujocoConfig-version.cmake
[0.792s] -- Up-to-date: /home/user/Jina/install/dsr_mujoco/share/dsr_mujoco/package.xml
[0.794s] Invoked command in '/home/user/Jina/build/dsr_mujoco' returned '0': CMAKE_PREFIX_PATH=/opt/ros/humble /usr/bin/cmake --install /home/user/Jina/build/dsr_mujoco
