[0.052s] Invoking command in '/home/user/Jina/build/dsr_moveit_config_m1013': CMAKE_PREFIX_PATH=${CMAKE_PREFIX_PATH}:/home/user/Jina/install/tower_builder:/home/user/Jina/install/dsr_visualservoing:/home/user/Jina/install/dsr_tests:/home/user/Jina/install/dsr_bringup2:/home/user/Jina/install/dsr_example:/opt/ros/humble /usr/bin/cmake --build /home/user/Jina/build/dsr_moveit_config_m1013 -- -j12 -l12
[0.174s] Invoked command in '/home/user/Jina/build/dsr_moveit_config_m1013' returned '0': CMAKE_PREFIX_PATH=${CMAKE_PREFIX_PATH}:/home/user/Jina/install/tower_builder:/home/user/Jina/install/dsr_visualservoing:/home/user/Jina/install/dsr_tests:/home/user/Jina/install/dsr_bringup2:/home/user/Jina/install/dsr_example:/opt/ros/humble /usr/bin/cmake --build /home/user/Jina/build/dsr_moveit_config_m1013 -- -j12 -l12
[0.180s] Invoking command in '/home/user/Jina/build/dsr_moveit_config_m1013': CMAKE_PREFIX_PATH=${CMAKE_PREFIX_PATH}:/home/user/Jina/install/tower_builder:/home/user/Jina/install/dsr_visualservoing:/home/user/Jina/install/dsr_tests:/home/user/Jina/install/dsr_bringup2:/home/user/Jina/install/dsr_example:/opt/ros/humble /usr/bin/cmake --install /home/user/Jina/build/dsr_moveit_config_m1013
[0.260s] -- Install configuration: ""
[0.260s] -- Up-to-date: /home/user/Jina/install/dsr_moveit_config_m1013/share/ament_index/resource_index/package_run_dependencies/dsr_moveit_config_m1013
[0.261s] -- Up-to-date: /home/user/Jina/install/dsr_moveit_config_m1013/share/ament_index/resource_index/parent_prefix_path/dsr_moveit_config_m1013
[0.261s] -- Up-to-date: /home/user/Jina/install/dsr_moveit_config_m1013/share/dsr_moveit_config_m1013/environment/ament_prefix_path.sh
[0.261s] -- Up-to-date: /home/user/Jina/install/dsr_moveit_config_m1013/share/dsr_moveit_config_m1013/environment/ament_prefix_path.dsv
[0.261s] -- Up-to-date: /home/user/Jina/install/dsr_moveit_config_m1013/share/dsr_moveit_config_m1013/environment/path.sh
[0.261s] -- Up-to-date: /home/user/Jina/install/dsr_moveit_config_m1013/share/dsr_moveit_config_m1013/environment/path.dsv
[0.261s] -- Up-to-date: /home/user/Jina/install/dsr_moveit_config_m1013/share/dsr_moveit_config_m1013/local_setup.bash
[0.261s] -- Up-to-date: /home/user/Jina/install/dsr_moveit_config_m1013/share/dsr_moveit_config_m1013/local_setup.sh
[0.261s] -- Up-to-date: /home/user/Jina/install/dsr_moveit_config_m1013/share/dsr_moveit_config_m1013/local_setup.zsh
[0.261s] -- Up-to-date: /home/user/Jina/install/dsr_moveit_config_m1013/share/dsr_moveit_config_m1013/local_setup.dsv
[0.261s] -- Installing: /home/user/Jina/install/dsr_moveit_config_m1013/share/dsr_moveit_config_m1013/package.dsv
[0.261s] -- Up-to-date: /home/user/Jina/install/dsr_moveit_config_m1013/share/ament_index/resource_index/packages/dsr_moveit_config_m1013
[0.262s] -- Up-to-date: /home/user/Jina/install/dsr_moveit_config_m1013/share/dsr_moveit_config_m1013/cmake/dsr_moveit_config_m1013Config.cmake
[0.262s] -- Up-to-date: /home/user/Jina/install/dsr_moveit_config_m1013/share/dsr_moveit_config_m1013/cmake/dsr_moveit_config_m1013Config-version.cmake
[0.262s] -- Up-to-date: /home/user/Jina/install/dsr_moveit_config_m1013/share/dsr_moveit_config_m1013/package.xml
[0.262s] -- Up-to-date: /home/user/Jina/install/dsr_moveit_config_m1013/share/dsr_moveit_config_m1013/launch
[0.262s] -- Up-to-date: /home/user/Jina/install/dsr_moveit_config_m1013/share/dsr_moveit_config_m1013/launch/start.launch.py
[0.262s] -- Up-to-date: /home/user/Jina/install/dsr_moveit_config_m1013/share/dsr_moveit_config_m1013/launch/moveit.rviz
[0.262s] -- Up-to-date: /home/user/Jina/install/dsr_moveit_config_m1013/share/dsr_moveit_config_m1013/launch/demo.launch.py
[0.262s] -- Up-to-date: /home/user/Jina/install/dsr_moveit_config_m1013/share/dsr_moveit_config_m1013/config
[0.263s] -- Up-to-date: /home/user/Jina/install/dsr_moveit_config_m1013/share/dsr_moveit_config_m1013/config/initial_positions.yaml
[0.263s] -- Up-to-date: /home/user/Jina/install/dsr_moveit_config_m1013/share/dsr_moveit_config_m1013/config/moveit_controllers.yaml
[0.263s] -- Up-to-date: /home/user/Jina/install/dsr_moveit_config_m1013/share/dsr_moveit_config_m1013/config/joint_limits.yaml
[0.263s] -- Up-to-date: /home/user/Jina/install/dsr_moveit_config_m1013/share/dsr_moveit_config_m1013/config/sensors_3d.yaml
[0.263s] -- Up-to-date: /home/user/Jina/install/dsr_moveit_config_m1013/share/dsr_moveit_config_m1013/config/dsr.ros2_control.xacro
[0.264s] -- Up-to-date: /home/user/Jina/install/dsr_moveit_config_m1013/share/dsr_moveit_config_m1013/config/chomp_planning.yaml
[0.264s] -- Up-to-date: /home/user/Jina/install/dsr_moveit_config_m1013/share/dsr_moveit_config_m1013/config/m1013.urdf.xacro
[0.264s] -- Up-to-date: /home/user/Jina/install/dsr_moveit_config_m1013/share/dsr_moveit_config_m1013/config/kinematics.yaml
[0.264s] -- Up-to-date: /home/user/Jina/install/dsr_moveit_config_m1013/share/dsr_moveit_config_m1013/config/dsr.srdf
[0.264s] -- Up-to-date: /home/user/Jina/install/dsr_moveit_config_m1013/share/dsr_moveit_config_m1013/config/pilz_cartesian_limits.yaml
[0.265s] -- Up-to-date: /home/user/Jina/install/dsr_moveit_config_m1013/share/dsr_moveit_config_m1013/config/pilz_industrial_motion_planner_planning.yaml
[0.265s] -- Up-to-date: /home/user/Jina/install/dsr_moveit_config_m1013/share/dsr_moveit_config_m1013/config/ompl_planning.yaml
[0.265s] -- Up-to-date: /home/user/Jina/install/dsr_moveit_config_m1013/share/dsr_moveit_config_m1013/config/ros2_controllers.yaml
[0.265s] -- Up-to-date: /home/user/Jina/install/dsr_moveit_config_m1013/share/dsr_moveit_config_m1013/.setup_assistant
[0.394s] Invoked command in '/home/user/Jina/build/dsr_moveit_config_m1013' returned '0': CMAKE_PREFIX_PATH=${CMAKE_PREFIX_PATH}:/home/user/Jina/install/tower_builder:/home/user/Jina/install/dsr_visualservoing:/home/user/Jina/install/dsr_tests:/home/user/Jina/install/dsr_bringup2:/home/user/Jina/install/dsr_example:/opt/ros/humble /usr/bin/cmake --install /home/user/Jina/build/dsr_moveit_config_m1013
