-- Install configuration: ""
-- Up-to-date: /home/user/Jina/install/dsr_moveit_config_h2515/share/ament_index/resource_index/package_run_dependencies/dsr_moveit_config_h2515
-- Up-to-date: /home/user/Jina/install/dsr_moveit_config_h2515/share/ament_index/resource_index/parent_prefix_path/dsr_moveit_config_h2515
-- Up-to-date: /home/user/Jina/install/dsr_moveit_config_h2515/share/dsr_moveit_config_h2515/environment/ament_prefix_path.sh
-- Up-to-date: /home/user/Jina/install/dsr_moveit_config_h2515/share/dsr_moveit_config_h2515/environment/ament_prefix_path.dsv
-- Up-to-date: /home/user/Jina/install/dsr_moveit_config_h2515/share/dsr_moveit_config_h2515/environment/path.sh
-- Up-to-date: /home/user/Jina/install/dsr_moveit_config_h2515/share/dsr_moveit_config_h2515/environment/path.dsv
-- Up-to-date: /home/user/Jina/install/dsr_moveit_config_h2515/share/dsr_moveit_config_h2515/local_setup.bash
-- Up-to-date: /home/user/Jina/install/dsr_moveit_config_h2515/share/dsr_moveit_config_h2515/local_setup.sh
-- Up-to-date: /home/user/Jina/install/dsr_moveit_config_h2515/share/dsr_moveit_config_h2515/local_setup.zsh
-- Up-to-date: /home/user/Jina/install/dsr_moveit_config_h2515/share/dsr_moveit_config_h2515/local_setup.dsv
-- Installing: /home/user/Jina/install/dsr_moveit_config_h2515/share/dsr_moveit_config_h2515/package.dsv
-- Up-to-date: /home/user/Jina/install/dsr_moveit_config_h2515/share/ament_index/resource_index/packages/dsr_moveit_config_h2515
-- Up-to-date: /home/user/Jina/install/dsr_moveit_config_h2515/share/dsr_moveit_config_h2515/cmake/dsr_moveit_config_h2515Config.cmake
-- Up-to-date: /home/user/Jina/install/dsr_moveit_config_h2515/share/dsr_moveit_config_h2515/cmake/dsr_moveit_config_h2515Config-version.cmake
-- Up-to-date: /home/user/Jina/install/dsr_moveit_config_h2515/share/dsr_moveit_config_h2515/package.xml
-- Up-to-date: /home/user/Jina/install/dsr_moveit_config_h2515/share/dsr_moveit_config_h2515/launch
-- Up-to-date: /home/user/Jina/install/dsr_moveit_config_h2515/share/dsr_moveit_config_h2515/launch/start.launch.py
-- Up-to-date: /home/user/Jina/install/dsr_moveit_config_h2515/share/dsr_moveit_config_h2515/launch/moveit.rviz
-- Up-to-date: /home/user/Jina/install/dsr_moveit_config_h2515/share/dsr_moveit_config_h2515/launch/demo.launch.py
-- Up-to-date: /home/user/Jina/install/dsr_moveit_config_h2515/share/dsr_moveit_config_h2515/config
-- Up-to-date: /home/user/Jina/install/dsr_moveit_config_h2515/share/dsr_moveit_config_h2515/config/initial_positions.yaml
-- Up-to-date: /home/user/Jina/install/dsr_moveit_config_h2515/share/dsr_moveit_config_h2515/config/moveit_controllers.yaml
-- Up-to-date: /home/user/Jina/install/dsr_moveit_config_h2515/share/dsr_moveit_config_h2515/config/joint_limits.yaml
-- Up-to-date: /home/user/Jina/install/dsr_moveit_config_h2515/share/dsr_moveit_config_h2515/config/sensors_3d.yaml
-- Up-to-date: /home/user/Jina/install/dsr_moveit_config_h2515/share/dsr_moveit_config_h2515/config/dsr.ros2_control.xacro
-- Up-to-date: /home/user/Jina/install/dsr_moveit_config_h2515/share/dsr_moveit_config_h2515/config/chomp_planning.yaml
-- Up-to-date: /home/user/Jina/install/dsr_moveit_config_h2515/share/dsr_moveit_config_h2515/config/kinematics.yaml
-- Up-to-date: /home/user/Jina/install/dsr_moveit_config_h2515/share/dsr_moveit_config_h2515/config/dsr.srdf
-- Up-to-date: /home/user/Jina/install/dsr_moveit_config_h2515/share/dsr_moveit_config_h2515/config/pilz_cartesian_limits.yaml
-- Up-to-date: /home/user/Jina/install/dsr_moveit_config_h2515/share/dsr_moveit_config_h2515/config/pilz_industrial_motion_planner_planning.yaml
-- Up-to-date: /home/user/Jina/install/dsr_moveit_config_h2515/share/dsr_moveit_config_h2515/config/ompl_planning.yaml
-- Up-to-date: /home/user/Jina/install/dsr_moveit_config_h2515/share/dsr_moveit_config_h2515/config/h2515.urdf.xacro
-- Up-to-date: /home/user/Jina/install/dsr_moveit_config_h2515/share/dsr_moveit_config_h2515/config/ros2_controllers.yaml
-- Up-to-date: /home/user/Jina/install/dsr_moveit_config_h2515/share/dsr_moveit_config_h2515/.setup_assistant
