[0.036s] Invoking command in '/home/user/Jina/build/dsr_moveit_config_a0912': CMAKE_PREFIX_PATH=${CMAKE_PREFIX_PATH}:/home/user/Jina/install/tower_builder:/home/user/Jina/install/dsr_visualservoing:/home/user/Jina/install/dsr_tests:/home/user/Jina/install/dsr_bringup2:/home/user/Jina/install/dsr_example:/opt/ros/humble /usr/bin/cmake --build /home/user/Jina/build/dsr_moveit_config_a0912 -- -j12 -l12
[0.089s] Invoked command in '/home/user/Jina/build/dsr_moveit_config_a0912' returned '0': CMAKE_PREFIX_PATH=${CMAKE_PREFIX_PATH}:/home/user/Jina/install/tower_builder:/home/user/Jina/install/dsr_visualservoing:/home/user/Jina/install/dsr_tests:/home/user/Jina/install/dsr_bringup2:/home/user/Jina/install/dsr_example:/opt/ros/humble /usr/bin/cmake --build /home/user/Jina/build/dsr_moveit_config_a0912 -- -j12 -l12
[0.090s] Invoking command in '/home/user/Jina/build/dsr_moveit_config_a0912': CMAKE_PREFIX_PATH=${CMAKE_PREFIX_PATH}:/home/user/Jina/install/tower_builder:/home/user/Jina/install/dsr_visualservoing:/home/user/Jina/install/dsr_tests:/home/user/Jina/install/dsr_bringup2:/home/user/Jina/install/dsr_example:/opt/ros/humble /usr/bin/cmake --install /home/user/Jina/build/dsr_moveit_config_a0912
[0.148s] -- Install configuration: ""
[0.148s] -- Up-to-date: /home/user/Jina/install/dsr_moveit_config_a0912/share/ament_index/resource_index/package_run_dependencies/dsr_moveit_config_a0912
[0.148s] -- Up-to-date: /home/user/Jina/install/dsr_moveit_config_a0912/share/ament_index/resource_index/parent_prefix_path/dsr_moveit_config_a0912
[0.148s] -- Up-to-date: /home/user/Jina/install/dsr_moveit_config_a0912/share/dsr_moveit_config_a0912/environment/ament_prefix_path.sh
[0.148s] -- Up-to-date: /home/user/Jina/install/dsr_moveit_config_a0912/share/dsr_moveit_config_a0912/environment/ament_prefix_path.dsv
[0.148s] -- Up-to-date: /home/user/Jina/install/dsr_moveit_config_a0912/share/dsr_moveit_config_a0912/environment/path.sh
[0.148s] -- Up-to-date: /home/user/Jina/install/dsr_moveit_config_a0912/share/dsr_moveit_config_a0912/environment/path.dsv
[0.148s] -- Up-to-date: /home/user/Jina/install/dsr_moveit_config_a0912/share/dsr_moveit_config_a0912/local_setup.bash
[0.148s] -- Up-to-date: /home/user/Jina/install/dsr_moveit_config_a0912/share/dsr_moveit_config_a0912/local_setup.sh
[0.148s] -- Up-to-date: /home/user/Jina/install/dsr_moveit_config_a0912/share/dsr_moveit_config_a0912/local_setup.zsh
[0.148s] -- Up-to-date: /home/user/Jina/install/dsr_moveit_config_a0912/share/dsr_moveit_config_a0912/local_setup.dsv
[0.148s] -- Installing: /home/user/Jina/install/dsr_moveit_config_a0912/share/dsr_moveit_config_a0912/package.dsv
[0.148s] -- Up-to-date: /home/user/Jina/install/dsr_moveit_config_a0912/share/ament_index/resource_index/packages/dsr_moveit_config_a0912
[0.149s] -- Up-to-date: /home/user/Jina/install/dsr_moveit_config_a0912/share/dsr_moveit_config_a0912/cmake/dsr_moveit_config_a0912Config.cmake
[0.149s] -- Up-to-date: /home/user/Jina/install/dsr_moveit_config_a0912/share/dsr_moveit_config_a0912/cmake/dsr_moveit_config_a0912Config-version.cmake
[0.149s] -- Up-to-date: /home/user/Jina/install/dsr_moveit_config_a0912/share/dsr_moveit_config_a0912/package.xml
[0.149s] -- Up-to-date: /home/user/Jina/install/dsr_moveit_config_a0912/share/dsr_moveit_config_a0912/launch
[0.149s] -- Up-to-date: /home/user/Jina/install/dsr_moveit_config_a0912/share/dsr_moveit_config_a0912/launch/start.launch.py
[0.149s] -- Up-to-date: /home/user/Jina/install/dsr_moveit_config_a0912/share/dsr_moveit_config_a0912/launch/moveit.rviz
[0.149s] -- Up-to-date: /home/user/Jina/install/dsr_moveit_config_a0912/share/dsr_moveit_config_a0912/launch/demo.launch.py
[0.149s] -- Up-to-date: /home/user/Jina/install/dsr_moveit_config_a0912/share/dsr_moveit_config_a0912/config
[0.149s] -- Up-to-date: /home/user/Jina/install/dsr_moveit_config_a0912/share/dsr_moveit_config_a0912/config/a0912.urdf.xacro
[0.149s] -- Up-to-date: /home/user/Jina/install/dsr_moveit_config_a0912/share/dsr_moveit_config_a0912/config/initial_positions.yaml
[0.149s] -- Up-to-date: /home/user/Jina/install/dsr_moveit_config_a0912/share/dsr_moveit_config_a0912/config/moveit_controllers.yaml
[0.149s] -- Up-to-date: /home/user/Jina/install/dsr_moveit_config_a0912/share/dsr_moveit_config_a0912/config/joint_limits.yaml
[0.149s] -- Up-to-date: /home/user/Jina/install/dsr_moveit_config_a0912/share/dsr_moveit_config_a0912/config/sensors_3d.yaml
[0.149s] -- Up-to-date: /home/user/Jina/install/dsr_moveit_config_a0912/share/dsr_moveit_config_a0912/config/dsr.ros2_control.xacro
[0.149s] -- Up-to-date: /home/user/Jina/install/dsr_moveit_config_a0912/share/dsr_moveit_config_a0912/config/chomp_planning.yaml
[0.149s] -- Up-to-date: /home/user/Jina/install/dsr_moveit_config_a0912/share/dsr_moveit_config_a0912/config/kinematics.yaml
[0.149s] -- Up-to-date: /home/user/Jina/install/dsr_moveit_config_a0912/share/dsr_moveit_config_a0912/config/dsr.srdf
[0.149s] -- Up-to-date: /home/user/Jina/install/dsr_moveit_config_a0912/share/dsr_moveit_config_a0912/config/pilz_cartesian_limits.yaml
[0.149s] -- Up-to-date: /home/user/Jina/install/dsr_moveit_config_a0912/share/dsr_moveit_config_a0912/config/pilz_industrial_motion_planner_planning.yaml
[0.149s] -- Up-to-date: /home/user/Jina/install/dsr_moveit_config_a0912/share/dsr_moveit_config_a0912/config/ompl_planning.yaml
[0.149s] -- Up-to-date: /home/user/Jina/install/dsr_moveit_config_a0912/share/dsr_moveit_config_a0912/config/ros2_controllers.yaml
[0.149s] -- Up-to-date: /home/user/Jina/install/dsr_moveit_config_a0912/share/dsr_moveit_config_a0912/.setup_assistant
[0.157s] Invoked command in '/home/user/Jina/build/dsr_moveit_config_a0912' returned '0': CMAKE_PREFIX_PATH=${CMAKE_PREFIX_PATH}:/home/user/Jina/install/tower_builder:/home/user/Jina/install/dsr_visualservoing:/home/user/Jina/install/dsr_tests:/home/user/Jina/install/dsr_bringup2:/home/user/Jina/install/dsr_example:/opt/ros/humble /usr/bin/cmake --install /home/user/Jina/build/dsr_moveit_config_a0912
