[0.046s] Invoking command in '/home/user/Jina/build/dsr_description2': CMAKE_PREFIX_PATH=/opt/ros/humble /usr/bin/cmake --build /home/user/Jina/build/dsr_description2 -- -j12 -l12
[0.109s] Invoked command in '/home/user/Jina/build/dsr_description2' returned '0': CMAKE_PREFIX_PATH=/opt/ros/humble /usr/bin/cmake --build /home/user/Jina/build/dsr_description2 -- -j12 -l12
[0.118s] Invoking command in '/home/user/Jina/build/dsr_description2': CMAKE_PREFIX_PATH=/opt/ros/humble /usr/bin/cmake --install /home/user/Jina/build/dsr_description2
[0.127s] -- Install configuration: ""
[0.129s] -- Up-to-date: /home/user/Jina/install/dsr_description2/share/dsr_description2/environment/dsr_description2_path.dsv
[0.129s] -- Up-to-date: /home/user/Jina/install/dsr_description2/share/ament_index/resource_index/package_run_dependencies/dsr_description2
[0.129s] -- Up-to-date: /home/user/Jina/install/dsr_description2/share/ament_index/resource_index/parent_prefix_path/dsr_description2
[0.130s] -- Up-to-date: /home/user/Jina/install/dsr_description2/share/dsr_description2/environment/ament_prefix_path.sh
[0.130s] -- Up-to-date: /home/user/Jina/install/dsr_description2/share/dsr_description2/environment/ament_prefix_path.dsv
[0.130s] -- Up-to-date: /home/user/Jina/install/dsr_description2/share/dsr_description2/environment/path.sh
[0.130s] -- Up-to-date: /home/user/Jina/install/dsr_description2/share/dsr_description2/environment/path.dsv
[0.130s] -- Up-to-date: /home/user/Jina/install/dsr_description2/share/dsr_description2/local_setup.bash
[0.130s] -- Up-to-date: /home/user/Jina/install/dsr_description2/share/dsr_description2/local_setup.sh
[0.130s] -- Up-to-date: /home/user/Jina/install/dsr_description2/share/dsr_description2/local_setup.zsh
[0.130s] -- Up-to-date: /home/user/Jina/install/dsr_description2/share/dsr_description2/local_setup.dsv
[0.130s] -- Up-to-date: /home/user/Jina/install/dsr_description2/share/dsr_description2/package.dsv
[0.130s] -- Up-to-date: /home/user/Jina/install/dsr_description2/share/ament_index/resource_index/packages/dsr_description2
[0.132s] -- Up-to-date: /home/user/Jina/install/dsr_description2/share/dsr_description2/cmake/dsr_description2Config.cmake
[0.132s] -- Up-to-date: /home/user/Jina/install/dsr_description2/share/dsr_description2/cmake/dsr_description2Config-version.cmake
[0.132s] -- Up-to-date: /home/user/Jina/install/dsr_description2/share/dsr_description2/package.xml
[0.132s] -- Up-to-date: /home/user/Jina/install/dsr_description2/share/dsr_description2/meshes
[0.133s] -- Up-to-date: /home/user/Jina/install/dsr_description2/share/dsr_description2/meshes/a0912_collision
[0.133s] -- Up-to-date: /home/user/Jina/install/dsr_description2/share/dsr_description2/meshes/a0912_collision/A0912_4_0.dae
[0.133s] -- Up-to-date: /home/user/Jina/install/dsr_description2/share/dsr_description2/meshes/a0912_collision/A0912_6_0.dae
[0.133s] -- Up-to-date: /home/user/Jina/install/dsr_description2/share/dsr_description2/meshes/a0912_collision/A0912_5_1.dae
[0.133s] -- Up-to-date: /home/user/Jina/install/dsr_description2/share/dsr_description2/meshes/a0912_collision/A0912_4_1.dae
[0.133s] -- Up-to-date: /home/user/Jina/install/dsr_description2/share/dsr_description2/meshes/a0912_collision/A0912_1_1.dae
[0.133s] -- Up-to-date: /home/user/Jina/install/dsr_description2/share/dsr_description2/meshes/a0912_collision/A0912_2_0.dae
[0.133s] -- Up-to-date: /home/user/Jina/install/dsr_description2/share/dsr_description2/meshes/a0912_collision/A0912_5_0.dae
[0.133s] -- Up-to-date: /home/user/Jina/install/dsr_description2/share/dsr_description2/meshes/a0912_collision/A0912_2_1.dae
[0.134s] -- Up-to-date: /home/user/Jina/install/dsr_description2/share/dsr_description2/meshes/a0912_collision/A0912_3_1.dae
[0.134s] -- Up-to-date: /home/user/Jina/install/dsr_description2/share/dsr_description2/meshes/a0912_collision/A0912_2_2.dae
[0.135s] -- Up-to-date: /home/user/Jina/install/dsr_description2/share/dsr_description2/meshes/a0912_collision/A0912_1_0.dae
[0.137s] -- Up-to-date: /home/user/Jina/install/dsr_description2/share/dsr_description2/meshes/a0912_collision/A0912_1_2.dae
[0.137s] -- Up-to-date: /home/user/Jina/install/dsr_description2/share/dsr_description2/meshes/a0912_collision/A0912_0_0.dae
[0.137s] -- Up-to-date: /home/user/Jina/install/dsr_description2/share/dsr_description2/meshes/a0912_collision/A0912_3_0.dae
[0.139s] -- Up-to-date: /home/user/Jina/install/dsr_description2/share/dsr_description2/meshes/m0609_white
[0.142s] -- Up-to-date: /home/user/Jina/install/dsr_description2/share/dsr_description2/meshes/m0609_white/MF0609_4_1.dae
[0.142s] -- Up-to-date: /home/user/Jina/install/dsr_description2/share/dsr_description2/meshes/m0609_white/MF0609_2_2.dae
[0.143s] -- Up-to-date: /home/user/Jina/install/dsr_description2/share/dsr_description2/meshes/m0609_white/MF0609_5_0.dae
[0.144s] -- Up-to-date: /home/user/Jina/install/dsr_description2/share/dsr_description2/meshes/m0609_white/MF0609_0_0.dae
[0.144s] -- Up-to-date: /home/user/Jina/install/dsr_description2/share/dsr_description2/meshes/m0609_white/MF0609_1_0.dae
[0.144s] -- Up-to-date: /home/user/Jina/install/dsr_description2/share/dsr_description2/meshes/m0609_white/MF0609_2_0.dae
[0.146s] -- Up-to-date: /home/user/Jina/install/dsr_description2/share/dsr_description2/meshes/m0609_white/MF0609_3_0.dae
[0.147s] -- Up-to-date: /home/user/Jina/install/dsr_description2/share/dsr_description2/meshes/m0609_white/MF0609_2_1.dae
[0.147s] -- Up-to-date: /home/user/Jina/install/dsr_description2/share/dsr_description2/meshes/m0609_white/MF0609_4_0.dae
[0.147s] -- Up-to-date: /home/user/Jina/install/dsr_description2/share/dsr_description2/meshes/m0609_white/MF0609_6_0.dae
[0.147s] -- Up-to-date: /home/user/Jina/install/dsr_description2/share/dsr_description2/meshes/m0617_white
[0.147s] -- Up-to-date: /home/user/Jina/install/dsr_description2/share/dsr_description2/meshes/m0617_white/MF0617_6_0.dae
[0.147s] -- Up-to-date: /home/user/Jina/install/dsr_description2/share/dsr_description2/meshes/m0617_white/MF0617_5_0.dae
[0.148s] -- Up-to-date: /home/user/Jina/install/dsr_description2/share/dsr_description2/meshes/m0617_white/MF0617_0_0.dae
[0.148s] -- Up-to-date: /home/user/Jina/install/dsr_description2/share/dsr_description2/meshes/m0617_white/MF0617_4_0.dae
[0.149s] -- Up-to-date: /home/user/Jina/install/dsr_description2/share/dsr_description2/meshes/m0617_white/MF0617_2_0.dae
[0.149s] -- Up-to-date: /home/user/Jina/install/dsr_description2/share/dsr_description2/meshes/m0617_white/MF0617_1_0.dae
[0.149s] -- Up-to-date: /home/user/Jina/install/dsr_description2/share/dsr_description2/meshes/m0617_white/MF0617_2_2.dae
[0.149s] -- Up-to-date: /home/user/Jina/install/dsr_description2/share/dsr_description2/meshes/m0617_white/MF0617_4_1.dae
[0.149s] -- Up-to-date: /home/user/Jina/install/dsr_description2/share/dsr_description2/meshes/m0617_white/MF0617_2_1.dae
[0.149s] -- Up-to-date: /home/user/Jina/install/dsr_description2/share/dsr_description2/meshes/m0617_white/MF0617_3_0.dae
[0.149s] -- Up-to-date: /home/user/Jina/install/dsr_description2/share/dsr_description2/meshes/m1013_white
[0.149s] -- Up-to-date: /home/user/Jina/install/dsr_description2/share/dsr_description2/meshes/m1013_white/MF1013_6_0.dae
[0.149s] -- Up-to-date: /home/user/Jina/install/dsr_description2/share/dsr_description2/meshes/m1013_white/MF1013_5_0.dae
[0.149s] -- Up-to-date: /home/user/Jina/install/dsr_description2/share/dsr_description2/meshes/m1013_white/MF1013_2_1.dae
[0.149s] -- Up-to-date: /home/user/Jina/install/dsr_description2/share/dsr_description2/meshes/m1013_white/MF1013_4_0.dae
[0.149s] -- Up-to-date: /home/user/Jina/install/dsr_description2/share/dsr_description2/meshes/m1013_white/MF1013_2_2.dae
[0.150s] -- Up-to-date: /home/user/Jina/install/dsr_description2/share/dsr_description2/meshes/m1013_white/MF1013_3_0.dae
[0.150s] -- Up-to-date: /home/user/Jina/install/dsr_description2/share/dsr_description2/meshes/m1013_white/MF1013_1_0.dae
[0.150s] -- Up-to-date: /home/user/Jina/install/dsr_description2/share/dsr_description2/meshes/m1013_white/MF1013_2_0.dae
[0.151s] -- Up-to-date: /home/user/Jina/install/dsr_description2/share/dsr_description2/meshes/m1013_white/MF1013_0_0.dae
[0.151s] -- Up-to-date: /home/user/Jina/install/dsr_description2/share/dsr_description2/meshes/m1013_white/MF1013_4_1.dae
[0.151s] -- Up-to-date: /home/user/Jina/install/dsr_description2/share/dsr_description2/meshes/h2017_blue
[0.152s] -- Up-to-date: /home/user/Jina/install/dsr_description2/share/dsr_description2/meshes/h2017_blue/H2017_0_0.dae
[0.152s] -- Up-to-date: /home/user/Jina/install/dsr_description2/share/dsr_description2/meshes/h2017_blue/H2017_1_0.dae
[0.152s] -- Up-to-date: /home/user/Jina/install/dsr_description2/share/dsr_description2/meshes/h2017_blue/H2017_4_0.dae
[0.152s] -- Up-to-date: /home/user/Jina/install/dsr_description2/share/dsr_description2/meshes/h2017_blue/H2017_2_1.dae
[0.152s] -- Up-to-date: /home/user/Jina/install/dsr_description2/share/dsr_description2/meshes/h2017_blue/H2017_5_0.dae
[0.152s] -- Up-to-date: /home/user/Jina/install/dsr_description2/share/dsr_description2/meshes/h2017_blue/H2017_3_0.dae
[0.152s] -- Up-to-date: /home/user/Jina/install/dsr_description2/share/dsr_description2/meshes/h2017_blue/H2017_6_0.dae
[0.152s] -- Up-to-date: /home/user/Jina/install/dsr_description2/share/dsr_description2/meshes/h2017_blue/H2017_2_2.dae
[0.152s] -- Up-to-date: /home/user/Jina/install/dsr_description2/share/dsr_description2/meshes/h2017_blue/H2017_2_0.dae
[0.153s] -- Up-to-date: /home/user/Jina/install/dsr_description2/share/dsr_description2/meshes/h2017_blue/H2017_4_1.dae
[0.154s] -- Up-to-date: /home/user/Jina/install/dsr_description2/share/dsr_description2/meshes/a0912_white
[0.154s] -- Up-to-date: /home/user/Jina/install/dsr_description2/share/dsr_description2/meshes/a0912_white/A0912_4_0.dae
[0.154s] -- Up-to-date: /home/user/Jina/install/dsr_description2/share/dsr_description2/meshes/a0912_white/A0912_6_0.dae
[0.154s] -- Up-to-date: /home/user/Jina/install/dsr_description2/share/dsr_description2/meshes/a0912_white/A0912_5_1.dae
[0.154s] -- Up-to-date: /home/user/Jina/install/dsr_description2/share/dsr_description2/meshes/a0912_white/A0912_4_1.dae
[0.154s] -- Up-to-date: /home/user/Jina/install/dsr_description2/share/dsr_description2/meshes/a0912_white/A0912_1_1.dae
[0.155s] -- Up-to-date: /home/user/Jina/install/dsr_description2/share/dsr_description2/meshes/a0912_white/A0912_2_0.dae
[0.155s] -- Up-to-date: /home/user/Jina/install/dsr_description2/share/dsr_description2/meshes/a0912_white/A0912_5_0.dae
[0.155s] -- Up-to-date: /home/user/Jina/install/dsr_description2/share/dsr_description2/meshes/a0912_white/A0912_2_1.dae
[0.155s] -- Up-to-date: /home/user/Jina/install/dsr_description2/share/dsr_description2/meshes/a0912_white/A0912_3_1.dae
[0.155s] -- Up-to-date: /home/user/Jina/install/dsr_description2/share/dsr_description2/meshes/a0912_white/A0912_2_2.dae
[0.155s] -- Up-to-date: /home/user/Jina/install/dsr_description2/share/dsr_description2/meshes/a0912_white/A0912_1_0.dae
[0.156s] -- Up-to-date: /home/user/Jina/install/dsr_description2/share/dsr_description2/meshes/a0912_white/A0912_1_2.dae
[0.157s] -- Up-to-date: /home/user/Jina/install/dsr_description2/share/dsr_description2/meshes/a0912_white/A0912_0_0.dae
[0.157s] -- Up-to-date: /home/user/Jina/install/dsr_description2/share/dsr_description2/meshes/a0912_white/A0912_3_0.dae
[0.157s] -- Up-to-date: /home/user/Jina/install/dsr_description2/share/dsr_description2/meshes/m1013_collision
[0.157s] -- Up-to-date: /home/user/Jina/install/dsr_description2/share/dsr_description2/meshes/m1013_collision/MF1013_6_0.dae
[0.157s] -- Up-to-date: /home/user/Jina/install/dsr_description2/share/dsr_description2/meshes/m1013_collision/MF1013_5_0.dae
[0.157s] -- Up-to-date: /home/user/Jina/install/dsr_description2/share/dsr_description2/meshes/m1013_collision/MF1013_2_1.dae
[0.157s] -- Up-to-date: /home/user/Jina/install/dsr_description2/share/dsr_description2/meshes/m1013_collision/MF1013_4_0.dae
[0.157s] -- Up-to-date: /home/user/Jina/install/dsr_description2/share/dsr_description2/meshes/m1013_collision/MF1013_2_2.dae
[0.158s] -- Up-to-date: /home/user/Jina/install/dsr_description2/share/dsr_description2/meshes/m1013_collision/MF1013_3_0.dae
[0.158s] -- Up-to-date: /home/user/Jina/install/dsr_description2/share/dsr_description2/meshes/m1013_collision/MF1013_1_0.dae
[0.158s] -- Up-to-date: /home/user/Jina/install/dsr_description2/share/dsr_description2/meshes/m1013_collision/MF1013_2_0.dae
[0.158s] -- Up-to-date: /home/user/Jina/install/dsr_description2/share/dsr_description2/meshes/m1013_collision/MF1013_0_0.dae
[0.158s] -- Up-to-date: /home/user/Jina/install/dsr_description2/share/dsr_description2/meshes/m1013_collision/MF1013_4_1.dae
[0.158s] -- Up-to-date: /home/user/Jina/install/dsr_description2/share/dsr_description2/meshes/a0509_white
[0.158s] -- Up-to-date: /home/user/Jina/install/dsr_description2/share/dsr_description2/meshes/a0509_white/A0509_1_1.dae
[0.158s] -- Up-to-date: /home/user/Jina/install/dsr_description2/share/dsr_description2/meshes/a0509_white/A0509_4_0.dae
[0.158s] -- Up-to-date: /home/user/Jina/install/dsr_description2/share/dsr_description2/meshes/a0509_white/A0509_3_0.dae
[0.159s] -- Up-to-date: /home/user/Jina/install/dsr_description2/share/dsr_description2/meshes/a0509_white/A0509_0_0.dae
[0.159s] -- Up-to-date: /home/user/Jina/install/dsr_description2/share/dsr_description2/meshes/a0509_white/A0509_1_0.dae
[0.159s] -- Up-to-date: /home/user/Jina/install/dsr_description2/share/dsr_description2/meshes/a0509_white/A0509_2_0.dae
[0.159s] -- Up-to-date: /home/user/Jina/install/dsr_description2/share/dsr_description2/meshes/a0509_white/A0509_3_1.dae
[0.159s] -- Up-to-date: /home/user/Jina/install/dsr_description2/share/dsr_description2/meshes/a0509_white/A0509_5_0.dae
[0.160s] -- Up-to-date: /home/user/Jina/install/dsr_description2/share/dsr_description2/meshes/a0509_white/A0509_2_2.dae
[0.160s] -- Up-to-date: /home/user/Jina/install/dsr_description2/share/dsr_description2/meshes/a0509_white/A0509_1_2.dae
[0.161s] -- Up-to-date: /home/user/Jina/install/dsr_description2/share/dsr_description2/meshes/a0509_white/A0509_2_1.dae
[0.161s] -- Up-to-date: /home/user/Jina/install/dsr_description2/share/dsr_description2/meshes/a0509_white/A0509_4_1.dae
[0.161s] -- Up-to-date: /home/user/Jina/install/dsr_description2/share/dsr_description2/meshes/a0509_white/A0509_5_1.dae
[0.161s] -- Up-to-date: /home/user/Jina/install/dsr_description2/share/dsr_description2/meshes/a0509_white/A0509_6_0.dae
[0.162s] -- Up-to-date: /home/user/Jina/install/dsr_description2/share/dsr_description2/meshes/m1509_collision
[0.162s] -- Up-to-date: /home/user/Jina/install/dsr_description2/share/dsr_description2/meshes/m1509_collision/MF1509_5_0.dae
[0.162s] -- Up-to-date: /home/user/Jina/install/dsr_description2/share/dsr_description2/meshes/m1509_collision/MF1509_6_0.dae
[0.162s] -- Up-to-date: /home/user/Jina/install/dsr_description2/share/dsr_description2/meshes/m1509_collision/MF1509_2_2.dae
[0.162s] -- Up-to-date: /home/user/Jina/install/dsr_description2/share/dsr_description2/meshes/m1509_collision/MF1509_4_1.dae
[0.162s] -- Up-to-date: /home/user/Jina/install/dsr_description2/share/dsr_description2/meshes/m1509_collision/MF1509_0_0.dae
[0.162s] -- Up-to-date: /home/user/Jina/install/dsr_description2/share/dsr_description2/meshes/m1509_collision/MF1509_1_0.dae
[0.162s] -- Up-to-date: /home/user/Jina/install/dsr_description2/share/dsr_description2/meshes/m1509_collision/MF1509_4_0.dae
[0.162s] -- Up-to-date: /home/user/Jina/install/dsr_description2/share/dsr_description2/meshes/m1509_collision/MF1509_2_1.dae
[0.162s] -- Up-to-date: /home/user/Jina/install/dsr_description2/share/dsr_description2/meshes/m1509_collision/MF1509_3_0.dae
[0.163s] -- Up-to-date: /home/user/Jina/install/dsr_description2/share/dsr_description2/meshes/m1509_collision/MF1509_2_0.dae
[0.164s] -- Up-to-date: /home/user/Jina/install/dsr_description2/share/dsr_description2/meshes/m0609_blue
[0.164s] -- Up-to-date: /home/user/Jina/install/dsr_description2/share/dsr_description2/meshes/m0609_blue/MF0609_4_1.dae
[0.164s] -- Up-to-date: /home/user/Jina/install/dsr_description2/share/dsr_description2/meshes/m0609_blue/MF0609_2_2.dae
[0.164s] -- Up-to-date: /home/user/Jina/install/dsr_description2/share/dsr_description2/meshes/m0609_blue/MF0609_5_0.dae
[0.165s] -- Up-to-date: /home/user/Jina/install/dsr_description2/share/dsr_description2/meshes/m0609_blue/MF0609_0_0.dae
[0.165s] -- Up-to-date: /home/user/Jina/install/dsr_description2/share/dsr_description2/meshes/m0609_blue/MF0609_1_0.dae
[0.165s] -- Up-to-date: /home/user/Jina/install/dsr_description2/share/dsr_description2/meshes/m0609_blue/MF0609_2_0.dae
[0.165s] -- Up-to-date: /home/user/Jina/install/dsr_description2/share/dsr_description2/meshes/m0609_blue/MF0609_3_0.dae
[0.165s] -- Up-to-date: /home/user/Jina/install/dsr_description2/share/dsr_description2/meshes/m0609_blue/MF0609_2_1.dae
[0.166s] -- Up-to-date: /home/user/Jina/install/dsr_description2/share/dsr_description2/meshes/m0609_blue/MF0609_4_0.dae
[0.166s] -- Up-to-date: /home/user/Jina/install/dsr_description2/share/dsr_description2/meshes/m0609_blue/MF0609_6_0.dae
[0.166s] -- Up-to-date: /home/user/Jina/install/dsr_description2/share/dsr_description2/meshes/p3020_collision
[0.166s] -- Up-to-date: /home/user/Jina/install/dsr_description2/share/dsr_description2/meshes/p3020_collision/3-8.STL
[0.166s] -- Up-to-date: /home/user/Jina/install/dsr_description2/share/dsr_description2/meshes/p3020_collision/3-5.STL
[0.166s] -- Up-to-date: /home/user/Jina/install/dsr_description2/share/dsr_description2/meshes/p3020_collision/2-3.STL
[0.166s] -- Up-to-date: /home/user/Jina/install/dsr_description2/share/dsr_description2/meshes/p3020_collision/7.STL
[0.166s] -- Up-to-date: /home/user/Jina/install/dsr_description2/share/dsr_description2/meshes/p3020_collision/4-1.STL
[0.166s] -- Up-to-date: /home/user/Jina/install/dsr_description2/share/dsr_description2/meshes/p3020_collision/6-2.STL
[0.167s] -- Up-to-date: /home/user/Jina/install/dsr_description2/share/dsr_description2/meshes/p3020_collision/3-1.STL
[0.167s] -- Up-to-date: /home/user/Jina/install/dsr_description2/share/dsr_description2/meshes/p3020_collision/3-4.STL
[0.167s] -- Up-to-date: /home/user/Jina/install/dsr_description2/share/dsr_description2/meshes/p3020_collision/4-3.STL
[0.167s] -- Up-to-date: /home/user/Jina/install/dsr_description2/share/dsr_description2/meshes/p3020_collision/6-3.STL
[0.167s] -- Up-to-date: /home/user/Jina/install/dsr_description2/share/dsr_description2/meshes/p3020_collision/2-4.STL
[0.167s] -- Up-to-date: /home/user/Jina/install/dsr_description2/share/dsr_description2/meshes/p3020_collision/2-1.STL
[0.167s] -- Up-to-date: /home/user/Jina/install/dsr_description2/share/dsr_description2/meshes/p3020_collision/4-2.STL
[0.167s] -- Up-to-date: /home/user/Jina/install/dsr_description2/share/dsr_description2/meshes/p3020_collision/3-6.STL
[0.167s] -- Up-to-date: /home/user/Jina/install/dsr_description2/share/dsr_description2/meshes/p3020_collision/3-3.STL
[0.167s] -- Up-to-date: /home/user/Jina/install/dsr_description2/share/dsr_description2/meshes/p3020_collision/3-2.STL
[0.168s] -- Up-to-date: /home/user/Jina/install/dsr_description2/share/dsr_description2/meshes/p3020_collision/3-7.STL
[0.168s] -- Up-to-date: /home/user/Jina/install/dsr_description2/share/dsr_description2/meshes/p3020_collision/1.STL
[0.168s] -- Up-to-date: /home/user/Jina/install/dsr_description2/share/dsr_description2/meshes/p3020_collision/4-4.STL
[0.168s] -- Up-to-date: /home/user/Jina/install/dsr_description2/share/dsr_description2/meshes/p3020_collision/6-1.STL
[0.168s] -- Up-to-date: /home/user/Jina/install/dsr_description2/share/dsr_description2/meshes/p3020_collision/2-2.STL
[0.168s] -- Up-to-date: /home/user/Jina/install/dsr_description2/share/dsr_description2/meshes/p3020_collision/2-5.STL
[0.168s] -- Up-to-date: /home/user/Jina/install/dsr_description2/share/dsr_description2/meshes/h2017_collision
[0.168s] -- Up-to-date: /home/user/Jina/install/dsr_description2/share/dsr_description2/meshes/h2017_collision/H2017_0_0.dae
[0.168s] -- Up-to-date: /home/user/Jina/install/dsr_description2/share/dsr_description2/meshes/h2017_collision/H2017_1_0.dae
[0.169s] -- Up-to-date: /home/user/Jina/install/dsr_description2/share/dsr_description2/meshes/h2017_collision/H2017_4_0.dae
[0.169s] -- Up-to-date: /home/user/Jina/install/dsr_description2/share/dsr_description2/meshes/h2017_collision/H2017_2_1.dae
[0.169s] -- Up-to-date: /home/user/Jina/install/dsr_description2/share/dsr_description2/meshes/h2017_collision/H2017_5_0.dae
[0.169s] -- Up-to-date: /home/user/Jina/install/dsr_description2/share/dsr_description2/meshes/h2017_collision/H2017_3_0.dae
[0.169s] -- Up-to-date: /home/user/Jina/install/dsr_description2/share/dsr_description2/meshes/h2017_collision/H2017_6_0.dae
[0.169s] -- Up-to-date: /home/user/Jina/install/dsr_description2/share/dsr_description2/meshes/h2017_collision/H2017_2_2.dae
[0.169s] -- Up-to-date: /home/user/Jina/install/dsr_description2/share/dsr_description2/meshes/h2017_collision/H2017_2_0.dae
[0.170s] -- Up-to-date: /home/user/Jina/install/dsr_description2/share/dsr_description2/meshes/h2017_collision/H2017_4_1.dae
[0.172s] -- Up-to-date: /home/user/Jina/install/dsr_description2/share/dsr_description2/meshes/h2017_white
[0.172s] -- Up-to-date: /home/user/Jina/install/dsr_description2/share/dsr_description2/meshes/h2017_white/H2017_0_0.dae
[0.172s] -- Up-to-date: /home/user/Jina/install/dsr_description2/share/dsr_description2/meshes/h2017_white/H2017_1_0.dae
[0.173s] -- Up-to-date: /home/user/Jina/install/dsr_description2/share/dsr_description2/meshes/h2017_white/H2017_4_0.dae
[0.173s] -- Up-to-date: /home/user/Jina/install/dsr_description2/share/dsr_description2/meshes/h2017_white/H2017_2_1.dae
[0.173s] -- Up-to-date: /home/user/Jina/install/dsr_description2/share/dsr_description2/meshes/h2017_white/H2017_5_0.dae
[0.173s] -- Up-to-date: /home/user/Jina/install/dsr_description2/share/dsr_description2/meshes/h2017_white/H2017_3_0.dae
[0.173s] -- Up-to-date: /home/user/Jina/install/dsr_description2/share/dsr_description2/meshes/h2017_white/H2017_6_0.dae
[0.173s] -- Up-to-date: /home/user/Jina/install/dsr_description2/share/dsr_description2/meshes/h2017_white/H2017_2_2.dae
[0.173s] -- Up-to-date: /home/user/Jina/install/dsr_description2/share/dsr_description2/meshes/h2017_white/H2017_2_0.dae
[0.173s] -- Up-to-date: /home/user/Jina/install/dsr_description2/share/dsr_description2/meshes/h2017_white/H2017_4_1.dae
[0.174s] -- Up-to-date: /home/user/Jina/install/dsr_description2/share/dsr_description2/meshes/h2515_white
[0.174s] -- Up-to-date: /home/user/Jina/install/dsr_description2/share/dsr_description2/meshes/h2515_white/H2515_0_0.dae
[0.174s] -- Up-to-date: /home/user/Jina/install/dsr_description2/share/dsr_description2/meshes/h2515_white/H2515_2_1.dae
[0.174s] -- Up-to-date: /home/user/Jina/install/dsr_description2/share/dsr_description2/meshes/h2515_white/H2515_2_2.dae
[0.174s] -- Up-to-date: /home/user/Jina/install/dsr_description2/share/dsr_description2/meshes/h2515_white/H2515_2_0.dae
[0.174s] -- Up-to-date: /home/user/Jina/install/dsr_description2/share/dsr_description2/meshes/h2515_white/H2515_4_1.dae
[0.174s] -- Up-to-date: /home/user/Jina/install/dsr_description2/share/dsr_description2/meshes/h2515_white/H2515_5_0.dae
[0.174s] -- Up-to-date: /home/user/Jina/install/dsr_description2/share/dsr_description2/meshes/h2515_white/H2515_6_0.dae
[0.174s] -- Up-to-date: /home/user/Jina/install/dsr_description2/share/dsr_description2/meshes/h2515_white/H2515_3_0.dae
[0.174s] -- Up-to-date: /home/user/Jina/install/dsr_description2/share/dsr_description2/meshes/h2515_white/H2515_1_0.dae
[0.174s] -- Up-to-date: /home/user/Jina/install/dsr_description2/share/dsr_description2/meshes/h2515_white/H2515_4_0.dae
[0.174s] -- Up-to-date: /home/user/Jina/install/dsr_description2/share/dsr_description2/meshes/m1013_blue
[0.174s] -- Up-to-date: /home/user/Jina/install/dsr_description2/share/dsr_description2/meshes/m1013_blue/MF1013_6_0.dae
[0.174s] -- Up-to-date: /home/user/Jina/install/dsr_description2/share/dsr_description2/meshes/m1013_blue/MF1013_5_0.dae
[0.174s] -- Up-to-date: /home/user/Jina/install/dsr_description2/share/dsr_description2/meshes/m1013_blue/MF1013_2_1.dae
[0.175s] -- Up-to-date: /home/user/Jina/install/dsr_description2/share/dsr_description2/meshes/m1013_blue/MF1013_4_0.dae
[0.175s] -- Up-to-date: /home/user/Jina/install/dsr_description2/share/dsr_description2/meshes/m1013_blue/MF1013_2_2.dae
[0.175s] -- Up-to-date: /home/user/Jina/install/dsr_description2/share/dsr_description2/meshes/m1013_blue/MF1013_3_0.dae
[0.175s] -- Up-to-date: /home/user/Jina/install/dsr_description2/share/dsr_description2/meshes/m1013_blue/MF1013_1_0.dae
[0.175s] -- Up-to-date: /home/user/Jina/install/dsr_description2/share/dsr_description2/meshes/m1013_blue/MF1013_2_0.dae
[0.175s] -- Up-to-date: /home/user/Jina/install/dsr_description2/share/dsr_description2/meshes/m1013_blue/MF1013_0_0.dae
[0.175s] -- Up-to-date: /home/user/Jina/install/dsr_description2/share/dsr_description2/meshes/m1013_blue/MF1013_4_1.dae
[0.175s] -- Up-to-date: /home/user/Jina/install/dsr_description2/share/dsr_description2/meshes/gripper
[0.175s] -- Up-to-date: /home/user/Jina/install/dsr_description2/share/dsr_description2/meshes/gripper/robotiq
[0.176s] -- Up-to-date: /home/user/Jina/install/dsr_description2/share/dsr_description2/meshes/gripper/robotiq/85_2f
[0.176s] -- Up-to-date: /home/user/Jina/install/dsr_description2/share/dsr_description2/meshes/gripper/robotiq/85_2f/collision
[0.176s] -- Up-to-date: /home/user/Jina/install/dsr_description2/share/dsr_description2/meshes/gripper/robotiq/85_2f/collision/robotiq_85_finger_link.stl
[0.176s] -- Up-to-date: /home/user/Jina/install/dsr_description2/share/dsr_description2/meshes/gripper/robotiq/85_2f/collision/robotiq_85_finger_tip_link.stl
[0.176s] -- Up-to-date: /home/user/Jina/install/dsr_description2/share/dsr_description2/meshes/gripper/robotiq/85_2f/collision/robotiq_85_base_link.stl
[0.176s] -- Up-to-date: /home/user/Jina/install/dsr_description2/share/dsr_description2/meshes/gripper/robotiq/85_2f/collision/robotiq_85_knuckle_link.stl
[0.176s] -- Up-to-date: /home/user/Jina/install/dsr_description2/share/dsr_description2/meshes/gripper/robotiq/85_2f/collision/robotiq_85_inner_knuckle_link.stl
[0.176s] -- Up-to-date: /home/user/Jina/install/dsr_description2/share/dsr_description2/meshes/gripper/robotiq/85_2f/robotiq_85_coupler.stl
[0.176s] -- Up-to-date: /home/user/Jina/install/dsr_description2/share/dsr_description2/meshes/gripper/robotiq/85_2f/visual
[0.176s] -- Up-to-date: /home/user/Jina/install/dsr_description2/share/dsr_description2/meshes/gripper/robotiq/85_2f/visual/robotiq_85_base_link.dae
[0.176s] -- Up-to-date: /home/user/Jina/install/dsr_description2/share/dsr_description2/meshes/gripper/robotiq/85_2f/visual/robotiq_85_knuckle_link.dae
[0.176s] -- Up-to-date: /home/user/Jina/install/dsr_description2/share/dsr_description2/meshes/gripper/robotiq/85_2f/visual/robotiq_85_inner_knuckle_link.dae
[0.176s] -- Up-to-date: /home/user/Jina/install/dsr_description2/share/dsr_description2/meshes/gripper/robotiq/85_2f/visual/robotiq_85_finger_tip_link.dae
[0.176s] -- Up-to-date: /home/user/Jina/install/dsr_description2/share/dsr_description2/meshes/gripper/robotiq/85_2f/visual/robotiq_85_finger_link.dae
[0.176s] -- Up-to-date: /home/user/Jina/install/dsr_description2/share/dsr_description2/meshes/a0509_blue
[0.177s] -- Up-to-date: /home/user/Jina/install/dsr_description2/share/dsr_description2/meshes/a0509_blue/A0509_1_1.dae
[0.177s] -- Up-to-date: /home/user/Jina/install/dsr_description2/share/dsr_description2/meshes/a0509_blue/A0509_4_0.dae
[0.177s] -- Up-to-date: /home/user/Jina/install/dsr_description2/share/dsr_description2/meshes/a0509_blue/A0509_3_0.dae
[0.177s] -- Up-to-date: /home/user/Jina/install/dsr_description2/share/dsr_description2/meshes/a0509_blue/A0509_0_0.dae
[0.177s] -- Up-to-date: /home/user/Jina/install/dsr_description2/share/dsr_description2/meshes/a0509_blue/A0509_1_0.dae
[0.177s] -- Up-to-date: /home/user/Jina/install/dsr_description2/share/dsr_description2/meshes/a0509_blue/A0509_2_0.dae
[0.177s] -- Up-to-date: /home/user/Jina/install/dsr_description2/share/dsr_description2/meshes/a0509_blue/A0509_3_1.dae
[0.177s] -- Up-to-date: /home/user/Jina/install/dsr_description2/share/dsr_description2/meshes/a0509_blue/A0509_5_0.dae
[0.177s] -- Up-to-date: /home/user/Jina/install/dsr_description2/share/dsr_description2/meshes/a0509_blue/A0509_2_2.dae
[0.177s] -- Up-to-date: /home/user/Jina/install/dsr_description2/share/dsr_description2/meshes/a0509_blue/A0509_1_2.dae
[0.178s] -- Up-to-date: /home/user/Jina/install/dsr_description2/share/dsr_description2/meshes/a0509_blue/A0509_2_1.dae
[0.178s] -- Up-to-date: /home/user/Jina/install/dsr_description2/share/dsr_description2/meshes/a0509_blue/A0509_4_1.dae
[0.178s] -- Up-to-date: /home/user/Jina/install/dsr_description2/share/dsr_description2/meshes/a0509_blue/A0509_5_1.dae
[0.178s] -- Up-to-date: /home/user/Jina/install/dsr_description2/share/dsr_description2/meshes/a0509_blue/A0509_6_0.dae
[0.178s] -- Up-to-date: /home/user/Jina/install/dsr_description2/share/dsr_description2/meshes/mobile
[0.178s] -- Up-to-date: /home/user/Jina/install/dsr_description2/share/dsr_description2/meshes/mobile/user_rail.dae
[0.178s] -- Up-to-date: /home/user/Jina/install/dsr_description2/share/dsr_description2/meshes/mobile/user_rail.stl
[0.178s] -- Up-to-date: /home/user/Jina/install/dsr_description2/share/dsr_description2/meshes/mobile/base_link.dae
[0.178s] -- Up-to-date: /home/user/Jina/install/dsr_description2/share/dsr_description2/meshes/mobile/bumper.stl
[0.178s] -- Up-to-date: /home/user/Jina/install/dsr_description2/share/dsr_description2/meshes/mobile/wheel.dae
[0.178s] -- Up-to-date: /home/user/Jina/install/dsr_description2/share/dsr_description2/meshes/mobile/top_plate.stl
[0.178s] -- Up-to-date: /home/user/Jina/install/dsr_description2/share/dsr_description2/meshes/mobile/base_link.stl
[0.178s] -- Up-to-date: /home/user/Jina/install/dsr_description2/share/dsr_description2/meshes/mobile/top_chassis.stl
[0.179s] -- Up-to-date: /home/user/Jina/install/dsr_description2/share/dsr_description2/meshes/mobile/top_plate.dae
[0.179s] -- Up-to-date: /home/user/Jina/install/dsr_description2/share/dsr_description2/meshes/mobile/bumper.dae
[0.179s] -- Up-to-date: /home/user/Jina/install/dsr_description2/share/dsr_description2/meshes/mobile/wheel.stl
[0.179s] -- Up-to-date: /home/user/Jina/install/dsr_description2/share/dsr_description2/meshes/mobile/top_chassis.dae
[0.179s] -- Up-to-date: /home/user/Jina/install/dsr_description2/share/dsr_description2/meshes/mobile/large_top_plate_collision.stl
[0.179s] -- Up-to-date: /home/user/Jina/install/dsr_description2/share/dsr_description2/meshes/mobile/large_top_plate.dae
[0.179s] -- Up-to-date: /home/user/Jina/install/dsr_description2/share/dsr_description2/meshes/e0509_white
[0.179s] -- Up-to-date: /home/user/Jina/install/dsr_description2/share/dsr_description2/meshes/e0509_white/E0509_4_2.dae
[0.179s] -- Up-to-date: /home/user/Jina/install/dsr_description2/share/dsr_description2/meshes/e0509_white/E0509_4_1.dae
[0.180s] -- Up-to-date: /home/user/Jina/install/dsr_description2/share/dsr_description2/meshes/e0509_white/E0509_5_1.dae
[0.180s] -- Up-to-date: /home/user/Jina/install/dsr_description2/share/dsr_description2/meshes/e0509_white/E0509_1_2.dae
[0.180s] -- Up-to-date: /home/user/Jina/install/dsr_description2/share/dsr_description2/meshes/e0509_white/E0509_5_2.dae
[0.180s] -- Up-to-date: /home/user/Jina/install/dsr_description2/share/dsr_description2/meshes/e0509_white/E0509_2_2.dae
[0.180s] -- Up-to-date: /home/user/Jina/install/dsr_description2/share/dsr_description2/meshes/e0509_white/E0509_6_1.dae
[0.180s] -- Up-to-date: /home/user/Jina/install/dsr_description2/share/dsr_description2/meshes/e0509_white/E0509_1_4.dae
[0.180s] -- Up-to-date: /home/user/Jina/install/dsr_description2/share/dsr_description2/meshes/e0509_white/E0509_2_1.dae
[0.180s] -- Up-to-date: /home/user/Jina/install/dsr_description2/share/dsr_description2/meshes/e0509_white/E0509_1_1.dae
[0.180s] -- Up-to-date: /home/user/Jina/install/dsr_description2/share/dsr_description2/meshes/e0509_white/E0509_3_2.dae
[0.180s] -- Up-to-date: /home/user/Jina/install/dsr_description2/share/dsr_description2/meshes/e0509_white/E0509_0_0.dae
[0.181s] -- Up-to-date: /home/user/Jina/install/dsr_description2/share/dsr_description2/meshes/e0509_white/E0509_1_3.dae
[0.181s] -- Up-to-date: /home/user/Jina/install/dsr_description2/share/dsr_description2/meshes/e0509_white/E0509_3_1.dae
[0.181s] -- Up-to-date: /home/user/Jina/install/dsr_description2/share/dsr_description2/meshes/h2515_collision
[0.181s] -- Up-to-date: /home/user/Jina/install/dsr_description2/share/dsr_description2/meshes/h2515_collision/H2515_0_0.dae
[0.181s] -- Up-to-date: /home/user/Jina/install/dsr_description2/share/dsr_description2/meshes/h2515_collision/H2515_2_1.dae
[0.181s] -- Up-to-date: /home/user/Jina/install/dsr_description2/share/dsr_description2/meshes/h2515_collision/H2515_2_2.dae
[0.181s] -- Up-to-date: /home/user/Jina/install/dsr_description2/share/dsr_description2/meshes/h2515_collision/H2515_2_0.dae
[0.181s] -- Up-to-date: /home/user/Jina/install/dsr_description2/share/dsr_description2/meshes/h2515_collision/H2515_4_1.dae
[0.181s] -- Up-to-date: /home/user/Jina/install/dsr_description2/share/dsr_description2/meshes/h2515_collision/H2515_5_0.dae
[0.181s] -- Up-to-date: /home/user/Jina/install/dsr_description2/share/dsr_description2/meshes/h2515_collision/H2515_6_0.dae
[0.181s] -- Up-to-date: /home/user/Jina/install/dsr_description2/share/dsr_description2/meshes/h2515_collision/H2515_3_0.dae
[0.182s] -- Up-to-date: /home/user/Jina/install/dsr_description2/share/dsr_description2/meshes/h2515_collision/H2515_1_0.dae
[0.182s] -- Up-to-date: /home/user/Jina/install/dsr_description2/share/dsr_description2/meshes/h2515_collision/H2515_4_0.dae
[0.182s] -- Up-to-date: /home/user/Jina/install/dsr_description2/share/dsr_description2/meshes/e0509_collision
[0.182s] -- Up-to-date: /home/user/Jina/install/dsr_description2/share/dsr_description2/meshes/e0509_collision/E0509_4_2.dae
[0.182s] -- Up-to-date: /home/user/Jina/install/dsr_description2/share/dsr_description2/meshes/e0509_collision/E0509_4_1.dae
[0.182s] -- Up-to-date: /home/user/Jina/install/dsr_description2/share/dsr_description2/meshes/e0509_collision/E0509_5_1.dae
[0.182s] -- Up-to-date: /home/user/Jina/install/dsr_description2/share/dsr_description2/meshes/e0509_collision/E0509_1_2.dae
[0.182s] -- Up-to-date: /home/user/Jina/install/dsr_description2/share/dsr_description2/meshes/e0509_collision/E0509_5_2.dae
[0.182s] -- Up-to-date: /home/user/Jina/install/dsr_description2/share/dsr_description2/meshes/e0509_collision/E0509_2_2.dae
[0.183s] -- Up-to-date: /home/user/Jina/install/dsr_description2/share/dsr_description2/meshes/e0509_collision/E0509_6_1.dae
[0.183s] -- Up-to-date: /home/user/Jina/install/dsr_description2/share/dsr_description2/meshes/e0509_collision/E0509_1_4.dae
[0.183s] -- Up-to-date: /home/user/Jina/install/dsr_description2/share/dsr_description2/meshes/e0509_collision/E0509_2_1.dae
[0.183s] -- Up-to-date: /home/user/Jina/install/dsr_description2/share/dsr_description2/meshes/e0509_collision/E0509_1_1.dae
[0.183s] -- Up-to-date: /home/user/Jina/install/dsr_description2/share/dsr_description2/meshes/e0509_collision/E0509_3_2.dae
[0.184s] -- Up-to-date: /home/user/Jina/install/dsr_description2/share/dsr_description2/meshes/e0509_collision/E0509_0_0.dae
[0.184s] -- Up-to-date: /home/user/Jina/install/dsr_description2/share/dsr_description2/meshes/e0509_collision/E0509_1_3.dae
[0.184s] -- Up-to-date: /home/user/Jina/install/dsr_description2/share/dsr_description2/meshes/e0509_collision/E0509_3_1.dae
[0.184s] -- Up-to-date: /home/user/Jina/install/dsr_description2/share/dsr_description2/meshes/m0617_blue
[0.184s] -- Up-to-date: /home/user/Jina/install/dsr_description2/share/dsr_description2/meshes/m0617_blue/MF0617_6_0.dae
[0.184s] -- Up-to-date: /home/user/Jina/install/dsr_description2/share/dsr_description2/meshes/m0617_blue/MF0617_5_0.dae
[0.184s] -- Up-to-date: /home/user/Jina/install/dsr_description2/share/dsr_description2/meshes/m0617_blue/MF0617_0_0.dae
[0.185s] -- Up-to-date: /home/user/Jina/install/dsr_description2/share/dsr_description2/meshes/m0617_blue/MF0617_4_0.dae
[0.185s] -- Up-to-date: /home/user/Jina/install/dsr_description2/share/dsr_description2/meshes/m0617_blue/MF0617_2_0.dae
[0.185s] -- Up-to-date: /home/user/Jina/install/dsr_description2/share/dsr_description2/meshes/m0617_blue/MF0617_1_0.dae
[0.185s] -- Up-to-date: /home/user/Jina/install/dsr_description2/share/dsr_description2/meshes/m0617_blue/MF0617_2_2.dae
[0.185s] -- Up-to-date: /home/user/Jina/install/dsr_description2/share/dsr_description2/meshes/m0617_blue/MF0617_4_1.dae
[0.185s] -- Up-to-date: /home/user/Jina/install/dsr_description2/share/dsr_description2/meshes/m0617_blue/MF0617_2_1.dae
[0.185s] -- Up-to-date: /home/user/Jina/install/dsr_description2/share/dsr_description2/meshes/m0617_blue/MF0617_3_0.dae
[0.185s] -- Up-to-date: /home/user/Jina/install/dsr_description2/share/dsr_description2/meshes/m1509_blue
[0.185s] -- Up-to-date: /home/user/Jina/install/dsr_description2/share/dsr_description2/meshes/m1509_blue/MF1509_5_0.dae
[0.185s] -- Up-to-date: /home/user/Jina/install/dsr_description2/share/dsr_description2/meshes/m1509_blue/MF1509_6_0.dae
[0.186s] -- Up-to-date: /home/user/Jina/install/dsr_description2/share/dsr_description2/meshes/m1509_blue/MF1509_2_2.dae
[0.186s] -- Up-to-date: /home/user/Jina/install/dsr_description2/share/dsr_description2/meshes/m1509_blue/MF1509_4_1.dae
[0.186s] -- Up-to-date: /home/user/Jina/install/dsr_description2/share/dsr_description2/meshes/m1509_blue/MF1509_0_0.dae
[0.186s] -- Up-to-date: /home/user/Jina/install/dsr_description2/share/dsr_description2/meshes/m1509_blue/MF1509_1_0.dae
[0.186s] -- Up-to-date: /home/user/Jina/install/dsr_description2/share/dsr_description2/meshes/m1509_blue/MF1509_4_0.dae
[0.186s] -- Up-to-date: /home/user/Jina/install/dsr_description2/share/dsr_description2/meshes/m1509_blue/MF1509_2_1.dae
[0.186s] -- Up-to-date: /home/user/Jina/install/dsr_description2/share/dsr_description2/meshes/m1509_blue/MF1509_3_0.dae
[0.186s] -- Up-to-date: /home/user/Jina/install/dsr_description2/share/dsr_description2/meshes/m1509_blue/MF1509_2_0.dae
[0.186s] -- Up-to-date: /home/user/Jina/install/dsr_description2/share/dsr_description2/meshes/a0912_blue
[0.186s] -- Up-to-date: /home/user/Jina/install/dsr_description2/share/dsr_description2/meshes/a0912_blue/A0912_4_0.dae
[0.186s] -- Up-to-date: /home/user/Jina/install/dsr_description2/share/dsr_description2/meshes/a0912_blue/A0912_6_0.dae
[0.186s] -- Up-to-date: /home/user/Jina/install/dsr_description2/share/dsr_description2/meshes/a0912_blue/A0912_5_1.dae
[0.186s] -- Up-to-date: /home/user/Jina/install/dsr_description2/share/dsr_description2/meshes/a0912_blue/A0912_4_1.dae
[0.186s] -- Up-to-date: /home/user/Jina/install/dsr_description2/share/dsr_description2/meshes/a0912_blue/A0912_1_1.dae
[0.187s] -- Up-to-date: /home/user/Jina/install/dsr_description2/share/dsr_description2/meshes/a0912_blue/A0912_2_0.dae
[0.187s] -- Up-to-date: /home/user/Jina/install/dsr_description2/share/dsr_description2/meshes/a0912_blue/A0912_5_0.dae
[0.187s] -- Up-to-date: /home/user/Jina/install/dsr_description2/share/dsr_description2/meshes/a0912_blue/A0912_2_1.dae
[0.187s] -- Up-to-date: /home/user/Jina/install/dsr_description2/share/dsr_description2/meshes/a0912_blue/A0912_3_1.dae
[0.187s] -- Up-to-date: /home/user/Jina/install/dsr_description2/share/dsr_description2/meshes/a0912_blue/A0912_2_2.dae
[0.187s] -- Up-to-date: /home/user/Jina/install/dsr_description2/share/dsr_description2/meshes/a0912_blue/A0912_1_0.dae
[0.187s] -- Up-to-date: /home/user/Jina/install/dsr_description2/share/dsr_description2/meshes/a0912_blue/A0912_1_2.dae
[0.188s] -- Up-to-date: /home/user/Jina/install/dsr_description2/share/dsr_description2/meshes/a0912_blue/A0912_0_0.dae
[0.188s] -- Up-to-date: /home/user/Jina/install/dsr_description2/share/dsr_description2/meshes/a0912_blue/A0912_3_0.dae
[0.188s] -- Up-to-date: /home/user/Jina/install/dsr_description2/share/dsr_description2/meshes/m0609_collision
[0.188s] -- Up-to-date: /home/user/Jina/install/dsr_description2/share/dsr_description2/meshes/m0609_collision/MF0609_4_1.dae
[0.188s] -- Up-to-date: /home/user/Jina/install/dsr_description2/share/dsr_description2/meshes/m0609_collision/MF0609_2_2.dae
[0.188s] -- Up-to-date: /home/user/Jina/install/dsr_description2/share/dsr_description2/meshes/m0609_collision/MF0609_5_0.dae
[0.188s] -- Up-to-date: /home/user/Jina/install/dsr_description2/share/dsr_description2/meshes/m0609_collision/MF0609_0_0.dae
[0.188s] -- Up-to-date: /home/user/Jina/install/dsr_description2/share/dsr_description2/meshes/m0609_collision/MF0609_1_0.dae
[0.188s] -- Up-to-date: /home/user/Jina/install/dsr_description2/share/dsr_description2/meshes/m0609_collision/MF0609_2_0.dae
[0.190s] -- Up-to-date: /home/user/Jina/install/dsr_description2/share/dsr_description2/meshes/m0609_collision/MF0609_3_0.dae
[0.190s] -- Up-to-date: /home/user/Jina/install/dsr_description2/share/dsr_description2/meshes/m0609_collision/MF0609_2_1.dae
[0.190s] -- Up-to-date: /home/user/Jina/install/dsr_description2/share/dsr_description2/meshes/m0609_collision/MF0609_4_0.dae
[0.190s] -- Up-to-date: /home/user/Jina/install/dsr_description2/share/dsr_description2/meshes/m0609_collision/MF0609_6_0.dae
[0.190s] -- Up-to-date: /home/user/Jina/install/dsr_description2/share/dsr_description2/meshes/p3020
[0.190s] -- Up-to-date: /home/user/Jina/install/dsr_description2/share/dsr_description2/meshes/p3020/P3020_5_1.STL
[0.190s] -- Up-to-date: /home/user/Jina/install/dsr_description2/share/dsr_description2/meshes/p3020/P3020_3_4.STL
[0.191s] -- Up-to-date: /home/user/Jina/install/dsr_description2/share/dsr_description2/meshes/p3020/P3020_3_2.STL
[0.191s] -- Up-to-date: /home/user/Jina/install/dsr_description2/share/dsr_description2/meshes/p3020/P3020_2_2.STL
[0.191s] -- Up-to-date: /home/user/Jina/install/dsr_description2/share/dsr_description2/meshes/p3020/P3020_2_4.STL
[0.191s] -- Up-to-date: /home/user/Jina/install/dsr_description2/share/dsr_description2/meshes/p3020/P3020_2_5.STL
[0.191s] -- Up-to-date: /home/user/Jina/install/dsr_description2/share/dsr_description2/meshes/p3020/P3020_2_7.STL
[0.191s] -- Up-to-date: /home/user/Jina/install/dsr_description2/share/dsr_description2/meshes/p3020/P3020_1_2.STL
[0.191s] -- Up-to-date: /home/user/Jina/install/dsr_description2/share/dsr_description2/meshes/p3020/P3020_1_3.STL
[0.191s] -- Up-to-date: /home/user/Jina/install/dsr_description2/share/dsr_description2/meshes/p3020/P3020_2_3.STL
[0.191s] -- Up-to-date: /home/user/Jina/install/dsr_description2/share/dsr_description2/meshes/p3020/P3020_2_8.STL
[0.191s] -- Up-to-date: /home/user/Jina/install/dsr_description2/share/dsr_description2/meshes/p3020/P3020_1_5.STL
[0.191s] -- Up-to-date: /home/user/Jina/install/dsr_description2/share/dsr_description2/meshes/p3020/P3020_5_3.STL
[0.191s] -- Up-to-date: /home/user/Jina/install/dsr_description2/share/dsr_description2/meshes/p3020/P3020_0_1.STL
[0.192s] -- Up-to-date: /home/user/Jina/install/dsr_description2/share/dsr_description2/meshes/p3020/P3020_5_2.STL
[0.192s] -- Up-to-date: /home/user/Jina/install/dsr_description2/share/dsr_description2/meshes/p3020/P3020_2_6.STL
[0.192s] -- Up-to-date: /home/user/Jina/install/dsr_description2/share/dsr_description2/meshes/p3020/P3020_2_1.STL
[0.192s] -- Up-to-date: /home/user/Jina/install/dsr_description2/share/dsr_description2/meshes/p3020/P3020_3_3.STL
[0.192s] -- Up-to-date: /home/user/Jina/install/dsr_description2/share/dsr_description2/meshes/p3020/P3020_3_1.STL
[0.192s] -- Up-to-date: /home/user/Jina/install/dsr_description2/share/dsr_description2/meshes/p3020/P3020_1_1.STL
[0.192s] -- Up-to-date: /home/user/Jina/install/dsr_description2/share/dsr_description2/meshes/p3020/P3020_6_1.STL
[0.192s] -- Up-to-date: /home/user/Jina/install/dsr_description2/share/dsr_description2/meshes/p3020/P3020_1_4.STL
[0.192s] -- Up-to-date: /home/user/Jina/install/dsr_description2/share/dsr_description2/meshes/m1509_white
[0.192s] -- Up-to-date: /home/user/Jina/install/dsr_description2/share/dsr_description2/meshes/m1509_white/MF1509_5_0.dae
[0.192s] -- Up-to-date: /home/user/Jina/install/dsr_description2/share/dsr_description2/meshes/m1509_white/MF1509_6_0.dae
[0.192s] -- Up-to-date: /home/user/Jina/install/dsr_description2/share/dsr_description2/meshes/m1509_white/MF1509_2_2.dae
[0.193s] -- Up-to-date: /home/user/Jina/install/dsr_description2/share/dsr_description2/meshes/m1509_white/MF1509_4_1.dae
[0.193s] -- Up-to-date: /home/user/Jina/install/dsr_description2/share/dsr_description2/meshes/m1509_white/MF1509_0_0.dae
[0.193s] -- Up-to-date: /home/user/Jina/install/dsr_description2/share/dsr_description2/meshes/m1509_white/MF1509_1_0.dae
[0.193s] -- Up-to-date: /home/user/Jina/install/dsr_description2/share/dsr_description2/meshes/m1509_white/MF1509_4_0.dae
[0.193s] -- Up-to-date: /home/user/Jina/install/dsr_description2/share/dsr_description2/meshes/m1509_white/MF1509_2_1.dae
[0.193s] -- Up-to-date: /home/user/Jina/install/dsr_description2/share/dsr_description2/meshes/m1509_white/MF1509_3_0.dae
[0.193s] -- Up-to-date: /home/user/Jina/install/dsr_description2/share/dsr_description2/meshes/m1509_white/MF1509_2_0.dae
[0.193s] -- Up-to-date: /home/user/Jina/install/dsr_description2/share/dsr_description2/meshes/a0509_collision
[0.193s] -- Up-to-date: /home/user/Jina/install/dsr_description2/share/dsr_description2/meshes/a0509_collision/A0509_1_1.dae
[0.193s] -- Up-to-date: /home/user/Jina/install/dsr_description2/share/dsr_description2/meshes/a0509_collision/A0509_4_0.dae
[0.193s] -- Up-to-date: /home/user/Jina/install/dsr_description2/share/dsr_description2/meshes/a0509_collision/A0509_3_0.dae
[0.194s] -- Up-to-date: /home/user/Jina/install/dsr_description2/share/dsr_description2/meshes/a0509_collision/A0509_0_0.dae
[0.194s] -- Up-to-date: /home/user/Jina/install/dsr_description2/share/dsr_description2/meshes/a0509_collision/A0509_1_0.dae
[0.194s] -- Up-to-date: /home/user/Jina/install/dsr_description2/share/dsr_description2/meshes/a0509_collision/A0509_2_0.dae
[0.194s] -- Up-to-date: /home/user/Jina/install/dsr_description2/share/dsr_description2/meshes/a0509_collision/A0509_3_1.dae
[0.194s] -- Up-to-date: /home/user/Jina/install/dsr_description2/share/dsr_description2/meshes/a0509_collision/A0509_5_0.dae
[0.194s] -- Up-to-date: /home/user/Jina/install/dsr_description2/share/dsr_description2/meshes/a0509_collision/A0509_2_2.dae
[0.194s] -- Up-to-date: /home/user/Jina/install/dsr_description2/share/dsr_description2/meshes/a0509_collision/A0509_1_2.dae
[0.194s] -- Up-to-date: /home/user/Jina/install/dsr_description2/share/dsr_description2/meshes/a0509_collision/A0509_2_1.dae
[0.194s] -- Up-to-date: /home/user/Jina/install/dsr_description2/share/dsr_description2/meshes/a0509_collision/A0509_4_1.dae
[0.194s] -- Up-to-date: /home/user/Jina/install/dsr_description2/share/dsr_description2/meshes/a0509_collision/A0509_5_1.dae
[0.194s] -- Up-to-date: /home/user/Jina/install/dsr_description2/share/dsr_description2/meshes/a0509_collision/A0509_6_0.dae
[0.194s] -- Up-to-date: /home/user/Jina/install/dsr_description2/share/dsr_description2/meshes/m0617_collision
[0.194s] -- Up-to-date: /home/user/Jina/install/dsr_description2/share/dsr_description2/meshes/m0617_collision/MF0617_6_0.dae
[0.195s] -- Up-to-date: /home/user/Jina/install/dsr_description2/share/dsr_description2/meshes/m0617_collision/MF0617_5_0.dae
[0.195s] -- Up-to-date: /home/user/Jina/install/dsr_description2/share/dsr_description2/meshes/m0617_collision/MF0617_0_0.dae
[0.195s] -- Up-to-date: /home/user/Jina/install/dsr_description2/share/dsr_description2/meshes/m0617_collision/MF0617_4_0.dae
[0.195s] -- Up-to-date: /home/user/Jina/install/dsr_description2/share/dsr_description2/meshes/m0617_collision/MF0617_2_0.dae
[0.195s] -- Up-to-date: /home/user/Jina/install/dsr_description2/share/dsr_description2/meshes/m0617_collision/MF0617_1_0.dae
[0.196s] -- Up-to-date: /home/user/Jina/install/dsr_description2/share/dsr_description2/meshes/m0617_collision/MF0617_2_2.dae
[0.196s] -- Up-to-date: /home/user/Jina/install/dsr_description2/share/dsr_description2/meshes/m0617_collision/MF0617_4_1.dae
[0.196s] -- Up-to-date: /home/user/Jina/install/dsr_description2/share/dsr_description2/meshes/m0617_collision/MF0617_2_1.dae
[0.196s] -- Up-to-date: /home/user/Jina/install/dsr_description2/share/dsr_description2/meshes/m0617_collision/MF0617_3_0.dae
[0.196s] -- Up-to-date: /home/user/Jina/install/dsr_description2/share/dsr_description2/meshes/h2515_blue
[0.196s] -- Up-to-date: /home/user/Jina/install/dsr_description2/share/dsr_description2/meshes/h2515_blue/H2515_0_0.dae
[0.197s] -- Up-to-date: /home/user/Jina/install/dsr_description2/share/dsr_description2/meshes/h2515_blue/H2515_2_1.dae
[0.197s] -- Up-to-date: /home/user/Jina/install/dsr_description2/share/dsr_description2/meshes/h2515_blue/H2515_2_2.dae
[0.197s] -- Up-to-date: /home/user/Jina/install/dsr_description2/share/dsr_description2/meshes/h2515_blue/H2515_2_0.dae
[0.197s] -- Up-to-date: /home/user/Jina/install/dsr_description2/share/dsr_description2/meshes/h2515_blue/H2515_4_1.dae
[0.197s] -- Up-to-date: /home/user/Jina/install/dsr_description2/share/dsr_description2/meshes/h2515_blue/H2515_5_0.dae
[0.197s] -- Up-to-date: /home/user/Jina/install/dsr_description2/share/dsr_description2/meshes/h2515_blue/H2515_6_0.dae
[0.197s] -- Up-to-date: /home/user/Jina/install/dsr_description2/share/dsr_description2/meshes/h2515_blue/H2515_3_0.dae
[0.197s] -- Up-to-date: /home/user/Jina/install/dsr_description2/share/dsr_description2/meshes/h2515_blue/H2515_1_0.dae
[0.197s] -- Up-to-date: /home/user/Jina/install/dsr_description2/share/dsr_description2/meshes/h2515_blue/H2515_4_0.dae
[0.197s] -- Up-to-date: /home/user/Jina/install/dsr_description2/share/dsr_description2/urdf
[0.197s] -- Up-to-date: /home/user/Jina/install/dsr_description2/share/dsr_description2/urdf/a0509.urdf
[0.197s] -- Up-to-date: /home/user/Jina/install/dsr_description2/share/dsr_description2/urdf/h2017.blue.urdf
[0.197s] -- Up-to-date: /home/user/Jina/install/dsr_description2/share/dsr_description2/urdf/a0509.white.urdf
[0.197s] -- Up-to-date: /home/user/Jina/install/dsr_description2/share/dsr_description2/urdf/m1509.white.urdf
[0.198s] -- Up-to-date: /home/user/Jina/install/dsr_description2/share/dsr_description2/urdf/m0617.blue.urdf
[0.198s] -- Up-to-date: /home/user/Jina/install/dsr_description2/share/dsr_description2/urdf/m0609_isaac_sim.urdf
[0.198s] -- Up-to-date: /home/user/Jina/install/dsr_description2/share/dsr_description2/urdf/m1013.blue.urdf
[0.198s] -- Up-to-date: /home/user/Jina/install/dsr_description2/share/dsr_description2/urdf/h2515.white.urdf
[0.198s] -- Up-to-date: /home/user/Jina/install/dsr_description2/share/dsr_description2/urdf/m1509.blue.urdf
[0.198s] -- Up-to-date: /home/user/Jina/install/dsr_description2/share/dsr_description2/urdf/p3020.urdf
[0.198s] -- Up-to-date: /home/user/Jina/install/dsr_description2/share/dsr_description2/urdf/a0912.blue.urdf
[0.198s] -- Up-to-date: /home/user/Jina/install/dsr_description2/share/dsr_description2/urdf/a0912.white.urdf
[0.198s] -- Up-to-date: /home/user/Jina/install/dsr_description2/share/dsr_description2/urdf/m1013.urdf
[0.198s] -- Up-to-date: /home/user/Jina/install/dsr_description2/share/dsr_description2/urdf/m0609.urdf
[0.198s] -- Up-to-date: /home/user/Jina/install/dsr_description2/share/dsr_description2/urdf/a0912.urdf
[0.198s] -- Up-to-date: /home/user/Jina/install/dsr_description2/share/dsr_description2/urdf/m1013.white.urdf
[0.198s] -- Up-to-date: /home/user/Jina/install/dsr_description2/share/dsr_description2/urdf/m0609.blue.urdf
[0.198s] -- Up-to-date: /home/user/Jina/install/dsr_description2/share/dsr_description2/urdf/e0509.urdf
[0.198s] -- Up-to-date: /home/user/Jina/install/dsr_description2/share/dsr_description2/urdf/m0617.urdf
[0.199s] -- Up-to-date: /home/user/Jina/install/dsr_description2/share/dsr_description2/urdf/h2515.blue.urdf
[0.199s] -- Up-to-date: /home/user/Jina/install/dsr_description2/share/dsr_description2/urdf/h2515.urdf
[0.199s] -- Up-to-date: /home/user/Jina/install/dsr_description2/share/dsr_description2/urdf/m0609.white.urdf
[0.199s] -- Up-to-date: /home/user/Jina/install/dsr_description2/share/dsr_description2/urdf/e0509.white.urdf
[0.199s] -- Up-to-date: /home/user/Jina/install/dsr_description2/share/dsr_description2/urdf/m1013_isaac_sim.urdf
[0.199s] -- Up-to-date: /home/user/Jina/install/dsr_description2/share/dsr_description2/urdf/h2017.white.urdf
[0.199s] -- Up-to-date: /home/user/Jina/install/dsr_description2/share/dsr_description2/urdf/m1509.urdf
[0.199s] -- Up-to-date: /home/user/Jina/install/dsr_description2/share/dsr_description2/urdf/a0509.blue.urdf
[0.199s] -- Up-to-date: /home/user/Jina/install/dsr_description2/share/dsr_description2/urdf/m0617.white.urdf
[0.199s] -- Up-to-date: /home/user/Jina/install/dsr_description2/share/dsr_description2/urdf/h2017.urdf
[0.199s] -- Up-to-date: /home/user/Jina/install/dsr_description2/share/dsr_description2/xacro
[0.200s] -- Up-to-date: /home/user/Jina/install/dsr_description2/share/dsr_description2/xacro/m1509.urdf.xacro
[0.200s] -- Up-to-date: /home/user/Jina/install/dsr_description2/share/dsr_description2/xacro/macro.p3020.blue.xacro
[0.200s] -- Up-to-date: /home/user/Jina/install/dsr_description2/share/dsr_description2/xacro/macro.m0617.white.xacro
[0.200s] -- Up-to-date: /home/user/Jina/install/dsr_description2/share/dsr_description2/xacro/macro.a0509.blue.xacro
[0.200s] -- Up-to-date: /home/user/Jina/install/dsr_description2/share/dsr_description2/xacro/a0912.urdf.xacro
[0.200s] -- Up-to-date: /home/user/Jina/install/dsr_description2/share/dsr_description2/xacro/macro.p3020.white.xacro
[0.200s] -- Up-to-date: /home/user/Jina/install/dsr_description2/share/dsr_description2/xacro/m0609.urdf.xacro
[0.200s] -- Up-to-date: /home/user/Jina/install/dsr_description2/share/dsr_description2/xacro/macro.h2017.white.xacro
[0.200s] -- Up-to-date: /home/user/Jina/install/dsr_description2/share/dsr_description2/xacro/macro.m1509.white.xacro
[0.201s] -- Up-to-date: /home/user/Jina/install/dsr_description2/share/dsr_description2/xacro/macro.h2515.white.xacro
[0.201s] -- Up-to-date: /home/user/Jina/install/dsr_description2/share/dsr_description2/xacro/a0509.urdf.xacro
[0.201s] -- Up-to-date: /home/user/Jina/install/dsr_description2/share/dsr_description2/xacro/e0509.urdf.xacro
[0.201s] -- Up-to-date: /home/user/Jina/install/dsr_description2/share/dsr_description2/xacro/macro.a0509.white.xacro
[0.201s] -- Up-to-date: /home/user/Jina/install/dsr_description2/share/dsr_description2/xacro/macro.a0912.blue.xacro
[0.201s] -- Up-to-date: /home/user/Jina/install/dsr_description2/share/dsr_description2/xacro/m1013.urdf.xacro
[0.201s] -- Up-to-date: /home/user/Jina/install/dsr_description2/share/dsr_description2/xacro/macro.h2515.blue.xacro
[0.201s] -- Up-to-date: /home/user/Jina/install/dsr_description2/share/dsr_description2/xacro/macro.m1013.white.xacro
[0.201s] -- Up-to-date: /home/user/Jina/install/dsr_description2/share/dsr_description2/xacro/macro.m0609.white.xacro
[0.201s] -- Up-to-date: /home/user/Jina/install/dsr_description2/share/dsr_description2/xacro/h2017.urdf.xacro
[0.201s] -- Up-to-date: /home/user/Jina/install/dsr_description2/share/dsr_description2/xacro/robotiq_2f85.xacro
[0.201s] -- Up-to-date: /home/user/Jina/install/dsr_description2/share/dsr_description2/xacro/macro.m1509.blue.xacro
[0.201s] -- Up-to-date: /home/user/Jina/install/dsr_description2/share/dsr_description2/xacro/p3020.urdf.xacro
[0.201s] -- Up-to-date: /home/user/Jina/install/dsr_description2/share/dsr_description2/xacro/macro.e0509.white.xacro
[0.201s] -- Up-to-date: /home/user/Jina/install/dsr_description2/share/dsr_description2/xacro/macro.m0609.blue.xacro
[0.202s] -- Up-to-date: /home/user/Jina/install/dsr_description2/share/dsr_description2/xacro/m0617.urdf.xacro
[0.202s] -- Up-to-date: /home/user/Jina/install/dsr_description2/share/dsr_description2/xacro/macro.h2017.blue.xacro
[0.202s] -- Up-to-date: /home/user/Jina/install/dsr_description2/share/dsr_description2/xacro/h2515.urdf.xacro
[0.202s] -- Up-to-date: /home/user/Jina/install/dsr_description2/share/dsr_description2/xacro/macro.m1013.blue.xacro
[0.202s] -- Up-to-date: /home/user/Jina/install/dsr_description2/share/dsr_description2/xacro/macro.a0912.white.xacro
[0.202s] -- Up-to-date: /home/user/Jina/install/dsr_description2/share/dsr_description2/xacro/macro.m0617.blue.xacro
[0.202s] -- Up-to-date: /home/user/Jina/install/dsr_description2/share/dsr_description2/config
[0.202s] -- Up-to-date: /home/user/Jina/install/dsr_description2/share/dsr_description2/config/macro.transmission.xacro
[0.202s] -- Up-to-date: /home/user/Jina/install/dsr_description2/share/dsr_description2/config/macro.gazebo.xacro
[0.202s] -- Up-to-date: /home/user/Jina/install/dsr_description2/share/dsr_description2/config/macro.wheel.xacro
[0.202s] -- Up-to-date: /home/user/Jina/install/dsr_description2/share/dsr_description2/config/macro.decorations.xacro
[0.202s] -- Up-to-date: /home/user/Jina/install/dsr_description2/share/dsr_description2/config/macro.materials.xacro
[0.203s] -- Up-to-date: /home/user/Jina/install/dsr_description2/share/dsr_description2/config/macro.gazebo.p3020.xacro
[0.203s] -- Up-to-date: /home/user/Jina/install/dsr_description2/share/dsr_description2/ros2_control
[0.203s] -- Up-to-date: /home/user/Jina/install/dsr_description2/share/dsr_description2/ros2_control/e0509.gz_ros2_control.xacro
[0.203s] -- Up-to-date: /home/user/Jina/install/dsr_description2/share/dsr_description2/ros2_control/m0617.ros2_control.xacro
[0.203s] -- Up-to-date: /home/user/Jina/install/dsr_description2/share/dsr_description2/ros2_control/m0609.ros2_control.xacro
[0.203s] -- Up-to-date: /home/user/Jina/install/dsr_description2/share/dsr_description2/ros2_control/p3020.gz_ros2_control.xacro
[0.203s] -- Up-to-date: /home/user/Jina/install/dsr_description2/share/dsr_description2/ros2_control/robotiq_2f85.mj_ros2_control.xacro
[0.203s] -- Up-to-date: /home/user/Jina/install/dsr_description2/share/dsr_description2/ros2_control/m1509.mj_ros2_control.xacro
[0.203s] -- Up-to-date: /home/user/Jina/install/dsr_description2/share/dsr_description2/ros2_control/h2017.mj_ros2_control.xacro
[0.203s] -- Up-to-date: /home/user/Jina/install/dsr_description2/share/dsr_description2/ros2_control/a0509.mj_ros2_control.xacro
[0.203s] -- Up-to-date: /home/user/Jina/install/dsr_description2/share/dsr_description2/ros2_control/m1509.gz_ros2_control.xacro
[0.203s] -- Up-to-date: /home/user/Jina/install/dsr_description2/share/dsr_description2/ros2_control/p3020.ros2_control.xacro
[0.203s] -- Up-to-date: /home/user/Jina/install/dsr_description2/share/dsr_description2/ros2_control/a0509.gz_ros2_control.xacro
[0.203s] -- Up-to-date: /home/user/Jina/install/dsr_description2/share/dsr_description2/ros2_control/e0509.ros2_control.xacro
[0.204s] -- Up-to-date: /home/user/Jina/install/dsr_description2/share/dsr_description2/ros2_control/m1013.ros2_control.xacro
[0.204s] -- Up-to-date: /home/user/Jina/install/dsr_description2/share/dsr_description2/ros2_control/m0609.gz_ros2_control.xacro
[0.204s] -- Up-to-date: /home/user/Jina/install/dsr_description2/share/dsr_description2/ros2_control/m1509.ros2_control.xacro
[0.204s] -- Up-to-date: /home/user/Jina/install/dsr_description2/share/dsr_description2/ros2_control/a0912.mj_ros2_control.xacro
[0.204s] -- Up-to-date: /home/user/Jina/install/dsr_description2/share/dsr_description2/ros2_control/m1013.gz_ros2_control.xacro
[0.204s] -- Up-to-date: /home/user/Jina/install/dsr_description2/share/dsr_description2/ros2_control/m0617.gz_ros2_control.xacro
[0.204s] -- Up-to-date: /home/user/Jina/install/dsr_description2/share/dsr_description2/ros2_control/e0509.mj_ros2_control.xacro
[0.204s] -- Up-to-date: /home/user/Jina/install/dsr_description2/share/dsr_description2/ros2_control/h2017.gz_ros2_control.xacro
[0.204s] -- Up-to-date: /home/user/Jina/install/dsr_description2/share/dsr_description2/ros2_control/a0509.ros2_control.xacro
[0.204s] -- Up-to-date: /home/user/Jina/install/dsr_description2/share/dsr_description2/ros2_control/m0617.mj_ros2_control.xacro
[0.204s] -- Up-to-date: /home/user/Jina/install/dsr_description2/share/dsr_description2/ros2_control/a0912.ros2_control.xacro
[0.204s] -- Up-to-date: /home/user/Jina/install/dsr_description2/share/dsr_description2/ros2_control/h2515.gz_ros2_control.xacro
[0.204s] -- Up-to-date: /home/user/Jina/install/dsr_description2/share/dsr_description2/ros2_control/a0912.gz_ros2_control.xacro
[0.205s] -- Up-to-date: /home/user/Jina/install/dsr_description2/share/dsr_description2/ros2_control/m0609.mj_ros2_control.xacro
[0.205s] -- Up-to-date: /home/user/Jina/install/dsr_description2/share/dsr_description2/ros2_control/m1013.mj_ros2_control.xacro
[0.205s] -- Up-to-date: /home/user/Jina/install/dsr_description2/share/dsr_description2/ros2_control/h2515.ros2_control.xacro
[0.205s] -- Up-to-date: /home/user/Jina/install/dsr_description2/share/dsr_description2/ros2_control/h2017.ros2_control.xacro
[0.205s] -- Up-to-date: /home/user/Jina/install/dsr_description2/share/dsr_description2/ros2_control/h2515.mj_ros2_control.xacro
[0.205s] -- Up-to-date: /home/user/Jina/install/dsr_description2/share/dsr_description2/mujoco_models
[0.205s] -- Up-to-date: /home/user/Jina/install/dsr_description2/share/dsr_description2/mujoco_models/m0617
[0.205s] -- Up-to-date: /home/user/Jina/install/dsr_description2/share/dsr_description2/mujoco_models/m0617/m0617.xml
[0.205s] -- Up-to-date: /home/user/Jina/install/dsr_description2/share/dsr_description2/mujoco_models/m0617/scene.xml
[0.205s] -- Up-to-date: /home/user/Jina/install/dsr_description2/share/dsr_description2/mujoco_models/m0617/assets
[0.205s] -- Up-to-date: /home/user/Jina/install/dsr_description2/share/dsr_description2/mujoco_models/m0617/assets/MF0617_0_0.stl
[0.206s] -- Up-to-date: /home/user/Jina/install/dsr_description2/share/dsr_description2/mujoco_models/m0617/assets/MF0617_4_1.stl
[0.206s] -- Up-to-date: /home/user/Jina/install/dsr_description2/share/dsr_description2/mujoco_models/m0617/assets/MF0617_3_0.stl
[0.206s] -- Up-to-date: /home/user/Jina/install/dsr_description2/share/dsr_description2/mujoco_models/m0617/assets/MF0617_4_0.stl
[0.206s] -- Up-to-date: /home/user/Jina/install/dsr_description2/share/dsr_description2/mujoco_models/m0617/assets/MF0617_5_0.stl
[0.206s] -- Up-to-date: /home/user/Jina/install/dsr_description2/share/dsr_description2/mujoco_models/m0617/assets/MF0617_2_0.stl
[0.206s] -- Up-to-date: /home/user/Jina/install/dsr_description2/share/dsr_description2/mujoco_models/m0617/assets/MF0617_2_1.stl
[0.206s] -- Up-to-date: /home/user/Jina/install/dsr_description2/share/dsr_description2/mujoco_models/m0617/assets/MF0617_1_0.stl
[0.206s] -- Up-to-date: /home/user/Jina/install/dsr_description2/share/dsr_description2/mujoco_models/m0617/assets/MF0617_2_2.stl
[0.207s] -- Up-to-date: /home/user/Jina/install/dsr_description2/share/dsr_description2/mujoco_models/m0617/assets/MF0617_6_0.stl
[0.207s] -- Up-to-date: /home/user/Jina/install/dsr_description2/share/dsr_description2/mujoco_models/a0509
[0.208s] -- Up-to-date: /home/user/Jina/install/dsr_description2/share/dsr_description2/mujoco_models/a0509/scene.xml
[0.208s] -- Up-to-date: /home/user/Jina/install/dsr_description2/share/dsr_description2/mujoco_models/a0509/assets
[0.208s] -- Up-to-date: /home/user/Jina/install/dsr_description2/share/dsr_description2/mujoco_models/a0509/assets/A0509_2_0.stl
[0.208s] -- Up-to-date: /home/user/Jina/install/dsr_description2/share/dsr_description2/mujoco_models/a0509/assets/A0509_1_2.stl
[0.208s] -- Up-to-date: /home/user/Jina/install/dsr_description2/share/dsr_description2/mujoco_models/a0509/assets/A0509_3_1.stl
[0.208s] -- Up-to-date: /home/user/Jina/install/dsr_description2/share/dsr_description2/mujoco_models/a0509/assets/A0509_2_1.stl
[0.208s] -- Up-to-date: /home/user/Jina/install/dsr_description2/share/dsr_description2/mujoco_models/a0509/assets/A0509_2_2.stl
[0.208s] -- Up-to-date: /home/user/Jina/install/dsr_description2/share/dsr_description2/mujoco_models/a0509/assets/A0509_4_1.stl
[0.208s] -- Up-to-date: /home/user/Jina/install/dsr_description2/share/dsr_description2/mujoco_models/a0509/assets/A0509_1_0.stl
[0.208s] -- Up-to-date: /home/user/Jina/install/dsr_description2/share/dsr_description2/mujoco_models/a0509/assets/A0509_4_0.stl
[0.208s] -- Up-to-date: /home/user/Jina/install/dsr_description2/share/dsr_description2/mujoco_models/a0509/assets/A0509_5_0.stl
[0.209s] -- Up-to-date: /home/user/Jina/install/dsr_description2/share/dsr_description2/mujoco_models/a0509/assets/A0509_3_0.stl
[0.209s] -- Up-to-date: /home/user/Jina/install/dsr_description2/share/dsr_description2/mujoco_models/a0509/assets/A0509_6_0.stl
[0.209s] -- Up-to-date: /home/user/Jina/install/dsr_description2/share/dsr_description2/mujoco_models/a0509/assets/A0509_1_1.stl
[0.209s] -- Up-to-date: /home/user/Jina/install/dsr_description2/share/dsr_description2/mujoco_models/a0509/assets/A0509_0_0.stl
[0.209s] -- Up-to-date: /home/user/Jina/install/dsr_description2/share/dsr_description2/mujoco_models/a0509/assets/A0509_5_1.stl
[0.209s] -- Up-to-date: /home/user/Jina/install/dsr_description2/share/dsr_description2/mujoco_models/a0509/a0509.xml
[0.209s] -- Up-to-date: /home/user/Jina/install/dsr_description2/share/dsr_description2/mujoco_models/m0609
[0.209s] -- Up-to-date: /home/user/Jina/install/dsr_description2/share/dsr_description2/mujoco_models/m0609/m0609.xml
[0.209s] -- Up-to-date: /home/user/Jina/install/dsr_description2/share/dsr_description2/mujoco_models/m0609/scene.xml
[0.209s] -- Up-to-date: /home/user/Jina/install/dsr_description2/share/dsr_description2/mujoco_models/m0609/assets
[0.210s] -- Up-to-date: /home/user/Jina/install/dsr_description2/share/dsr_description2/mujoco_models/m0609/assets/MF0609_6_0.stl
[0.210s] -- Up-to-date: /home/user/Jina/install/dsr_description2/share/dsr_description2/mujoco_models/m0609/assets/MF0609_2_2.stl
[0.210s] -- Up-to-date: /home/user/Jina/install/dsr_description2/share/dsr_description2/mujoco_models/m0609/assets/MF0609_0_0.stl
[0.210s] -- Up-to-date: /home/user/Jina/install/dsr_description2/share/dsr_description2/mujoco_models/m0609/assets/MF0609_2_1.stl
[0.210s] -- Up-to-date: /home/user/Jina/install/dsr_description2/share/dsr_description2/mujoco_models/m0609/assets/MF0609_4_1.stl
[0.210s] -- Up-to-date: /home/user/Jina/install/dsr_description2/share/dsr_description2/mujoco_models/m0609/assets/MF0609_1_0.stl
[0.210s] -- Up-to-date: /home/user/Jina/install/dsr_description2/share/dsr_description2/mujoco_models/m0609/assets/MF0609_4_0.stl
[0.210s] -- Up-to-date: /home/user/Jina/install/dsr_description2/share/dsr_description2/mujoco_models/m0609/assets/MF0609_5_0.stl
[0.210s] -- Up-to-date: /home/user/Jina/install/dsr_description2/share/dsr_description2/mujoco_models/m0609/assets/MF0609_2_0.stl
[0.210s] -- Up-to-date: /home/user/Jina/install/dsr_description2/share/dsr_description2/mujoco_models/m0609/assets/MF0609_3_0.stl
[0.210s] -- Up-to-date: /home/user/Jina/install/dsr_description2/share/dsr_description2/mujoco_models/m1509
[0.210s] -- Up-to-date: /home/user/Jina/install/dsr_description2/share/dsr_description2/mujoco_models/m1509/m1509.xml
[0.211s] -- Up-to-date: /home/user/Jina/install/dsr_description2/share/dsr_description2/mujoco_models/m1509/scene.xml
[0.211s] -- Up-to-date: /home/user/Jina/install/dsr_description2/share/dsr_description2/mujoco_models/m1509/assets
[0.211s] -- Up-to-date: /home/user/Jina/install/dsr_description2/share/dsr_description2/mujoco_models/m1509/assets/MF1509_2_0.stl
[0.211s] -- Up-to-date: /home/user/Jina/install/dsr_description2/share/dsr_description2/mujoco_models/m1509/assets/MF1509_5_0.stl
[0.211s] -- Up-to-date: /home/user/Jina/install/dsr_description2/share/dsr_description2/mujoco_models/m1509/assets/MF1509_1_0.stl
[0.211s] -- Up-to-date: /home/user/Jina/install/dsr_description2/share/dsr_description2/mujoco_models/m1509/assets/MF1509_2_2.stl
[0.211s] -- Up-to-date: /home/user/Jina/install/dsr_description2/share/dsr_description2/mujoco_models/m1509/assets/MF1509_4_0.stl
[0.211s] -- Up-to-date: /home/user/Jina/install/dsr_description2/share/dsr_description2/mujoco_models/m1509/assets/MF1509_4_1.stl
[0.211s] -- Up-to-date: /home/user/Jina/install/dsr_description2/share/dsr_description2/mujoco_models/m1509/assets/MF1509_3_0.stl
[0.211s] -- Up-to-date: /home/user/Jina/install/dsr_description2/share/dsr_description2/mujoco_models/m1509/assets/MF1509_6_0.stl
[0.211s] -- Up-to-date: /home/user/Jina/install/dsr_description2/share/dsr_description2/mujoco_models/m1509/assets/MF1509_0_0.stl
[0.211s] -- Up-to-date: /home/user/Jina/install/dsr_description2/share/dsr_description2/mujoco_models/m1509/assets/MF1509_2_1.stl
[0.211s] -- Up-to-date: /home/user/Jina/install/dsr_description2/share/dsr_description2/mujoco_models/e0509
[0.212s] -- Up-to-date: /home/user/Jina/install/dsr_description2/share/dsr_description2/mujoco_models/e0509/scene.xml
[0.212s] -- Up-to-date: /home/user/Jina/install/dsr_description2/share/dsr_description2/mujoco_models/e0509/assets
[0.212s] -- Up-to-date: /home/user/Jina/install/dsr_description2/share/dsr_description2/mujoco_models/e0509/assets/E0509_1_1.stl
[0.212s] -- Up-to-date: /home/user/Jina/install/dsr_description2/share/dsr_description2/mujoco_models/e0509/assets/E0509_1_2.stl
[0.212s] -- Up-to-date: /home/user/Jina/install/dsr_description2/share/dsr_description2/mujoco_models/e0509/assets/E0509_1_3.stl
[0.212s] -- Up-to-date: /home/user/Jina/install/dsr_description2/share/dsr_description2/mujoco_models/e0509/assets/E0509_2_2.stl
[0.212s] -- Up-to-date: /home/user/Jina/install/dsr_description2/share/dsr_description2/mujoco_models/e0509/assets/E0509_6_1.stl
[0.212s] -- Up-to-date: /home/user/Jina/install/dsr_description2/share/dsr_description2/mujoco_models/e0509/assets/E0509_2_1.stl
[0.212s] -- Up-to-date: /home/user/Jina/install/dsr_description2/share/dsr_description2/mujoco_models/e0509/assets/E0509_3_1.stl
[0.212s] -- Up-to-date: /home/user/Jina/install/dsr_description2/share/dsr_description2/mujoco_models/e0509/assets/E0509_4_2.stl
[0.212s] -- Up-to-date: /home/user/Jina/install/dsr_description2/share/dsr_description2/mujoco_models/e0509/assets/E0509_0_0.stl
[0.212s] -- Up-to-date: /home/user/Jina/install/dsr_description2/share/dsr_description2/mujoco_models/e0509/assets/E0509_4_1.stl
[0.213s] -- Up-to-date: /home/user/Jina/install/dsr_description2/share/dsr_description2/mujoco_models/e0509/assets/E0509_3_2.stl
[0.213s] -- Up-to-date: /home/user/Jina/install/dsr_description2/share/dsr_description2/mujoco_models/e0509/assets/E0509_1_4.stl
[0.213s] -- Up-to-date: /home/user/Jina/install/dsr_description2/share/dsr_description2/mujoco_models/e0509/assets/E0509_5_2.stl
[0.213s] -- Up-to-date: /home/user/Jina/install/dsr_description2/share/dsr_description2/mujoco_models/e0509/assets/E0509_5_1.stl
[0.213s] -- Up-to-date: /home/user/Jina/install/dsr_description2/share/dsr_description2/mujoco_models/e0509/e0509.xml
[0.213s] -- Up-to-date: /home/user/Jina/install/dsr_description2/share/dsr_description2/mujoco_models/m1013
[0.213s] -- Up-to-date: /home/user/Jina/install/dsr_description2/share/dsr_description2/mujoco_models/m1013/m1013.xml
[0.213s] -- Up-to-date: /home/user/Jina/install/dsr_description2/share/dsr_description2/mujoco_models/m1013/scene.xml
[0.213s] -- Up-to-date: /home/user/Jina/install/dsr_description2/share/dsr_description2/mujoco_models/m1013/assets
[0.213s] -- Up-to-date: /home/user/Jina/install/dsr_description2/share/dsr_description2/mujoco_models/m1013/assets/MF1013_3_0.stl
[0.213s] -- Up-to-date: /home/user/Jina/install/dsr_description2/share/dsr_description2/mujoco_models/m1013/assets/MF1013_5_0.stl
[0.214s] -- Up-to-date: /home/user/Jina/install/dsr_description2/share/dsr_description2/mujoco_models/m1013/assets/MF1013_0_0.stl
[0.214s] -- Up-to-date: /home/user/Jina/install/dsr_description2/share/dsr_description2/mujoco_models/m1013/assets/MF1013_2_2.stl
[0.214s] -- Up-to-date: /home/user/Jina/install/dsr_description2/share/dsr_description2/mujoco_models/m1013/assets/MF1013_6_0.stl
[0.214s] -- Up-to-date: /home/user/Jina/install/dsr_description2/share/dsr_description2/mujoco_models/m1013/assets/MF1013_2_1.stl
[0.214s] -- Up-to-date: /home/user/Jina/install/dsr_description2/share/dsr_description2/mujoco_models/m1013/assets/MF1013_2_0.stl
[0.214s] -- Up-to-date: /home/user/Jina/install/dsr_description2/share/dsr_description2/mujoco_models/m1013/assets/MF1013_1_0.stl
[0.214s] -- Up-to-date: /home/user/Jina/install/dsr_description2/share/dsr_description2/mujoco_models/m1013/assets/MF1013_4_0.stl
[0.214s] -- Up-to-date: /home/user/Jina/install/dsr_description2/share/dsr_description2/mujoco_models/m1013/assets/MF1013_4_1.stl
[0.214s] -- Up-to-date: /home/user/Jina/install/dsr_description2/share/dsr_description2/mujoco_models/2f85
[0.214s] -- Up-to-date: /home/user/Jina/install/dsr_description2/share/dsr_description2/mujoco_models/2f85/README.md
[0.214s] -- Up-to-date: /home/user/Jina/install/dsr_description2/share/dsr_description2/mujoco_models/2f85/LICENSE
[0.214s] -- Up-to-date: /home/user/Jina/install/dsr_description2/share/dsr_description2/mujoco_models/2f85/scene.xml
[0.214s] -- Up-to-date: /home/user/Jina/install/dsr_description2/share/dsr_description2/mujoco_models/2f85/2f85.xml
[0.215s] -- Up-to-date: /home/user/Jina/install/dsr_description2/share/dsr_description2/mujoco_models/2f85/assets
[0.215s] -- Up-to-date: /home/user/Jina/install/dsr_description2/share/dsr_description2/mujoco_models/2f85/assets/driver.stl
[0.215s] -- Up-to-date: /home/user/Jina/install/dsr_description2/share/dsr_description2/mujoco_models/2f85/assets/follower.stl
[0.215s] -- Up-to-date: /home/user/Jina/install/dsr_description2/share/dsr_description2/mujoco_models/2f85/assets/base.stl
[0.215s] -- Up-to-date: /home/user/Jina/install/dsr_description2/share/dsr_description2/mujoco_models/2f85/assets/base_mount.stl
[0.215s] -- Up-to-date: /home/user/Jina/install/dsr_description2/share/dsr_description2/mujoco_models/2f85/assets/coupler.stl
[0.215s] -- Up-to-date: /home/user/Jina/install/dsr_description2/share/dsr_description2/mujoco_models/2f85/assets/spring_link.stl
[0.215s] -- Up-to-date: /home/user/Jina/install/dsr_description2/share/dsr_description2/mujoco_models/2f85/assets/pad.stl
[0.215s] -- Up-to-date: /home/user/Jina/install/dsr_description2/share/dsr_description2/mujoco_models/2f85/assets/silicone_pad.stl
[0.215s] -- Up-to-date: /home/user/Jina/install/dsr_description2/share/dsr_description2/mujoco_models/h2515
[0.215s] -- Up-to-date: /home/user/Jina/install/dsr_description2/share/dsr_description2/mujoco_models/h2515/scene.xml
[0.215s] -- Up-to-date: /home/user/Jina/install/dsr_description2/share/dsr_description2/mujoco_models/h2515/assets
[0.218s] -- Up-to-date: /home/user/Jina/install/dsr_description2/share/dsr_description2/mujoco_models/h2515/assets/H2515_0_0.stl
[0.218s] -- Up-to-date: /home/user/Jina/install/dsr_description2/share/dsr_description2/mujoco_models/h2515/assets/H2515_6_0.stl
[0.218s] -- Up-to-date: /home/user/Jina/install/dsr_description2/share/dsr_description2/mujoco_models/h2515/assets/H2515_4_0.stl
[0.219s] -- Up-to-date: /home/user/Jina/install/dsr_description2/share/dsr_description2/mujoco_models/h2515/assets/H2515_2_1.stl
[0.219s] -- Up-to-date: /home/user/Jina/install/dsr_description2/share/dsr_description2/mujoco_models/h2515/assets/H2515_2_2.stl
[0.223s] -- Up-to-date: /home/user/Jina/install/dsr_description2/share/dsr_description2/mujoco_models/h2515/assets/H2515_3_0.stl
[0.223s] -- Up-to-date: /home/user/Jina/install/dsr_description2/share/dsr_description2/mujoco_models/h2515/assets/H2515_2_0.stl
[0.223s] -- Up-to-date: /home/user/Jina/install/dsr_description2/share/dsr_description2/mujoco_models/h2515/assets/H2515_5_0.stl
[0.223s] -- Up-to-date: /home/user/Jina/install/dsr_description2/share/dsr_description2/mujoco_models/h2515/assets/H2515_4_1.stl
[0.223s] -- Up-to-date: /home/user/Jina/install/dsr_description2/share/dsr_description2/mujoco_models/h2515/assets/H2515_1_0.stl
[0.223s] -- Up-to-date: /home/user/Jina/install/dsr_description2/share/dsr_description2/mujoco_models/h2515/h2515.xml
[0.224s] -- Up-to-date: /home/user/Jina/install/dsr_description2/share/dsr_description2/mujoco_models/h2017
[0.224s] -- Up-to-date: /home/user/Jina/install/dsr_description2/share/dsr_description2/mujoco_models/h2017/h2017.xml
[0.224s] -- Up-to-date: /home/user/Jina/install/dsr_description2/share/dsr_description2/mujoco_models/h2017/scene.xml
[0.224s] -- Up-to-date: /home/user/Jina/install/dsr_description2/share/dsr_description2/mujoco_models/h2017/assets
[0.224s] -- Up-to-date: /home/user/Jina/install/dsr_description2/share/dsr_description2/mujoco_models/h2017/assets/H2017_0_0.stl
[0.224s] -- Up-to-date: /home/user/Jina/install/dsr_description2/share/dsr_description2/mujoco_models/h2017/assets/H2017_5_0.stl
[0.224s] -- Up-to-date: /home/user/Jina/install/dsr_description2/share/dsr_description2/mujoco_models/h2017/assets/H2017_3_0.stl
[0.224s] -- Up-to-date: /home/user/Jina/install/dsr_description2/share/dsr_description2/mujoco_models/h2017/assets/H2017_6_0.stl
[0.224s] -- Up-to-date: /home/user/Jina/install/dsr_description2/share/dsr_description2/mujoco_models/h2017/assets/H2017_4_0.stl
[0.224s] -- Up-to-date: /home/user/Jina/install/dsr_description2/share/dsr_description2/mujoco_models/h2017/assets/H2017_2_0.stl
[0.224s] -- Up-to-date: /home/user/Jina/install/dsr_description2/share/dsr_description2/mujoco_models/h2017/assets/H2017_2_1.stl
[0.224s] -- Up-to-date: /home/user/Jina/install/dsr_description2/share/dsr_description2/mujoco_models/h2017/assets/H2017_4_1.stl
[0.224s] -- Up-to-date: /home/user/Jina/install/dsr_description2/share/dsr_description2/mujoco_models/h2017/assets/H2017_1_0.stl
[0.225s] -- Up-to-date: /home/user/Jina/install/dsr_description2/share/dsr_description2/mujoco_models/h2017/assets/H2017_2_2.stl
[0.225s] -- Up-to-date: /home/user/Jina/install/dsr_description2/share/dsr_description2/mujoco_models/a0912
[0.225s] -- Up-to-date: /home/user/Jina/install/dsr_description2/share/dsr_description2/mujoco_models/a0912/a0912.xml
[0.225s] -- Up-to-date: /home/user/Jina/install/dsr_description2/share/dsr_description2/mujoco_models/a0912/scene.xml
[0.225s] -- Up-to-date: /home/user/Jina/install/dsr_description2/share/dsr_description2/mujoco_models/a0912/assets
[0.225s] -- Up-to-date: /home/user/Jina/install/dsr_description2/share/dsr_description2/mujoco_models/a0912/assets/A0912_5_0.stl
[0.225s] -- Up-to-date: /home/user/Jina/install/dsr_description2/share/dsr_description2/mujoco_models/a0912/assets/A0912_1_2.stl
[0.225s] -- Up-to-date: /home/user/Jina/install/dsr_description2/share/dsr_description2/mujoco_models/a0912/assets/A0912_1_0.stl
[0.225s] -- Up-to-date: /home/user/Jina/install/dsr_description2/share/dsr_description2/mujoco_models/a0912/assets/A0912_5_1.stl
[0.225s] -- Up-to-date: /home/user/Jina/install/dsr_description2/share/dsr_description2/mujoco_models/a0912/assets/A0912_6_0.stl
[0.225s] -- Up-to-date: /home/user/Jina/install/dsr_description2/share/dsr_description2/mujoco_models/a0912/assets/A0912_0_0.stl
[0.226s] -- Up-to-date: /home/user/Jina/install/dsr_description2/share/dsr_description2/mujoco_models/a0912/assets/A0912_4_1.stl
[0.226s] -- Up-to-date: /home/user/Jina/install/dsr_description2/share/dsr_description2/mujoco_models/a0912/assets/A0912_3_0.stl
[0.226s] -- Up-to-date: /home/user/Jina/install/dsr_description2/share/dsr_description2/mujoco_models/a0912/assets/A0912_2_0.stl
[0.226s] -- Up-to-date: /home/user/Jina/install/dsr_description2/share/dsr_description2/mujoco_models/a0912/assets/A0912_3_1.stl
[0.226s] -- Up-to-date: /home/user/Jina/install/dsr_description2/share/dsr_description2/mujoco_models/a0912/assets/A0912_2_2.stl
[0.226s] -- Up-to-date: /home/user/Jina/install/dsr_description2/share/dsr_description2/mujoco_models/a0912/assets/A0912_2_1.stl
[0.226s] -- Up-to-date: /home/user/Jina/install/dsr_description2/share/dsr_description2/mujoco_models/a0912/assets/A0912_4_0.stl
[0.226s] -- Up-to-date: /home/user/Jina/install/dsr_description2/share/dsr_description2/mujoco_models/a0912/assets/A0912_1_1.stl
[0.226s] -- Up-to-date: /home/user/Jina/install/dsr_description2/share/dsr_description2/mujoco_models/demo
[0.226s] -- Up-to-date: /home/user/Jina/install/dsr_description2/share/dsr_description2/mujoco_models/demo/slope_demo_scene.xml
[0.226s] -- Up-to-date: /home/user/Jina/install/dsr_description2/share/dsr_description2/mujoco_models/demo/assets
[0.226s] -- Up-to-date: /home/user/Jina/install/dsr_description2/share/dsr_description2/mujoco_models/demo/assets/stopper_left.stl
[0.227s] -- Up-to-date: /home/user/Jina/install/dsr_description2/share/dsr_description2/mujoco_models/demo/assets/top_fence_left.stl
[0.227s] -- Up-to-date: /home/user/Jina/install/dsr_description2/share/dsr_description2/mujoco_models/demo/assets/bottom_fence_right.stl
[0.227s] -- Up-to-date: /home/user/Jina/install/dsr_description2/share/dsr_description2/mujoco_models/demo/assets/storage_box.stl
[0.227s] -- Up-to-date: /home/user/Jina/install/dsr_description2/share/dsr_description2/mujoco_models/demo/assets/stopper_right.stl
[0.227s] -- Up-to-date: /home/user/Jina/install/dsr_description2/share/dsr_description2/mujoco_models/demo/assets/stopper.stl
[0.227s] -- Up-to-date: /home/user/Jina/install/dsr_description2/share/dsr_description2/mujoco_models/demo/assets/top_fence_right.stl
[0.227s] -- Up-to-date: /home/user/Jina/install/dsr_description2/share/dsr_description2/mujoco_models/demo/assets/bottom_fence_left.stl
[0.227s] -- Up-to-date: /home/user/Jina/install/dsr_description2/share/dsr_description2/mujoco_models/demo/assets/left_fence.stl
[0.227s] -- Up-to-date: /home/user/Jina/install/dsr_description2/share/dsr_description2/mujoco_models/demo/assets/bottom_slope.stl
[0.227s] -- Up-to-date: /home/user/Jina/install/dsr_description2/share/dsr_description2/mujoco_models/demo/assets/bottom_support_right.stl
[0.227s] -- Up-to-date: /home/user/Jina/install/dsr_description2/share/dsr_description2/mujoco_models/demo/assets/bottom_support_left.stl
[0.227s] -- Up-to-date: /home/user/Jina/install/dsr_description2/share/dsr_description2/mujoco_models/demo/assets/top_slope.stl
[0.227s] -- Up-to-date: /home/user/Jina/install/dsr_description2/share/dsr_description2/launch
[0.228s] -- Up-to-date: /home/user/Jina/install/dsr_description2/share/dsr_description2/launch/dsr_description.launch.py
[0.228s] -- Up-to-date: /home/user/Jina/install/dsr_description2/share/dsr_description2/rviz
[0.228s] -- Up-to-date: /home/user/Jina/install/dsr_description2/share/dsr_description2/rviz/moveit.rviz
[0.228s] -- Up-to-date: /home/user/Jina/install/dsr_description2/share/dsr_description2/rviz/default.rviz
[0.300s] Invoked command in '/home/user/Jina/build/dsr_description2' returned '0': CMAKE_PREFIX_PATH=/opt/ros/humble /usr/bin/cmake --install /home/user/Jina/build/dsr_description2
