[0.645s] Invoking command in '/home/user/Jina/src/doosan-robot2/dsr_bringup2': CMAKE_PREFIX_PATH=/home/user/Jina/install/dsr_msgs2:/home/user/Jina/install/dsr_realtime_control:/home/user/Jina/install/dsr_mujoco:/home/user/Jina/install/dsr_controller2:/home/user/Jina/install/dsr_moveit_config_p3020:/home/user/Jina/install/dsr_moveit_config_m1509:/home/user/Jina/install/dsr_moveit_config_m1013:/home/user/Jina/install/dsr_moveit_config_m0617:/home/user/Jina/install/dsr_moveit_config_m0609:/home/user/Jina/install/dsr_moveit_config_h2515:/home/user/Jina/install/dsr_moveit_config_h2017:/home/user/Jina/install/dsr_moveit_config_e0509:/home/user/Jina/install/dsr_moveit_config_a0912:/home/user/Jina/install/dsr_moveit_config_a0509:/home/user/Jina/install/dsr_hardware2:/home/user/Jina/install/dsr_gazebo2:/home/user/Jina/install/dsr_description2:/home/user/Jina/install/dsr_common2 LD_LIBRARY_PATH=/home/user/Jina/install/dsr_msgs2/lib:/home/user/Jina/install/dsr_controller2/lib:/home/user/Jina/install/dsr_hardware2/lib:/usr/lib/x86_64-linux-gnu/gazebo-11/plugins:/opt/ros/humble/opt/rviz_ogre_vendor/lib:/opt/ros/humble/lib/x86_64-linux-gnu:/opt/ros/humble/lib PYTHONPATH=/home/user/Jina/build/dsr_bringup2/prefix_override:/usr/lib/python3/dist-packages/colcon_core/task/python/colcon_distutils_commands:/home/user/Jina/install/dsr_bringup2/lib/python3.10/site-packages:${PYTHONPATH} /usr/bin/python3 -W ignore:setup.py install is deprecated -W ignore:easy_install command is deprecated setup.py egg_info --egg-base ../../../build/dsr_bringup2 build --build-base /home/user/Jina/build/dsr_bringup2/build install --record /home/user/Jina/build/dsr_bringup2/install.log --single-version-externally-managed install_data
[0.809s] running egg_info
[0.809s] writing ../../../build/dsr_bringup2/dsr_bringup2.egg-info/PKG-INFO
[0.810s] writing dependency_links to ../../../build/dsr_bringup2/dsr_bringup2.egg-info/dependency_links.txt
[0.810s] writing entry points to ../../../build/dsr_bringup2/dsr_bringup2.egg-info/entry_points.txt
[0.810s] writing requirements to ../../../build/dsr_bringup2/dsr_bringup2.egg-info/requires.txt
[0.810s] writing top-level names to ../../../build/dsr_bringup2/dsr_bringup2.egg-info/top_level.txt
[0.811s] reading manifest file '../../../build/dsr_bringup2/dsr_bringup2.egg-info/SOURCES.txt'
[0.811s] writing manifest file '../../../build/dsr_bringup2/dsr_bringup2.egg-info/SOURCES.txt'
[0.811s] running build
[0.811s] running build_py
[0.811s] running install
[0.812s] running install_lib
[0.812s] running install_data
[0.812s] running install_egg_info
[0.813s] removing '/home/user/Jina/install/dsr_bringup2/lib/python3.10/site-packages/dsr_bringup2-0.1.2-py3.10.egg-info' (and everything under it)
[0.813s] Copying ../../../build/dsr_bringup2/dsr_bringup2.egg-info to /home/user/Jina/install/dsr_bringup2/lib/python3.10/site-packages/dsr_bringup2-0.1.2-py3.10.egg-info
[0.814s] running install_scripts
[0.828s] Installing gazebo_connection script to /home/user/Jina/install/dsr_bringup2/lib/dsr_bringup2
[0.828s] Installing moveit_connection script to /home/user/Jina/install/dsr_bringup2/lib/dsr_bringup2
[0.828s] Installing mujoco_bridge script to /home/user/Jina/install/dsr_bringup2/lib/dsr_bringup2
[0.828s] Installing run_emulator script to /home/user/Jina/install/dsr_bringup2/lib/dsr_bringup2
[0.829s] writing list of installed files to '/home/user/Jina/build/dsr_bringup2/install.log'
[0.845s] Invoked command in '/home/user/Jina/src/doosan-robot2/dsr_bringup2' returned '0': CMAKE_PREFIX_PATH=/home/user/Jina/install/dsr_msgs2:/home/user/Jina/install/dsr_realtime_control:/home/user/Jina/install/dsr_mujoco:/home/user/Jina/install/dsr_controller2:/home/user/Jina/install/dsr_moveit_config_p3020:/home/user/Jina/install/dsr_moveit_config_m1509:/home/user/Jina/install/dsr_moveit_config_m1013:/home/user/Jina/install/dsr_moveit_config_m0617:/home/user/Jina/install/dsr_moveit_config_m0609:/home/user/Jina/install/dsr_moveit_config_h2515:/home/user/Jina/install/dsr_moveit_config_h2017:/home/user/Jina/install/dsr_moveit_config_e0509:/home/user/Jina/install/dsr_moveit_config_a0912:/home/user/Jina/install/dsr_moveit_config_a0509:/home/user/Jina/install/dsr_hardware2:/home/user/Jina/install/dsr_gazebo2:/home/user/Jina/install/dsr_description2:/home/user/Jina/install/dsr_common2 LD_LIBRARY_PATH=/home/user/Jina/install/dsr_msgs2/lib:/home/user/Jina/install/dsr_controller2/lib:/home/user/Jina/install/dsr_hardware2/lib:/usr/lib/x86_64-linux-gnu/gazebo-11/plugins:/opt/ros/humble/opt/rviz_ogre_vendor/lib:/opt/ros/humble/lib/x86_64-linux-gnu:/opt/ros/humble/lib PYTHONPATH=/home/user/Jina/build/dsr_bringup2/prefix_override:/usr/lib/python3/dist-packages/colcon_core/task/python/colcon_distutils_commands:/home/user/Jina/install/dsr_bringup2/lib/python3.10/site-packages:${PYTHONPATH} /usr/bin/python3 -W ignore:setup.py install is deprecated -W ignore:easy_install command is deprecated setup.py egg_info --egg-base ../../../build/dsr_bringup2 build --build-base /home/user/Jina/build/dsr_bringup2/build install --record /home/user/Jina/build/dsr_bringup2/install.log --single-version-externally-managed install_data
