[0.025s] Invoking command in '/home/user/Jina/build/dsr_moveit_config_h2017': CMAKE_PREFIX_PATH=/opt/ros/humble /usr/bin/cmake /home/user/Jina/src/doosan-robot2/dsr_moveit2/dsr_moveit_config_h2017 -DCMAKE_INSTALL_PREFIX=/home/user/Jina/install/dsr_moveit_config_h2017
[0.111s] -- The C compiler identification is GNU 11.4.0
[0.198s] -- The CXX compiler identification is GNU 11.4.0
[0.203s] -- Detecting C compiler ABI info
[0.281s] -- Detecting C compiler ABI info - done
[0.291s] -- Check for working C compiler: /usr/bin/cc - skipped
[0.292s] -- Detecting C compile features
[0.296s] -- Detecting C compile features - done
[0.299s] -- Detecting CXX compiler ABI info
[0.389s] -- Detecting CXX compiler ABI info - done
[0.394s] -- Check for working CXX compiler: /usr/bin/c++ - skipped
[0.394s] -- Detecting CXX compile features
[0.395s] -- Detecting CXX compile features - done
[0.398s] -- Found ament_cmake: 1.3.12 (/opt/ros/humble/share/ament_cmake/cmake)
[0.569s] -- Found Python3: /usr/bin/python3 (found version "3.10.12") found components: Interpreter 
[0.819s] -- Configuring done
[0.822s] -- Generating done
[0.826s] -- Build files have been written to: /home/user/Jina/build/dsr_moveit_config_h2017
[0.854s] Invoked command in '/home/user/Jina/build/dsr_moveit_config_h2017' returned '0': CMAKE_PREFIX_PATH=/opt/ros/humble /usr/bin/cmake /home/user/Jina/src/doosan-robot2/dsr_moveit2/dsr_moveit_config_h2017 -DCMAKE_INSTALL_PREFIX=/home/user/Jina/install/dsr_moveit_config_h2017
[0.857s] Invoking command in '/home/user/Jina/build/dsr_moveit_config_h2017': CMAKE_PREFIX_PATH=/opt/ros/humble /usr/bin/cmake --build /home/user/Jina/build/dsr_moveit_config_h2017 -- -j12 -l12
[0.888s] Invoked command in '/home/user/Jina/build/dsr_moveit_config_h2017' returned '0': CMAKE_PREFIX_PATH=/opt/ros/humble /usr/bin/cmake --build /home/user/Jina/build/dsr_moveit_config_h2017 -- -j12 -l12
[0.888s] Invoking command in '/home/user/Jina/build/dsr_moveit_config_h2017': CMAKE_PREFIX_PATH=/opt/ros/humble /usr/bin/cmake --install /home/user/Jina/build/dsr_moveit_config_h2017
[0.905s] -- Install configuration: ""
[0.905s] -- Installing: /home/user/Jina/install/dsr_moveit_config_h2017/share/ament_index/resource_index/package_run_dependencies/dsr_moveit_config_h2017
[0.905s] -- Installing: /home/user/Jina/install/dsr_moveit_config_h2017/share/ament_index/resource_index/parent_prefix_path/dsr_moveit_config_h2017
[0.905s] -- Installing: /home/user/Jina/install/dsr_moveit_config_h2017/share/dsr_moveit_config_h2017/environment/ament_prefix_path.sh
[0.905s] -- Installing: /home/user/Jina/install/dsr_moveit_config_h2017/share/dsr_moveit_config_h2017/environment/ament_prefix_path.dsv
[0.905s] -- Installing: /home/user/Jina/install/dsr_moveit_config_h2017/share/dsr_moveit_config_h2017/environment/path.sh
[0.906s] -- Installing: /home/user/Jina/install/dsr_moveit_config_h2017/share/dsr_moveit_config_h2017/environment/path.dsv
[0.906s] -- Installing: /home/user/Jina/install/dsr_moveit_config_h2017/share/dsr_moveit_config_h2017/local_setup.bash
[0.906s] -- Installing: /home/user/Jina/install/dsr_moveit_config_h2017/share/dsr_moveit_config_h2017/local_setup.sh
[0.906s] -- Installing: /home/user/Jina/install/dsr_moveit_config_h2017/share/dsr_moveit_config_h2017/local_setup.zsh
[0.906s] -- Installing: /home/user/Jina/install/dsr_moveit_config_h2017/share/dsr_moveit_config_h2017/local_setup.dsv
[0.906s] -- Installing: /home/user/Jina/install/dsr_moveit_config_h2017/share/dsr_moveit_config_h2017/package.dsv
[0.906s] -- Installing: /home/user/Jina/install/dsr_moveit_config_h2017/share/ament_index/resource_index/packages/dsr_moveit_config_h2017
[0.906s] -- Installing: /home/user/Jina/install/dsr_moveit_config_h2017/share/dsr_moveit_config_h2017/cmake/dsr_moveit_config_h2017Config.cmake
[0.906s] -- Installing: /home/user/Jina/install/dsr_moveit_config_h2017/share/dsr_moveit_config_h2017/cmake/dsr_moveit_config_h2017Config-version.cmake
[0.906s] -- Installing: /home/user/Jina/install/dsr_moveit_config_h2017/share/dsr_moveit_config_h2017/package.xml
[0.906s] -- Installing: /home/user/Jina/install/dsr_moveit_config_h2017/share/dsr_moveit_config_h2017/launch
[0.906s] -- Installing: /home/user/Jina/install/dsr_moveit_config_h2017/share/dsr_moveit_config_h2017/launch/start.launch.py
[0.906s] -- Installing: /home/user/Jina/install/dsr_moveit_config_h2017/share/dsr_moveit_config_h2017/launch/moveit.rviz
[0.906s] -- Installing: /home/user/Jina/install/dsr_moveit_config_h2017/share/dsr_moveit_config_h2017/launch/demo.launch.py
[0.906s] -- Installing: /home/user/Jina/install/dsr_moveit_config_h2017/share/dsr_moveit_config_h2017/config
[0.906s] -- Installing: /home/user/Jina/install/dsr_moveit_config_h2017/share/dsr_moveit_config_h2017/config/initial_positions.yaml
[0.906s] -- Installing: /home/user/Jina/install/dsr_moveit_config_h2017/share/dsr_moveit_config_h2017/config/moveit_controllers.yaml
[0.906s] -- Installing: /home/user/Jina/install/dsr_moveit_config_h2017/share/dsr_moveit_config_h2017/config/joint_limits.yaml
[0.906s] -- Installing: /home/user/Jina/install/dsr_moveit_config_h2017/share/dsr_moveit_config_h2017/config/sensors_3d.yaml
[0.906s] -- Installing: /home/user/Jina/install/dsr_moveit_config_h2017/share/dsr_moveit_config_h2017/config/dsr.ros2_control.xacro
[0.906s] -- Installing: /home/user/Jina/install/dsr_moveit_config_h2017/share/dsr_moveit_config_h2017/config/chomp_planning.yaml
[0.906s] -- Installing: /home/user/Jina/install/dsr_moveit_config_h2017/share/dsr_moveit_config_h2017/config/kinematics.yaml
[0.906s] -- Installing: /home/user/Jina/install/dsr_moveit_config_h2017/share/dsr_moveit_config_h2017/config/dsr.srdf
[0.906s] -- Installing: /home/user/Jina/install/dsr_moveit_config_h2017/share/dsr_moveit_config_h2017/config/pilz_cartesian_limits.yaml
[0.907s] -- Installing: /home/user/Jina/install/dsr_moveit_config_h2017/share/dsr_moveit_config_h2017/config/h2017.urdf.xacro
[0.907s] -- Installing: /home/user/Jina/install/dsr_moveit_config_h2017/share/dsr_moveit_config_h2017/config/pilz_industrial_motion_planner_planning.yaml
[0.907s] -- Installing: /home/user/Jina/install/dsr_moveit_config_h2017/share/dsr_moveit_config_h2017/config/ompl_planning.yaml
[0.907s] -- Installing: /home/user/Jina/install/dsr_moveit_config_h2017/share/dsr_moveit_config_h2017/config/ros2_controllers.yaml
[0.907s] -- Installing: /home/user/Jina/install/dsr_moveit_config_h2017/share/dsr_moveit_config_h2017/.setup_assistant
[0.940s] Invoked command in '/home/user/Jina/build/dsr_moveit_config_h2017' returned '0': CMAKE_PREFIX_PATH=/opt/ros/humble /usr/bin/cmake --install /home/user/Jina/build/dsr_moveit_config_h2017
