-- Found ament_cmake: 1.3.12 (/opt/ros/humble/share/ament_cmake/cmake)
-- Found rclcpp: 16.0.16 (/opt/ros/humble/share/rclcpp/cmake)
-- Found rosidl_generator_c: 3.1.7 (/opt/ros/humble/share/rosidl_generator_c/cmake)
-- Found rosidl_adapter: 3.1.7 (/opt/ros/humble/share/rosidl_adapter/cmake)
-- Found rosidl_generator_cpp: 3.1.7 (/opt/ros/humble/share/rosidl_generator_cpp/cmake)
-- Using all available rosidl_typesupport_c: rosidl_typesupport_fastrtps_c;rosidl_typesupport_introspection_c
-- Using all available rosidl_typesupport_cpp: rosidl_typesupport_fastrtps_cpp;rosidl_typesupport_introspection_cpp
-- Found rmw_implementation_cmake: 6.1.2 (/opt/ros/humble/share/rmw_implementation_cmake/cmake)
-- Found rmw_fastrtps_cpp: 6.2.9 (/opt/ros/humble/share/rmw_fastrtps_cpp/cmake)
-- Using RMW implementation 'rmw_fastrtps_cpp' as default
-- Found rclcpp_action: 16.0.16 (/opt/ros/humble/share/rclcpp_action/cmake)
-- Found control_msgs: 4.8.0 (/opt/ros/humble/share/control_msgs/cmake)
-- Configuring done
-- Generating done
-- Build files have been written to: /home/user/Jina/build/dsr_mujoco
Built target ament_cmake_python_copy_dsr_mujoco
running egg_info
writing dsr_mujoco.egg-info/PKG-INFO
writing dependency_links to dsr_mujoco.egg-info/dependency_links.txt
writing top-level names to dsr_mujoco.egg-info/top_level.txt
reading manifest file 'dsr_mujoco.egg-info/SOURCES.txt'
writing manifest file 'dsr_mujoco.egg-info/SOURCES.txt'
Built target ament_cmake_python_build_dsr_mujoco_egg
-- Install configuration: ""
-- Installing: /home/user/Jina/install/dsr_mujoco/share/dsr_mujoco/environment/pythonpath.sh
-- Installing: /home/user/Jina/install/dsr_mujoco/share/dsr_mujoco/environment/pythonpath.dsv
-- Up-to-date: /home/user/Jina/install/dsr_mujoco/local/lib/python3.10/dist-packages/dsr_mujoco-0.1.0-py3.10.egg-info
-- Installing: /home/user/Jina/install/dsr_mujoco/local/lib/python3.10/dist-packages/dsr_mujoco-0.1.0-py3.10.egg-info/dependency_links.txt
-- Installing: /home/user/Jina/install/dsr_mujoco/local/lib/python3.10/dist-packages/dsr_mujoco-0.1.0-py3.10.egg-info/SOURCES.txt
-- Installing: /home/user/Jina/install/dsr_mujoco/local/lib/python3.10/dist-packages/dsr_mujoco-0.1.0-py3.10.egg-info/PKG-INFO
-- Installing: /home/user/Jina/install/dsr_mujoco/local/lib/python3.10/dist-packages/dsr_mujoco-0.1.0-py3.10.egg-info/top_level.txt
-- Up-to-date: /home/user/Jina/install/dsr_mujoco/local/lib/python3.10/dist-packages/dsr_mujoco
-- Installing: /home/user/Jina/install/dsr_mujoco/local/lib/python3.10/dist-packages/dsr_mujoco/__init__.py
-- Installing: /home/user/Jina/install/dsr_mujoco/local/lib/python3.10/dist-packages/dsr_mujoco/dsr_merge_gripper.py
-- Installing: /home/user/Jina/install/dsr_mujoco/local/lib/python3.10/dist-packages/dsr_mujoco/dsr_build_scene.py
Listing '/home/user/Jina/install/dsr_mujoco/local/lib/python3.10/dist-packages/dsr_mujoco'...
-- Up-to-date: /home/user/Jina/install/dsr_mujoco/share/dsr_mujoco//launch
-- Installing: /home/user/Jina/install/dsr_mujoco/share/dsr_mujoco//launch/dsr_mujoco_default.launch.py
-- Installing: /home/user/Jina/install/dsr_mujoco/share/dsr_mujoco//launch/dsr_mujoco.launch.py
-- Up-to-date: /home/user/Jina/install/dsr_mujoco/share/dsr_mujoco//config
-- Installing: /home/user/Jina/install/dsr_mujoco/share/dsr_mujoco//config/dsr_mujoco_controller_with_2f85.yaml
-- Installing: /home/user/Jina/install/dsr_mujoco/share/dsr_mujoco//config/2f85_controller.yaml
-- Installing: /home/user/Jina/install/dsr_mujoco/share/dsr_mujoco//config/dsr_mujoco_controller.yaml
-- Installing: /home/user/Jina/install/dsr_mujoco/share/ament_index/resource_index/package_run_dependencies/dsr_mujoco
-- Installing: /home/user/Jina/install/dsr_mujoco/share/ament_index/resource_index/parent_prefix_path/dsr_mujoco
-- Installing: /home/user/Jina/install/dsr_mujoco/share/dsr_mujoco/environment/ament_prefix_path.sh
-- Installing: /home/user/Jina/install/dsr_mujoco/share/dsr_mujoco/environment/ament_prefix_path.dsv
-- Installing: /home/user/Jina/install/dsr_mujoco/share/dsr_mujoco/environment/path.sh
-- Installing: /home/user/Jina/install/dsr_mujoco/share/dsr_mujoco/environment/path.dsv
-- Installing: /home/user/Jina/install/dsr_mujoco/share/dsr_mujoco/local_setup.bash
-- Installing: /home/user/Jina/install/dsr_mujoco/share/dsr_mujoco/local_setup.sh
-- Installing: /home/user/Jina/install/dsr_mujoco/share/dsr_mujoco/local_setup.zsh
-- Installing: /home/user/Jina/install/dsr_mujoco/share/dsr_mujoco/local_setup.dsv
-- Installing: /home/user/Jina/install/dsr_mujoco/share/dsr_mujoco/package.dsv
-- Installing: /home/user/Jina/install/dsr_mujoco/share/ament_index/resource_index/packages/dsr_mujoco
-- Installing: /home/user/Jina/install/dsr_mujoco/share/dsr_mujoco/cmake/dsr_mujocoConfig.cmake
-- Installing: /home/user/Jina/install/dsr_mujoco/share/dsr_mujoco/cmake/dsr_mujocoConfig-version.cmake
-- Installing: /home/user/Jina/install/dsr_mujoco/share/dsr_mujoco/package.xml
