[0.025s] Invoking command in '/home/user/Jina/build/dsr_moveit_config_h2515': CMAKE_PREFIX_PATH=/opt/ros/humble /usr/bin/cmake /home/user/Jina/src/doosan-robot2/dsr_moveit2/dsr_moveit_config_h2515 -DCMAKE_INSTALL_PREFIX=/home/user/Jina/install/dsr_moveit_config_h2515
[0.113s] -- The C compiler identification is GNU 11.4.0
[0.191s] -- The CXX compiler identification is GNU 11.4.0
[0.202s] -- Detecting C compiler ABI info
[0.275s] -- Detecting C compiler ABI info - done
[0.282s] -- Check for working C compiler: /usr/bin/cc - skipped
[0.282s] -- Detecting C compile features
[0.283s] -- Detecting C compile features - done
[0.286s] -- Detecting CXX compiler ABI info
[0.393s] -- Detecting CXX compiler ABI info - done
[0.402s] -- Check for working CXX compiler: /usr/bin/c++ - skipped
[0.402s] -- Detecting CXX compile features
[0.403s] -- Detecting CXX compile features - done
[0.405s] -- Found ament_cmake: 1.3.12 (/opt/ros/humble/share/ament_cmake/cmake)
[0.592s] -- Found Python3: /usr/bin/python3 (found version "3.10.12") found components: Interpreter 
[0.825s] -- Configuring done
[0.825s] -- Generating done
[0.833s] -- Build files have been written to: /home/user/Jina/build/dsr_moveit_config_h2515
[0.857s] Invoked command in '/home/user/Jina/build/dsr_moveit_config_h2515' returned '0': CMAKE_PREFIX_PATH=/opt/ros/humble /usr/bin/cmake /home/user/Jina/src/doosan-robot2/dsr_moveit2/dsr_moveit_config_h2515 -DCMAKE_INSTALL_PREFIX=/home/user/Jina/install/dsr_moveit_config_h2515
[0.858s] Invoking command in '/home/user/Jina/build/dsr_moveit_config_h2515': CMAKE_PREFIX_PATH=/opt/ros/humble /usr/bin/cmake --build /home/user/Jina/build/dsr_moveit_config_h2515 -- -j12 -l12
[0.896s] Invoked command in '/home/user/Jina/build/dsr_moveit_config_h2515' returned '0': CMAKE_PREFIX_PATH=/opt/ros/humble /usr/bin/cmake --build /home/user/Jina/build/dsr_moveit_config_h2515 -- -j12 -l12
[0.897s] Invoking command in '/home/user/Jina/build/dsr_moveit_config_h2515': CMAKE_PREFIX_PATH=/opt/ros/humble /usr/bin/cmake --install /home/user/Jina/build/dsr_moveit_config_h2515
[0.908s] -- Install configuration: ""
[0.908s] -- Installing: /home/user/Jina/install/dsr_moveit_config_h2515/share/ament_index/resource_index/package_run_dependencies/dsr_moveit_config_h2515
[0.908s] -- Installing: /home/user/Jina/install/dsr_moveit_config_h2515/share/ament_index/resource_index/parent_prefix_path/dsr_moveit_config_h2515
[0.909s] -- Installing: /home/user/Jina/install/dsr_moveit_config_h2515/share/dsr_moveit_config_h2515/environment/ament_prefix_path.sh
[0.909s] -- Installing: /home/user/Jina/install/dsr_moveit_config_h2515/share/dsr_moveit_config_h2515/environment/ament_prefix_path.dsv
[0.909s] -- Installing: /home/user/Jina/install/dsr_moveit_config_h2515/share/dsr_moveit_config_h2515/environment/path.sh
[0.909s] -- Installing: /home/user/Jina/install/dsr_moveit_config_h2515/share/dsr_moveit_config_h2515/environment/path.dsv
[0.909s] -- Installing: /home/user/Jina/install/dsr_moveit_config_h2515/share/dsr_moveit_config_h2515/local_setup.bash
[0.909s] -- Installing: /home/user/Jina/install/dsr_moveit_config_h2515/share/dsr_moveit_config_h2515/local_setup.sh
[0.910s] -- Installing: /home/user/Jina/install/dsr_moveit_config_h2515/share/dsr_moveit_config_h2515/local_setup.zsh
[0.910s] -- Installing: /home/user/Jina/install/dsr_moveit_config_h2515/share/dsr_moveit_config_h2515/local_setup.dsv
[0.911s] -- Installing: /home/user/Jina/install/dsr_moveit_config_h2515/share/dsr_moveit_config_h2515/package.dsv
[0.911s] -- Installing: /home/user/Jina/install/dsr_moveit_config_h2515/share/ament_index/resource_index/packages/dsr_moveit_config_h2515
[0.911s] -- Installing: /home/user/Jina/install/dsr_moveit_config_h2515/share/dsr_moveit_config_h2515/cmake/dsr_moveit_config_h2515Config.cmake
[0.911s] -- Installing: /home/user/Jina/install/dsr_moveit_config_h2515/share/dsr_moveit_config_h2515/cmake/dsr_moveit_config_h2515Config-version.cmake
[0.911s] -- Installing: /home/user/Jina/install/dsr_moveit_config_h2515/share/dsr_moveit_config_h2515/package.xml
[0.911s] -- Installing: /home/user/Jina/install/dsr_moveit_config_h2515/share/dsr_moveit_config_h2515/launch
[0.911s] -- Installing: /home/user/Jina/install/dsr_moveit_config_h2515/share/dsr_moveit_config_h2515/launch/start.launch.py
[0.911s] -- Installing: /home/user/Jina/install/dsr_moveit_config_h2515/share/dsr_moveit_config_h2515/launch/moveit.rviz
[0.911s] -- Installing: /home/user/Jina/install/dsr_moveit_config_h2515/share/dsr_moveit_config_h2515/launch/demo.launch.py
[0.911s] -- Installing: /home/user/Jina/install/dsr_moveit_config_h2515/share/dsr_moveit_config_h2515/config
[0.911s] -- Installing: /home/user/Jina/install/dsr_moveit_config_h2515/share/dsr_moveit_config_h2515/config/initial_positions.yaml
[0.911s] -- Installing: /home/user/Jina/install/dsr_moveit_config_h2515/share/dsr_moveit_config_h2515/config/moveit_controllers.yaml
[0.912s] -- Installing: /home/user/Jina/install/dsr_moveit_config_h2515/share/dsr_moveit_config_h2515/config/joint_limits.yaml
[0.912s] -- Installing: /home/user/Jina/install/dsr_moveit_config_h2515/share/dsr_moveit_config_h2515/config/sensors_3d.yaml
[0.912s] -- Installing: /home/user/Jina/install/dsr_moveit_config_h2515/share/dsr_moveit_config_h2515/config/dsr.ros2_control.xacro
[0.912s] -- Installing: /home/user/Jina/install/dsr_moveit_config_h2515/share/dsr_moveit_config_h2515/config/chomp_planning.yaml
[0.912s] -- Installing: /home/user/Jina/install/dsr_moveit_config_h2515/share/dsr_moveit_config_h2515/config/kinematics.yaml
[0.912s] -- Installing: /home/user/Jina/install/dsr_moveit_config_h2515/share/dsr_moveit_config_h2515/config/dsr.srdf
[0.912s] -- Installing: /home/user/Jina/install/dsr_moveit_config_h2515/share/dsr_moveit_config_h2515/config/pilz_cartesian_limits.yaml
[0.912s] -- Installing: /home/user/Jina/install/dsr_moveit_config_h2515/share/dsr_moveit_config_h2515/config/pilz_industrial_motion_planner_planning.yaml
[0.912s] -- Installing: /home/user/Jina/install/dsr_moveit_config_h2515/share/dsr_moveit_config_h2515/config/ompl_planning.yaml
[0.912s] -- Installing: /home/user/Jina/install/dsr_moveit_config_h2515/share/dsr_moveit_config_h2515/config/h2515.urdf.xacro
[0.913s] -- Installing: /home/user/Jina/install/dsr_moveit_config_h2515/share/dsr_moveit_config_h2515/config/ros2_controllers.yaml
[0.913s] -- Installing: /home/user/Jina/install/dsr_moveit_config_h2515/share/dsr_moveit_config_h2515/.setup_assistant
[0.982s] Invoked command in '/home/user/Jina/build/dsr_moveit_config_h2515' returned '0': CMAKE_PREFIX_PATH=/opt/ros/humble /usr/bin/cmake --install /home/user/Jina/build/dsr_moveit_config_h2515
