[0.071s] Invoking command in '/home/user/Jina/build/dsr_hardware2': CMAKE_PREFIX_PATH=/home/user/Jina/install/dsr_msgs2:/home/user/Jina/install/dsr_realtime_control:/home/user/Jina/install/dsr_mujoco:/home/user/Jina/install/dsr_controller2:/home/user/Jina/install/dsr_moveit_config_p3020:/home/user/Jina/install/dsr_moveit_config_m1509:/home/user/Jina/install/dsr_moveit_config_m1013:/home/user/Jina/install/dsr_moveit_config_m0617:/home/user/Jina/install/dsr_moveit_config_m0609:/home/user/Jina/install/dsr_moveit_config_h2515:/home/user/Jina/install/dsr_moveit_config_h2017:/home/user/Jina/install/dsr_moveit_config_e0509:/home/user/Jina/install/dsr_moveit_config_a0912:/home/user/Jina/install/dsr_moveit_config_a0509:/home/user/Jina/install/dsr_hardware2:/home/user/Jina/install/dsr_gazebo2:/home/user/Jina/install/dsr_description2:/home/user/Jina/install/dsr_common2:/home/user/Jina/install/tower_builder:/home/user/Jina/install/dsr_visualservoing:/home/user/Jina/install/dsr_tests:/home/user/Jina/install/dsr_bringup2:/home/user/Jina/install/dsr_example:/opt/ros/humble LD_LIBRARY_PATH=/home/user/Jina/install/dsr_msgs2/lib:/home/user/Jina/install/dsr_controller2/lib:/home/user/Jina/install/dsr_hardware2/lib:/usr/lib/x86_64-linux-gnu/gazebo-11/plugins:/opt/ros/humble/opt/rviz_ogre_vendor/lib:/opt/ros/humble/lib/x86_64-linux-gnu:/opt/ros/humble/lib /usr/bin/cmake --build /home/user/Jina/build/dsr_hardware2 -- -j12 -l12
[0.317s] [100%] Built target dsr_hardware2
[1.004s] Invoked command in '/home/user/Jina/build/dsr_hardware2' returned '0': CMAKE_PREFIX_PATH=/home/user/Jina/install/dsr_msgs2:/home/user/Jina/install/dsr_realtime_control:/home/user/Jina/install/dsr_mujoco:/home/user/Jina/install/dsr_controller2:/home/user/Jina/install/dsr_moveit_config_p3020:/home/user/Jina/install/dsr_moveit_config_m1509:/home/user/Jina/install/dsr_moveit_config_m1013:/home/user/Jina/install/dsr_moveit_config_m0617:/home/user/Jina/install/dsr_moveit_config_m0609:/home/user/Jina/install/dsr_moveit_config_h2515:/home/user/Jina/install/dsr_moveit_config_h2017:/home/user/Jina/install/dsr_moveit_config_e0509:/home/user/Jina/install/dsr_moveit_config_a0912:/home/user/Jina/install/dsr_moveit_config_a0509:/home/user/Jina/install/dsr_hardware2:/home/user/Jina/install/dsr_gazebo2:/home/user/Jina/install/dsr_description2:/home/user/Jina/install/dsr_common2:/home/user/Jina/install/tower_builder:/home/user/Jina/install/dsr_visualservoing:/home/user/Jina/install/dsr_tests:/home/user/Jina/install/dsr_bringup2:/home/user/Jina/install/dsr_example:/opt/ros/humble LD_LIBRARY_PATH=/home/user/Jina/install/dsr_msgs2/lib:/home/user/Jina/install/dsr_controller2/lib:/home/user/Jina/install/dsr_hardware2/lib:/usr/lib/x86_64-linux-gnu/gazebo-11/plugins:/opt/ros/humble/opt/rviz_ogre_vendor/lib:/opt/ros/humble/lib/x86_64-linux-gnu:/opt/ros/humble/lib /usr/bin/cmake --build /home/user/Jina/build/dsr_hardware2 -- -j12 -l12
[1.010s] Invoking command in '/home/user/Jina/build/dsr_hardware2': CMAKE_PREFIX_PATH=/home/user/Jina/install/dsr_msgs2:/home/user/Jina/install/dsr_realtime_control:/home/user/Jina/install/dsr_mujoco:/home/user/Jina/install/dsr_controller2:/home/user/Jina/install/dsr_moveit_config_p3020:/home/user/Jina/install/dsr_moveit_config_m1509:/home/user/Jina/install/dsr_moveit_config_m1013:/home/user/Jina/install/dsr_moveit_config_m0617:/home/user/Jina/install/dsr_moveit_config_m0609:/home/user/Jina/install/dsr_moveit_config_h2515:/home/user/Jina/install/dsr_moveit_config_h2017:/home/user/Jina/install/dsr_moveit_config_e0509:/home/user/Jina/install/dsr_moveit_config_a0912:/home/user/Jina/install/dsr_moveit_config_a0509:/home/user/Jina/install/dsr_hardware2:/home/user/Jina/install/dsr_gazebo2:/home/user/Jina/install/dsr_description2:/home/user/Jina/install/dsr_common2:/home/user/Jina/install/tower_builder:/home/user/Jina/install/dsr_visualservoing:/home/user/Jina/install/dsr_tests:/home/user/Jina/install/dsr_bringup2:/home/user/Jina/install/dsr_example:/opt/ros/humble LD_LIBRARY_PATH=/home/user/Jina/install/dsr_msgs2/lib:/home/user/Jina/install/dsr_controller2/lib:/home/user/Jina/install/dsr_hardware2/lib:/usr/lib/x86_64-linux-gnu/gazebo-11/plugins:/opt/ros/humble/opt/rviz_ogre_vendor/lib:/opt/ros/humble/lib/x86_64-linux-gnu:/opt/ros/humble/lib /usr/bin/cmake --install /home/user/Jina/build/dsr_hardware2
[1.074s] -- Install configuration: ""
[1.074s] -- Up-to-date: /home/user/Jina/install/dsr_hardware2/share/dsr_hardware2/dsr_hardware2.xml
[1.075s] -- Up-to-date: /home/user/Jina/install/dsr_hardware2/share/dsr_hardware2/dsr_hardware2.xml
[1.075s] -- Up-to-date: /home/user/Jina/install/dsr_hardware2/include/dsr_hardware2
[1.075s] -- Up-to-date: /home/user/Jina/install/dsr_hardware2/include/dsr_hardware2/dsr_hardware2
[1.075s] -- Up-to-date: /home/user/Jina/install/dsr_hardware2/include/dsr_hardware2/dsr_hardware2/util.hpp
[1.075s] -- Up-to-date: /home/user/Jina/install/dsr_hardware2/include/dsr_hardware2/dsr_hardware2/dsr_hw_interface2.h
[1.075s] -- Up-to-date: /home/user/Jina/install/dsr_hardware2/lib/libdsr_hardware2.so
[1.075s] -- Up-to-date: /home/user/Jina/install/dsr_hardware2/share/dsr_hardware2/environment/library_path.sh
[1.075s] -- Up-to-date: /home/user/Jina/install/dsr_hardware2/share/dsr_hardware2/environment/library_path.dsv
[1.075s] -- Up-to-date: /home/user/Jina/install/dsr_hardware2/share/ament_index/resource_index/package_run_dependencies/dsr_hardware2
[1.075s] -- Up-to-date: /home/user/Jina/install/dsr_hardware2/share/ament_index/resource_index/parent_prefix_path/dsr_hardware2
[1.075s] -- Up-to-date: /home/user/Jina/install/dsr_hardware2/share/dsr_hardware2/environment/ament_prefix_path.sh
[1.075s] -- Up-to-date: /home/user/Jina/install/dsr_hardware2/share/dsr_hardware2/environment/ament_prefix_path.dsv
[1.075s] -- Up-to-date: /home/user/Jina/install/dsr_hardware2/share/dsr_hardware2/environment/path.sh
[1.075s] -- Up-to-date: /home/user/Jina/install/dsr_hardware2/share/dsr_hardware2/environment/path.dsv
[1.075s] -- Up-to-date: /home/user/Jina/install/dsr_hardware2/share/dsr_hardware2/local_setup.bash
[1.075s] -- Up-to-date: /home/user/Jina/install/dsr_hardware2/share/dsr_hardware2/local_setup.sh
[1.075s] -- Up-to-date: /home/user/Jina/install/dsr_hardware2/share/dsr_hardware2/local_setup.zsh
[1.075s] -- Up-to-date: /home/user/Jina/install/dsr_hardware2/share/dsr_hardware2/local_setup.dsv
[1.075s] -- Installing: /home/user/Jina/install/dsr_hardware2/share/dsr_hardware2/package.dsv
[1.075s] -- Up-to-date: /home/user/Jina/install/dsr_hardware2/share/ament_index/resource_index/packages/dsr_hardware2
[1.075s] -- Up-to-date: /home/user/Jina/install/dsr_hardware2/share/ament_index/resource_index/hardware_interface__pluginlib__plugin/dsr_hardware2
[1.076s] -- Up-to-date: /home/user/Jina/install/dsr_hardware2/share/ament_index/resource_index/controller_interface__pluginlib__plugin/dsr_hardware2
[1.076s] -- Up-to-date: /home/user/Jina/install/dsr_hardware2/share/dsr_hardware2/cmake/export_dsr_hardware2Export.cmake
[1.076s] -- Up-to-date: /home/user/Jina/install/dsr_hardware2/share/dsr_hardware2/cmake/export_dsr_hardware2Export-noconfig.cmake
[1.076s] -- Up-to-date: /home/user/Jina/install/dsr_hardware2/share/dsr_hardware2/cmake/ament_cmake_export_targets-extras.cmake
[1.076s] -- Up-to-date: /home/user/Jina/install/dsr_hardware2/share/dsr_hardware2/cmake/ament_cmake_export_dependencies-extras.cmake
[1.076s] -- Up-to-date: /home/user/Jina/install/dsr_hardware2/share/dsr_hardware2/cmake/dsr_hardware2Config.cmake
[1.076s] -- Up-to-date: /home/user/Jina/install/dsr_hardware2/share/dsr_hardware2/cmake/dsr_hardware2Config-version.cmake
[1.076s] -- Up-to-date: /home/user/Jina/install/dsr_hardware2/share/dsr_hardware2/package.xml
[1.120s] Invoked command in '/home/user/Jina/build/dsr_hardware2' returned '0': CMAKE_PREFIX_PATH=/home/user/Jina/install/dsr_msgs2:/home/user/Jina/install/dsr_realtime_control:/home/user/Jina/install/dsr_mujoco:/home/user/Jina/install/dsr_controller2:/home/user/Jina/install/dsr_moveit_config_p3020:/home/user/Jina/install/dsr_moveit_config_m1509:/home/user/Jina/install/dsr_moveit_config_m1013:/home/user/Jina/install/dsr_moveit_config_m0617:/home/user/Jina/install/dsr_moveit_config_m0609:/home/user/Jina/install/dsr_moveit_config_h2515:/home/user/Jina/install/dsr_moveit_config_h2017:/home/user/Jina/install/dsr_moveit_config_e0509:/home/user/Jina/install/dsr_moveit_config_a0912:/home/user/Jina/install/dsr_moveit_config_a0509:/home/user/Jina/install/dsr_hardware2:/home/user/Jina/install/dsr_gazebo2:/home/user/Jina/install/dsr_description2:/home/user/Jina/install/dsr_common2:/home/user/Jina/install/tower_builder:/home/user/Jina/install/dsr_visualservoing:/home/user/Jina/install/dsr_tests:/home/user/Jina/install/dsr_bringup2:/home/user/Jina/install/dsr_example:/opt/ros/humble LD_LIBRARY_PATH=/home/user/Jina/install/dsr_msgs2/lib:/home/user/Jina/install/dsr_controller2/lib:/home/user/Jina/install/dsr_hardware2/lib:/usr/lib/x86_64-linux-gnu/gazebo-11/plugins:/opt/ros/humble/opt/rviz_ogre_vendor/lib:/opt/ros/humble/lib/x86_64-linux-gnu:/opt/ros/humble/lib /usr/bin/cmake --install /home/user/Jina/build/dsr_hardware2
