[0.856s] Invoking command in '/home/user/Jina/src/doosan-robot2/dsr_example2/dsr_example': AMENT_PREFIX_PATH=/home/user/Jina/install/dsr_common2:${AMENT_PREFIX_PATH} CMAKE_PREFIX_PATH=/home/user/Jina/install/dsr_common2 PYTHONPATH=/home/user/Jina/build/dsr_example/prefix_override:/usr/lib/python3/dist-packages/colcon_core/task/python/colcon_distutils_commands:/home/user/Jina/install/dsr_example/lib/python3.10/site-packages:/home/user/Jina/install/dsr_common2/lib/python3.10/site-packages:${PYTHONPATH} /usr/bin/python3 -W ignore:setup.py install is deprecated -W ignore:easy_install command is deprecated setup.py egg_info --egg-base ../../../../build/dsr_example build --build-base /home/user/Jina/build/dsr_example/build install --record /home/user/Jina/build/dsr_example/install.log --single-version-externally-managed install_data
[1.072s] running egg_info
[1.072s] writing ../../../../build/dsr_example/dsr_example.egg-info/PKG-INFO
[1.073s] writing dependency_links to ../../../../build/dsr_example/dsr_example.egg-info/dependency_links.txt
[1.073s] writing entry points to ../../../../build/dsr_example/dsr_example.egg-info/entry_points.txt
[1.073s] writing requirements to ../../../../build/dsr_example/dsr_example.egg-info/requires.txt
[1.073s] writing top-level names to ../../../../build/dsr_example/dsr_example.egg-info/top_level.txt
[1.074s] reading manifest file '../../../../build/dsr_example/dsr_example.egg-info/SOURCES.txt'
[1.074s] writing manifest file '../../../../build/dsr_example/dsr_example.egg-info/SOURCES.txt'
[1.074s] running build
[1.074s] running build_py
[1.075s] running install
[1.075s] running install_lib
[1.076s] byte-compiling /home/user/Jina/install/dsr_example/lib/python3.10/site-packages/dsr_example/__init__.py to __init__.cpython-310.pyc
[1.076s] byte-compiling /home/user/Jina/install/dsr_example/lib/python3.10/site-packages/dsr_example/simple/test.py to test.cpython-310.pyc
[1.076s] byte-compiling /home/user/Jina/install/dsr_example/lib/python3.10/site-packages/dsr_example/simple/single_robot_simple.py to single_robot_simple.cpython-310.pyc
[1.077s] byte-compiling /home/user/Jina/install/dsr_example/lib/python3.10/site-packages/dsr_example/simple/__init__.py to __init__.cpython-310.pyc
[1.077s] byte-compiling /home/user/Jina/install/dsr_example/lib/python3.10/site-packages/dsr_example/simple/test2.py to test2.cpython-310.pyc
[1.077s] byte-compiling /home/user/Jina/install/dsr_example/lib/python3.10/site-packages/dsr_example/demo/dance_m1013.py to dance_m1013.cpython-310.pyc
[1.078s] byte-compiling /home/user/Jina/install/dsr_example/lib/python3.10/site-packages/dsr_example/demo/__init__.py to __init__.cpython-310.pyc
[1.078s] byte-compiling /home/user/Jina/install/dsr_example/lib/python3.10/site-packages/dsr_example/demo/slope_demo.py to slope_demo.cpython-310.pyc
[1.078s] running install_data
[1.078s] running install_egg_info
[1.079s] removing '/home/user/Jina/install/dsr_example/lib/python3.10/site-packages/dsr_example-0.0.0-py3.10.egg-info' (and everything under it)
[1.079s] Copying ../../../../build/dsr_example/dsr_example.egg-info to /home/user/Jina/install/dsr_example/lib/python3.10/site-packages/dsr_example-0.0.0-py3.10.egg-info
[1.080s] running install_scripts
[1.092s] Installing dance script to /home/user/Jina/install/dsr_example/lib/dsr_example
[1.092s] Installing single_robot_simple script to /home/user/Jina/install/dsr_example/lib/dsr_example
[1.092s] Installing slope_demo script to /home/user/Jina/install/dsr_example/lib/dsr_example
[1.092s] Installing test script to /home/user/Jina/install/dsr_example/lib/dsr_example
[1.092s] Installing test2 script to /home/user/Jina/install/dsr_example/lib/dsr_example
[1.092s] writing list of installed files to '/home/user/Jina/build/dsr_example/install.log'
[1.111s] Invoked command in '/home/user/Jina/src/doosan-robot2/dsr_example2/dsr_example' returned '0': AMENT_PREFIX_PATH=/home/user/Jina/install/dsr_common2:${AMENT_PREFIX_PATH} CMAKE_PREFIX_PATH=/home/user/Jina/install/dsr_common2 PYTHONPATH=/home/user/Jina/build/dsr_example/prefix_override:/usr/lib/python3/dist-packages/colcon_core/task/python/colcon_distutils_commands:/home/user/Jina/install/dsr_example/lib/python3.10/site-packages:/home/user/Jina/install/dsr_common2/lib/python3.10/site-packages:${PYTHONPATH} /usr/bin/python3 -W ignore:setup.py install is deprecated -W ignore:easy_install command is deprecated setup.py egg_info --egg-base ../../../../build/dsr_example build --build-base /home/user/Jina/build/dsr_example/build install --record /home/user/Jina/build/dsr_example/install.log --single-version-externally-managed install_data
