-- Found ament_cmake: 1.3.12 (/opt/ros/humble/share/ament_cmake/cmake)
-- Found pluginlib: 5.1.2 (/opt/ros/humble/share/pluginlib/cmake)
-- Found hardware_interface: 2.52.2 (/opt/ros/humble/share/hardware_interface/cmake)
-- Found rosidl_generator_c: 3.1.7 (/opt/ros/humble/share/rosidl_generator_c/cmake)
-- Found rosidl_adapter: 3.1.7 (/opt/ros/humble/share/rosidl_adapter/cmake)
-- Found rosidl_generator_cpp: 3.1.7 (/opt/ros/humble/share/rosidl_generator_cpp/cmake)
-- Using all available rosidl_typesupport_c: rosidl_typesupport_fastrtps_c;rosidl_typesupport_introspection_c
-- Using all available rosidl_typesupport_cpp: rosidl_typesupport_fastrtps_cpp;rosidl_typesupport_introspection_cpp
-- Found rmw_implementation_cmake: 6.1.2 (/opt/ros/humble/share/rmw_implementation_cmake/cmake)
-- Found rmw_fastrtps_cpp: 6.2.9 (/opt/ros/humble/share/rmw_fastrtps_cpp/cmake)
-- Found TinyXML2 via Config file: TinyXML2_DIR-NOTFOUND
-- Found TinyXML2 via Config file: TinyXML2_DIR-NOTFOUND
-- Found TinyXML2 via Config file: TinyXML2_DIR-NOTFOUND
-- Found TinyXML2 via Config file: TinyXML2_DIR-NOTFOUND
-- Using RMW implementation 'rmw_fastrtps_cpp' as default
-- Found dsr_msgs2: 1.1.0 (/home/user/Jina/install/dsr_msgs2/share/dsr_msgs2/cmake)
-- Found moveit_msgs: 2.2.1 (/opt/ros/humble/share/moveit_msgs/cmake)
-- Found controller_manager: 2.52.2 (/opt/ros/humble/share/controller_manager/cmake)
-- Found kdl_parser: 2.6.4 (/opt/ros/humble/share/kdl_parser/cmake)
-- Found eigen3_cmake_module: 0.1.1 (/opt/ros/humble/share/eigen3_cmake_module/cmake)
-- Ensuring Eigen3 include directory is part of orocos-kdl CMake target
-- Found ament_cmake_pytest: 1.3.12 (/opt/ros/humble/share/ament_cmake_pytest/cmake)
-- Configuring done
-- Generating done
-- Build files have been written to: /home/user/Jina/build/dsr_hardware2
[35m[1mConsolidate compiler generated dependencies of target dsr_hardware2[0m
[ 50%] [32m[1mLinking CXX shared library libdsr_hardware2.so[0m
[100%] Built target dsr_hardware2
-- Install configuration: ""
-- Installing: /home/user/Jina/install/dsr_hardware2/share/dsr_hardware2/dsr_hardware2.xml
-- Up-to-date: /home/user/Jina/install/dsr_hardware2/share/dsr_hardware2/dsr_hardware2.xml
-- Up-to-date: /home/user/Jina/install/dsr_hardware2/include/dsr_hardware2
-- Up-to-date: /home/user/Jina/install/dsr_hardware2/include/dsr_hardware2/dsr_hardware2
-- Installing: /home/user/Jina/install/dsr_hardware2/include/dsr_hardware2/dsr_hardware2/util.hpp
-- Installing: /home/user/Jina/install/dsr_hardware2/include/dsr_hardware2/dsr_hardware2/dsr_hw_interface2.h
-- Installing: /home/user/Jina/install/dsr_hardware2/lib/libdsr_hardware2.so
-- Set runtime path of "/home/user/Jina/install/dsr_hardware2/lib/libdsr_hardware2.so" to ""
-- Installing: /home/user/Jina/install/dsr_hardware2/share/dsr_hardware2/environment/library_path.sh
-- Installing: /home/user/Jina/install/dsr_hardware2/share/dsr_hardware2/environment/library_path.dsv
-- Installing: /home/user/Jina/install/dsr_hardware2/share/ament_index/resource_index/package_run_dependencies/dsr_hardware2
-- Installing: /home/user/Jina/install/dsr_hardware2/share/ament_index/resource_index/parent_prefix_path/dsr_hardware2
-- Installing: /home/user/Jina/install/dsr_hardware2/share/dsr_hardware2/environment/ament_prefix_path.sh
-- Installing: /home/user/Jina/install/dsr_hardware2/share/dsr_hardware2/environment/ament_prefix_path.dsv
-- Installing: /home/user/Jina/install/dsr_hardware2/share/dsr_hardware2/environment/path.sh
-- Installing: /home/user/Jina/install/dsr_hardware2/share/dsr_hardware2/environment/path.dsv
-- Installing: /home/user/Jina/install/dsr_hardware2/share/dsr_hardware2/local_setup.bash
-- Installing: /home/user/Jina/install/dsr_hardware2/share/dsr_hardware2/local_setup.sh
-- Installing: /home/user/Jina/install/dsr_hardware2/share/dsr_hardware2/local_setup.zsh
-- Installing: /home/user/Jina/install/dsr_hardware2/share/dsr_hardware2/local_setup.dsv
-- Installing: /home/user/Jina/install/dsr_hardware2/share/dsr_hardware2/package.dsv
-- Installing: /home/user/Jina/install/dsr_hardware2/share/ament_index/resource_index/packages/dsr_hardware2
-- Installing: /home/user/Jina/install/dsr_hardware2/share/ament_index/resource_index/hardware_interface__pluginlib__plugin/dsr_hardware2
-- Installing: /home/user/Jina/install/dsr_hardware2/share/ament_index/resource_index/controller_interface__pluginlib__plugin/dsr_hardware2
-- Installing: /home/user/Jina/install/dsr_hardware2/share/dsr_hardware2/cmake/export_dsr_hardware2Export.cmake
-- Installing: /home/user/Jina/install/dsr_hardware2/share/dsr_hardware2/cmake/export_dsr_hardware2Export-noconfig.cmake
-- Installing: /home/user/Jina/install/dsr_hardware2/share/dsr_hardware2/cmake/ament_cmake_export_targets-extras.cmake
-- Installing: /home/user/Jina/install/dsr_hardware2/share/dsr_hardware2/cmake/ament_cmake_export_dependencies-extras.cmake
-- Installing: /home/user/Jina/install/dsr_hardware2/share/dsr_hardware2/cmake/dsr_hardware2Config.cmake
-- Installing: /home/user/Jina/install/dsr_hardware2/share/dsr_hardware2/cmake/dsr_hardware2Config-version.cmake
-- Installing: /home/user/Jina/install/dsr_hardware2/share/dsr_hardware2/package.xml
