[0.042s] Invoking command in '/home/user/Jina/build/dsr_hardware2': CMAKE_PREFIX_PATH=/home/user/Jina/install/dsr_msgs2:/home/user/Jina/install/dsr_realtime_control:/home/user/Jina/install/dsr_mujoco:/home/user/Jina/install/dsr_controller2:/home/user/Jina/install/dsr_moveit_config_p3020:/home/user/Jina/install/dsr_moveit_config_m1509:/home/user/Jina/install/dsr_moveit_config_m1013:/home/user/Jina/install/dsr_moveit_config_m0617:/home/user/Jina/install/dsr_moveit_config_m0609:/home/user/Jina/install/dsr_moveit_config_h2515:/home/user/Jina/install/dsr_moveit_config_h2017:/home/user/Jina/install/dsr_moveit_config_e0509:/home/user/Jina/install/dsr_moveit_config_a0912:/home/user/Jina/install/dsr_moveit_config_a0509:/home/user/Jina/install/dsr_hardware2:/home/user/Jina/install/dsr_gazebo2:/home/user/Jina/install/dsr_description2:/home/user/Jina/install/dsr_common2:/home/user/Jina/install/tower_builder:/home/user/Jina/install/dsr_visualservoing:/home/user/Jina/install/dsr_tests:/home/user/Jina/install/dsr_bringup2:/home/user/Jina/install/dsr_example:/opt/ros/humble LD_LIBRARY_PATH=/home/user/Jina/install/dsr_msgs2/lib:/home/user/Jina/install/dsr_controller2/lib:/home/user/Jina/install/dsr_hardware2/lib:/usr/lib/x86_64-linux-gnu/gazebo-11/plugins:/opt/ros/humble/opt/rviz_ogre_vendor/lib:/opt/ros/humble/lib/x86_64-linux-gnu:/opt/ros/humble/lib /usr/bin/cmake --build /home/user/Jina/build/dsr_hardware2 -- -j12 -l12
[0.611s] -- Found ament_cmake: 1.3.12 (/opt/ros/humble/share/ament_cmake/cmake)
[0.611s] -- Found pluginlib: 5.1.2 (/opt/ros/humble/share/pluginlib/cmake)
[0.611s] -- Found hardware_interface: 2.52.2 (/opt/ros/humble/share/hardware_interface/cmake)
[0.611s] -- Found rosidl_generator_c: 3.1.7 (/opt/ros/humble/share/rosidl_generator_c/cmake)
[0.612s] -- Found rosidl_adapter: 3.1.7 (/opt/ros/humble/share/rosidl_adapter/cmake)
[0.612s] -- Found rosidl_generator_cpp: 3.1.7 (/opt/ros/humble/share/rosidl_generator_cpp/cmake)
[0.612s] -- Using all available rosidl_typesupport_c: rosidl_typesupport_fastrtps_c;rosidl_typesupport_introspection_c
[0.612s] -- Using all available rosidl_typesupport_cpp: rosidl_typesupport_fastrtps_cpp;rosidl_typesupport_introspection_cpp
[0.809s] -- Found rmw_implementation_cmake: 6.1.2 (/opt/ros/humble/share/rmw_implementation_cmake/cmake)
[0.813s] -- Found rmw_fastrtps_cpp: 6.2.9 (/opt/ros/humble/share/rmw_fastrtps_cpp/cmake)
[0.851s] -- Found TinyXML2 via Config file: TinyXML2_DIR-NOTFOUND
[0.869s] -- Found TinyXML2 via Config file: TinyXML2_DIR-NOTFOUND
[0.905s] -- Found TinyXML2 via Config file: TinyXML2_DIR-NOTFOUND
[0.921s] -- Found TinyXML2 via Config file: TinyXML2_DIR-NOTFOUND
[0.945s] -- Using RMW implementation 'rmw_fastrtps_cpp' as default
[1.041s] -- Found dsr_msgs2: 1.1.0 (/home/user/Jina/install/dsr_msgs2/share/dsr_msgs2/cmake)
[1.067s] -- Found moveit_msgs: 2.2.1 (/opt/ros/humble/share/moveit_msgs/cmake)
[1.200s] -- Found controller_manager: 2.52.2 (/opt/ros/humble/share/controller_manager/cmake)
[1.267s] -- Found kdl_parser: 2.6.4 (/opt/ros/humble/share/kdl_parser/cmake)
[1.271s] -- Found eigen3_cmake_module: 0.1.1 (/opt/ros/humble/share/eigen3_cmake_module/cmake)
[1.274s] -- Ensuring Eigen3 include directory is part of orocos-kdl CMake target
[1.282s] [0mDRCF_VERSION:2[0m
[1.297s] -- Found ament_cmake_pytest: 1.3.12 (/opt/ros/humble/share/ament_cmake_pytest/cmake)
[1.432s] -- Configuring done
[1.466s] -- Generating done
[1.478s] -- Build files have been written to: /home/user/Jina/build/dsr_hardware2
[1.558s] [35m[1mConsolidate compiler generated dependencies of target dsr_hardware2[0m
[1.608s] [ 50%] [32m[1mLinking CXX shared library libdsr_hardware2.so[0m
[2.350s] [100%] Built target dsr_hardware2
[2.375s] Invoked command in '/home/user/Jina/build/dsr_hardware2' returned '0': CMAKE_PREFIX_PATH=/home/user/Jina/install/dsr_msgs2:/home/user/Jina/install/dsr_realtime_control:/home/user/Jina/install/dsr_mujoco:/home/user/Jina/install/dsr_controller2:/home/user/Jina/install/dsr_moveit_config_p3020:/home/user/Jina/install/dsr_moveit_config_m1509:/home/user/Jina/install/dsr_moveit_config_m1013:/home/user/Jina/install/dsr_moveit_config_m0617:/home/user/Jina/install/dsr_moveit_config_m0609:/home/user/Jina/install/dsr_moveit_config_h2515:/home/user/Jina/install/dsr_moveit_config_h2017:/home/user/Jina/install/dsr_moveit_config_e0509:/home/user/Jina/install/dsr_moveit_config_a0912:/home/user/Jina/install/dsr_moveit_config_a0509:/home/user/Jina/install/dsr_hardware2:/home/user/Jina/install/dsr_gazebo2:/home/user/Jina/install/dsr_description2:/home/user/Jina/install/dsr_common2:/home/user/Jina/install/tower_builder:/home/user/Jina/install/dsr_visualservoing:/home/user/Jina/install/dsr_tests:/home/user/Jina/install/dsr_bringup2:/home/user/Jina/install/dsr_example:/opt/ros/humble LD_LIBRARY_PATH=/home/user/Jina/install/dsr_msgs2/lib:/home/user/Jina/install/dsr_controller2/lib:/home/user/Jina/install/dsr_hardware2/lib:/usr/lib/x86_64-linux-gnu/gazebo-11/plugins:/opt/ros/humble/opt/rviz_ogre_vendor/lib:/opt/ros/humble/lib/x86_64-linux-gnu:/opt/ros/humble/lib /usr/bin/cmake --build /home/user/Jina/build/dsr_hardware2 -- -j12 -l12
[2.380s] Invoking command in '/home/user/Jina/build/dsr_hardware2': CMAKE_PREFIX_PATH=/home/user/Jina/install/dsr_msgs2:/home/user/Jina/install/dsr_realtime_control:/home/user/Jina/install/dsr_mujoco:/home/user/Jina/install/dsr_controller2:/home/user/Jina/install/dsr_moveit_config_p3020:/home/user/Jina/install/dsr_moveit_config_m1509:/home/user/Jina/install/dsr_moveit_config_m1013:/home/user/Jina/install/dsr_moveit_config_m0617:/home/user/Jina/install/dsr_moveit_config_m0609:/home/user/Jina/install/dsr_moveit_config_h2515:/home/user/Jina/install/dsr_moveit_config_h2017:/home/user/Jina/install/dsr_moveit_config_e0509:/home/user/Jina/install/dsr_moveit_config_a0912:/home/user/Jina/install/dsr_moveit_config_a0509:/home/user/Jina/install/dsr_hardware2:/home/user/Jina/install/dsr_gazebo2:/home/user/Jina/install/dsr_description2:/home/user/Jina/install/dsr_common2:/home/user/Jina/install/tower_builder:/home/user/Jina/install/dsr_visualservoing:/home/user/Jina/install/dsr_tests:/home/user/Jina/install/dsr_bringup2:/home/user/Jina/install/dsr_example:/opt/ros/humble LD_LIBRARY_PATH=/home/user/Jina/install/dsr_msgs2/lib:/home/user/Jina/install/dsr_controller2/lib:/home/user/Jina/install/dsr_hardware2/lib:/usr/lib/x86_64-linux-gnu/gazebo-11/plugins:/opt/ros/humble/opt/rviz_ogre_vendor/lib:/opt/ros/humble/lib/x86_64-linux-gnu:/opt/ros/humble/lib /usr/bin/cmake --install /home/user/Jina/build/dsr_hardware2
[2.394s] -- Install configuration: ""
[2.394s] -- Installing: /home/user/Jina/install/dsr_hardware2/share/dsr_hardware2/dsr_hardware2.xml
[2.395s] -- Up-to-date: /home/user/Jina/install/dsr_hardware2/share/dsr_hardware2/dsr_hardware2.xml
[2.395s] -- Up-to-date: /home/user/Jina/install/dsr_hardware2/include/dsr_hardware2
[2.395s] -- Up-to-date: /home/user/Jina/install/dsr_hardware2/include/dsr_hardware2/dsr_hardware2
[2.395s] -- Installing: /home/user/Jina/install/dsr_hardware2/include/dsr_hardware2/dsr_hardware2/util.hpp
[2.395s] -- Installing: /home/user/Jina/install/dsr_hardware2/include/dsr_hardware2/dsr_hardware2/dsr_hw_interface2.h
[2.395s] -- Installing: /home/user/Jina/install/dsr_hardware2/lib/libdsr_hardware2.so
[2.397s] -- Set runtime path of "/home/user/Jina/install/dsr_hardware2/lib/libdsr_hardware2.so" to ""
[2.398s] -- Installing: /home/user/Jina/install/dsr_hardware2/share/dsr_hardware2/environment/library_path.sh
[2.398s] -- Installing: /home/user/Jina/install/dsr_hardware2/share/dsr_hardware2/environment/library_path.dsv
[2.398s] -- Installing: /home/user/Jina/install/dsr_hardware2/share/ament_index/resource_index/package_run_dependencies/dsr_hardware2
[2.398s] -- Installing: /home/user/Jina/install/dsr_hardware2/share/ament_index/resource_index/parent_prefix_path/dsr_hardware2
[2.398s] -- Installing: /home/user/Jina/install/dsr_hardware2/share/dsr_hardware2/environment/ament_prefix_path.sh
[2.398s] -- Installing: /home/user/Jina/install/dsr_hardware2/share/dsr_hardware2/environment/ament_prefix_path.dsv
[2.398s] -- Installing: /home/user/Jina/install/dsr_hardware2/share/dsr_hardware2/environment/path.sh
[2.398s] -- Installing: /home/user/Jina/install/dsr_hardware2/share/dsr_hardware2/environment/path.dsv
[2.398s] -- Installing: /home/user/Jina/install/dsr_hardware2/share/dsr_hardware2/local_setup.bash
[2.398s] -- Installing: /home/user/Jina/install/dsr_hardware2/share/dsr_hardware2/local_setup.sh
[2.398s] -- Installing: /home/user/Jina/install/dsr_hardware2/share/dsr_hardware2/local_setup.zsh
[2.398s] -- Installing: /home/user/Jina/install/dsr_hardware2/share/dsr_hardware2/local_setup.dsv
[2.399s] -- Installing: /home/user/Jina/install/dsr_hardware2/share/dsr_hardware2/package.dsv
[2.399s] -- Installing: /home/user/Jina/install/dsr_hardware2/share/ament_index/resource_index/packages/dsr_hardware2
[2.399s] -- Installing: /home/user/Jina/install/dsr_hardware2/share/ament_index/resource_index/hardware_interface__pluginlib__plugin/dsr_hardware2
[2.399s] -- Installing: /home/user/Jina/install/dsr_hardware2/share/ament_index/resource_index/controller_interface__pluginlib__plugin/dsr_hardware2
[2.399s] -- Installing: /home/user/Jina/install/dsr_hardware2/share/dsr_hardware2/cmake/export_dsr_hardware2Export.cmake
[2.399s] -- Installing: /home/user/Jina/install/dsr_hardware2/share/dsr_hardware2/cmake/export_dsr_hardware2Export-noconfig.cmake
[2.399s] -- Installing: /home/user/Jina/install/dsr_hardware2/share/dsr_hardware2/cmake/ament_cmake_export_targets-extras.cmake
[2.399s] -- Installing: /home/user/Jina/install/dsr_hardware2/share/dsr_hardware2/cmake/ament_cmake_export_dependencies-extras.cmake
[2.399s] -- Installing: /home/user/Jina/install/dsr_hardware2/share/dsr_hardware2/cmake/dsr_hardware2Config.cmake
[2.400s] -- Installing: /home/user/Jina/install/dsr_hardware2/share/dsr_hardware2/cmake/dsr_hardware2Config-version.cmake
[2.400s] -- Installing: /home/user/Jina/install/dsr_hardware2/share/dsr_hardware2/package.xml
[2.405s] Invoked command in '/home/user/Jina/build/dsr_hardware2' returned '0': CMAKE_PREFIX_PATH=/home/user/Jina/install/dsr_msgs2:/home/user/Jina/install/dsr_realtime_control:/home/user/Jina/install/dsr_mujoco:/home/user/Jina/install/dsr_controller2:/home/user/Jina/install/dsr_moveit_config_p3020:/home/user/Jina/install/dsr_moveit_config_m1509:/home/user/Jina/install/dsr_moveit_config_m1013:/home/user/Jina/install/dsr_moveit_config_m0617:/home/user/Jina/install/dsr_moveit_config_m0609:/home/user/Jina/install/dsr_moveit_config_h2515:/home/user/Jina/install/dsr_moveit_config_h2017:/home/user/Jina/install/dsr_moveit_config_e0509:/home/user/Jina/install/dsr_moveit_config_a0912:/home/user/Jina/install/dsr_moveit_config_a0509:/home/user/Jina/install/dsr_hardware2:/home/user/Jina/install/dsr_gazebo2:/home/user/Jina/install/dsr_description2:/home/user/Jina/install/dsr_common2:/home/user/Jina/install/tower_builder:/home/user/Jina/install/dsr_visualservoing:/home/user/Jina/install/dsr_tests:/home/user/Jina/install/dsr_bringup2:/home/user/Jina/install/dsr_example:/opt/ros/humble LD_LIBRARY_PATH=/home/user/Jina/install/dsr_msgs2/lib:/home/user/Jina/install/dsr_controller2/lib:/home/user/Jina/install/dsr_hardware2/lib:/usr/lib/x86_64-linux-gnu/gazebo-11/plugins:/opt/ros/humble/opt/rviz_ogre_vendor/lib:/opt/ros/humble/lib/x86_64-linux-gnu:/opt/ros/humble/lib /usr/bin/cmake --install /home/user/Jina/build/dsr_hardware2
