[0.085s] Invoking command in '/home/user/Jina/build/dsr_moveit_config_m1509': CMAKE_PREFIX_PATH=${CMAKE_PREFIX_PATH}:/home/user/Jina/install/tower_builder:/home/user/Jina/install/dsr_visualservoing:/home/user/Jina/install/dsr_tests:/home/user/Jina/install/dsr_bringup2:/home/user/Jina/install/dsr_example:/opt/ros/humble /usr/bin/cmake --build /home/user/Jina/build/dsr_moveit_config_m1509 -- -j12 -l12
[0.636s] Invoked command in '/home/user/Jina/build/dsr_moveit_config_m1509' returned '0': CMAKE_PREFIX_PATH=${CMAKE_PREFIX_PATH}:/home/user/Jina/install/tower_builder:/home/user/Jina/install/dsr_visualservoing:/home/user/Jina/install/dsr_tests:/home/user/Jina/install/dsr_bringup2:/home/user/Jina/install/dsr_example:/opt/ros/humble /usr/bin/cmake --build /home/user/Jina/build/dsr_moveit_config_m1509 -- -j12 -l12
[0.637s] Invoking command in '/home/user/Jina/build/dsr_moveit_config_m1509': CMAKE_PREFIX_PATH=${CMAKE_PREFIX_PATH}:/home/user/Jina/install/tower_builder:/home/user/Jina/install/dsr_visualservoing:/home/user/Jina/install/dsr_tests:/home/user/Jina/install/dsr_bringup2:/home/user/Jina/install/dsr_example:/opt/ros/humble /usr/bin/cmake --install /home/user/Jina/build/dsr_moveit_config_m1509
[0.695s] -- Install configuration: ""
[0.695s] -- Installing: /home/user/Jina/install/dsr_moveit_config_m1509/share/ament_index/resource_index/package_run_dependencies/dsr_moveit_config_m1509
[0.695s] -- Installing: /home/user/Jina/install/dsr_moveit_config_m1509/share/ament_index/resource_index/parent_prefix_path/dsr_moveit_config_m1509
[0.695s] -- Installing: /home/user/Jina/install/dsr_moveit_config_m1509/share/dsr_moveit_config_m1509/environment/ament_prefix_path.sh
[0.695s] -- Installing: /home/user/Jina/install/dsr_moveit_config_m1509/share/dsr_moveit_config_m1509/environment/ament_prefix_path.dsv
[0.695s] -- Installing: /home/user/Jina/install/dsr_moveit_config_m1509/share/dsr_moveit_config_m1509/environment/path.sh
[0.695s] -- Installing: /home/user/Jina/install/dsr_moveit_config_m1509/share/dsr_moveit_config_m1509/environment/path.dsv
[0.696s] -- Installing: /home/user/Jina/install/dsr_moveit_config_m1509/share/dsr_moveit_config_m1509/local_setup.bash
[0.696s] -- Installing: /home/user/Jina/install/dsr_moveit_config_m1509/share/dsr_moveit_config_m1509/local_setup.sh
[0.696s] -- Installing: /home/user/Jina/install/dsr_moveit_config_m1509/share/dsr_moveit_config_m1509/local_setup.zsh
[0.696s] -- Installing: /home/user/Jina/install/dsr_moveit_config_m1509/share/dsr_moveit_config_m1509/local_setup.dsv
[0.696s] -- Installing: /home/user/Jina/install/dsr_moveit_config_m1509/share/dsr_moveit_config_m1509/package.dsv
[0.696s] -- Installing: /home/user/Jina/install/dsr_moveit_config_m1509/share/ament_index/resource_index/packages/dsr_moveit_config_m1509
[0.696s] -- Installing: /home/user/Jina/install/dsr_moveit_config_m1509/share/dsr_moveit_config_m1509/cmake/dsr_moveit_config_m1509Config.cmake
[0.697s] -- Installing: /home/user/Jina/install/dsr_moveit_config_m1509/share/dsr_moveit_config_m1509/cmake/dsr_moveit_config_m1509Config-version.cmake
[0.697s] -- Installing: /home/user/Jina/install/dsr_moveit_config_m1509/share/dsr_moveit_config_m1509/package.xml
[0.697s] -- Up-to-date: /home/user/Jina/install/dsr_moveit_config_m1509/share/dsr_moveit_config_m1509/launch
[0.697s] -- Installing: /home/user/Jina/install/dsr_moveit_config_m1509/share/dsr_moveit_config_m1509/launch/start.launch.py
[0.697s] -- Installing: /home/user/Jina/install/dsr_moveit_config_m1509/share/dsr_moveit_config_m1509/launch/moveit.rviz
[0.697s] -- Installing: /home/user/Jina/install/dsr_moveit_config_m1509/share/dsr_moveit_config_m1509/launch/demo.launch.py
[0.697s] -- Up-to-date: /home/user/Jina/install/dsr_moveit_config_m1509/share/dsr_moveit_config_m1509/config
[0.697s] -- Installing: /home/user/Jina/install/dsr_moveit_config_m1509/share/dsr_moveit_config_m1509/config/m1509.urdf.xacro
[0.697s] -- Installing: /home/user/Jina/install/dsr_moveit_config_m1509/share/dsr_moveit_config_m1509/config/initial_positions.yaml
[0.697s] -- Installing: /home/user/Jina/install/dsr_moveit_config_m1509/share/dsr_moveit_config_m1509/config/moveit_controllers.yaml
[0.698s] -- Installing: /home/user/Jina/install/dsr_moveit_config_m1509/share/dsr_moveit_config_m1509/config/joint_limits.yaml
[0.698s] -- Installing: /home/user/Jina/install/dsr_moveit_config_m1509/share/dsr_moveit_config_m1509/config/sensors_3d.yaml
[0.698s] -- Installing: /home/user/Jina/install/dsr_moveit_config_m1509/share/dsr_moveit_config_m1509/config/dsr.ros2_control.xacro
[0.698s] -- Installing: /home/user/Jina/install/dsr_moveit_config_m1509/share/dsr_moveit_config_m1509/config/chomp_planning.yaml
[0.698s] -- Installing: /home/user/Jina/install/dsr_moveit_config_m1509/share/dsr_moveit_config_m1509/config/kinematics.yaml
[0.698s] -- Installing: /home/user/Jina/install/dsr_moveit_config_m1509/share/dsr_moveit_config_m1509/config/dsr.srdf
[0.698s] -- Installing: /home/user/Jina/install/dsr_moveit_config_m1509/share/dsr_moveit_config_m1509/config/pilz_cartesian_limits.yaml
[0.698s] -- Installing: /home/user/Jina/install/dsr_moveit_config_m1509/share/dsr_moveit_config_m1509/config/pilz_industrial_motion_planner_planning.yaml
[0.698s] -- Installing: /home/user/Jina/install/dsr_moveit_config_m1509/share/dsr_moveit_config_m1509/config/ompl_planning.yaml
[0.699s] -- Installing: /home/user/Jina/install/dsr_moveit_config_m1509/share/dsr_moveit_config_m1509/config/ros2_controllers.yaml
[0.699s] -- Installing: /home/user/Jina/install/dsr_moveit_config_m1509/share/dsr_moveit_config_m1509/.setup_assistant
[0.763s] Invoked command in '/home/user/Jina/build/dsr_moveit_config_m1509' returned '0': CMAKE_PREFIX_PATH=${CMAKE_PREFIX_PATH}:/home/user/Jina/install/tower_builder:/home/user/Jina/install/dsr_visualservoing:/home/user/Jina/install/dsr_tests:/home/user/Jina/install/dsr_bringup2:/home/user/Jina/install/dsr_example:/opt/ros/humble /usr/bin/cmake --install /home/user/Jina/build/dsr_moveit_config_m1509
