[3.027s] Invoking command in '/home/user/Jina/src/tower_builder': PYTHONPATH=/home/user/Jina/build/tower_builder/prefix_override:/usr/lib/python3/dist-packages/colcon_core/task/python/colcon_distutils_commands:/home/user/Jina/install/tower_builder/lib/python3.10/site-packages:${PYTHONPATH} /usr/bin/python3 -W ignore:setup.py install is deprecated -W ignore:easy_install command is deprecated setup.py egg_info --egg-base ../../build/tower_builder build --build-base /home/user/Jina/build/tower_builder/build install --record /home/user/Jina/build/tower_builder/install.log --single-version-externally-managed install_data
[3.406s] running egg_info
[3.408s] writing ../../build/tower_builder/tower_builder.egg-info/PKG-INFO
[3.408s] writing dependency_links to ../../build/tower_builder/tower_builder.egg-info/dependency_links.txt
[3.408s] writing entry points to ../../build/tower_builder/tower_builder.egg-info/entry_points.txt
[3.409s] writing requirements to ../../build/tower_builder/tower_builder.egg-info/requires.txt
[3.410s] writing top-level names to ../../build/tower_builder/tower_builder.egg-info/top_level.txt
[3.414s] reading manifest file '../../build/tower_builder/tower_builder.egg-info/SOURCES.txt'
[3.416s] writing manifest file '../../build/tower_builder/tower_builder.egg-info/SOURCES.txt'
[3.417s] running build
[3.417s] running build_py
[3.418s] running install
[3.419s] running install_lib
[3.423s] running install_data
[3.425s] running install_egg_info
[3.432s] removing '/home/user/Jina/install/tower_builder/lib/python3.10/site-packages/tower_builder-0.0.0-py3.10.egg-info' (and everything under it)
[3.432s] Copying ../../build/tower_builder/tower_builder.egg-info to /home/user/Jina/install/tower_builder/lib/python3.10/site-packages/tower_builder-0.0.0-py3.10.egg-info
[3.433s] running install_scripts
[3.463s] Installing hub script to /home/user/Jina/install/tower_builder/lib/tower_builder
[3.464s] Installing stb script to /home/user/Jina/install/tower_builder/lib/tower_builder
[3.464s] Installing two script to /home/user/Jina/install/tower_builder/lib/tower_builder
[3.464s] writing list of installed files to '/home/user/Jina/build/tower_builder/install.log'
[3.708s] Invoked command in '/home/user/Jina/src/tower_builder' returned '0': PYTHONPATH=/home/user/Jina/build/tower_builder/prefix_override:/usr/lib/python3/dist-packages/colcon_core/task/python/colcon_distutils_commands:/home/user/Jina/install/tower_builder/lib/python3.10/site-packages:${PYTHONPATH} /usr/bin/python3 -W ignore:setup.py install is deprecated -W ignore:easy_install command is deprecated setup.py egg_info --egg-base ../../build/tower_builder build --build-base /home/user/Jina/build/tower_builder/build install --record /home/user/Jina/build/tower_builder/install.log --single-version-externally-managed install_data
