[0.203s] Invoking command in '/home/user/Jina/build/dsr_moveit_config_e0509': CMAKE_PREFIX_PATH=${CMAKE_PREFIX_PATH}:/home/user/Jina/install/tower_builder:/home/user/Jina/install/dsr_visualservoing:/home/user/Jina/install/dsr_tests:/home/user/Jina/install/dsr_bringup2:/home/user/Jina/install/dsr_example:/opt/ros/humble /usr/bin/cmake --build /home/user/Jina/build/dsr_moveit_config_e0509 -- -j12 -l12
[0.462s] Invoked command in '/home/user/Jina/build/dsr_moveit_config_e0509' returned '0': CMAKE_PREFIX_PATH=${CMAKE_PREFIX_PATH}:/home/user/Jina/install/tower_builder:/home/user/Jina/install/dsr_visualservoing:/home/user/Jina/install/dsr_tests:/home/user/Jina/install/dsr_bringup2:/home/user/Jina/install/dsr_example:/opt/ros/humble /usr/bin/cmake --build /home/user/Jina/build/dsr_moveit_config_e0509 -- -j12 -l12
[0.478s] Invoking command in '/home/user/Jina/build/dsr_moveit_config_e0509': CMAKE_PREFIX_PATH=${CMAKE_PREFIX_PATH}:/home/user/Jina/install/tower_builder:/home/user/Jina/install/dsr_visualservoing:/home/user/Jina/install/dsr_tests:/home/user/Jina/install/dsr_bringup2:/home/user/Jina/install/dsr_example:/opt/ros/humble /usr/bin/cmake --install /home/user/Jina/build/dsr_moveit_config_e0509
[0.582s] -- Install configuration: ""
[0.582s] -- Up-to-date: /home/user/Jina/install/dsr_moveit_config_e0509/share/ament_index/resource_index/package_run_dependencies/dsr_moveit_config_e0509
[0.583s] -- Up-to-date: /home/user/Jina/install/dsr_moveit_config_e0509/share/ament_index/resource_index/parent_prefix_path/dsr_moveit_config_e0509
[0.583s] -- Up-to-date: /home/user/Jina/install/dsr_moveit_config_e0509/share/dsr_moveit_config_e0509/environment/ament_prefix_path.sh
[0.583s] -- Up-to-date: /home/user/Jina/install/dsr_moveit_config_e0509/share/dsr_moveit_config_e0509/environment/ament_prefix_path.dsv
[0.583s] -- Up-to-date: /home/user/Jina/install/dsr_moveit_config_e0509/share/dsr_moveit_config_e0509/environment/path.sh
[0.583s] -- Up-to-date: /home/user/Jina/install/dsr_moveit_config_e0509/share/dsr_moveit_config_e0509/environment/path.dsv
[0.583s] -- Up-to-date: /home/user/Jina/install/dsr_moveit_config_e0509/share/dsr_moveit_config_e0509/local_setup.bash
[0.584s] -- Up-to-date: /home/user/Jina/install/dsr_moveit_config_e0509/share/dsr_moveit_config_e0509/local_setup.sh
[0.584s] -- Up-to-date: /home/user/Jina/install/dsr_moveit_config_e0509/share/dsr_moveit_config_e0509/local_setup.zsh
[0.584s] -- Up-to-date: /home/user/Jina/install/dsr_moveit_config_e0509/share/dsr_moveit_config_e0509/local_setup.dsv
[0.584s] -- Installing: /home/user/Jina/install/dsr_moveit_config_e0509/share/dsr_moveit_config_e0509/package.dsv
[0.584s] -- Up-to-date: /home/user/Jina/install/dsr_moveit_config_e0509/share/ament_index/resource_index/packages/dsr_moveit_config_e0509
[0.584s] -- Up-to-date: /home/user/Jina/install/dsr_moveit_config_e0509/share/dsr_moveit_config_e0509/cmake/dsr_moveit_config_e0509Config.cmake
[0.584s] -- Up-to-date: /home/user/Jina/install/dsr_moveit_config_e0509/share/dsr_moveit_config_e0509/cmake/dsr_moveit_config_e0509Config-version.cmake
[0.584s] -- Up-to-date: /home/user/Jina/install/dsr_moveit_config_e0509/share/dsr_moveit_config_e0509/package.xml
[0.585s] -- Up-to-date: /home/user/Jina/install/dsr_moveit_config_e0509/share/dsr_moveit_config_e0509/launch
[0.585s] -- Up-to-date: /home/user/Jina/install/dsr_moveit_config_e0509/share/dsr_moveit_config_e0509/launch/start.launch.py
[0.585s] -- Up-to-date: /home/user/Jina/install/dsr_moveit_config_e0509/share/dsr_moveit_config_e0509/launch/moveit.rviz
[0.585s] -- Up-to-date: /home/user/Jina/install/dsr_moveit_config_e0509/share/dsr_moveit_config_e0509/launch/demo.launch.py
[0.585s] -- Up-to-date: /home/user/Jina/install/dsr_moveit_config_e0509/share/dsr_moveit_config_e0509/config
[0.585s] -- Up-to-date: /home/user/Jina/install/dsr_moveit_config_e0509/share/dsr_moveit_config_e0509/config/initial_positions.yaml
[0.585s] -- Up-to-date: /home/user/Jina/install/dsr_moveit_config_e0509/share/dsr_moveit_config_e0509/config/moveit_controllers.yaml
[0.586s] -- Up-to-date: /home/user/Jina/install/dsr_moveit_config_e0509/share/dsr_moveit_config_e0509/config/joint_limits.yaml
[0.586s] -- Up-to-date: /home/user/Jina/install/dsr_moveit_config_e0509/share/dsr_moveit_config_e0509/config/sensors_3d.yaml
[0.586s] -- Up-to-date: /home/user/Jina/install/dsr_moveit_config_e0509/share/dsr_moveit_config_e0509/config/dsr.ros2_control.xacro
[0.586s] -- Up-to-date: /home/user/Jina/install/dsr_moveit_config_e0509/share/dsr_moveit_config_e0509/config/e0509.urdf.xacro
[0.586s] -- Up-to-date: /home/user/Jina/install/dsr_moveit_config_e0509/share/dsr_moveit_config_e0509/config/chomp_planning.yaml
[0.586s] -- Up-to-date: /home/user/Jina/install/dsr_moveit_config_e0509/share/dsr_moveit_config_e0509/config/kinematics.yaml
[0.586s] -- Up-to-date: /home/user/Jina/install/dsr_moveit_config_e0509/share/dsr_moveit_config_e0509/config/dsr.srdf
[0.586s] -- Up-to-date: /home/user/Jina/install/dsr_moveit_config_e0509/share/dsr_moveit_config_e0509/config/pilz_cartesian_limits.yaml
[0.586s] -- Up-to-date: /home/user/Jina/install/dsr_moveit_config_e0509/share/dsr_moveit_config_e0509/config/pilz_industrial_motion_planner_planning.yaml
[0.586s] -- Up-to-date: /home/user/Jina/install/dsr_moveit_config_e0509/share/dsr_moveit_config_e0509/config/ompl_planning.yaml
[0.587s] -- Up-to-date: /home/user/Jina/install/dsr_moveit_config_e0509/share/dsr_moveit_config_e0509/config/ros2_controllers.yaml
[0.587s] -- Up-to-date: /home/user/Jina/install/dsr_moveit_config_e0509/share/dsr_moveit_config_e0509/.setup_assistant
[0.730s] Invoked command in '/home/user/Jina/build/dsr_moveit_config_e0509' returned '0': CMAKE_PREFIX_PATH=${CMAKE_PREFIX_PATH}:/home/user/Jina/install/tower_builder:/home/user/Jina/install/dsr_visualservoing:/home/user/Jina/install/dsr_tests:/home/user/Jina/install/dsr_bringup2:/home/user/Jina/install/dsr_example:/opt/ros/humble /usr/bin/cmake --install /home/user/Jina/build/dsr_moveit_config_e0509
