[0.026s] Invoking command in '/home/user/Jina/build/dsr_moveit_config_m0617': CMAKE_PREFIX_PATH=/opt/ros/humble /usr/bin/cmake /home/user/Jina/src/doosan-robot2/dsr_moveit2/dsr_moveit_config_m0617 -DCMAKE_INSTALL_PREFIX=/home/user/Jina/install/dsr_moveit_config_m0617
[0.832s] -- The C compiler identification is GNU 11.4.0
[0.832s] -- The CXX compiler identification is GNU 11.4.0
[0.832s] -- Detecting C compiler ABI info
[0.832s] -- Detecting C compiler ABI info - done
[0.832s] -- Check for working C compiler: /usr/bin/cc - skipped
[0.832s] -- Detecting C compile features
[0.832s] -- Detecting C compile features - done
[0.832s] -- Detecting CXX compiler ABI info
[0.833s] -- Detecting CXX compiler ABI info - done
[0.833s] -- Check for working CXX compiler: /usr/bin/c++ - skipped
[0.833s] -- Detecting CXX compile features
[0.833s] -- Detecting CXX compile features - done
[0.833s] -- Found ament_cmake: 1.3.12 (/opt/ros/humble/share/ament_cmake/cmake)
[0.833s] -- Found Python3: /usr/bin/python3 (found version "3.10.12") found components: Interpreter 
[0.833s] -- Configuring done
[0.833s] -- Generating done
[0.834s] -- Build files have been written to: /home/user/Jina/build/dsr_moveit_config_m0617
[0.855s] Invoked command in '/home/user/Jina/build/dsr_moveit_config_m0617' returned '0': CMAKE_PREFIX_PATH=/opt/ros/humble /usr/bin/cmake /home/user/Jina/src/doosan-robot2/dsr_moveit2/dsr_moveit_config_m0617 -DCMAKE_INSTALL_PREFIX=/home/user/Jina/install/dsr_moveit_config_m0617
[0.855s] Invoking command in '/home/user/Jina/build/dsr_moveit_config_m0617': CMAKE_PREFIX_PATH=/opt/ros/humble /usr/bin/cmake --build /home/user/Jina/build/dsr_moveit_config_m0617 -- -j12 -l12
[0.933s] Invoked command in '/home/user/Jina/build/dsr_moveit_config_m0617' returned '0': CMAKE_PREFIX_PATH=/opt/ros/humble /usr/bin/cmake --build /home/user/Jina/build/dsr_moveit_config_m0617 -- -j12 -l12
[0.934s] Invoking command in '/home/user/Jina/build/dsr_moveit_config_m0617': CMAKE_PREFIX_PATH=/opt/ros/humble /usr/bin/cmake --install /home/user/Jina/build/dsr_moveit_config_m0617
[0.968s] -- Install configuration: ""
[0.968s] -- Installing: /home/user/Jina/install/dsr_moveit_config_m0617/share/ament_index/resource_index/package_run_dependencies/dsr_moveit_config_m0617
[0.969s] -- Installing: /home/user/Jina/install/dsr_moveit_config_m0617/share/ament_index/resource_index/parent_prefix_path/dsr_moveit_config_m0617
[0.969s] -- Installing: /home/user/Jina/install/dsr_moveit_config_m0617/share/dsr_moveit_config_m0617/environment/ament_prefix_path.sh
[0.970s] -- Installing: /home/user/Jina/install/dsr_moveit_config_m0617/share/dsr_moveit_config_m0617/environment/ament_prefix_path.dsv
[0.971s] -- Installing: /home/user/Jina/install/dsr_moveit_config_m0617/share/dsr_moveit_config_m0617/environment/path.sh
[0.971s] -- Installing: /home/user/Jina/install/dsr_moveit_config_m0617/share/dsr_moveit_config_m0617/environment/path.dsv
[0.971s] -- Installing: /home/user/Jina/install/dsr_moveit_config_m0617/share/dsr_moveit_config_m0617/local_setup.bash
[0.971s] -- Installing: /home/user/Jina/install/dsr_moveit_config_m0617/share/dsr_moveit_config_m0617/local_setup.sh
[0.971s] -- Installing: /home/user/Jina/install/dsr_moveit_config_m0617/share/dsr_moveit_config_m0617/local_setup.zsh
[0.971s] -- Installing: /home/user/Jina/install/dsr_moveit_config_m0617/share/dsr_moveit_config_m0617/local_setup.dsv
[0.971s] -- Installing: /home/user/Jina/install/dsr_moveit_config_m0617/share/dsr_moveit_config_m0617/package.dsv
[0.971s] -- Installing: /home/user/Jina/install/dsr_moveit_config_m0617/share/ament_index/resource_index/packages/dsr_moveit_config_m0617
[0.971s] -- Installing: /home/user/Jina/install/dsr_moveit_config_m0617/share/dsr_moveit_config_m0617/cmake/dsr_moveit_config_m0617Config.cmake
[0.972s] -- Installing: /home/user/Jina/install/dsr_moveit_config_m0617/share/dsr_moveit_config_m0617/cmake/dsr_moveit_config_m0617Config-version.cmake
[0.972s] -- Installing: /home/user/Jina/install/dsr_moveit_config_m0617/share/dsr_moveit_config_m0617/package.xml
[0.972s] -- Installing: /home/user/Jina/install/dsr_moveit_config_m0617/share/dsr_moveit_config_m0617/launch
[0.972s] -- Installing: /home/user/Jina/install/dsr_moveit_config_m0617/share/dsr_moveit_config_m0617/launch/start.launch.py
[0.972s] -- Installing: /home/user/Jina/install/dsr_moveit_config_m0617/share/dsr_moveit_config_m0617/launch/moveit.rviz
[0.972s] -- Installing: /home/user/Jina/install/dsr_moveit_config_m0617/share/dsr_moveit_config_m0617/launch/demo.launch.py
[0.972s] -- Installing: /home/user/Jina/install/dsr_moveit_config_m0617/share/dsr_moveit_config_m0617/config
[0.972s] -- Installing: /home/user/Jina/install/dsr_moveit_config_m0617/share/dsr_moveit_config_m0617/config/initial_positions.yaml
[0.972s] -- Installing: /home/user/Jina/install/dsr_moveit_config_m0617/share/dsr_moveit_config_m0617/config/moveit_controllers.yaml
[0.972s] -- Installing: /home/user/Jina/install/dsr_moveit_config_m0617/share/dsr_moveit_config_m0617/config/joint_limits.yaml
[0.972s] -- Installing: /home/user/Jina/install/dsr_moveit_config_m0617/share/dsr_moveit_config_m0617/config/sensors_3d.yaml
[0.973s] -- Installing: /home/user/Jina/install/dsr_moveit_config_m0617/share/dsr_moveit_config_m0617/config/dsr.ros2_control.xacro
[0.973s] -- Installing: /home/user/Jina/install/dsr_moveit_config_m0617/share/dsr_moveit_config_m0617/config/chomp_planning.yaml
[0.973s] -- Installing: /home/user/Jina/install/dsr_moveit_config_m0617/share/dsr_moveit_config_m0617/config/kinematics.yaml
[0.973s] -- Installing: /home/user/Jina/install/dsr_moveit_config_m0617/share/dsr_moveit_config_m0617/config/dsr.srdf
[0.973s] -- Installing: /home/user/Jina/install/dsr_moveit_config_m0617/share/dsr_moveit_config_m0617/config/pilz_cartesian_limits.yaml
[0.973s] -- Installing: /home/user/Jina/install/dsr_moveit_config_m0617/share/dsr_moveit_config_m0617/config/pilz_industrial_motion_planner_planning.yaml
[0.974s] -- Installing: /home/user/Jina/install/dsr_moveit_config_m0617/share/dsr_moveit_config_m0617/config/ompl_planning.yaml
[0.974s] -- Installing: /home/user/Jina/install/dsr_moveit_config_m0617/share/dsr_moveit_config_m0617/config/m0617.urdf.xacro
[0.974s] -- Installing: /home/user/Jina/install/dsr_moveit_config_m0617/share/dsr_moveit_config_m0617/config/ros2_controllers.yaml
[0.974s] -- Installing: /home/user/Jina/install/dsr_moveit_config_m0617/share/dsr_moveit_config_m0617/.setup_assistant
[1.034s] Invoked command in '/home/user/Jina/build/dsr_moveit_config_m0617' returned '0': CMAKE_PREFIX_PATH=/opt/ros/humble /usr/bin/cmake --install /home/user/Jina/build/dsr_moveit_config_m0617
