[1.455s] Invoking command in '/home/user/Jina/src/doosan-robot2/dsr_example2/dsr_example': AMENT_PREFIX_PATH=/home/user/Jina/install/dsr_common2:${AMENT_PREFIX_PATH} CMAKE_PREFIX_PATH=/home/user/Jina/install/dsr_common2 PYTHONPATH=/home/user/Jina/build/dsr_example/prefix_override:/usr/lib/python3/dist-packages/colcon_core/task/python/colcon_distutils_commands:/home/user/Jina/install/dsr_example/lib/python3.10/site-packages:/home/user/Jina/install/dsr_common2/lib/python3.10/site-packages:${PYTHONPATH} /usr/bin/python3 -W ignore:setup.py install is deprecated -W ignore:easy_install command is deprecated setup.py egg_info --egg-base ../../../../build/dsr_example build --build-base /home/user/Jina/build/dsr_example/build install --record /home/user/Jina/build/dsr_example/install.log --single-version-externally-managed install_data
[1.768s] running egg_info
[1.769s] writing ../../../../build/dsr_example/dsr_example.egg-info/PKG-INFO
[1.769s] writing dependency_links to ../../../../build/dsr_example/dsr_example.egg-info/dependency_links.txt
[1.770s] writing entry points to ../../../../build/dsr_example/dsr_example.egg-info/entry_points.txt
[1.770s] writing requirements to ../../../../build/dsr_example/dsr_example.egg-info/requires.txt
[1.770s] writing top-level names to ../../../../build/dsr_example/dsr_example.egg-info/top_level.txt
[1.772s] reading manifest file '../../../../build/dsr_example/dsr_example.egg-info/SOURCES.txt'
[1.773s] writing manifest file '../../../../build/dsr_example/dsr_example.egg-info/SOURCES.txt'
[1.773s] running build
[1.773s] running build_py
[1.774s] running install
[1.774s] running install_lib
[1.776s] running install_data
[1.776s] running install_egg_info
[1.778s] removing '/home/user/Jina/install/dsr_example/lib/python3.10/site-packages/dsr_example-0.0.0-py3.10.egg-info' (and everything under it)
[1.779s] Copying ../../../../build/dsr_example/dsr_example.egg-info to /home/user/Jina/install/dsr_example/lib/python3.10/site-packages/dsr_example-0.0.0-py3.10.egg-info
[1.780s] running install_scripts
[1.807s] Installing dance script to /home/user/Jina/install/dsr_example/lib/dsr_example
[1.807s] Installing single_robot_simple script to /home/user/Jina/install/dsr_example/lib/dsr_example
[1.807s] Installing slope_demo script to /home/user/Jina/install/dsr_example/lib/dsr_example
[1.808s] Installing test script to /home/user/Jina/install/dsr_example/lib/dsr_example
[1.808s] Installing test2 script to /home/user/Jina/install/dsr_example/lib/dsr_example
[1.808s] writing list of installed files to '/home/user/Jina/build/dsr_example/install.log'
[1.853s] Invoked command in '/home/user/Jina/src/doosan-robot2/dsr_example2/dsr_example' returned '0': AMENT_PREFIX_PATH=/home/user/Jina/install/dsr_common2:${AMENT_PREFIX_PATH} CMAKE_PREFIX_PATH=/home/user/Jina/install/dsr_common2 PYTHONPATH=/home/user/Jina/build/dsr_example/prefix_override:/usr/lib/python3/dist-packages/colcon_core/task/python/colcon_distutils_commands:/home/user/Jina/install/dsr_example/lib/python3.10/site-packages:/home/user/Jina/install/dsr_common2/lib/python3.10/site-packages:${PYTHONPATH} /usr/bin/python3 -W ignore:setup.py install is deprecated -W ignore:easy_install command is deprecated setup.py egg_info --egg-base ../../../../build/dsr_example build --build-base /home/user/Jina/build/dsr_example/build install --record /home/user/Jina/build/dsr_example/install.log --single-version-externally-managed install_data
