[0.024s] Invoking command in '/home/user/Jina/build/dsr_hardware2': CMAKE_PREFIX_PATH=/home/user/Jina/install/dsr_msgs2:/home/user/Jina/install/dsr_realtime_control:/home/user/Jina/install/dsr_mujoco:/home/user/Jina/install/dsr_controller2:/home/user/Jina/install/dsr_moveit_config_p3020:/home/user/Jina/install/dsr_moveit_config_m1509:/home/user/Jina/install/dsr_moveit_config_m1013:/home/user/Jina/install/dsr_moveit_config_m0617:/home/user/Jina/install/dsr_moveit_config_m0609:/home/user/Jina/install/dsr_moveit_config_h2515:/home/user/Jina/install/dsr_moveit_config_h2017:/home/user/Jina/install/dsr_moveit_config_e0509:/home/user/Jina/install/dsr_moveit_config_a0912:/home/user/Jina/install/dsr_moveit_config_a0509:/home/user/Jina/install/dsr_hardware2:/home/user/Jina/install/dsr_gazebo2:/home/user/Jina/install/dsr_description2:/home/user/Jina/install/dsr_common2:/home/user/Jina/install/tower_builder:/home/user/Jina/install/dsr_visualservoing:/home/user/Jina/install/dsr_tests:/home/user/Jina/install/dsr_bringup2:/home/user/Jina/install/dsr_example:/opt/ros/humble LD_LIBRARY_PATH=/home/user/Jina/install/dsr_msgs2/lib:/home/user/Jina/install/dsr_controller2/lib:/home/user/Jina/install/dsr_hardware2/lib:/usr/lib/x86_64-linux-gnu/gazebo-11/plugins:/opt/ros/humble/opt/rviz_ogre_vendor/lib:/opt/ros/humble/lib/x86_64-linux-gnu:/opt/ros/humble/lib /usr/bin/cmake --build /home/user/Jina/build/dsr_hardware2 -- -j12 -l12
[0.215s] [100%] Built target dsr_hardware2
[0.221s] Invoked command in '/home/user/Jina/build/dsr_hardware2' returned '0': CMAKE_PREFIX_PATH=/home/user/Jina/install/dsr_msgs2:/home/user/Jina/install/dsr_realtime_control:/home/user/Jina/install/dsr_mujoco:/home/user/Jina/install/dsr_controller2:/home/user/Jina/install/dsr_moveit_config_p3020:/home/user/Jina/install/dsr_moveit_config_m1509:/home/user/Jina/install/dsr_moveit_config_m1013:/home/user/Jina/install/dsr_moveit_config_m0617:/home/user/Jina/install/dsr_moveit_config_m0609:/home/user/Jina/install/dsr_moveit_config_h2515:/home/user/Jina/install/dsr_moveit_config_h2017:/home/user/Jina/install/dsr_moveit_config_e0509:/home/user/Jina/install/dsr_moveit_config_a0912:/home/user/Jina/install/dsr_moveit_config_a0509:/home/user/Jina/install/dsr_hardware2:/home/user/Jina/install/dsr_gazebo2:/home/user/Jina/install/dsr_description2:/home/user/Jina/install/dsr_common2:/home/user/Jina/install/tower_builder:/home/user/Jina/install/dsr_visualservoing:/home/user/Jina/install/dsr_tests:/home/user/Jina/install/dsr_bringup2:/home/user/Jina/install/dsr_example:/opt/ros/humble LD_LIBRARY_PATH=/home/user/Jina/install/dsr_msgs2/lib:/home/user/Jina/install/dsr_controller2/lib:/home/user/Jina/install/dsr_hardware2/lib:/usr/lib/x86_64-linux-gnu/gazebo-11/plugins:/opt/ros/humble/opt/rviz_ogre_vendor/lib:/opt/ros/humble/lib/x86_64-linux-gnu:/opt/ros/humble/lib /usr/bin/cmake --build /home/user/Jina/build/dsr_hardware2 -- -j12 -l12
[0.221s] Invoking command in '/home/user/Jina/build/dsr_hardware2': CMAKE_PREFIX_PATH=/home/user/Jina/install/dsr_msgs2:/home/user/Jina/install/dsr_realtime_control:/home/user/Jina/install/dsr_mujoco:/home/user/Jina/install/dsr_controller2:/home/user/Jina/install/dsr_moveit_config_p3020:/home/user/Jina/install/dsr_moveit_config_m1509:/home/user/Jina/install/dsr_moveit_config_m1013:/home/user/Jina/install/dsr_moveit_config_m0617:/home/user/Jina/install/dsr_moveit_config_m0609:/home/user/Jina/install/dsr_moveit_config_h2515:/home/user/Jina/install/dsr_moveit_config_h2017:/home/user/Jina/install/dsr_moveit_config_e0509:/home/user/Jina/install/dsr_moveit_config_a0912:/home/user/Jina/install/dsr_moveit_config_a0509:/home/user/Jina/install/dsr_hardware2:/home/user/Jina/install/dsr_gazebo2:/home/user/Jina/install/dsr_description2:/home/user/Jina/install/dsr_common2:/home/user/Jina/install/tower_builder:/home/user/Jina/install/dsr_visualservoing:/home/user/Jina/install/dsr_tests:/home/user/Jina/install/dsr_bringup2:/home/user/Jina/install/dsr_example:/opt/ros/humble LD_LIBRARY_PATH=/home/user/Jina/install/dsr_msgs2/lib:/home/user/Jina/install/dsr_controller2/lib:/home/user/Jina/install/dsr_hardware2/lib:/usr/lib/x86_64-linux-gnu/gazebo-11/plugins:/opt/ros/humble/opt/rviz_ogre_vendor/lib:/opt/ros/humble/lib/x86_64-linux-gnu:/opt/ros/humble/lib /usr/bin/cmake --install /home/user/Jina/build/dsr_hardware2
[0.227s] -- Install configuration: ""
[0.227s] -- Up-to-date: /home/user/Jina/install/dsr_hardware2/share/dsr_hardware2/dsr_hardware2.xml
[0.227s] -- Up-to-date: /home/user/Jina/install/dsr_hardware2/share/dsr_hardware2/dsr_hardware2.xml
[0.227s] -- Up-to-date: /home/user/Jina/install/dsr_hardware2/include/dsr_hardware2
[0.227s] -- Up-to-date: /home/user/Jina/install/dsr_hardware2/include/dsr_hardware2/dsr_hardware2
[0.227s] -- Up-to-date: /home/user/Jina/install/dsr_hardware2/include/dsr_hardware2/dsr_hardware2/util.hpp
[0.228s] -- Up-to-date: /home/user/Jina/install/dsr_hardware2/include/dsr_hardware2/dsr_hardware2/dsr_hw_interface2.h
[0.228s] -- Up-to-date: /home/user/Jina/install/dsr_hardware2/lib/libdsr_hardware2.so
[0.228s] -- Up-to-date: /home/user/Jina/install/dsr_hardware2/share/dsr_hardware2/environment/library_path.sh
[0.228s] -- Up-to-date: /home/user/Jina/install/dsr_hardware2/share/dsr_hardware2/environment/library_path.dsv
[0.228s] -- Up-to-date: /home/user/Jina/install/dsr_hardware2/share/ament_index/resource_index/package_run_dependencies/dsr_hardware2
[0.228s] -- Up-to-date: /home/user/Jina/install/dsr_hardware2/share/ament_index/resource_index/parent_prefix_path/dsr_hardware2
[0.228s] -- Up-to-date: /home/user/Jina/install/dsr_hardware2/share/dsr_hardware2/environment/ament_prefix_path.sh
[0.228s] -- Up-to-date: /home/user/Jina/install/dsr_hardware2/share/dsr_hardware2/environment/ament_prefix_path.dsv
[0.228s] -- Up-to-date: /home/user/Jina/install/dsr_hardware2/share/dsr_hardware2/environment/path.sh
[0.228s] -- Up-to-date: /home/user/Jina/install/dsr_hardware2/share/dsr_hardware2/environment/path.dsv
[0.228s] -- Up-to-date: /home/user/Jina/install/dsr_hardware2/share/dsr_hardware2/local_setup.bash
[0.228s] -- Up-to-date: /home/user/Jina/install/dsr_hardware2/share/dsr_hardware2/local_setup.sh
[0.228s] -- Up-to-date: /home/user/Jina/install/dsr_hardware2/share/dsr_hardware2/local_setup.zsh
[0.228s] -- Up-to-date: /home/user/Jina/install/dsr_hardware2/share/dsr_hardware2/local_setup.dsv
[0.228s] -- Installing: /home/user/Jina/install/dsr_hardware2/share/dsr_hardware2/package.dsv
[0.228s] -- Up-to-date: /home/user/Jina/install/dsr_hardware2/share/ament_index/resource_index/packages/dsr_hardware2
[0.228s] -- Up-to-date: /home/user/Jina/install/dsr_hardware2/share/ament_index/resource_index/hardware_interface__pluginlib__plugin/dsr_hardware2
[0.228s] -- Up-to-date: /home/user/Jina/install/dsr_hardware2/share/ament_index/resource_index/controller_interface__pluginlib__plugin/dsr_hardware2
[0.228s] -- Up-to-date: /home/user/Jina/install/dsr_hardware2/share/dsr_hardware2/cmake/export_dsr_hardware2Export.cmake
[0.228s] -- Up-to-date: /home/user/Jina/install/dsr_hardware2/share/dsr_hardware2/cmake/export_dsr_hardware2Export-noconfig.cmake
[0.229s] -- Up-to-date: /home/user/Jina/install/dsr_hardware2/share/dsr_hardware2/cmake/ament_cmake_export_targets-extras.cmake
[0.229s] -- Up-to-date: /home/user/Jina/install/dsr_hardware2/share/dsr_hardware2/cmake/ament_cmake_export_dependencies-extras.cmake
[0.229s] -- Up-to-date: /home/user/Jina/install/dsr_hardware2/share/dsr_hardware2/cmake/dsr_hardware2Config.cmake
[0.229s] -- Up-to-date: /home/user/Jina/install/dsr_hardware2/share/dsr_hardware2/cmake/dsr_hardware2Config-version.cmake
[0.229s] -- Up-to-date: /home/user/Jina/install/dsr_hardware2/share/dsr_hardware2/package.xml
[0.231s] Invoked command in '/home/user/Jina/build/dsr_hardware2' returned '0': CMAKE_PREFIX_PATH=/home/user/Jina/install/dsr_msgs2:/home/user/Jina/install/dsr_realtime_control:/home/user/Jina/install/dsr_mujoco:/home/user/Jina/install/dsr_controller2:/home/user/Jina/install/dsr_moveit_config_p3020:/home/user/Jina/install/dsr_moveit_config_m1509:/home/user/Jina/install/dsr_moveit_config_m1013:/home/user/Jina/install/dsr_moveit_config_m0617:/home/user/Jina/install/dsr_moveit_config_m0609:/home/user/Jina/install/dsr_moveit_config_h2515:/home/user/Jina/install/dsr_moveit_config_h2017:/home/user/Jina/install/dsr_moveit_config_e0509:/home/user/Jina/install/dsr_moveit_config_a0912:/home/user/Jina/install/dsr_moveit_config_a0509:/home/user/Jina/install/dsr_hardware2:/home/user/Jina/install/dsr_gazebo2:/home/user/Jina/install/dsr_description2:/home/user/Jina/install/dsr_common2:/home/user/Jina/install/tower_builder:/home/user/Jina/install/dsr_visualservoing:/home/user/Jina/install/dsr_tests:/home/user/Jina/install/dsr_bringup2:/home/user/Jina/install/dsr_example:/opt/ros/humble LD_LIBRARY_PATH=/home/user/Jina/install/dsr_msgs2/lib:/home/user/Jina/install/dsr_controller2/lib:/home/user/Jina/install/dsr_hardware2/lib:/usr/lib/x86_64-linux-gnu/gazebo-11/plugins:/opt/ros/humble/opt/rviz_ogre_vendor/lib:/opt/ros/humble/lib/x86_64-linux-gnu:/opt/ros/humble/lib /usr/bin/cmake --install /home/user/Jina/build/dsr_hardware2
