[0.040s] Invoking command in '/home/user/Jina/build/dsr_moveit_config_h2515': CMAKE_PREFIX_PATH=/opt/ros/humble /usr/bin/cmake --build /home/user/Jina/build/dsr_moveit_config_h2515 -- -j12 -l12
[0.079s] -- Found ament_cmake: 1.3.12 (/opt/ros/humble/share/ament_cmake/cmake)
[0.457s] -- Configuring done
[0.458s] -- Generating done
[0.458s] -- Build files have been written to: /home/user/Jina/build/dsr_moveit_config_h2515
[0.557s] Invoked command in '/home/user/Jina/build/dsr_moveit_config_h2515' returned '0': CMAKE_PREFIX_PATH=/opt/ros/humble /usr/bin/cmake --build /home/user/Jina/build/dsr_moveit_config_h2515 -- -j12 -l12
[0.588s] Invoking command in '/home/user/Jina/build/dsr_moveit_config_h2515': CMAKE_PREFIX_PATH=/opt/ros/humble /usr/bin/cmake --install /home/user/Jina/build/dsr_moveit_config_h2515
[0.609s] -- Install configuration: ""
[0.609s] -- Installing: /home/user/Jina/install/dsr_moveit_config_h2515/share/ament_index/resource_index/package_run_dependencies/dsr_moveit_config_h2515
[0.609s] -- Installing: /home/user/Jina/install/dsr_moveit_config_h2515/share/ament_index/resource_index/parent_prefix_path/dsr_moveit_config_h2515
[0.609s] -- Installing: /home/user/Jina/install/dsr_moveit_config_h2515/share/dsr_moveit_config_h2515/environment/ament_prefix_path.sh
[0.610s] -- Installing: /home/user/Jina/install/dsr_moveit_config_h2515/share/dsr_moveit_config_h2515/environment/ament_prefix_path.dsv
[0.610s] -- Installing: /home/user/Jina/install/dsr_moveit_config_h2515/share/dsr_moveit_config_h2515/environment/path.sh
[0.610s] -- Installing: /home/user/Jina/install/dsr_moveit_config_h2515/share/dsr_moveit_config_h2515/environment/path.dsv
[0.610s] -- Installing: /home/user/Jina/install/dsr_moveit_config_h2515/share/dsr_moveit_config_h2515/local_setup.bash
[0.610s] -- Installing: /home/user/Jina/install/dsr_moveit_config_h2515/share/dsr_moveit_config_h2515/local_setup.sh
[0.610s] -- Installing: /home/user/Jina/install/dsr_moveit_config_h2515/share/dsr_moveit_config_h2515/local_setup.zsh
[0.610s] -- Installing: /home/user/Jina/install/dsr_moveit_config_h2515/share/dsr_moveit_config_h2515/local_setup.dsv
[0.611s] -- Installing: /home/user/Jina/install/dsr_moveit_config_h2515/share/dsr_moveit_config_h2515/package.dsv
[0.611s] -- Installing: /home/user/Jina/install/dsr_moveit_config_h2515/share/ament_index/resource_index/packages/dsr_moveit_config_h2515
[0.611s] -- Installing: /home/user/Jina/install/dsr_moveit_config_h2515/share/dsr_moveit_config_h2515/cmake/dsr_moveit_config_h2515Config.cmake
[0.611s] -- Installing: /home/user/Jina/install/dsr_moveit_config_h2515/share/dsr_moveit_config_h2515/cmake/dsr_moveit_config_h2515Config-version.cmake
[0.611s] -- Installing: /home/user/Jina/install/dsr_moveit_config_h2515/share/dsr_moveit_config_h2515/package.xml
[0.611s] -- Up-to-date: /home/user/Jina/install/dsr_moveit_config_h2515/share/dsr_moveit_config_h2515/launch
[0.612s] -- Installing: /home/user/Jina/install/dsr_moveit_config_h2515/share/dsr_moveit_config_h2515/launch/start.launch.py
[0.612s] -- Installing: /home/user/Jina/install/dsr_moveit_config_h2515/share/dsr_moveit_config_h2515/launch/moveit.rviz
[0.616s] -- Installing: /home/user/Jina/install/dsr_moveit_config_h2515/share/dsr_moveit_config_h2515/launch/demo.launch.py
[0.617s] -- Up-to-date: /home/user/Jina/install/dsr_moveit_config_h2515/share/dsr_moveit_config_h2515/config
[0.617s] -- Installing: /home/user/Jina/install/dsr_moveit_config_h2515/share/dsr_moveit_config_h2515/config/initial_positions.yaml
[0.617s] -- Installing: /home/user/Jina/install/dsr_moveit_config_h2515/share/dsr_moveit_config_h2515/config/moveit_controllers.yaml
[0.617s] -- Installing: /home/user/Jina/install/dsr_moveit_config_h2515/share/dsr_moveit_config_h2515/config/joint_limits.yaml
[0.619s] -- Installing: /home/user/Jina/install/dsr_moveit_config_h2515/share/dsr_moveit_config_h2515/config/sensors_3d.yaml
[0.619s] -- Installing: /home/user/Jina/install/dsr_moveit_config_h2515/share/dsr_moveit_config_h2515/config/dsr.ros2_control.xacro
[0.619s] -- Installing: /home/user/Jina/install/dsr_moveit_config_h2515/share/dsr_moveit_config_h2515/config/chomp_planning.yaml
[0.619s] -- Installing: /home/user/Jina/install/dsr_moveit_config_h2515/share/dsr_moveit_config_h2515/config/kinematics.yaml
[0.619s] -- Installing: /home/user/Jina/install/dsr_moveit_config_h2515/share/dsr_moveit_config_h2515/config/dsr.srdf
[0.619s] -- Installing: /home/user/Jina/install/dsr_moveit_config_h2515/share/dsr_moveit_config_h2515/config/pilz_cartesian_limits.yaml
[0.619s] -- Installing: /home/user/Jina/install/dsr_moveit_config_h2515/share/dsr_moveit_config_h2515/config/pilz_industrial_motion_planner_planning.yaml
[0.619s] -- Installing: /home/user/Jina/install/dsr_moveit_config_h2515/share/dsr_moveit_config_h2515/config/ompl_planning.yaml
[0.619s] -- Installing: /home/user/Jina/install/dsr_moveit_config_h2515/share/dsr_moveit_config_h2515/config/h2515.urdf.xacro
[0.619s] -- Installing: /home/user/Jina/install/dsr_moveit_config_h2515/share/dsr_moveit_config_h2515/config/ros2_controllers.yaml
[0.620s] -- Installing: /home/user/Jina/install/dsr_moveit_config_h2515/share/dsr_moveit_config_h2515/.setup_assistant
[0.718s] Invoked command in '/home/user/Jina/build/dsr_moveit_config_h2515' returned '0': CMAKE_PREFIX_PATH=/opt/ros/humble /usr/bin/cmake --install /home/user/Jina/build/dsr_moveit_config_h2515
