[0.016s] Invoking command in '/home/user/Jina/build/dsr_hardware2': AMENT_PREFIX_PATH=/home/user/Jina/install/dsr_msgs2:${AMENT_PREFIX_PATH} CMAKE_PREFIX_PATH=/home/user/Jina/install/dsr_msgs2:/opt/ros/humble LD_LIBRARY_PATH=/home/user/Jina/install/dsr_msgs2/lib:${LD_LIBRARY_PATH} PYTHONPATH=/home/user/Jina/install/dsr_msgs2/local/lib/python3.10/dist-packages:${PYTHONPATH} /usr/bin/cmake --build /home/user/Jina/build/dsr_hardware2 -- -j12 -l12
[0.217s] [100%] Built target dsr_hardware2
[0.229s] Invoked command in '/home/user/Jina/build/dsr_hardware2' returned '0': AMENT_PREFIX_PATH=/home/user/Jina/install/dsr_msgs2:${AMENT_PREFIX_PATH} CMAKE_PREFIX_PATH=/home/user/Jina/install/dsr_msgs2:/opt/ros/humble LD_LIBRARY_PATH=/home/user/Jina/install/dsr_msgs2/lib:${LD_LIBRARY_PATH} PYTHONPATH=/home/user/Jina/install/dsr_msgs2/local/lib/python3.10/dist-packages:${PYTHONPATH} /usr/bin/cmake --build /home/user/Jina/build/dsr_hardware2 -- -j12 -l12
[0.230s] Invoking command in '/home/user/Jina/build/dsr_hardware2': AMENT_PREFIX_PATH=/home/user/Jina/install/dsr_msgs2:${AMENT_PREFIX_PATH} CMAKE_PREFIX_PATH=/home/user/Jina/install/dsr_msgs2:/opt/ros/humble LD_LIBRARY_PATH=/home/user/Jina/install/dsr_msgs2/lib:${LD_LIBRARY_PATH} PYTHONPATH=/home/user/Jina/install/dsr_msgs2/local/lib/python3.10/dist-packages:${PYTHONPATH} /usr/bin/cmake --install /home/user/Jina/build/dsr_hardware2
[0.237s] -- Install configuration: ""
[0.237s] -- Up-to-date: /home/user/Jina/install/dsr_hardware2/share/dsr_hardware2/dsr_hardware2.xml
[0.237s] -- Up-to-date: /home/user/Jina/install/dsr_hardware2/share/dsr_hardware2/dsr_hardware2.xml
[0.237s] -- Up-to-date: /home/user/Jina/install/dsr_hardware2/include/dsr_hardware2
[0.237s] -- Up-to-date: /home/user/Jina/install/dsr_hardware2/include/dsr_hardware2/dsr_hardware2
[0.237s] -- Up-to-date: /home/user/Jina/install/dsr_hardware2/include/dsr_hardware2/dsr_hardware2/util.hpp
[0.237s] -- Up-to-date: /home/user/Jina/install/dsr_hardware2/include/dsr_hardware2/dsr_hardware2/dsr_hw_interface2.h
[0.237s] -- Up-to-date: /home/user/Jina/install/dsr_hardware2/lib/libdsr_hardware2.so
[0.237s] -- Up-to-date: /home/user/Jina/install/dsr_hardware2/share/dsr_hardware2/environment/library_path.sh
[0.237s] -- Up-to-date: /home/user/Jina/install/dsr_hardware2/share/dsr_hardware2/environment/library_path.dsv
[0.237s] -- Up-to-date: /home/user/Jina/install/dsr_hardware2/share/ament_index/resource_index/package_run_dependencies/dsr_hardware2
[0.238s] -- Up-to-date: /home/user/Jina/install/dsr_hardware2/share/ament_index/resource_index/parent_prefix_path/dsr_hardware2
[0.238s] -- Up-to-date: /home/user/Jina/install/dsr_hardware2/share/dsr_hardware2/environment/ament_prefix_path.sh
[0.238s] -- Up-to-date: /home/user/Jina/install/dsr_hardware2/share/dsr_hardware2/environment/ament_prefix_path.dsv
[0.238s] -- Up-to-date: /home/user/Jina/install/dsr_hardware2/share/dsr_hardware2/environment/path.sh
[0.238s] -- Up-to-date: /home/user/Jina/install/dsr_hardware2/share/dsr_hardware2/environment/path.dsv
[0.238s] -- Up-to-date: /home/user/Jina/install/dsr_hardware2/share/dsr_hardware2/local_setup.bash
[0.238s] -- Up-to-date: /home/user/Jina/install/dsr_hardware2/share/dsr_hardware2/local_setup.sh
[0.238s] -- Up-to-date: /home/user/Jina/install/dsr_hardware2/share/dsr_hardware2/local_setup.zsh
[0.238s] -- Up-to-date: /home/user/Jina/install/dsr_hardware2/share/dsr_hardware2/local_setup.dsv
[0.238s] -- Installing: /home/user/Jina/install/dsr_hardware2/share/dsr_hardware2/package.dsv
[0.238s] -- Up-to-date: /home/user/Jina/install/dsr_hardware2/share/ament_index/resource_index/packages/dsr_hardware2
[0.238s] -- Up-to-date: /home/user/Jina/install/dsr_hardware2/share/ament_index/resource_index/hardware_interface__pluginlib__plugin/dsr_hardware2
[0.238s] -- Up-to-date: /home/user/Jina/install/dsr_hardware2/share/ament_index/resource_index/controller_interface__pluginlib__plugin/dsr_hardware2
[0.238s] -- Up-to-date: /home/user/Jina/install/dsr_hardware2/share/dsr_hardware2/cmake/export_dsr_hardware2Export.cmake
[0.238s] -- Up-to-date: /home/user/Jina/install/dsr_hardware2/share/dsr_hardware2/cmake/export_dsr_hardware2Export-noconfig.cmake
[0.239s] -- Up-to-date: /home/user/Jina/install/dsr_hardware2/share/dsr_hardware2/cmake/ament_cmake_export_targets-extras.cmake
[0.239s] -- Up-to-date: /home/user/Jina/install/dsr_hardware2/share/dsr_hardware2/cmake/ament_cmake_export_dependencies-extras.cmake
[0.239s] -- Up-to-date: /home/user/Jina/install/dsr_hardware2/share/dsr_hardware2/cmake/dsr_hardware2Config.cmake
[0.239s] -- Up-to-date: /home/user/Jina/install/dsr_hardware2/share/dsr_hardware2/cmake/dsr_hardware2Config-version.cmake
[0.239s] -- Up-to-date: /home/user/Jina/install/dsr_hardware2/share/dsr_hardware2/package.xml
[0.240s] Invoked command in '/home/user/Jina/build/dsr_hardware2' returned '0': AMENT_PREFIX_PATH=/home/user/Jina/install/dsr_msgs2:${AMENT_PREFIX_PATH} CMAKE_PREFIX_PATH=/home/user/Jina/install/dsr_msgs2:/opt/ros/humble LD_LIBRARY_PATH=/home/user/Jina/install/dsr_msgs2/lib:${LD_LIBRARY_PATH} PYTHONPATH=/home/user/Jina/install/dsr_msgs2/local/lib/python3.10/dist-packages:${PYTHONPATH} /usr/bin/cmake --install /home/user/Jina/build/dsr_hardware2
