[1.669s] Invoking command in '/home/user/Jina/src/tower_builder': PYTHONPATH=/home/user/Jina/build/tower_builder/prefix_override:/usr/lib/python3/dist-packages/colcon_core/task/python/colcon_distutils_commands:/home/user/Jina/install/tower_builder/lib/python3.10/site-packages:${PYTHONPATH} /usr/bin/python3 -W ignore:setup.py install is deprecated -W ignore:easy_install command is deprecated setup.py egg_info --egg-base ../../build/tower_builder build --build-base /home/user/Jina/build/tower_builder/build install --record /home/user/Jina/build/tower_builder/install.log --single-version-externally-managed install_data
[1.970s] running egg_info
[1.971s] writing ../../build/tower_builder/tower_builder.egg-info/PKG-INFO
[1.972s] writing dependency_links to ../../build/tower_builder/tower_builder.egg-info/dependency_links.txt
[1.972s] writing entry points to ../../build/tower_builder/tower_builder.egg-info/entry_points.txt
[1.972s] writing requirements to ../../build/tower_builder/tower_builder.egg-info/requires.txt
[1.972s] writing top-level names to ../../build/tower_builder/tower_builder.egg-info/top_level.txt
[1.976s] reading manifest file '../../build/tower_builder/tower_builder.egg-info/SOURCES.txt'
[1.977s] writing manifest file '../../build/tower_builder/tower_builder.egg-info/SOURCES.txt'
[1.977s] running build
[1.977s] running build_py
[1.978s] running install
[1.979s] running install_lib
[1.981s] running install_data
[1.981s] running install_egg_info
[1.983s] removing '/home/user/Jina/install/tower_builder/lib/python3.10/site-packages/tower_builder-0.0.0-py3.10.egg-info' (and everything under it)
[1.983s] Copying ../../build/tower_builder/tower_builder.egg-info to /home/user/Jina/install/tower_builder/lib/python3.10/site-packages/tower_builder-0.0.0-py3.10.egg-info
[1.984s] running install_scripts
[2.006s] Installing cam script to /home/user/Jina/install/tower_builder/lib/tower_builder
[2.006s] Installing hub script to /home/user/Jina/install/tower_builder/lib/tower_builder
[2.006s] Installing pyo script to /home/user/Jina/install/tower_builder/lib/tower_builder
[2.007s] Installing rob script to /home/user/Jina/install/tower_builder/lib/tower_builder
[2.007s] Installing stb script to /home/user/Jina/install/tower_builder/lib/tower_builder
[2.007s] Installing try script to /home/user/Jina/install/tower_builder/lib/tower_builder
[2.007s] writing list of installed files to '/home/user/Jina/build/tower_builder/install.log'
[2.043s] Invoked command in '/home/user/Jina/src/tower_builder' returned '0': PYTHONPATH=/home/user/Jina/build/tower_builder/prefix_override:/usr/lib/python3/dist-packages/colcon_core/task/python/colcon_distutils_commands:/home/user/Jina/install/tower_builder/lib/python3.10/site-packages:${PYTHONPATH} /usr/bin/python3 -W ignore:setup.py install is deprecated -W ignore:easy_install command is deprecated setup.py egg_info --egg-base ../../build/tower_builder build --build-base /home/user/Jina/build/tower_builder/build install --record /home/user/Jina/build/tower_builder/install.log --single-version-externally-managed install_data
