[0.057s] Invoking command in '/home/user/Jina/build/dsr_moveit_config_e0509': CMAKE_PREFIX_PATH=${CMAKE_PREFIX_PATH}:/home/user/Jina/install/tower_builder:/home/user/Jina/install/dsr_visualservoing:/home/user/Jina/install/dsr_tests:/home/user/Jina/install/dsr_bringup2:/home/user/Jina/install/dsr_example:/opt/ros/humble /usr/bin/cmake --build /home/user/Jina/build/dsr_moveit_config_e0509 -- -j12 -l12
[0.109s] Invoked command in '/home/user/Jina/build/dsr_moveit_config_e0509' returned '0': CMAKE_PREFIX_PATH=${CMAKE_PREFIX_PATH}:/home/user/Jina/install/tower_builder:/home/user/Jina/install/dsr_visualservoing:/home/user/Jina/install/dsr_tests:/home/user/Jina/install/dsr_bringup2:/home/user/Jina/install/dsr_example:/opt/ros/humble /usr/bin/cmake --build /home/user/Jina/build/dsr_moveit_config_e0509 -- -j12 -l12
[0.119s] Invoking command in '/home/user/Jina/build/dsr_moveit_config_e0509': CMAKE_PREFIX_PATH=${CMAKE_PREFIX_PATH}:/home/user/Jina/install/tower_builder:/home/user/Jina/install/dsr_visualservoing:/home/user/Jina/install/dsr_tests:/home/user/Jina/install/dsr_bringup2:/home/user/Jina/install/dsr_example:/opt/ros/humble /usr/bin/cmake --install /home/user/Jina/build/dsr_moveit_config_e0509
[0.129s] -- Install configuration: ""
[0.130s] -- Up-to-date: /home/user/Jina/install/dsr_moveit_config_e0509/share/ament_index/resource_index/package_run_dependencies/dsr_moveit_config_e0509
[0.130s] -- Up-to-date: /home/user/Jina/install/dsr_moveit_config_e0509/share/ament_index/resource_index/parent_prefix_path/dsr_moveit_config_e0509
[0.130s] -- Up-to-date: /home/user/Jina/install/dsr_moveit_config_e0509/share/dsr_moveit_config_e0509/environment/ament_prefix_path.sh
[0.131s] -- Up-to-date: /home/user/Jina/install/dsr_moveit_config_e0509/share/dsr_moveit_config_e0509/environment/ament_prefix_path.dsv
[0.131s] -- Up-to-date: /home/user/Jina/install/dsr_moveit_config_e0509/share/dsr_moveit_config_e0509/environment/path.sh
[0.133s] -- Up-to-date: /home/user/Jina/install/dsr_moveit_config_e0509/share/dsr_moveit_config_e0509/environment/path.dsv
[0.134s] -- Up-to-date: /home/user/Jina/install/dsr_moveit_config_e0509/share/dsr_moveit_config_e0509/local_setup.bash
[0.134s] -- Up-to-date: /home/user/Jina/install/dsr_moveit_config_e0509/share/dsr_moveit_config_e0509/local_setup.sh
[0.134s] -- Up-to-date: /home/user/Jina/install/dsr_moveit_config_e0509/share/dsr_moveit_config_e0509/local_setup.zsh
[0.134s] -- Up-to-date: /home/user/Jina/install/dsr_moveit_config_e0509/share/dsr_moveit_config_e0509/local_setup.dsv
[0.135s] -- Installing: /home/user/Jina/install/dsr_moveit_config_e0509/share/dsr_moveit_config_e0509/package.dsv
[0.136s] -- Up-to-date: /home/user/Jina/install/dsr_moveit_config_e0509/share/ament_index/resource_index/packages/dsr_moveit_config_e0509
[0.136s] -- Up-to-date: /home/user/Jina/install/dsr_moveit_config_e0509/share/dsr_moveit_config_e0509/cmake/dsr_moveit_config_e0509Config.cmake
[0.137s] -- Up-to-date: /home/user/Jina/install/dsr_moveit_config_e0509/share/dsr_moveit_config_e0509/cmake/dsr_moveit_config_e0509Config-version.cmake
[0.137s] -- Up-to-date: /home/user/Jina/install/dsr_moveit_config_e0509/share/dsr_moveit_config_e0509/package.xml
[0.137s] -- Up-to-date: /home/user/Jina/install/dsr_moveit_config_e0509/share/dsr_moveit_config_e0509/launch
[0.138s] -- Up-to-date: /home/user/Jina/install/dsr_moveit_config_e0509/share/dsr_moveit_config_e0509/launch/start.launch.py
[0.139s] -- Up-to-date: /home/user/Jina/install/dsr_moveit_config_e0509/share/dsr_moveit_config_e0509/launch/moveit.rviz
[0.139s] -- Up-to-date: /home/user/Jina/install/dsr_moveit_config_e0509/share/dsr_moveit_config_e0509/launch/demo.launch.py
[0.140s] -- Up-to-date: /home/user/Jina/install/dsr_moveit_config_e0509/share/dsr_moveit_config_e0509/config
[0.140s] -- Up-to-date: /home/user/Jina/install/dsr_moveit_config_e0509/share/dsr_moveit_config_e0509/config/initial_positions.yaml
[0.142s] -- Up-to-date: /home/user/Jina/install/dsr_moveit_config_e0509/share/dsr_moveit_config_e0509/config/moveit_controllers.yaml
[0.142s] -- Up-to-date: /home/user/Jina/install/dsr_moveit_config_e0509/share/dsr_moveit_config_e0509/config/joint_limits.yaml
[0.143s] -- Up-to-date: /home/user/Jina/install/dsr_moveit_config_e0509/share/dsr_moveit_config_e0509/config/sensors_3d.yaml
[0.143s] -- Up-to-date: /home/user/Jina/install/dsr_moveit_config_e0509/share/dsr_moveit_config_e0509/config/dsr.ros2_control.xacro
[0.143s] -- Up-to-date: /home/user/Jina/install/dsr_moveit_config_e0509/share/dsr_moveit_config_e0509/config/e0509.urdf.xacro
[0.143s] -- Up-to-date: /home/user/Jina/install/dsr_moveit_config_e0509/share/dsr_moveit_config_e0509/config/chomp_planning.yaml
[0.147s] -- Up-to-date: /home/user/Jina/install/dsr_moveit_config_e0509/share/dsr_moveit_config_e0509/config/kinematics.yaml
[0.147s] -- Up-to-date: /home/user/Jina/install/dsr_moveit_config_e0509/share/dsr_moveit_config_e0509/config/dsr.srdf
[0.148s] -- Up-to-date: /home/user/Jina/install/dsr_moveit_config_e0509/share/dsr_moveit_config_e0509/config/pilz_cartesian_limits.yaml
[0.149s] -- Up-to-date: /home/user/Jina/install/dsr_moveit_config_e0509/share/dsr_moveit_config_e0509/config/pilz_industrial_motion_planner_planning.yaml
[0.149s] -- Up-to-date: /home/user/Jina/install/dsr_moveit_config_e0509/share/dsr_moveit_config_e0509/config/ompl_planning.yaml
[0.149s] -- Up-to-date: /home/user/Jina/install/dsr_moveit_config_e0509/share/dsr_moveit_config_e0509/config/ros2_controllers.yaml
[0.149s] -- Up-to-date: /home/user/Jina/install/dsr_moveit_config_e0509/share/dsr_moveit_config_e0509/.setup_assistant
[0.229s] Invoked command in '/home/user/Jina/build/dsr_moveit_config_e0509' returned '0': CMAKE_PREFIX_PATH=${CMAKE_PREFIX_PATH}:/home/user/Jina/install/tower_builder:/home/user/Jina/install/dsr_visualservoing:/home/user/Jina/install/dsr_tests:/home/user/Jina/install/dsr_bringup2:/home/user/Jina/install/dsr_example:/opt/ros/humble /usr/bin/cmake --install /home/user/Jina/build/dsr_moveit_config_e0509
