[2.270s] Invoking command in '/home/user/Jina/src/tower_builder': PYTHONPATH=/home/user/Jina/build/tower_builder/prefix_override:/usr/lib/python3/dist-packages/colcon_core/task/python/colcon_distutils_commands:/home/user/Jina/install/tower_builder/lib/python3.10/site-packages:${PYTHONPATH} /usr/bin/python3 -W ignore:setup.py install is deprecated -W ignore:easy_install command is deprecated setup.py egg_info --egg-base ../../build/tower_builder build --build-base /home/user/Jina/build/tower_builder/build install --record /home/user/Jina/build/tower_builder/install.log --single-version-externally-managed install_data
[2.784s] running egg_info
[2.785s] writing ../../build/tower_builder/tower_builder.egg-info/PKG-INFO
[2.786s] writing dependency_links to ../../build/tower_builder/tower_builder.egg-info/dependency_links.txt
[2.786s] writing entry points to ../../build/tower_builder/tower_builder.egg-info/entry_points.txt
[2.787s] writing requirements to ../../build/tower_builder/tower_builder.egg-info/requires.txt
[2.787s] writing top-level names to ../../build/tower_builder/tower_builder.egg-info/top_level.txt
[2.794s] reading manifest file '../../build/tower_builder/tower_builder.egg-info/SOURCES.txt'
[2.795s] writing manifest file '../../build/tower_builder/tower_builder.egg-info/SOURCES.txt'
[2.796s] running build
[2.796s] running build_py
[2.797s] copying tower_builder/gripper_drl_controller.py -> /home/user/Jina/build/tower_builder/build/lib/tower_builder
[2.798s] running install
[2.799s] running install_lib
[2.801s] copying /home/user/Jina/build/tower_builder/build/lib/tower_builder/gripper_drl_controller.py -> /home/user/Jina/install/tower_builder/lib/python3.10/site-packages/tower_builder
[2.803s] byte-compiling /home/user/Jina/install/tower_builder/lib/python3.10/site-packages/tower_builder/gripper_drl_controller.py to gripper_drl_controller.cpython-310.pyc
[2.806s] running install_data
[2.806s] running install_egg_info
[2.812s] removing '/home/user/Jina/install/tower_builder/lib/python3.10/site-packages/tower_builder-0.0.0-py3.10.egg-info' (and everything under it)
[2.813s] Copying ../../build/tower_builder/tower_builder.egg-info to /home/user/Jina/install/tower_builder/lib/python3.10/site-packages/tower_builder-0.0.0-py3.10.egg-info
[2.814s] running install_scripts
[2.865s] Installing cam script to /home/user/Jina/install/tower_builder/lib/tower_builder
[2.865s] Installing hub script to /home/user/Jina/install/tower_builder/lib/tower_builder
[2.866s] Installing pyo script to /home/user/Jina/install/tower_builder/lib/tower_builder
[2.866s] Installing rob script to /home/user/Jina/install/tower_builder/lib/tower_builder
[2.866s] Installing stb script to /home/user/Jina/install/tower_builder/lib/tower_builder
[2.866s] Installing try script to /home/user/Jina/install/tower_builder/lib/tower_builder
[2.868s] writing list of installed files to '/home/user/Jina/build/tower_builder/install.log'
[3.000s] Invoked command in '/home/user/Jina/src/tower_builder' returned '0': PYTHONPATH=/home/user/Jina/build/tower_builder/prefix_override:/usr/lib/python3/dist-packages/colcon_core/task/python/colcon_distutils_commands:/home/user/Jina/install/tower_builder/lib/python3.10/site-packages:${PYTHONPATH} /usr/bin/python3 -W ignore:setup.py install is deprecated -W ignore:easy_install command is deprecated setup.py egg_info --egg-base ../../build/tower_builder build --build-base /home/user/Jina/build/tower_builder/build install --record /home/user/Jina/build/tower_builder/install.log --single-version-externally-managed install_data
