[0.044s] Invoking command in '/home/user/Jina/build/dsr_moveit_config_h2515': CMAKE_PREFIX_PATH=${CMAKE_PREFIX_PATH}:/home/user/Jina/install/tower_builder:/home/user/Jina/install/dsr_visualservoing:/home/user/Jina/install/dsr_tests:/home/user/Jina/install/dsr_bringup2:/home/user/Jina/install/dsr_example:/opt/ros/humble /usr/bin/cmake --build /home/user/Jina/build/dsr_moveit_config_h2515 -- -j12 -l12
[0.222s] Invoked command in '/home/user/Jina/build/dsr_moveit_config_h2515' returned '0': CMAKE_PREFIX_PATH=${CMAKE_PREFIX_PATH}:/home/user/Jina/install/tower_builder:/home/user/Jina/install/dsr_visualservoing:/home/user/Jina/install/dsr_tests:/home/user/Jina/install/dsr_bringup2:/home/user/Jina/install/dsr_example:/opt/ros/humble /usr/bin/cmake --build /home/user/Jina/build/dsr_moveit_config_h2515 -- -j12 -l12
[0.222s] Invoking command in '/home/user/Jina/build/dsr_moveit_config_h2515': CMAKE_PREFIX_PATH=${CMAKE_PREFIX_PATH}:/home/user/Jina/install/tower_builder:/home/user/Jina/install/dsr_visualservoing:/home/user/Jina/install/dsr_tests:/home/user/Jina/install/dsr_bringup2:/home/user/Jina/install/dsr_example:/opt/ros/humble /usr/bin/cmake --install /home/user/Jina/build/dsr_moveit_config_h2515
[0.241s] -- Install configuration: ""
[0.241s] -- Up-to-date: /home/user/Jina/install/dsr_moveit_config_h2515/share/ament_index/resource_index/package_run_dependencies/dsr_moveit_config_h2515
[0.241s] -- Up-to-date: /home/user/Jina/install/dsr_moveit_config_h2515/share/ament_index/resource_index/parent_prefix_path/dsr_moveit_config_h2515
[0.241s] -- Up-to-date: /home/user/Jina/install/dsr_moveit_config_h2515/share/dsr_moveit_config_h2515/environment/ament_prefix_path.sh
[0.241s] -- Up-to-date: /home/user/Jina/install/dsr_moveit_config_h2515/share/dsr_moveit_config_h2515/environment/ament_prefix_path.dsv
[0.242s] -- Up-to-date: /home/user/Jina/install/dsr_moveit_config_h2515/share/dsr_moveit_config_h2515/environment/path.sh
[0.242s] -- Up-to-date: /home/user/Jina/install/dsr_moveit_config_h2515/share/dsr_moveit_config_h2515/environment/path.dsv
[0.242s] -- Up-to-date: /home/user/Jina/install/dsr_moveit_config_h2515/share/dsr_moveit_config_h2515/local_setup.bash
[0.242s] -- Up-to-date: /home/user/Jina/install/dsr_moveit_config_h2515/share/dsr_moveit_config_h2515/local_setup.sh
[0.242s] -- Up-to-date: /home/user/Jina/install/dsr_moveit_config_h2515/share/dsr_moveit_config_h2515/local_setup.zsh
[0.242s] -- Up-to-date: /home/user/Jina/install/dsr_moveit_config_h2515/share/dsr_moveit_config_h2515/local_setup.dsv
[0.242s] -- Installing: /home/user/Jina/install/dsr_moveit_config_h2515/share/dsr_moveit_config_h2515/package.dsv
[0.242s] -- Up-to-date: /home/user/Jina/install/dsr_moveit_config_h2515/share/ament_index/resource_index/packages/dsr_moveit_config_h2515
[0.243s] -- Up-to-date: /home/user/Jina/install/dsr_moveit_config_h2515/share/dsr_moveit_config_h2515/cmake/dsr_moveit_config_h2515Config.cmake
[0.243s] -- Up-to-date: /home/user/Jina/install/dsr_moveit_config_h2515/share/dsr_moveit_config_h2515/cmake/dsr_moveit_config_h2515Config-version.cmake
[0.243s] -- Up-to-date: /home/user/Jina/install/dsr_moveit_config_h2515/share/dsr_moveit_config_h2515/package.xml
[0.243s] -- Up-to-date: /home/user/Jina/install/dsr_moveit_config_h2515/share/dsr_moveit_config_h2515/launch
[0.243s] -- Up-to-date: /home/user/Jina/install/dsr_moveit_config_h2515/share/dsr_moveit_config_h2515/launch/start.launch.py
[0.243s] -- Up-to-date: /home/user/Jina/install/dsr_moveit_config_h2515/share/dsr_moveit_config_h2515/launch/moveit.rviz
[0.243s] -- Up-to-date: /home/user/Jina/install/dsr_moveit_config_h2515/share/dsr_moveit_config_h2515/launch/demo.launch.py
[0.243s] -- Up-to-date: /home/user/Jina/install/dsr_moveit_config_h2515/share/dsr_moveit_config_h2515/config
[0.243s] -- Up-to-date: /home/user/Jina/install/dsr_moveit_config_h2515/share/dsr_moveit_config_h2515/config/initial_positions.yaml
[0.244s] -- Up-to-date: /home/user/Jina/install/dsr_moveit_config_h2515/share/dsr_moveit_config_h2515/config/moveit_controllers.yaml
[0.244s] -- Up-to-date: /home/user/Jina/install/dsr_moveit_config_h2515/share/dsr_moveit_config_h2515/config/joint_limits.yaml
[0.244s] -- Up-to-date: /home/user/Jina/install/dsr_moveit_config_h2515/share/dsr_moveit_config_h2515/config/sensors_3d.yaml
[0.244s] -- Up-to-date: /home/user/Jina/install/dsr_moveit_config_h2515/share/dsr_moveit_config_h2515/config/dsr.ros2_control.xacro
[0.244s] -- Up-to-date: /home/user/Jina/install/dsr_moveit_config_h2515/share/dsr_moveit_config_h2515/config/chomp_planning.yaml
[0.244s] -- Up-to-date: /home/user/Jina/install/dsr_moveit_config_h2515/share/dsr_moveit_config_h2515/config/kinematics.yaml
[0.244s] -- Up-to-date: /home/user/Jina/install/dsr_moveit_config_h2515/share/dsr_moveit_config_h2515/config/dsr.srdf
[0.244s] -- Up-to-date: /home/user/Jina/install/dsr_moveit_config_h2515/share/dsr_moveit_config_h2515/config/pilz_cartesian_limits.yaml
[0.244s] -- Up-to-date: /home/user/Jina/install/dsr_moveit_config_h2515/share/dsr_moveit_config_h2515/config/pilz_industrial_motion_planner_planning.yaml
[0.244s] -- Up-to-date: /home/user/Jina/install/dsr_moveit_config_h2515/share/dsr_moveit_config_h2515/config/ompl_planning.yaml
[0.244s] -- Up-to-date: /home/user/Jina/install/dsr_moveit_config_h2515/share/dsr_moveit_config_h2515/config/h2515.urdf.xacro
[0.244s] -- Up-to-date: /home/user/Jina/install/dsr_moveit_config_h2515/share/dsr_moveit_config_h2515/config/ros2_controllers.yaml
[0.244s] -- Up-to-date: /home/user/Jina/install/dsr_moveit_config_h2515/share/dsr_moveit_config_h2515/.setup_assistant
[0.373s] Invoked command in '/home/user/Jina/build/dsr_moveit_config_h2515' returned '0': CMAKE_PREFIX_PATH=${CMAKE_PREFIX_PATH}:/home/user/Jina/install/tower_builder:/home/user/Jina/install/dsr_visualservoing:/home/user/Jina/install/dsr_tests:/home/user/Jina/install/dsr_bringup2:/home/user/Jina/install/dsr_example:/opt/ros/humble /usr/bin/cmake --install /home/user/Jina/build/dsr_moveit_config_h2515
