[4.243s] Invoking command in '/home/user/Jina/src/doosan-robot2/dsr_example2/dsr_visualservoing': PYTHONPATH=/home/user/Jina/build/dsr_visualservoing/prefix_override:/usr/lib/python3/dist-packages/colcon_core/task/python/colcon_distutils_commands:/home/user/Jina/install/dsr_visualservoing/lib/python3.10/site-packages:${PYTHONPATH} /usr/bin/python3 -W ignore:setup.py install is deprecated -W ignore:easy_install command is deprecated setup.py egg_info --egg-base ../../../../build/dsr_visualservoing build --build-base /home/user/Jina/build/dsr_visualservoing/build install --record /home/user/Jina/build/dsr_visualservoing/install.log --single-version-externally-managed install_data
[5.190s] running egg_info
[5.194s] writing ../../../../build/dsr_visualservoing/dsr_visualservoing.egg-info/PKG-INFO
[5.200s] writing dependency_links to ../../../../build/dsr_visualservoing/dsr_visualservoing.egg-info/dependency_links.txt
[5.202s] writing entry points to ../../../../build/dsr_visualservoing/dsr_visualservoing.egg-info/entry_points.txt
[5.204s] writing requirements to ../../../../build/dsr_visualservoing/dsr_visualservoing.egg-info/requires.txt
[5.211s] writing top-level names to ../../../../build/dsr_visualservoing/dsr_visualservoing.egg-info/top_level.txt
[5.224s] reading manifest file '../../../../build/dsr_visualservoing/dsr_visualservoing.egg-info/SOURCES.txt'
[5.226s] writing manifest file '../../../../build/dsr_visualservoing/dsr_visualservoing.egg-info/SOURCES.txt'
[5.226s] running build
[5.226s] running build_py
[5.234s] running install
[5.234s] running install_lib
[5.244s] running install_data
[5.244s] running install_egg_info
[5.253s] removing '/home/user/Jina/install/dsr_visualservoing/lib/python3.10/site-packages/dsr_visualservoing-0.0.0-py3.10.egg-info' (and everything under it)
[5.259s] Copying ../../../../build/dsr_visualservoing/dsr_visualservoing.egg-info to /home/user/Jina/install/dsr_visualservoing/lib/python3.10/site-packages/dsr_visualservoing-0.0.0-py3.10.egg-info
[5.263s] running install_scripts
[5.342s] Installing camera_publisher script to /home/user/Jina/install/dsr_visualservoing/lib/dsr_visualservoing
[5.342s] Installing detect_marker_gz script to /home/user/Jina/install/dsr_visualservoing/lib/dsr_visualservoing
[5.342s] Installing joint90 script to /home/user/Jina/install/dsr_visualservoing/lib/dsr_visualservoing
[5.342s] Installing send_pose_servol_gz script to /home/user/Jina/install/dsr_visualservoing/lib/dsr_visualservoing
[5.343s] writing list of installed files to '/home/user/Jina/build/dsr_visualservoing/install.log'
[5.501s] Invoked command in '/home/user/Jina/src/doosan-robot2/dsr_example2/dsr_visualservoing' returned '0': PYTHONPATH=/home/user/Jina/build/dsr_visualservoing/prefix_override:/usr/lib/python3/dist-packages/colcon_core/task/python/colcon_distutils_commands:/home/user/Jina/install/dsr_visualservoing/lib/python3.10/site-packages:${PYTHONPATH} /usr/bin/python3 -W ignore:setup.py install is deprecated -W ignore:easy_install command is deprecated setup.py egg_info --egg-base ../../../../build/dsr_visualservoing build --build-base /home/user/Jina/build/dsr_visualservoing/build install --record /home/user/Jina/build/dsr_visualservoing/install.log --single-version-externally-managed install_data
