[0.045s] Invoking command in '/home/user/Jina/build/dsr_common2': CMAKE_PREFIX_PATH=/opt/ros/humble /usr/bin/cmake --build /home/user/Jina/build/dsr_common2 -- -j12 -l12
[0.114s] Invoked command in '/home/user/Jina/build/dsr_common2' returned '0': CMAKE_PREFIX_PATH=/opt/ros/humble /usr/bin/cmake --build /home/user/Jina/build/dsr_common2 -- -j12 -l12
[0.116s] Invoking command in '/home/user/Jina/build/dsr_common2': CMAKE_PREFIX_PATH=/opt/ros/humble /usr/bin/cmake --install /home/user/Jina/build/dsr_common2
[0.136s] -- Install configuration: ""
[0.142s] -- Up-to-date: /home/user/Jina/install/dsr_common2/lib/python3.10/site-packages/
[0.142s] -- Up-to-date: /home/user/Jina/install/dsr_common2/lib/python3.10/site-packages//DR_common2.py
[0.142s] -- Up-to-date: /home/user/Jina/install/dsr_common2/lib/python3.10/site-packages//DR_error2.py
[0.143s] -- Up-to-date: /home/user/Jina/install/dsr_common2/lib/python3.10/site-packages//DR_tcp_server2.py
[0.143s] -- Up-to-date: /home/user/Jina/install/dsr_common2/lib/python3.10/site-packages//DSR_ROBOT2.py
[0.143s] -- Up-to-date: /home/user/Jina/install/dsr_common2/lib/python3.10/site-packages//__init__.py
[0.143s] -- Up-to-date: /home/user/Jina/install/dsr_common2/lib/python3.10/site-packages//DSR_util2.py
[0.143s] -- Up-to-date: /home/user/Jina/install/dsr_common2/lib/python3.10/site-packages//DR_init.py
[0.143s] -- Up-to-date: /home/user/Jina/install/dsr_common2/lib/python3.10/site-packages//DRFC.py
[0.143s] -- Up-to-date: /home/user/Jina/install/dsr_common2/lib/python3.10/site-packages//DR_tcp_client2.py
[0.143s] -- Up-to-date: /home/user/Jina/install/dsr_common2/share/ament_index/resource_index/package_run_dependencies/dsr_common2
[0.143s] -- Up-to-date: /home/user/Jina/install/dsr_common2/share/ament_index/resource_index/parent_prefix_path/dsr_common2
[0.148s] -- Up-to-date: /home/user/Jina/install/dsr_common2/share/dsr_common2/environment/ament_prefix_path.sh
[0.149s] -- Up-to-date: /home/user/Jina/install/dsr_common2/share/dsr_common2/environment/ament_prefix_path.dsv
[0.149s] -- Up-to-date: /home/user/Jina/install/dsr_common2/share/dsr_common2/environment/path.sh
[0.149s] -- Up-to-date: /home/user/Jina/install/dsr_common2/share/dsr_common2/environment/path.dsv
[0.149s] -- Up-to-date: /home/user/Jina/install/dsr_common2/share/dsr_common2/local_setup.bash
[0.149s] -- Up-to-date: /home/user/Jina/install/dsr_common2/share/dsr_common2/local_setup.sh
[0.149s] -- Up-to-date: /home/user/Jina/install/dsr_common2/share/dsr_common2/local_setup.zsh
[0.149s] -- Up-to-date: /home/user/Jina/install/dsr_common2/share/dsr_common2/local_setup.dsv
[0.149s] -- Installing: /home/user/Jina/install/dsr_common2/share/dsr_common2/package.dsv
[0.151s] -- Up-to-date: /home/user/Jina/install/dsr_common2/share/ament_index/resource_index/packages/dsr_common2
[0.151s] -- Up-to-date: /home/user/Jina/install/dsr_common2/share/dsr_common2/cmake/dsr_common2Config.cmake
[0.151s] -- Up-to-date: /home/user/Jina/install/dsr_common2/share/dsr_common2/cmake/dsr_common2Config-version.cmake
[0.151s] -- Up-to-date: /home/user/Jina/install/dsr_common2/share/dsr_common2/package.xml
[0.151s] -- Up-to-date: /home/user/Jina/install/dsr_common2/share/dsr_common2/bin
[0.152s] -- Up-to-date: /home/user/Jina/install/dsr_common2/share/dsr_common2/bin/run_drcf.sh
[0.152s] -- Up-to-date: /home/user/Jina/install/dsr_common2/share/dsr_common2/bin/common2
[0.152s] -- Up-to-date: /home/user/Jina/install/dsr_common2/lib/dsr_common2/imp
[0.152s] -- Up-to-date: /home/user/Jina/install/dsr_common2/lib/dsr_common2/imp/DR_common2.py
[0.152s] -- Up-to-date: /home/user/Jina/install/dsr_common2/lib/dsr_common2/imp/DR_error2.py
[0.152s] -- Up-to-date: /home/user/Jina/install/dsr_common2/lib/dsr_common2/imp/DR_tcp_server2.py
[0.152s] -- Up-to-date: /home/user/Jina/install/dsr_common2/lib/dsr_common2/imp/DSR_ROBOT2.py
[0.152s] -- Up-to-date: /home/user/Jina/install/dsr_common2/lib/dsr_common2/imp/__init__.py
[0.152s] -- Up-to-date: /home/user/Jina/install/dsr_common2/lib/dsr_common2/imp/DSR_util2.py
[0.152s] -- Up-to-date: /home/user/Jina/install/dsr_common2/lib/dsr_common2/imp/DR_init.py
[0.152s] -- Up-to-date: /home/user/Jina/install/dsr_common2/lib/dsr_common2/imp/DRFC.py
[0.153s] -- Up-to-date: /home/user/Jina/install/dsr_common2/lib/dsr_common2/imp/DR_tcp_client2.py
[0.184s] Invoked command in '/home/user/Jina/build/dsr_common2' returned '0': CMAKE_PREFIX_PATH=/opt/ros/humble /usr/bin/cmake --install /home/user/Jina/build/dsr_common2
