-- Install configuration: ""
-- Up-to-date: /home/user/Jina/install/dsr_moveit_config_m1013/share/ament_index/resource_index/package_run_dependencies/dsr_moveit_config_m1013
-- Up-to-date: /home/user/Jina/install/dsr_moveit_config_m1013/share/ament_index/resource_index/parent_prefix_path/dsr_moveit_config_m1013
-- Up-to-date: /home/user/Jina/install/dsr_moveit_config_m1013/share/dsr_moveit_config_m1013/environment/ament_prefix_path.sh
-- Up-to-date: /home/user/Jina/install/dsr_moveit_config_m1013/share/dsr_moveit_config_m1013/environment/ament_prefix_path.dsv
-- Up-to-date: /home/user/Jina/install/dsr_moveit_config_m1013/share/dsr_moveit_config_m1013/environment/path.sh
-- Up-to-date: /home/user/Jina/install/dsr_moveit_config_m1013/share/dsr_moveit_config_m1013/environment/path.dsv
-- Up-to-date: /home/user/Jina/install/dsr_moveit_config_m1013/share/dsr_moveit_config_m1013/local_setup.bash
-- Up-to-date: /home/user/Jina/install/dsr_moveit_config_m1013/share/dsr_moveit_config_m1013/local_setup.sh
-- Up-to-date: /home/user/Jina/install/dsr_moveit_config_m1013/share/dsr_moveit_config_m1013/local_setup.zsh
-- Up-to-date: /home/user/Jina/install/dsr_moveit_config_m1013/share/dsr_moveit_config_m1013/local_setup.dsv
-- Installing: /home/user/Jina/install/dsr_moveit_config_m1013/share/dsr_moveit_config_m1013/package.dsv
-- Up-to-date: /home/user/Jina/install/dsr_moveit_config_m1013/share/ament_index/resource_index/packages/dsr_moveit_config_m1013
-- Up-to-date: /home/user/Jina/install/dsr_moveit_config_m1013/share/dsr_moveit_config_m1013/cmake/dsr_moveit_config_m1013Config.cmake
-- Up-to-date: /home/user/Jina/install/dsr_moveit_config_m1013/share/dsr_moveit_config_m1013/cmake/dsr_moveit_config_m1013Config-version.cmake
-- Up-to-date: /home/user/Jina/install/dsr_moveit_config_m1013/share/dsr_moveit_config_m1013/package.xml
-- Up-to-date: /home/user/Jina/install/dsr_moveit_config_m1013/share/dsr_moveit_config_m1013/launch
-- Up-to-date: /home/user/Jina/install/dsr_moveit_config_m1013/share/dsr_moveit_config_m1013/launch/start.launch.py
-- Up-to-date: /home/user/Jina/install/dsr_moveit_config_m1013/share/dsr_moveit_config_m1013/launch/moveit.rviz
-- Up-to-date: /home/user/Jina/install/dsr_moveit_config_m1013/share/dsr_moveit_config_m1013/launch/demo.launch.py
-- Up-to-date: /home/user/Jina/install/dsr_moveit_config_m1013/share/dsr_moveit_config_m1013/config
-- Up-to-date: /home/user/Jina/install/dsr_moveit_config_m1013/share/dsr_moveit_config_m1013/config/initial_positions.yaml
-- Up-to-date: /home/user/Jina/install/dsr_moveit_config_m1013/share/dsr_moveit_config_m1013/config/moveit_controllers.yaml
-- Up-to-date: /home/user/Jina/install/dsr_moveit_config_m1013/share/dsr_moveit_config_m1013/config/joint_limits.yaml
-- Up-to-date: /home/user/Jina/install/dsr_moveit_config_m1013/share/dsr_moveit_config_m1013/config/sensors_3d.yaml
-- Up-to-date: /home/user/Jina/install/dsr_moveit_config_m1013/share/dsr_moveit_config_m1013/config/dsr.ros2_control.xacro
-- Up-to-date: /home/user/Jina/install/dsr_moveit_config_m1013/share/dsr_moveit_config_m1013/config/chomp_planning.yaml
-- Up-to-date: /home/user/Jina/install/dsr_moveit_config_m1013/share/dsr_moveit_config_m1013/config/m1013.urdf.xacro
-- Up-to-date: /home/user/Jina/install/dsr_moveit_config_m1013/share/dsr_moveit_config_m1013/config/kinematics.yaml
-- Up-to-date: /home/user/Jina/install/dsr_moveit_config_m1013/share/dsr_moveit_config_m1013/config/dsr.srdf
-- Up-to-date: /home/user/Jina/install/dsr_moveit_config_m1013/share/dsr_moveit_config_m1013/config/pilz_cartesian_limits.yaml
-- Up-to-date: /home/user/Jina/install/dsr_moveit_config_m1013/share/dsr_moveit_config_m1013/config/pilz_industrial_motion_planner_planning.yaml
-- Up-to-date: /home/user/Jina/install/dsr_moveit_config_m1013/share/dsr_moveit_config_m1013/config/ompl_planning.yaml
-- Up-to-date: /home/user/Jina/install/dsr_moveit_config_m1013/share/dsr_moveit_config_m1013/config/ros2_controllers.yaml
-- Up-to-date: /home/user/Jina/install/dsr_moveit_config_m1013/share/dsr_moveit_config_m1013/.setup_assistant
