[0.905s] Invoking command in '/home/user/Jina/src/tower_builder': PYTHONPATH=/home/user/Jina/build/tower_builder/prefix_override:/usr/lib/python3/dist-packages/colcon_core/task/python/colcon_distutils_commands:/home/user/Jina/install/tower_builder/lib/python3.10/site-packages:${PYTHONPATH} /usr/bin/python3 -W ignore:setup.py install is deprecated -W ignore:easy_install command is deprecated setup.py egg_info --egg-base ../../build/tower_builder build --build-base /home/user/Jina/build/tower_builder/build install --record /home/user/Jina/build/tower_builder/install.log --single-version-externally-managed install_data
[1.147s] running egg_info
[1.148s] writing ../../build/tower_builder/tower_builder.egg-info/PKG-INFO
[1.148s] writing dependency_links to ../../build/tower_builder/tower_builder.egg-info/dependency_links.txt
[1.148s] writing entry points to ../../build/tower_builder/tower_builder.egg-info/entry_points.txt
[1.149s] writing requirements to ../../build/tower_builder/tower_builder.egg-info/requires.txt
[1.149s] writing top-level names to ../../build/tower_builder/tower_builder.egg-info/top_level.txt
[1.151s] reading manifest file '../../build/tower_builder/tower_builder.egg-info/SOURCES.txt'
[1.152s] writing manifest file '../../build/tower_builder/tower_builder.egg-info/SOURCES.txt'
[1.152s] running build
[1.152s] running build_py
[1.153s] copying tower_builder/junpyo.py -> /home/user/Jina/build/tower_builder/build/lib/tower_builder
[1.153s] copying tower_builder/camera_try.py -> /home/user/Jina/build/tower_builder/build/lib/tower_builder
[1.153s] running install
[1.154s] running install_lib
[1.155s] copying /home/user/Jina/build/tower_builder/build/lib/tower_builder/junpyo.py -> /home/user/Jina/install/tower_builder/lib/python3.10/site-packages/tower_builder
[1.155s] copying /home/user/Jina/build/tower_builder/build/lib/tower_builder/camera_try.py -> /home/user/Jina/install/tower_builder/lib/python3.10/site-packages/tower_builder
[1.155s] byte-compiling /home/user/Jina/install/tower_builder/lib/python3.10/site-packages/tower_builder/main.py to main.cpython-310.pyc
[1.156s]   File "/home/user/Jina/install/tower_builder/lib/python3.10/site-packages/tower_builder/main.py", line 23
[1.156s]     from tower_builder.camera(ori) import BlockDetectionSystem
[1.156s]                              ^
[1.156s] SyntaxError: invalid syntax
[1.156s] 
[1.156s] byte-compiling /home/user/Jina/install/tower_builder/lib/python3.10/site-packages/tower_builder/junpyo.py to junpyo.cpython-310.pyc
[1.157s] byte-compiling /home/user/Jina/install/tower_builder/lib/python3.10/site-packages/tower_builder/camera_try.py to camera_try.cpython-310.pyc
[1.159s] running install_data
[1.160s] running install_egg_info
[1.161s] removing '/home/user/Jina/install/tower_builder/lib/python3.10/site-packages/tower_builder-0.0.0-py3.10.egg-info' (and everything under it)
[1.162s] Copying ../../build/tower_builder/tower_builder.egg-info to /home/user/Jina/install/tower_builder/lib/python3.10/site-packages/tower_builder-0.0.0-py3.10.egg-info
[1.162s] running install_scripts
[1.182s] Installing cam script to /home/user/Jina/install/tower_builder/lib/tower_builder
[1.182s] Installing hub script to /home/user/Jina/install/tower_builder/lib/tower_builder
[1.182s] Installing pyo script to /home/user/Jina/install/tower_builder/lib/tower_builder
[1.182s] Installing rob script to /home/user/Jina/install/tower_builder/lib/tower_builder
[1.182s] Installing stb script to /home/user/Jina/install/tower_builder/lib/tower_builder
[1.182s] Installing try script to /home/user/Jina/install/tower_builder/lib/tower_builder
[1.183s] writing list of installed files to '/home/user/Jina/build/tower_builder/install.log'
[1.228s] Invoked command in '/home/user/Jina/src/tower_builder' returned '0': PYTHONPATH=/home/user/Jina/build/tower_builder/prefix_override:/usr/lib/python3/dist-packages/colcon_core/task/python/colcon_distutils_commands:/home/user/Jina/install/tower_builder/lib/python3.10/site-packages:${PYTHONPATH} /usr/bin/python3 -W ignore:setup.py install is deprecated -W ignore:easy_install command is deprecated setup.py egg_info --egg-base ../../build/tower_builder build --build-base /home/user/Jina/build/tower_builder/build install --record /home/user/Jina/build/tower_builder/install.log --single-version-externally-managed install_data
