[0.068s] Invoking command in '/home/user/Jina/build/dsr_common2': CMAKE_PREFIX_PATH=${CMAKE_PREFIX_PATH}:/home/user/Jina/install/tower_builder:/home/user/Jina/install/dsr_visualservoing:/home/user/Jina/install/dsr_tests:/home/user/Jina/install/dsr_bringup2:/home/user/Jina/install/dsr_example:/opt/ros/humble /usr/bin/cmake --build /home/user/Jina/build/dsr_common2 -- -j12 -l12
[0.156s] Invoked command in '/home/user/Jina/build/dsr_common2' returned '0': CMAKE_PREFIX_PATH=${CMAKE_PREFIX_PATH}:/home/user/Jina/install/tower_builder:/home/user/Jina/install/dsr_visualservoing:/home/user/Jina/install/dsr_tests:/home/user/Jina/install/dsr_bringup2:/home/user/Jina/install/dsr_example:/opt/ros/humble /usr/bin/cmake --build /home/user/Jina/build/dsr_common2 -- -j12 -l12
[0.157s] Invoking command in '/home/user/Jina/build/dsr_common2': CMAKE_PREFIX_PATH=${CMAKE_PREFIX_PATH}:/home/user/Jina/install/tower_builder:/home/user/Jina/install/dsr_visualservoing:/home/user/Jina/install/dsr_tests:/home/user/Jina/install/dsr_bringup2:/home/user/Jina/install/dsr_example:/opt/ros/humble /usr/bin/cmake --install /home/user/Jina/build/dsr_common2
[0.195s] -- Install configuration: ""
[0.195s] -- Up-to-date: /home/user/Jina/install/dsr_common2/lib/python3.10/site-packages/
[0.195s] -- Up-to-date: /home/user/Jina/install/dsr_common2/lib/python3.10/site-packages//DR_common2.py
[0.196s] -- Up-to-date: /home/user/Jina/install/dsr_common2/lib/python3.10/site-packages//DR_error2.py
[0.196s] -- Up-to-date: /home/user/Jina/install/dsr_common2/lib/python3.10/site-packages//DR_tcp_server2.py
[0.196s] -- Up-to-date: /home/user/Jina/install/dsr_common2/lib/python3.10/site-packages//DSR_ROBOT2.py
[0.197s] -- Up-to-date: /home/user/Jina/install/dsr_common2/lib/python3.10/site-packages//__init__.py
[0.197s] -- Up-to-date: /home/user/Jina/install/dsr_common2/lib/python3.10/site-packages//DSR_util2.py
[0.197s] -- Up-to-date: /home/user/Jina/install/dsr_common2/lib/python3.10/site-packages//DR_init.py
[0.197s] -- Up-to-date: /home/user/Jina/install/dsr_common2/lib/python3.10/site-packages//DRFC.py
[0.198s] -- Up-to-date: /home/user/Jina/install/dsr_common2/lib/python3.10/site-packages//DR_tcp_client2.py
[0.198s] -- Up-to-date: /home/user/Jina/install/dsr_common2/share/ament_index/resource_index/package_run_dependencies/dsr_common2
[0.200s] -- Up-to-date: /home/user/Jina/install/dsr_common2/share/ament_index/resource_index/parent_prefix_path/dsr_common2
[0.200s] -- Up-to-date: /home/user/Jina/install/dsr_common2/share/dsr_common2/environment/ament_prefix_path.sh
[0.200s] -- Up-to-date: /home/user/Jina/install/dsr_common2/share/dsr_common2/environment/ament_prefix_path.dsv
[0.201s] -- Up-to-date: /home/user/Jina/install/dsr_common2/share/dsr_common2/environment/path.sh
[0.201s] -- Up-to-date: /home/user/Jina/install/dsr_common2/share/dsr_common2/environment/path.dsv
[0.201s] -- Up-to-date: /home/user/Jina/install/dsr_common2/share/dsr_common2/local_setup.bash
[0.201s] -- Up-to-date: /home/user/Jina/install/dsr_common2/share/dsr_common2/local_setup.sh
[0.201s] -- Up-to-date: /home/user/Jina/install/dsr_common2/share/dsr_common2/local_setup.zsh
[0.202s] -- Up-to-date: /home/user/Jina/install/dsr_common2/share/dsr_common2/local_setup.dsv
[0.202s] -- Installing: /home/user/Jina/install/dsr_common2/share/dsr_common2/package.dsv
[0.203s] -- Up-to-date: /home/user/Jina/install/dsr_common2/share/ament_index/resource_index/packages/dsr_common2
[0.203s] -- Up-to-date: /home/user/Jina/install/dsr_common2/share/dsr_common2/cmake/dsr_common2Config.cmake
[0.203s] -- Up-to-date: /home/user/Jina/install/dsr_common2/share/dsr_common2/cmake/dsr_common2Config-version.cmake
[0.204s] -- Up-to-date: /home/user/Jina/install/dsr_common2/share/dsr_common2/package.xml
[0.204s] -- Up-to-date: /home/user/Jina/install/dsr_common2/share/dsr_common2/bin
[0.204s] -- Up-to-date: /home/user/Jina/install/dsr_common2/share/dsr_common2/bin/run_drcf.sh
[0.204s] -- Up-to-date: /home/user/Jina/install/dsr_common2/share/dsr_common2/bin/common2
[0.205s] -- Up-to-date: /home/user/Jina/install/dsr_common2/lib/dsr_common2/imp
[0.205s] -- Up-to-date: /home/user/Jina/install/dsr_common2/lib/dsr_common2/imp/DR_common2.py
[0.205s] -- Up-to-date: /home/user/Jina/install/dsr_common2/lib/dsr_common2/imp/DR_error2.py
[0.206s] -- Up-to-date: /home/user/Jina/install/dsr_common2/lib/dsr_common2/imp/DR_tcp_server2.py
[0.206s] -- Up-to-date: /home/user/Jina/install/dsr_common2/lib/dsr_common2/imp/DSR_ROBOT2.py
[0.206s] -- Up-to-date: /home/user/Jina/install/dsr_common2/lib/dsr_common2/imp/__init__.py
[0.206s] -- Up-to-date: /home/user/Jina/install/dsr_common2/lib/dsr_common2/imp/DSR_util2.py
[0.207s] -- Up-to-date: /home/user/Jina/install/dsr_common2/lib/dsr_common2/imp/DR_init.py
[0.207s] -- Up-to-date: /home/user/Jina/install/dsr_common2/lib/dsr_common2/imp/DRFC.py
[0.208s] -- Up-to-date: /home/user/Jina/install/dsr_common2/lib/dsr_common2/imp/DR_tcp_client2.py
[0.403s] Invoked command in '/home/user/Jina/build/dsr_common2' returned '0': CMAKE_PREFIX_PATH=${CMAKE_PREFIX_PATH}:/home/user/Jina/install/tower_builder:/home/user/Jina/install/dsr_visualservoing:/home/user/Jina/install/dsr_tests:/home/user/Jina/install/dsr_bringup2:/home/user/Jina/install/dsr_example:/opt/ros/humble /usr/bin/cmake --install /home/user/Jina/build/dsr_common2
