[1.807s] Invoking command in '/home/user/Jina/src/tower_builder': PYTHONPATH=/home/user/Jina/build/tower_builder/prefix_override:/usr/lib/python3/dist-packages/colcon_core/task/python/colcon_distutils_commands:/home/user/Jina/install/tower_builder/lib/python3.10/site-packages:${PYTHONPATH} /usr/bin/python3 -W ignore:setup.py install is deprecated -W ignore:easy_install command is deprecated setup.py egg_info --egg-base ../../build/tower_builder build --build-base /home/user/Jina/build/tower_builder/build install --record /home/user/Jina/build/tower_builder/install.log --single-version-externally-managed install_data
[2.341s] running egg_info
[2.343s] writing ../../build/tower_builder/tower_builder.egg-info/PKG-INFO
[2.343s] writing dependency_links to ../../build/tower_builder/tower_builder.egg-info/dependency_links.txt
[2.344s] writing entry points to ../../build/tower_builder/tower_builder.egg-info/entry_points.txt
[2.344s] writing requirements to ../../build/tower_builder/tower_builder.egg-info/requires.txt
[2.345s] writing top-level names to ../../build/tower_builder/tower_builder.egg-info/top_level.txt
[2.349s] reading manifest file '../../build/tower_builder/tower_builder.egg-info/SOURCES.txt'
[2.351s] writing manifest file '../../build/tower_builder/tower_builder.egg-info/SOURCES.txt'
[2.351s] running build
[2.351s] running build_py
[2.352s] copying tower_builder/main_mod_hub.py -> /home/user/Jina/build/tower_builder/build/lib/tower_builder
[2.353s] running install
[2.354s] running install_lib
[2.357s] copying /home/user/Jina/build/tower_builder/build/lib/tower_builder/main_mod_hub.py -> /home/user/Jina/install/tower_builder/lib/python3.10/site-packages/tower_builder
[2.360s] byte-compiling /home/user/Jina/install/tower_builder/lib/python3.10/site-packages/tower_builder/main_mod_hub.py to main_mod_hub.cpython-310.pyc
[2.365s] running install_data
[2.365s] running install_egg_info
[2.369s] removing '/home/user/Jina/install/tower_builder/lib/python3.10/site-packages/tower_builder-0.0.0-py3.10.egg-info' (and everything under it)
[2.369s] Copying ../../build/tower_builder/tower_builder.egg-info to /home/user/Jina/install/tower_builder/lib/python3.10/site-packages/tower_builder-0.0.0-py3.10.egg-info
[2.371s] running install_scripts
[2.422s] Installing cam script to /home/user/Jina/install/tower_builder/lib/tower_builder
[2.423s] Installing hub script to /home/user/Jina/install/tower_builder/lib/tower_builder
[2.423s] Installing pyo script to /home/user/Jina/install/tower_builder/lib/tower_builder
[2.423s] Installing rob script to /home/user/Jina/install/tower_builder/lib/tower_builder
[2.423s] Installing stb script to /home/user/Jina/install/tower_builder/lib/tower_builder
[2.424s] Installing try script to /home/user/Jina/install/tower_builder/lib/tower_builder
[2.425s] writing list of installed files to '/home/user/Jina/build/tower_builder/install.log'
[2.567s] Invoked command in '/home/user/Jina/src/tower_builder' returned '0': PYTHONPATH=/home/user/Jina/build/tower_builder/prefix_override:/usr/lib/python3/dist-packages/colcon_core/task/python/colcon_distutils_commands:/home/user/Jina/install/tower_builder/lib/python3.10/site-packages:${PYTHONPATH} /usr/bin/python3 -W ignore:setup.py install is deprecated -W ignore:easy_install command is deprecated setup.py egg_info --egg-base ../../build/tower_builder build --build-base /home/user/Jina/build/tower_builder/build install --record /home/user/Jina/build/tower_builder/install.log --single-version-externally-managed install_data
