-- The CXX compiler identification is GNU 11.4.0
-- Detecting CXX compiler ABI info
-- Detecting CXX compiler ABI info - done
-- Check for working CXX compiler: /usr/bin/c++ - skipped
-- Detecting CXX compile features
-- Detecting CXX compile features - done
-- Found ament_cmake: 1.3.12 (/opt/ros/humble/share/ament_cmake/cmake)
-- Found Python3: /usr/bin/python3 (found version "3.10.12") found components: Interpreter 
-- Found forward_command_controller: 2.50.2 (/opt/ros/humble/share/forward_command_controller/cmake)
-- Found rosidl_generator_c: 3.1.7 (/opt/ros/humble/share/rosidl_generator_c/cmake)
-- Found rosidl_adapter: 3.1.7 (/opt/ros/humble/share/rosidl_adapter/cmake)
-- Found rosidl_generator_cpp: 3.1.7 (/opt/ros/humble/share/rosidl_generator_cpp/cmake)
-- Using all available rosidl_typesupport_c: rosidl_typesupport_fastrtps_c;rosidl_typesupport_introspection_c
-- Using all available rosidl_typesupport_cpp: rosidl_typesupport_fastrtps_cpp;rosidl_typesupport_introspection_cpp
-- Found rmw_implementation_cmake: 6.1.2 (/opt/ros/humble/share/rmw_implementation_cmake/cmake)
-- Found rmw_fastrtps_cpp: 6.2.9 (/opt/ros/humble/share/rmw_fastrtps_cpp/cmake)
-- Found OpenSSL: /usr/lib/x86_64-linux-gnu/libcrypto.so (found version "3.0.2")  
-- Found FastRTPS: /opt/ros/humble/include  
-- Using RMW implementation 'rmw_fastrtps_cpp' as default
-- Looking for C++ include pthread.h
-- Looking for C++ include pthread.h - found
-- Performing Test CMAKE_HAVE_LIBC_PTHREAD
-- Performing Test CMAKE_HAVE_LIBC_PTHREAD - Success
-- Found Threads: TRUE  
-- Found dsr_msgs2: 1.1.0 (/home/user/Jina/install/dsr_msgs2/share/dsr_msgs2/cmake)
-- Found moveit_msgs: 2.2.1 (/opt/ros/humble/share/moveit_msgs/cmake)
-- Found dsr_hardware2: 0.0.0 (/home/user/Jina/install/dsr_hardware2/share/dsr_hardware2/cmake)
-- Found eigen3_cmake_module: 0.1.1 (/opt/ros/humble/share/eigen3_cmake_module/cmake)
-- Found Eigen3: TRUE (found version "3.4.0") 
-- Ensuring Eigen3 include directory is part of orocos-kdl CMake target
-- Found rclcpp_components: 16.0.16 (/opt/ros/humble/share/rclcpp_components/cmake)
-- Configuring done
-- Generating done
-- Build files have been written to: /home/user/Jina/build/dsr_controller2
[ 25%] [32mBuilding CXX object CMakeFiles/dsr_joint_trajectory.dir/src/dsr_joint_trajectory.cpp.o[0m
[ 50%] [32mBuilding CXX object CMakeFiles/dsr_controller2.dir/src/dsr_controller2.cpp.o[0m
[ 75%] [32m[1mLinking CXX shared library libdsr_joint_trajectory.so[0m
[ 75%] Built target dsr_joint_trajectory
[100%] [32m[1mLinking CXX shared library libdsr_controller2.so[0m
[100%] Built target dsr_controller2
-- Install configuration: ""
-- Installing: /home/user/Jina/install/dsr_controller2/share/dsr_controller2/dsr_controller2_plugins.xml
-- Installing: /home/user/Jina/install/dsr_controller2/share/dsr_controller2/dsr_joint_trajectory_plugin.xml
-- Installing: /home/user/Jina/install/dsr_controller2/include/dsr_controller2
-- Installing: /home/user/Jina/install/dsr_controller2/include/dsr_controller2/dsr_controller2
-- Installing: /home/user/Jina/install/dsr_controller2/include/dsr_controller2/dsr_controller2/dsr_joint_trajectory.hpp
-- Installing: /home/user/Jina/install/dsr_controller2/include/dsr_controller2/dsr_controller2/visibility_control.h
-- Installing: /home/user/Jina/install/dsr_controller2/include/dsr_controller2/dsr_controller2/dsr_controller2.hpp
-- Installing: /home/user/Jina/install/dsr_controller2/share/dsr_controller2/config
-- Installing: /home/user/Jina/install/dsr_controller2/share/dsr_controller2/config/console.conf
-- Installing: /home/user/Jina/install/dsr_controller2/share/dsr_controller2/config/dsr_controller2_gz.yaml
-- Installing: /home/user/Jina/install/dsr_controller2/share/dsr_controller2/config/dsr_controller2_p3020.yaml
-- Installing: /home/user/Jina/install/dsr_controller2/share/dsr_controller2/config/dsr_controller2_gz_p3020.yaml
-- Installing: /home/user/Jina/install/dsr_controller2/share/dsr_controller2/config/dsr_controller2.yaml
-- Installing: /home/user/Jina/install/dsr_controller2/share/dsr_controller2/config/default.yaml
-- Installing: /home/user/Jina/install/dsr_controller2/share/dsr_controller2/config/dsr_controller2_ex.yaml
-- Installing: /home/user/Jina/install/dsr_controller2/share/dsr_controller2/launch
-- Installing: /home/user/Jina/install/dsr_controller2/share/dsr_controller2/launch/dsr_control2.launch.py
-- Installing: /home/user/Jina/install/dsr_controller2/share/dsr_controller2/launch/dsr_controller2.launch.py
-- Installing: /home/user/Jina/install/dsr_controller2/share/dsr_controller2/launch/dsr_moveit2.launch.py
-- Installing: /home/user/Jina/install/dsr_controller2/lib/libdsr_controller2.so
-- Set runtime path of "/home/user/Jina/install/dsr_controller2/lib/libdsr_controller2.so" to ""
-- Installing: /home/user/Jina/install/dsr_controller2/lib/libdsr_joint_trajectory.so
-- Set runtime path of "/home/user/Jina/install/dsr_controller2/lib/libdsr_joint_trajectory.so" to ""
-- Installing: /home/user/Jina/install/dsr_controller2/share/dsr_controller2/environment/library_path.sh
-- Installing: /home/user/Jina/install/dsr_controller2/share/dsr_controller2/environment/library_path.dsv
-- Installing: /home/user/Jina/install/dsr_controller2/share/ament_index/resource_index/package_run_dependencies/dsr_controller2
-- Installing: /home/user/Jina/install/dsr_controller2/share/ament_index/resource_index/parent_prefix_path/dsr_controller2
-- Installing: /home/user/Jina/install/dsr_controller2/share/dsr_controller2/environment/ament_prefix_path.sh
-- Installing: /home/user/Jina/install/dsr_controller2/share/dsr_controller2/environment/ament_prefix_path.dsv
-- Installing: /home/user/Jina/install/dsr_controller2/share/dsr_controller2/environment/path.sh
-- Installing: /home/user/Jina/install/dsr_controller2/share/dsr_controller2/environment/path.dsv
-- Installing: /home/user/Jina/install/dsr_controller2/share/dsr_controller2/local_setup.bash
-- Installing: /home/user/Jina/install/dsr_controller2/share/dsr_controller2/local_setup.sh
-- Installing: /home/user/Jina/install/dsr_controller2/share/dsr_controller2/local_setup.zsh
-- Installing: /home/user/Jina/install/dsr_controller2/share/dsr_controller2/local_setup.dsv
-- Installing: /home/user/Jina/install/dsr_controller2/share/dsr_controller2/package.dsv
-- Installing: /home/user/Jina/install/dsr_controller2/share/ament_index/resource_index/packages/dsr_controller2
-- Installing: /home/user/Jina/install/dsr_controller2/share/ament_index/resource_index/controller_interface__pluginlib__plugin/dsr_controller2
-- Installing: /home/user/Jina/install/dsr_controller2/share/dsr_controller2/cmake/export_dsr_controller2Export.cmake
-- Installing: /home/user/Jina/install/dsr_controller2/share/dsr_controller2/cmake/export_dsr_controller2Export-noconfig.cmake
-- Installing: /home/user/Jina/install/dsr_controller2/share/dsr_controller2/cmake/export_dsr_joint_trajectoryExport.cmake
-- Installing: /home/user/Jina/install/dsr_controller2/share/dsr_controller2/cmake/export_dsr_joint_trajectoryExport-noconfig.cmake
-- Installing: /home/user/Jina/install/dsr_controller2/share/dsr_controller2/cmake/ament_cmake_export_targets-extras.cmake
-- Installing: /home/user/Jina/install/dsr_controller2/share/dsr_controller2/cmake/ament_cmake_export_dependencies-extras.cmake
-- Installing: /home/user/Jina/install/dsr_controller2/share/dsr_controller2/cmake/dsr_controller2Config.cmake
-- Installing: /home/user/Jina/install/dsr_controller2/share/dsr_controller2/cmake/dsr_controller2Config-version.cmake
-- Installing: /home/user/Jina/install/dsr_controller2/share/dsr_controller2/package.xml
