[1.197s] Invoking command in '/home/user/Jina/src/tower_builder': PYTHONPATH=/home/user/Jina/build/tower_builder/prefix_override:/usr/lib/python3/dist-packages/colcon_core/task/python/colcon_distutils_commands:/home/user/Jina/install/tower_builder/lib/python3.10/site-packages:${PYTHONPATH} /usr/bin/python3 -W ignore:setup.py install is deprecated -W ignore:easy_install command is deprecated setup.py egg_info --egg-base ../../build/tower_builder build --build-base /home/user/Jina/build/tower_builder/build install --record /home/user/Jina/build/tower_builder/install.log --single-version-externally-managed install_data
[1.385s] running egg_info
[1.386s] writing ../../build/tower_builder/tower_builder.egg-info/PKG-INFO
[1.386s] writing dependency_links to ../../build/tower_builder/tower_builder.egg-info/dependency_links.txt
[1.386s] writing entry points to ../../build/tower_builder/tower_builder.egg-info/entry_points.txt
[1.386s] writing requirements to ../../build/tower_builder/tower_builder.egg-info/requires.txt
[1.386s] writing top-level names to ../../build/tower_builder/tower_builder.egg-info/top_level.txt
[1.388s] reading manifest file '../../build/tower_builder/tower_builder.egg-info/SOURCES.txt'
[1.389s] writing manifest file '../../build/tower_builder/tower_builder.egg-info/SOURCES.txt'
[1.389s] running build
[1.389s] running build_py
[1.389s] running install
[1.390s] running install_lib
[1.390s] running install_data
[1.391s] running install_egg_info
[1.392s] removing '/home/user/Jina/install/tower_builder/lib/python3.10/site-packages/tower_builder-0.0.0-py3.10.egg-info' (and everything under it)
[1.392s] Copying ../../build/tower_builder/tower_builder.egg-info to /home/user/Jina/install/tower_builder/lib/python3.10/site-packages/tower_builder-0.0.0-py3.10.egg-info
[1.393s] running install_scripts
[1.407s] Installing stb script to /home/user/Jina/install/tower_builder/lib/tower_builder
[1.407s] writing list of installed files to '/home/user/Jina/build/tower_builder/install.log'
[1.471s] Invoked command in '/home/user/Jina/src/tower_builder' returned '0': PYTHONPATH=/home/user/Jina/build/tower_builder/prefix_override:/usr/lib/python3/dist-packages/colcon_core/task/python/colcon_distutils_commands:/home/user/Jina/install/tower_builder/lib/python3.10/site-packages:${PYTHONPATH} /usr/bin/python3 -W ignore:setup.py install is deprecated -W ignore:easy_install command is deprecated setup.py egg_info --egg-base ../../build/tower_builder build --build-base /home/user/Jina/build/tower_builder/build install --record /home/user/Jina/build/tower_builder/install.log --single-version-externally-managed install_data
