[1.944s] Invoking command in '/home/user/Jina/src/tower_builder': PYTHONPATH=/home/user/Jina/build/tower_builder/prefix_override:/usr/lib/python3/dist-packages/colcon_core/task/python/colcon_distutils_commands:/home/user/Jina/install/tower_builder/lib/python3.10/site-packages:${PYTHONPATH} /usr/bin/python3 -W ignore:setup.py install is deprecated -W ignore:easy_install command is deprecated setup.py egg_info --egg-base ../../build/tower_builder build --build-base /home/user/Jina/build/tower_builder/build install --record /home/user/Jina/build/tower_builder/install.log --single-version-externally-managed install_data
[2.336s] running egg_info
[2.336s] writing ../../build/tower_builder/tower_builder.egg-info/PKG-INFO
[2.336s] writing dependency_links to ../../build/tower_builder/tower_builder.egg-info/dependency_links.txt
[2.336s] writing entry points to ../../build/tower_builder/tower_builder.egg-info/entry_points.txt
[2.337s] writing requirements to ../../build/tower_builder/tower_builder.egg-info/requires.txt
[2.337s] writing top-level names to ../../build/tower_builder/tower_builder.egg-info/top_level.txt
[2.338s] reading manifest file '../../build/tower_builder/tower_builder.egg-info/SOURCES.txt'
[2.339s] writing manifest file '../../build/tower_builder/tower_builder.egg-info/SOURCES.txt'
[2.340s] running build
[2.340s] running build_py
[2.340s] copying tower_builder/main.py -> /home/user/Jina/build/tower_builder/build/lib/tower_builder
[2.340s] running install
[2.341s] running install_lib
[2.341s] copying /home/user/Jina/build/tower_builder/build/lib/tower_builder/main.py -> /home/user/Jina/install/tower_builder/lib/python3.10/site-packages/tower_builder
[2.342s] byte-compiling /home/user/Jina/install/tower_builder/lib/python3.10/site-packages/tower_builder/main.py to main.cpython-310.pyc
[2.347s] running install_data
[2.347s] running install_egg_info
[2.352s] removing '/home/user/Jina/install/tower_builder/lib/python3.10/site-packages/tower_builder-0.0.0-py3.10.egg-info' (and everything under it)
[2.352s] Copying ../../build/tower_builder/tower_builder.egg-info to /home/user/Jina/install/tower_builder/lib/python3.10/site-packages/tower_builder-0.0.0-py3.10.egg-info
[2.353s] running install_scripts
[2.382s] Installing cam script to /home/user/Jina/install/tower_builder/lib/tower_builder
[2.382s] Installing hub script to /home/user/Jina/install/tower_builder/lib/tower_builder
[2.383s] Installing pyo script to /home/user/Jina/install/tower_builder/lib/tower_builder
[2.383s] Installing rob script to /home/user/Jina/install/tower_builder/lib/tower_builder
[2.383s] Installing stb script to /home/user/Jina/install/tower_builder/lib/tower_builder
[2.383s] Installing try script to /home/user/Jina/install/tower_builder/lib/tower_builder
[2.384s] writing list of installed files to '/home/user/Jina/build/tower_builder/install.log'
[2.466s] Invoked command in '/home/user/Jina/src/tower_builder' returned '0': PYTHONPATH=/home/user/Jina/build/tower_builder/prefix_override:/usr/lib/python3/dist-packages/colcon_core/task/python/colcon_distutils_commands:/home/user/Jina/install/tower_builder/lib/python3.10/site-packages:${PYTHONPATH} /usr/bin/python3 -W ignore:setup.py install is deprecated -W ignore:easy_install command is deprecated setup.py egg_info --egg-base ../../build/tower_builder build --build-base /home/user/Jina/build/tower_builder/build install --record /home/user/Jina/build/tower_builder/install.log --single-version-externally-managed install_data
