[0.010s] Invoking command in '/home/user/Jina/build/dsr_hardware2': AMENT_PREFIX_PATH=/home/user/Jina/install/dsr_msgs2:${AMENT_PREFIX_PATH} CMAKE_PREFIX_PATH=/home/user/Jina/install/dsr_msgs2:/opt/ros/humble LD_LIBRARY_PATH=/home/user/Jina/install/dsr_msgs2/lib:${LD_LIBRARY_PATH} PYTHONPATH=/home/user/Jina/install/dsr_msgs2/local/lib/python3.10/dist-packages:${PYTHONPATH} /usr/bin/cmake --build /home/user/Jina/build/dsr_hardware2 -- -j12 -l12
[0.036s] -- Found ament_cmake: 1.3.12 (/opt/ros/humble/share/ament_cmake/cmake)
[0.165s] -- Found pluginlib: 5.1.2 (/opt/ros/humble/share/pluginlib/cmake)
[0.188s] -- Found hardware_interface: 2.52.2 (/opt/ros/humble/share/hardware_interface/cmake)
[0.199s] -- Found rosidl_generator_c: 3.1.7 (/opt/ros/humble/share/rosidl_generator_c/cmake)
[0.201s] -- Found rosidl_adapter: 3.1.7 (/opt/ros/humble/share/rosidl_adapter/cmake)
[0.204s] -- Found rosidl_generator_cpp: 3.1.7 (/opt/ros/humble/share/rosidl_generator_cpp/cmake)
[0.210s] -- Using all available rosidl_typesupport_c: rosidl_typesupport_fastrtps_c;rosidl_typesupport_introspection_c
[0.217s] -- Using all available rosidl_typesupport_cpp: rosidl_typesupport_fastrtps_cpp;rosidl_typesupport_introspection_cpp
[0.336s] -- Found rmw_implementation_cmake: 6.1.2 (/opt/ros/humble/share/rmw_implementation_cmake/cmake)
[0.337s] -- Found rmw_fastrtps_cpp: 6.2.9 (/opt/ros/humble/share/rmw_fastrtps_cpp/cmake)
[0.357s] -- Found TinyXML2 via Config file: TinyXML2_DIR-NOTFOUND
[0.366s] -- Found TinyXML2 via Config file: TinyXML2_DIR-NOTFOUND
[0.383s] -- Found TinyXML2 via Config file: TinyXML2_DIR-NOTFOUND
[0.392s] -- Found TinyXML2 via Config file: TinyXML2_DIR-NOTFOUND
[0.402s] -- Using RMW implementation 'rmw_fastrtps_cpp' as default
[0.452s] -- Found dsr_msgs2: 1.1.0 (/home/user/Jina/install/dsr_msgs2/share/dsr_msgs2/cmake)
[0.466s] -- Found moveit_msgs: 2.2.1 (/opt/ros/humble/share/moveit_msgs/cmake)
[0.555s] -- Found controller_manager: 2.52.2 (/opt/ros/humble/share/controller_manager/cmake)
[0.590s] -- Found kdl_parser: 2.6.4 (/opt/ros/humble/share/kdl_parser/cmake)
[0.593s] -- Found eigen3_cmake_module: 0.1.1 (/opt/ros/humble/share/eigen3_cmake_module/cmake)
[0.594s] -- Ensuring Eigen3 include directory is part of orocos-kdl CMake target
[0.597s] [0mDRCF_VERSION:2[0m
[0.600s] -- Found ament_cmake_pytest: 1.3.12 (/opt/ros/humble/share/ament_cmake_pytest/cmake)
[0.663s] -- Configuring done
[0.679s] -- Generating done
[0.684s] -- Build files have been written to: /home/user/Jina/build/dsr_hardware2
[0.709s] [35m[1mConsolidate compiler generated dependencies of target dsr_hardware2[0m
[0.727s] [ 50%] [32mBuilding CXX object CMakeFiles/dsr_hardware2.dir/src/dsr_hw_interface2.cpp.o[0m
[1.675s] In file included from [01m[K/usr/include/boost/smart_ptr/detail/sp_thread_sleep.hpp:22[m[K,
[1.675s]                  from [01m[K/usr/include/boost/smart_ptr/detail/yield_k.hpp:23[m[K,
[1.675s]                  from [01m[K/usr/include/boost/smart_ptr/detail/spinlock_gcc_atomic.hpp:14[m[K,
[1.675s]                  from [01m[K/usr/include/boost/smart_ptr/detail/spinlock.hpp:42[m[K,
[1.676s]                  from [01m[K/usr/include/boost/smart_ptr/detail/spinlock_pool.hpp:25[m[K,
[1.676s]                  from [01m[K/usr/include/boost/smart_ptr/shared_ptr.hpp:29[m[K,
[1.676s]                  from [01m[K/usr/include/boost/shared_ptr.hpp:17[m[K,
[1.676s]                  from [01m[K/usr/include/boost/date_time/time_clock.hpp:17[m[K,
[1.676s]                  from [01m[K/usr/include/boost/thread/thread_time.hpp:9[m[K,
[1.676s]                  from [01m[K/usr/include/boost/thread/lock_types.hpp:18[m[K,
[1.676s]                  from [01m[K/usr/include/boost/thread/pthread/thread_data.hpp:12[m[K,
[1.676s]                  from [01m[K/usr/include/boost/thread/thread_only.hpp:17[m[K,
[1.676s]                  from [01m[K/usr/include/boost/thread/thread.hpp:12[m[K,
[1.676s]                  from [01m[K/home/user/Jina/src/doosan-robot2/dsr_hardware2/src/dsr_hw_interface2.cpp:8[m[K:
[1.676s] [01m[K/usr/include/boost/bind.hpp:36:1:[m[K [01;36m[Knote: [m[K‘[01m[K#pragma message: The practice of declaring the Bind placeholders (_1, _2, ...) in the global namespace is deprecated. Please use <boost/bind/bind.hpp> + using namespace boost::placeholders, or define BOOST_BIND_GLOBAL_PLACEHOLDERS to retain the current behavior.[m[K’
[1.676s]    36 | [01;36m[KBOOST_PRAGMA_MESSAGE[m[K(
[1.676s]       | [01;36m[K^~~~~~~~~~~~~~~~~~~~[m[K
[3.829s] [100%] [32m[1mLinking CXX shared library libdsr_hardware2.so[0m
[4.050s] [100%] Built target dsr_hardware2
[4.060s] Invoked command in '/home/user/Jina/build/dsr_hardware2' returned '0': AMENT_PREFIX_PATH=/home/user/Jina/install/dsr_msgs2:${AMENT_PREFIX_PATH} CMAKE_PREFIX_PATH=/home/user/Jina/install/dsr_msgs2:/opt/ros/humble LD_LIBRARY_PATH=/home/user/Jina/install/dsr_msgs2/lib:${LD_LIBRARY_PATH} PYTHONPATH=/home/user/Jina/install/dsr_msgs2/local/lib/python3.10/dist-packages:${PYTHONPATH} /usr/bin/cmake --build /home/user/Jina/build/dsr_hardware2 -- -j12 -l12
[4.061s] Invoking command in '/home/user/Jina/build/dsr_hardware2': AMENT_PREFIX_PATH=/home/user/Jina/install/dsr_msgs2:${AMENT_PREFIX_PATH} CMAKE_PREFIX_PATH=/home/user/Jina/install/dsr_msgs2:/opt/ros/humble LD_LIBRARY_PATH=/home/user/Jina/install/dsr_msgs2/lib:${LD_LIBRARY_PATH} PYTHONPATH=/home/user/Jina/install/dsr_msgs2/local/lib/python3.10/dist-packages:${PYTHONPATH} /usr/bin/cmake --install /home/user/Jina/build/dsr_hardware2
[4.067s] -- Install configuration: ""
[4.067s] -- Installing: /home/user/Jina/install/dsr_hardware2/share/dsr_hardware2/dsr_hardware2.xml
[4.068s] -- Up-to-date: /home/user/Jina/install/dsr_hardware2/share/dsr_hardware2/dsr_hardware2.xml
[4.068s] -- Up-to-date: /home/user/Jina/install/dsr_hardware2/include/dsr_hardware2
[4.068s] -- Up-to-date: /home/user/Jina/install/dsr_hardware2/include/dsr_hardware2/dsr_hardware2
[4.068s] -- Installing: /home/user/Jina/install/dsr_hardware2/include/dsr_hardware2/dsr_hardware2/util.hpp
[4.068s] -- Installing: /home/user/Jina/install/dsr_hardware2/include/dsr_hardware2/dsr_hardware2/dsr_hw_interface2.h
[4.068s] -- Installing: /home/user/Jina/install/dsr_hardware2/lib/libdsr_hardware2.so
[4.069s] -- Set runtime path of "/home/user/Jina/install/dsr_hardware2/lib/libdsr_hardware2.so" to ""
[4.069s] -- Installing: /home/user/Jina/install/dsr_hardware2/share/dsr_hardware2/environment/library_path.sh
[4.069s] -- Installing: /home/user/Jina/install/dsr_hardware2/share/dsr_hardware2/environment/library_path.dsv
[4.069s] -- Installing: /home/user/Jina/install/dsr_hardware2/share/ament_index/resource_index/package_run_dependencies/dsr_hardware2
[4.069s] -- Installing: /home/user/Jina/install/dsr_hardware2/share/ament_index/resource_index/parent_prefix_path/dsr_hardware2
[4.069s] -- Installing: /home/user/Jina/install/dsr_hardware2/share/dsr_hardware2/environment/ament_prefix_path.sh
[4.069s] -- Installing: /home/user/Jina/install/dsr_hardware2/share/dsr_hardware2/environment/ament_prefix_path.dsv
[4.069s] -- Installing: /home/user/Jina/install/dsr_hardware2/share/dsr_hardware2/environment/path.sh
[4.069s] -- Installing: /home/user/Jina/install/dsr_hardware2/share/dsr_hardware2/environment/path.dsv
[4.070s] -- Installing: /home/user/Jina/install/dsr_hardware2/share/dsr_hardware2/local_setup.bash
[4.070s] -- Installing: /home/user/Jina/install/dsr_hardware2/share/dsr_hardware2/local_setup.sh
[4.070s] -- Installing: /home/user/Jina/install/dsr_hardware2/share/dsr_hardware2/local_setup.zsh
[4.070s] -- Installing: /home/user/Jina/install/dsr_hardware2/share/dsr_hardware2/local_setup.dsv
[4.070s] -- Installing: /home/user/Jina/install/dsr_hardware2/share/dsr_hardware2/package.dsv
[4.070s] -- Installing: /home/user/Jina/install/dsr_hardware2/share/ament_index/resource_index/packages/dsr_hardware2
[4.070s] -- Installing: /home/user/Jina/install/dsr_hardware2/share/ament_index/resource_index/hardware_interface__pluginlib__plugin/dsr_hardware2
[4.070s] -- Installing: /home/user/Jina/install/dsr_hardware2/share/ament_index/resource_index/controller_interface__pluginlib__plugin/dsr_hardware2
[4.070s] -- Installing: /home/user/Jina/install/dsr_hardware2/share/dsr_hardware2/cmake/export_dsr_hardware2Export.cmake
[4.070s] -- Installing: /home/user/Jina/install/dsr_hardware2/share/dsr_hardware2/cmake/export_dsr_hardware2Export-noconfig.cmake
[4.070s] -- Installing: /home/user/Jina/install/dsr_hardware2/share/dsr_hardware2/cmake/ament_cmake_export_targets-extras.cmake
[4.070s] -- Installing: /home/user/Jina/install/dsr_hardware2/share/dsr_hardware2/cmake/ament_cmake_export_dependencies-extras.cmake
[4.070s] -- Installing: /home/user/Jina/install/dsr_hardware2/share/dsr_hardware2/cmake/dsr_hardware2Config.cmake
[4.070s] -- Installing: /home/user/Jina/install/dsr_hardware2/share/dsr_hardware2/cmake/dsr_hardware2Config-version.cmake
[4.070s] -- Installing: /home/user/Jina/install/dsr_hardware2/share/dsr_hardware2/package.xml
[4.071s] Invoked command in '/home/user/Jina/build/dsr_hardware2' returned '0': AMENT_PREFIX_PATH=/home/user/Jina/install/dsr_msgs2:${AMENT_PREFIX_PATH} CMAKE_PREFIX_PATH=/home/user/Jina/install/dsr_msgs2:/opt/ros/humble LD_LIBRARY_PATH=/home/user/Jina/install/dsr_msgs2/lib:${LD_LIBRARY_PATH} PYTHONPATH=/home/user/Jina/install/dsr_msgs2/local/lib/python3.10/dist-packages:${PYTHONPATH} /usr/bin/cmake --install /home/user/Jina/build/dsr_hardware2
