[0.024s] Invoking command in '/home/user/Jina/build/dsr_moveit_config_e0509': CMAKE_PREFIX_PATH=/opt/ros/humble /usr/bin/cmake /home/user/Jina/src/doosan-robot2/dsr_moveit2/dsr_moveit_config_e0509 -DCMAKE_INSTALL_PREFIX=/home/user/Jina/install/dsr_moveit_config_e0509
[0.113s] -- The C compiler identification is GNU 11.4.0
[0.197s] -- The CXX compiler identification is GNU 11.4.0
[0.205s] -- Detecting C compiler ABI info
[0.283s] -- Detecting C compiler ABI info - done
[0.292s] -- Check for working C compiler: /usr/bin/cc - skipped
[0.292s] -- Detecting C compile features
[0.293s] -- Detecting C compile features - done
[0.296s] -- Detecting CXX compiler ABI info
[0.395s] -- Detecting CXX compiler ABI info - done
[0.400s] -- Check for working CXX compiler: /usr/bin/c++ - skipped
[0.405s] -- Detecting CXX compile features
[0.405s] -- Detecting CXX compile features - done
[0.405s] -- Found ament_cmake: 1.3.12 (/opt/ros/humble/share/ament_cmake/cmake)
[0.709s] -- Found Python3: /usr/bin/python3 (found version "3.10.12") found components: Interpreter 
[0.901s] -- Configuring done
[0.903s] -- Generating done
[0.908s] -- Build files have been written to: /home/user/Jina/build/dsr_moveit_config_e0509
[0.983s] Invoked command in '/home/user/Jina/build/dsr_moveit_config_e0509' returned '0': CMAKE_PREFIX_PATH=/opt/ros/humble /usr/bin/cmake /home/user/Jina/src/doosan-robot2/dsr_moveit2/dsr_moveit_config_e0509 -DCMAKE_INSTALL_PREFIX=/home/user/Jina/install/dsr_moveit_config_e0509
[0.984s] Invoking command in '/home/user/Jina/build/dsr_moveit_config_e0509': CMAKE_PREFIX_PATH=/opt/ros/humble /usr/bin/cmake --build /home/user/Jina/build/dsr_moveit_config_e0509 -- -j12 -l12
[1.116s] Invoked command in '/home/user/Jina/build/dsr_moveit_config_e0509' returned '0': CMAKE_PREFIX_PATH=/opt/ros/humble /usr/bin/cmake --build /home/user/Jina/build/dsr_moveit_config_e0509 -- -j12 -l12
[1.116s] Invoking command in '/home/user/Jina/build/dsr_moveit_config_e0509': CMAKE_PREFIX_PATH=/opt/ros/humble /usr/bin/cmake --install /home/user/Jina/build/dsr_moveit_config_e0509
[1.134s] -- Install configuration: ""
[1.134s] -- Installing: /home/user/Jina/install/dsr_moveit_config_e0509/share/ament_index/resource_index/package_run_dependencies/dsr_moveit_config_e0509
[1.135s] -- Installing: /home/user/Jina/install/dsr_moveit_config_e0509/share/ament_index/resource_index/parent_prefix_path/dsr_moveit_config_e0509
[1.135s] -- Installing: /home/user/Jina/install/dsr_moveit_config_e0509/share/dsr_moveit_config_e0509/environment/ament_prefix_path.sh
[1.135s] -- Installing: /home/user/Jina/install/dsr_moveit_config_e0509/share/dsr_moveit_config_e0509/environment/ament_prefix_path.dsv
[1.135s] -- Installing: /home/user/Jina/install/dsr_moveit_config_e0509/share/dsr_moveit_config_e0509/environment/path.sh
[1.135s] -- Installing: /home/user/Jina/install/dsr_moveit_config_e0509/share/dsr_moveit_config_e0509/environment/path.dsv
[1.135s] -- Installing: /home/user/Jina/install/dsr_moveit_config_e0509/share/dsr_moveit_config_e0509/local_setup.bash
[1.135s] -- Installing: /home/user/Jina/install/dsr_moveit_config_e0509/share/dsr_moveit_config_e0509/local_setup.sh
[1.135s] -- Installing: /home/user/Jina/install/dsr_moveit_config_e0509/share/dsr_moveit_config_e0509/local_setup.zsh
[1.135s] -- Installing: /home/user/Jina/install/dsr_moveit_config_e0509/share/dsr_moveit_config_e0509/local_setup.dsv
[1.135s] -- Installing: /home/user/Jina/install/dsr_moveit_config_e0509/share/dsr_moveit_config_e0509/package.dsv
[1.135s] -- Installing: /home/user/Jina/install/dsr_moveit_config_e0509/share/ament_index/resource_index/packages/dsr_moveit_config_e0509
[1.136s] -- Installing: /home/user/Jina/install/dsr_moveit_config_e0509/share/dsr_moveit_config_e0509/cmake/dsr_moveit_config_e0509Config.cmake
[1.136s] -- Installing: /home/user/Jina/install/dsr_moveit_config_e0509/share/dsr_moveit_config_e0509/cmake/dsr_moveit_config_e0509Config-version.cmake
[1.136s] -- Installing: /home/user/Jina/install/dsr_moveit_config_e0509/share/dsr_moveit_config_e0509/package.xml
[1.136s] -- Installing: /home/user/Jina/install/dsr_moveit_config_e0509/share/dsr_moveit_config_e0509/launch
[1.137s] -- Installing: /home/user/Jina/install/dsr_moveit_config_e0509/share/dsr_moveit_config_e0509/launch/start.launch.py
[1.137s] -- Installing: /home/user/Jina/install/dsr_moveit_config_e0509/share/dsr_moveit_config_e0509/launch/moveit.rviz
[1.137s] -- Installing: /home/user/Jina/install/dsr_moveit_config_e0509/share/dsr_moveit_config_e0509/launch/demo.launch.py
[1.137s] -- Installing: /home/user/Jina/install/dsr_moveit_config_e0509/share/dsr_moveit_config_e0509/config
[1.137s] -- Installing: /home/user/Jina/install/dsr_moveit_config_e0509/share/dsr_moveit_config_e0509/config/initial_positions.yaml
[1.137s] -- Installing: /home/user/Jina/install/dsr_moveit_config_e0509/share/dsr_moveit_config_e0509/config/moveit_controllers.yaml
[1.137s] -- Installing: /home/user/Jina/install/dsr_moveit_config_e0509/share/dsr_moveit_config_e0509/config/joint_limits.yaml
[1.137s] -- Installing: /home/user/Jina/install/dsr_moveit_config_e0509/share/dsr_moveit_config_e0509/config/sensors_3d.yaml
[1.137s] -- Installing: /home/user/Jina/install/dsr_moveit_config_e0509/share/dsr_moveit_config_e0509/config/dsr.ros2_control.xacro
[1.137s] -- Installing: /home/user/Jina/install/dsr_moveit_config_e0509/share/dsr_moveit_config_e0509/config/e0509.urdf.xacro
[1.137s] -- Installing: /home/user/Jina/install/dsr_moveit_config_e0509/share/dsr_moveit_config_e0509/config/chomp_planning.yaml
[1.137s] -- Installing: /home/user/Jina/install/dsr_moveit_config_e0509/share/dsr_moveit_config_e0509/config/kinematics.yaml
[1.137s] -- Installing: /home/user/Jina/install/dsr_moveit_config_e0509/share/dsr_moveit_config_e0509/config/dsr.srdf
[1.137s] -- Installing: /home/user/Jina/install/dsr_moveit_config_e0509/share/dsr_moveit_config_e0509/config/pilz_cartesian_limits.yaml
[1.137s] -- Installing: /home/user/Jina/install/dsr_moveit_config_e0509/share/dsr_moveit_config_e0509/config/pilz_industrial_motion_planner_planning.yaml
[1.137s] -- Installing: /home/user/Jina/install/dsr_moveit_config_e0509/share/dsr_moveit_config_e0509/config/ompl_planning.yaml
[1.137s] -- Installing: /home/user/Jina/install/dsr_moveit_config_e0509/share/dsr_moveit_config_e0509/config/ros2_controllers.yaml
[1.138s] -- Installing: /home/user/Jina/install/dsr_moveit_config_e0509/share/dsr_moveit_config_e0509/.setup_assistant
[1.437s] Invoked command in '/home/user/Jina/build/dsr_moveit_config_e0509' returned '0': CMAKE_PREFIX_PATH=/opt/ros/humble /usr/bin/cmake --install /home/user/Jina/build/dsr_moveit_config_e0509
