[ 50%] Built target dsr_controller2
[100%] Built target dsr_joint_trajectory
-- Install configuration: ""
-- Up-to-date: /home/user/Jina/install/dsr_controller2/share/dsr_controller2/dsr_controller2_plugins.xml
-- Up-to-date: /home/user/Jina/install/dsr_controller2/share/dsr_controller2/dsr_joint_trajectory_plugin.xml
-- Up-to-date: /home/user/Jina/install/dsr_controller2/include/dsr_controller2
-- Up-to-date: /home/user/Jina/install/dsr_controller2/include/dsr_controller2/dsr_controller2
-- Up-to-date: /home/user/Jina/install/dsr_controller2/include/dsr_controller2/dsr_controller2/dsr_joint_trajectory.hpp
-- Up-to-date: /home/user/Jina/install/dsr_controller2/include/dsr_controller2/dsr_controller2/visibility_control.h
-- Up-to-date: /home/user/Jina/install/dsr_controller2/include/dsr_controller2/dsr_controller2/dsr_controller2.hpp
-- Up-to-date: /home/user/Jina/install/dsr_controller2/share/dsr_controller2/config
-- Up-to-date: /home/user/Jina/install/dsr_controller2/share/dsr_controller2/config/console.conf
-- Up-to-date: /home/user/Jina/install/dsr_controller2/share/dsr_controller2/config/dsr_controller2_gz.yaml
-- Up-to-date: /home/user/Jina/install/dsr_controller2/share/dsr_controller2/config/dsr_controller2_p3020.yaml
-- Up-to-date: /home/user/Jina/install/dsr_controller2/share/dsr_controller2/config/dsr_controller2_gz_p3020.yaml
-- Up-to-date: /home/user/Jina/install/dsr_controller2/share/dsr_controller2/config/dsr_controller2.yaml
-- Up-to-date: /home/user/Jina/install/dsr_controller2/share/dsr_controller2/config/default.yaml
-- Up-to-date: /home/user/Jina/install/dsr_controller2/share/dsr_controller2/config/dsr_controller2_ex.yaml
-- Up-to-date: /home/user/Jina/install/dsr_controller2/share/dsr_controller2/launch
-- Up-to-date: /home/user/Jina/install/dsr_controller2/share/dsr_controller2/launch/dsr_control2.launch.py
-- Up-to-date: /home/user/Jina/install/dsr_controller2/share/dsr_controller2/launch/dsr_controller2.launch.py
-- Up-to-date: /home/user/Jina/install/dsr_controller2/share/dsr_controller2/launch/dsr_moveit2.launch.py
-- Up-to-date: /home/user/Jina/install/dsr_controller2/lib/libdsr_controller2.so
-- Up-to-date: /home/user/Jina/install/dsr_controller2/lib/libdsr_joint_trajectory.so
-- Up-to-date: /home/user/Jina/install/dsr_controller2/share/dsr_controller2/environment/library_path.sh
-- Up-to-date: /home/user/Jina/install/dsr_controller2/share/dsr_controller2/environment/library_path.dsv
-- Up-to-date: /home/user/Jina/install/dsr_controller2/share/ament_index/resource_index/package_run_dependencies/dsr_controller2
-- Up-to-date: /home/user/Jina/install/dsr_controller2/share/ament_index/resource_index/parent_prefix_path/dsr_controller2
-- Up-to-date: /home/user/Jina/install/dsr_controller2/share/dsr_controller2/environment/ament_prefix_path.sh
-- Up-to-date: /home/user/Jina/install/dsr_controller2/share/dsr_controller2/environment/ament_prefix_path.dsv
-- Up-to-date: /home/user/Jina/install/dsr_controller2/share/dsr_controller2/environment/path.sh
-- Up-to-date: /home/user/Jina/install/dsr_controller2/share/dsr_controller2/environment/path.dsv
-- Up-to-date: /home/user/Jina/install/dsr_controller2/share/dsr_controller2/local_setup.bash
-- Up-to-date: /home/user/Jina/install/dsr_controller2/share/dsr_controller2/local_setup.sh
-- Up-to-date: /home/user/Jina/install/dsr_controller2/share/dsr_controller2/local_setup.zsh
-- Up-to-date: /home/user/Jina/install/dsr_controller2/share/dsr_controller2/local_setup.dsv
-- Installing: /home/user/Jina/install/dsr_controller2/share/dsr_controller2/package.dsv
-- Up-to-date: /home/user/Jina/install/dsr_controller2/share/ament_index/resource_index/packages/dsr_controller2
-- Up-to-date: /home/user/Jina/install/dsr_controller2/share/ament_index/resource_index/controller_interface__pluginlib__plugin/dsr_controller2
-- Up-to-date: /home/user/Jina/install/dsr_controller2/share/dsr_controller2/cmake/export_dsr_controller2Export.cmake
-- Up-to-date: /home/user/Jina/install/dsr_controller2/share/dsr_controller2/cmake/export_dsr_controller2Export-noconfig.cmake
-- Up-to-date: /home/user/Jina/install/dsr_controller2/share/dsr_controller2/cmake/export_dsr_joint_trajectoryExport.cmake
-- Up-to-date: /home/user/Jina/install/dsr_controller2/share/dsr_controller2/cmake/export_dsr_joint_trajectoryExport-noconfig.cmake
-- Up-to-date: /home/user/Jina/install/dsr_controller2/share/dsr_controller2/cmake/ament_cmake_export_targets-extras.cmake
-- Up-to-date: /home/user/Jina/install/dsr_controller2/share/dsr_controller2/cmake/ament_cmake_export_dependencies-extras.cmake
-- Up-to-date: /home/user/Jina/install/dsr_controller2/share/dsr_controller2/cmake/dsr_controller2Config.cmake
-- Up-to-date: /home/user/Jina/install/dsr_controller2/share/dsr_controller2/cmake/dsr_controller2Config-version.cmake
-- Up-to-date: /home/user/Jina/install/dsr_controller2/share/dsr_controller2/package.xml
