[2.584s] Invoking command in '/home/user/Jina/src/doosan-robot2/dsr_example2/dsr_example': CMAKE_PREFIX_PATH=/home/user/Jina/install/dsr_common2:/home/user/Jina/install/dsr_realtime_control:/home/user/Jina/install/dsr_mujoco:/home/user/Jina/install/dsr_controller2:/home/user/Jina/install/dsr_msgs2:/home/user/Jina/install/dsr_moveit_config_p3020:/home/user/Jina/install/dsr_moveit_config_m1509:/home/user/Jina/install/dsr_moveit_config_m1013:/home/user/Jina/install/dsr_moveit_config_m0617:/home/user/Jina/install/dsr_moveit_config_m0609:/home/user/Jina/install/dsr_moveit_config_h2515:/home/user/Jina/install/dsr_moveit_config_h2017:/home/user/Jina/install/dsr_moveit_config_e0509:/home/user/Jina/install/dsr_moveit_config_a0912:/home/user/Jina/install/dsr_moveit_config_a0509:/home/user/Jina/install/dsr_hardware2:/home/user/Jina/install/dsr_gazebo2:/home/user/Jina/install/dsr_description2 PYTHONPATH=/home/user/Jina/build/dsr_example/prefix_override:/usr/lib/python3/dist-packages/colcon_core/task/python/colcon_distutils_commands:/home/user/Jina/install/dsr_example/lib/python3.10/site-packages:/home/user/Jina/install/dsr_common2/lib/python3.10/site-packages:/home/user/Jina/install/tower_builder/lib/python3.10/site-packages:/home/user/Jina/install/dsr_visualservoing/lib/python3.10/site-packages:/home/user/Jina/install/dsr_tests/lib/python3.10/site-packages:/home/user/Jina/install/dsr_mujoco/local/lib/python3.10/dist-packages:/home/user/Jina/install/dsr_bringup2/lib/python3.10/site-packages:/home/user/Jina/install/dsr_msgs2/local/lib/python3.10/dist-packages:/home/user/Jina/install/dsr_example/lib/python3.10/site-packages:/opt/ros/humble/lib/python3.10/site-packages:/opt/ros/humble/local/lib/python3.10/dist-packages /usr/bin/python3 -W ignore:setup.py install is deprecated -W ignore:easy_install command is deprecated setup.py egg_info --egg-base ../../../../build/dsr_example build --build-base /home/user/Jina/build/dsr_example/build install --record /home/user/Jina/build/dsr_example/install.log --single-version-externally-managed install_data
[3.334s] running egg_info
[3.334s] writing ../../../../build/dsr_example/dsr_example.egg-info/PKG-INFO
[3.335s] writing dependency_links to ../../../../build/dsr_example/dsr_example.egg-info/dependency_links.txt
[3.335s] writing entry points to ../../../../build/dsr_example/dsr_example.egg-info/entry_points.txt
[3.339s] writing requirements to ../../../../build/dsr_example/dsr_example.egg-info/requires.txt
[3.339s] writing top-level names to ../../../../build/dsr_example/dsr_example.egg-info/top_level.txt
[3.342s] reading manifest file '../../../../build/dsr_example/dsr_example.egg-info/SOURCES.txt'
[3.343s] writing manifest file '../../../../build/dsr_example/dsr_example.egg-info/SOURCES.txt'
[3.344s] running build
[3.344s] running build_py
[3.347s] running install
[3.347s] running install_lib
[3.353s] running install_data
[3.353s] running install_egg_info
[3.356s] removing '/home/user/Jina/install/dsr_example/lib/python3.10/site-packages/dsr_example-0.0.0-py3.10.egg-info' (and everything under it)
[3.359s] Copying ../../../../build/dsr_example/dsr_example.egg-info to /home/user/Jina/install/dsr_example/lib/python3.10/site-packages/dsr_example-0.0.0-py3.10.egg-info
[3.365s] running install_scripts
[3.442s] Installing dance script to /home/user/Jina/install/dsr_example/lib/dsr_example
[3.443s] Installing single_robot_simple script to /home/user/Jina/install/dsr_example/lib/dsr_example
[3.447s] Installing slope_demo script to /home/user/Jina/install/dsr_example/lib/dsr_example
[3.448s] Installing test script to /home/user/Jina/install/dsr_example/lib/dsr_example
[3.448s] Installing test2 script to /home/user/Jina/install/dsr_example/lib/dsr_example
[3.449s] writing list of installed files to '/home/user/Jina/build/dsr_example/install.log'
[3.599s] Invoked command in '/home/user/Jina/src/doosan-robot2/dsr_example2/dsr_example' returned '0': CMAKE_PREFIX_PATH=/home/user/Jina/install/dsr_common2:/home/user/Jina/install/dsr_realtime_control:/home/user/Jina/install/dsr_mujoco:/home/user/Jina/install/dsr_controller2:/home/user/Jina/install/dsr_msgs2:/home/user/Jina/install/dsr_moveit_config_p3020:/home/user/Jina/install/dsr_moveit_config_m1509:/home/user/Jina/install/dsr_moveit_config_m1013:/home/user/Jina/install/dsr_moveit_config_m0617:/home/user/Jina/install/dsr_moveit_config_m0609:/home/user/Jina/install/dsr_moveit_config_h2515:/home/user/Jina/install/dsr_moveit_config_h2017:/home/user/Jina/install/dsr_moveit_config_e0509:/home/user/Jina/install/dsr_moveit_config_a0912:/home/user/Jina/install/dsr_moveit_config_a0509:/home/user/Jina/install/dsr_hardware2:/home/user/Jina/install/dsr_gazebo2:/home/user/Jina/install/dsr_description2 PYTHONPATH=/home/user/Jina/build/dsr_example/prefix_override:/usr/lib/python3/dist-packages/colcon_core/task/python/colcon_distutils_commands:/home/user/Jina/install/dsr_example/lib/python3.10/site-packages:/home/user/Jina/install/dsr_common2/lib/python3.10/site-packages:/home/user/Jina/install/tower_builder/lib/python3.10/site-packages:/home/user/Jina/install/dsr_visualservoing/lib/python3.10/site-packages:/home/user/Jina/install/dsr_tests/lib/python3.10/site-packages:/home/user/Jina/install/dsr_mujoco/local/lib/python3.10/dist-packages:/home/user/Jina/install/dsr_bringup2/lib/python3.10/site-packages:/home/user/Jina/install/dsr_msgs2/local/lib/python3.10/dist-packages:/home/user/Jina/install/dsr_example/lib/python3.10/site-packages:/opt/ros/humble/lib/python3.10/site-packages:/opt/ros/humble/local/lib/python3.10/dist-packages /usr/bin/python3 -W ignore:setup.py install is deprecated -W ignore:easy_install command is deprecated setup.py egg_info --egg-base ../../../../build/dsr_example build --build-base /home/user/Jina/build/dsr_example/build install --record /home/user/Jina/build/dsr_example/install.log --single-version-externally-managed install_data
