[0.131s] DEBUG:colcon:Command line arguments: ['/usr/bin/colcon', 'list', '-p', '--base-paths', '/home/eipih/testFile', '--log-base', '/dev/null']
[0.131s] DEBUG:colcon:Parsed command line arguments: Namespace(log_base=None, log_level=None, verb_name='list', build_base='build', ignore_user_meta=False, metas=['./colcon.meta'], base_paths=['/home/eipih/testFile', '--log-base', '/dev/null'], packages_ignore=None, packages_ignore_regex=None, paths=None, packages_up_to=None, packages_up_to_regex=None, packages_above=None, packages_above_and_dependencies=None, packages_above_depth=None, packages_select_by_dep=None, packages_skip_by_dep=None, packages_skip_up_to=None, packages_select_build_failed=False, packages_skip_build_finished=False, packages_select_test_failures=False, packages_skip_test_passed=False, packages_select=None, packages_skip=None, packages_select_regex=None, packages_skip_regex=None, packages_start=None, packages_end=None, allow_overriding=[], topological_order=False, names_only=False, paths_only=True, topological_graph=False, topological_graph_dot=False, topological_graph_density=False, topological_graph_legend=False, topological_graph_dot_cluster=False, topological_graph_dot_include_skipped=False, mixin_files=None, mixin=None, verb_parser=<colcon_mixin.mixin.mixin_argument.MixinArgumentDecorator object at 0x737d90957730>, verb_extension=<colcon_package_information.verb.list.ListVerb object at 0x737d90956920>, main=<bound method ListVerb.main of <colcon_package_information.verb.list.ListVerb object at 0x737d90956920>>, mixin_verb=('list',))
[0.363s] Level 1:colcon.colcon_core.package_discovery:discover_packages(colcon_meta) check parameters
[0.363s] Level 1:colcon.colcon_core.package_discovery:discover_packages(recursive) check parameters
[0.363s] Level 1:colcon.colcon_core.package_discovery:discover_packages(ignore) check parameters
[0.363s] Level 1:colcon.colcon_core.package_discovery:discover_packages(path) check parameters
[0.363s] Level 1:colcon.colcon_core.package_discovery:discover_packages(recursive) discover
[0.363s] INFO:colcon.colcon_core.package_discovery:Crawling recursively for packages in '/home/eipih/testFile', '/home/eipih/testFile/--log-base', '/dev/null'
[0.363s] Level 1:colcon.colcon_core.package_identification:_identify(/home/eipih/testFile) by extensions ['ignore', 'ignore_ament_install']
[0.364s] Level 1:colcon.colcon_core.package_identification:_identify(/home/eipih/testFile) by extension 'ignore'
[0.364s] Level 1:colcon.colcon_core.package_identification:_identify(/home/eipih/testFile) by extension 'ignore_ament_install'
[0.364s] Level 1:colcon.colcon_core.package_identification:_identify(/home/eipih/testFile) by extensions ['colcon_pkg']
[0.364s] Level 1:colcon.colcon_core.package_identification:_identify(/home/eipih/testFile) by extension 'colcon_pkg'
[0.364s] Level 1:colcon.colcon_core.package_identification:_identify(/home/eipih/testFile) by extensions ['colcon_meta']
[0.364s] Level 1:colcon.colcon_core.package_identification:_identify(/home/eipih/testFile) by extension 'colcon_meta'
[0.364s] Level 1:colcon.colcon_core.package_identification:_identify(/home/eipih/testFile) by extensions ['ros']
[0.364s] Level 1:colcon.colcon_core.package_identification:_identify(/home/eipih/testFile) by extension 'ros'
[0.372s] Level 1:colcon.colcon_core.package_identification:_identify(/home/eipih/testFile) by extensions ['cmake', 'python']
[0.372s] Level 1:colcon.colcon_core.package_identification:_identify(/home/eipih/testFile) by extension 'cmake'
[0.372s] Level 1:colcon.colcon_core.package_identification:_identify(/home/eipih/testFile) by extension 'python'
[0.372s] Level 1:colcon.colcon_core.package_identification:_identify(/home/eipih/testFile) by extensions ['python_setup_py']
[0.372s] Level 1:colcon.colcon_core.package_identification:_identify(/home/eipih/testFile) by extension 'python_setup_py'
[0.372s] Level 1:colcon.colcon_core.package_identification:_identify(/home/eipih/testFile/log) by extensions ['ignore', 'ignore_ament_install']
[0.372s] Level 1:colcon.colcon_core.package_identification:_identify(/home/eipih/testFile/log) by extension 'ignore'
[0.372s] Level 1:colcon.colcon_core.package_identification:_identify(/home/eipih/testFile/log) ignored
[0.373s] Level 1:colcon.colcon_core.package_identification:_identify(/home/eipih/testFile/src) by extensions ['ignore', 'ignore_ament_install']
[0.373s] Level 1:colcon.colcon_core.package_identification:_identify(/home/eipih/testFile/src) by extension 'ignore'
[0.373s] Level 1:colcon.colcon_core.package_identification:_identify(/home/eipih/testFile/src) by extension 'ignore_ament_install'
[0.373s] Level 1:colcon.colcon_core.package_identification:_identify(/home/eipih/testFile/src) by extensions ['colcon_pkg']
[0.373s] Level 1:colcon.colcon_core.package_identification:_identify(/home/eipih/testFile/src) by extension 'colcon_pkg'
[0.373s] Level 1:colcon.colcon_core.package_identification:_identify(/home/eipih/testFile/src) by extensions ['colcon_meta']
[0.373s] Level 1:colcon.colcon_core.package_identification:_identify(/home/eipih/testFile/src) by extension 'colcon_meta'
[0.373s] Level 1:colcon.colcon_core.package_identification:_identify(/home/eipih/testFile/src) by extensions ['ros']
[0.373s] Level 1:colcon.colcon_core.package_identification:_identify(/home/eipih/testFile/src) by extension 'ros'
[0.373s] Level 1:colcon.colcon_core.package_identification:_identify(/home/eipih/testFile/src) by extensions ['cmake', 'python']
[0.373s] Level 1:colcon.colcon_core.package_identification:_identify(/home/eipih/testFile/src) by extension 'cmake'
[0.373s] Level 1:colcon.colcon_core.package_identification:_identify(/home/eipih/testFile/src) by extension 'python'
[0.373s] Level 1:colcon.colcon_core.package_identification:_identify(/home/eipih/testFile/src) by extensions ['python_setup_py']
[0.373s] Level 1:colcon.colcon_core.package_identification:_identify(/home/eipih/testFile/src) by extension 'python_setup_py'
[0.373s] Level 1:colcon.colcon_core.package_identification:_identify(/home/eipih/testFile/src/doosan-robot2) by extensions ['ignore', 'ignore_ament_install']
[0.373s] Level 1:colcon.colcon_core.package_identification:_identify(/home/eipih/testFile/src/doosan-robot2) by extension 'ignore'
[0.373s] Level 1:colcon.colcon_core.package_identification:_identify(/home/eipih/testFile/src/doosan-robot2) by extension 'ignore_ament_install'
[0.373s] Level 1:colcon.colcon_core.package_identification:_identify(/home/eipih/testFile/src/doosan-robot2) by extensions ['colcon_pkg']
[0.373s] Level 1:colcon.colcon_core.package_identification:_identify(/home/eipih/testFile/src/doosan-robot2) by extension 'colcon_pkg'
[0.373s] Level 1:colcon.colcon_core.package_identification:_identify(/home/eipih/testFile/src/doosan-robot2) by extensions ['colcon_meta']
[0.373s] Level 1:colcon.colcon_core.package_identification:_identify(/home/eipih/testFile/src/doosan-robot2) by extension 'colcon_meta'
[0.373s] Level 1:colcon.colcon_core.package_identification:_identify(/home/eipih/testFile/src/doosan-robot2) by extensions ['ros']
[0.373s] Level 1:colcon.colcon_core.package_identification:_identify(/home/eipih/testFile/src/doosan-robot2) by extension 'ros'
[0.373s] Level 1:colcon.colcon_core.package_identification:_identify(/home/eipih/testFile/src/doosan-robot2) by extensions ['cmake', 'python']
[0.373s] Level 1:colcon.colcon_core.package_identification:_identify(/home/eipih/testFile/src/doosan-robot2) by extension 'cmake'
[0.373s] Level 1:colcon.colcon_core.package_identification:_identify(/home/eipih/testFile/src/doosan-robot2) by extension 'python'
[0.373s] Level 1:colcon.colcon_core.package_identification:_identify(/home/eipih/testFile/src/doosan-robot2) by extensions ['python_setup_py']
[0.373s] Level 1:colcon.colcon_core.package_identification:_identify(/home/eipih/testFile/src/doosan-robot2) by extension 'python_setup_py'
[0.373s] Level 1:colcon.colcon_core.package_identification:_identify(/home/eipih/testFile/src/tower_builder) by extensions ['ignore', 'ignore_ament_install']
[0.373s] Level 1:colcon.colcon_core.package_identification:_identify(/home/eipih/testFile/src/tower_builder) by extension 'ignore'
[0.373s] Level 1:colcon.colcon_core.package_identification:_identify(/home/eipih/testFile/src/tower_builder) by extension 'ignore_ament_install'
[0.373s] Level 1:colcon.colcon_core.package_identification:_identify(/home/eipih/testFile/src/tower_builder) by extensions ['colcon_pkg']
[0.373s] Level 1:colcon.colcon_core.package_identification:_identify(/home/eipih/testFile/src/tower_builder) by extension 'colcon_pkg'
[0.373s] Level 1:colcon.colcon_core.package_identification:_identify(/home/eipih/testFile/src/tower_builder) by extensions ['colcon_meta']
[0.373s] Level 1:colcon.colcon_core.package_identification:_identify(/home/eipih/testFile/src/tower_builder) by extension 'colcon_meta'
[0.373s] Level 1:colcon.colcon_core.package_identification:_identify(/home/eipih/testFile/src/tower_builder) by extensions ['ros']
[0.373s] Level 1:colcon.colcon_core.package_identification:_identify(/home/eipih/testFile/src/tower_builder) by extension 'ros'
[0.375s] DEBUG:colcon.colcon_core.package_identification:Package '/home/eipih/testFile/src/tower_builder' with type 'ros.ament_python' and name 'tower_builder'
[0.375s] Level 1:colcon.colcon_core.package_identification:_identify(/home/eipih/testFile/vision) by extensions ['ignore', 'ignore_ament_install']
[0.375s] Level 1:colcon.colcon_core.package_identification:_identify(/home/eipih/testFile/vision) by extension 'ignore'
[0.376s] Level 1:colcon.colcon_core.package_identification:_identify(/home/eipih/testFile/vision) by extension 'ignore_ament_install'
[0.376s] Level 1:colcon.colcon_core.package_identification:_identify(/home/eipih/testFile/vision) by extensions ['colcon_pkg']
[0.376s] Level 1:colcon.colcon_core.package_identification:_identify(/home/eipih/testFile/vision) by extension 'colcon_pkg'
[0.376s] Level 1:colcon.colcon_core.package_identification:_identify(/home/eipih/testFile/vision) by extensions ['colcon_meta']
[0.376s] Level 1:colcon.colcon_core.package_identification:_identify(/home/eipih/testFile/vision) by extension 'colcon_meta'
[0.376s] Level 1:colcon.colcon_core.package_identification:_identify(/home/eipih/testFile/vision) by extensions ['ros']
[0.376s] Level 1:colcon.colcon_core.package_identification:_identify(/home/eipih/testFile/vision) by extension 'ros'
[0.376s] Level 1:colcon.colcon_core.package_identification:_identify(/home/eipih/testFile/vision) by extensions ['cmake', 'python']
[0.376s] Level 1:colcon.colcon_core.package_identification:_identify(/home/eipih/testFile/vision) by extension 'cmake'
[0.376s] Level 1:colcon.colcon_core.package_identification:_identify(/home/eipih/testFile/vision) by extension 'python'
[0.376s] Level 1:colcon.colcon_core.package_identification:_identify(/home/eipih/testFile/vision) by extensions ['python_setup_py']
[0.376s] Level 1:colcon.colcon_core.package_identification:_identify(/home/eipih/testFile/vision) by extension 'python_setup_py'
[0.376s] Level 1:colcon.colcon_core.package_discovery:discover_packages(recursive) using defaults
