[1.953s] Invoking command in '/home/user/Jina/src/tower_builder': PYTHONPATH=/home/user/Jina/build/tower_builder/prefix_override:/usr/lib/python3/dist-packages/colcon_core/task/python/colcon_distutils_commands:/home/user/Jina/install/tower_builder/lib/python3.10/site-packages:${PYTHONPATH} /usr/bin/python3 -W ignore:setup.py install is deprecated -W ignore:easy_install command is deprecated setup.py egg_info --egg-base ../../build/tower_builder build --build-base /home/user/Jina/build/tower_builder/build install --record /home/user/Jina/build/tower_builder/install.log --single-version-externally-managed install_data
[2.414s] running egg_info
[2.415s] writing ../../build/tower_builder/tower_builder.egg-info/PKG-INFO
[2.415s] writing dependency_links to ../../build/tower_builder/tower_builder.egg-info/dependency_links.txt
[2.415s] writing entry points to ../../build/tower_builder/tower_builder.egg-info/entry_points.txt
[2.415s] writing requirements to ../../build/tower_builder/tower_builder.egg-info/requires.txt
[2.415s] writing top-level names to ../../build/tower_builder/tower_builder.egg-info/top_level.txt
[2.418s] reading manifest file '../../build/tower_builder/tower_builder.egg-info/SOURCES.txt'
[2.419s] writing manifest file '../../build/tower_builder/tower_builder.egg-info/SOURCES.txt'
[2.419s] running build
[2.419s] running build_py
[2.419s] copying tower_builder/final_ver1.py -> /home/user/Jina/build/tower_builder/build/lib/tower_builder
[2.420s] copying tower_builder/final_ver2.py -> /home/user/Jina/build/tower_builder/build/lib/tower_builder
[2.422s] running install
[2.422s] running install_lib
[2.422s] copying /home/user/Jina/build/tower_builder/build/lib/tower_builder/final_ver1.py -> /home/user/Jina/install/tower_builder/lib/python3.10/site-packages/tower_builder
[2.422s] copying /home/user/Jina/build/tower_builder/build/lib/tower_builder/final_ver2.py -> /home/user/Jina/install/tower_builder/lib/python3.10/site-packages/tower_builder
[2.423s] byte-compiling /home/user/Jina/install/tower_builder/lib/python3.10/site-packages/tower_builder/final_ver1.py to final_ver1.cpython-310.pyc
[2.432s] byte-compiling /home/user/Jina/install/tower_builder/lib/python3.10/site-packages/tower_builder/final_ver2.py to final_ver2.cpython-310.pyc
[2.438s] running install_data
[2.439s] running install_egg_info
[2.441s] removing '/home/user/Jina/install/tower_builder/lib/python3.10/site-packages/tower_builder-0.0.0-py3.10.egg-info' (and everything under it)
[2.446s] Copying ../../build/tower_builder/tower_builder.egg-info to /home/user/Jina/install/tower_builder/lib/python3.10/site-packages/tower_builder-0.0.0-py3.10.egg-info
[2.446s] running install_scripts
[2.475s] Installing stb script to /home/user/Jina/install/tower_builder/lib/tower_builder
[2.475s] writing list of installed files to '/home/user/Jina/build/tower_builder/install.log'
[2.521s] Invoked command in '/home/user/Jina/src/tower_builder' returned '0': PYTHONPATH=/home/user/Jina/build/tower_builder/prefix_override:/usr/lib/python3/dist-packages/colcon_core/task/python/colcon_distutils_commands:/home/user/Jina/install/tower_builder/lib/python3.10/site-packages:${PYTHONPATH} /usr/bin/python3 -W ignore:setup.py install is deprecated -W ignore:easy_install command is deprecated setup.py egg_info --egg-base ../../build/tower_builder build --build-base /home/user/Jina/build/tower_builder/build install --record /home/user/Jina/build/tower_builder/install.log --single-version-externally-managed install_data
