[1.285s] Invoking command in '/home/user/Jina/src/tower_builder': PYTHONPATH=/home/user/Jina/build/tower_builder/prefix_override:/usr/lib/python3/dist-packages/colcon_core/task/python/colcon_distutils_commands:/home/user/Jina/install/tower_builder/lib/python3.10/site-packages:${PYTHONPATH} /usr/bin/python3 -W ignore:setup.py install is deprecated -W ignore:easy_install command is deprecated setup.py egg_info --egg-base ../../build/tower_builder build --build-base /home/user/Jina/build/tower_builder/build install --record /home/user/Jina/build/tower_builder/install.log --single-version-externally-managed install_data
[1.505s] running egg_info
[1.505s] writing ../../build/tower_builder/tower_builder.egg-info/PKG-INFO
[1.505s] writing dependency_links to ../../build/tower_builder/tower_builder.egg-info/dependency_links.txt
[1.505s] writing entry points to ../../build/tower_builder/tower_builder.egg-info/entry_points.txt
[1.505s] writing requirements to ../../build/tower_builder/tower_builder.egg-info/requires.txt
[1.506s] writing top-level names to ../../build/tower_builder/tower_builder.egg-info/top_level.txt
[1.507s] reading manifest file '../../build/tower_builder/tower_builder.egg-info/SOURCES.txt'
[1.507s] writing manifest file '../../build/tower_builder/tower_builder.egg-info/SOURCES.txt'
[1.507s] running build
[1.507s] running build_py
[1.507s] copying tower_builder/main_mod_hub.py -> /home/user/Jina/build/tower_builder/build/lib/tower_builder
[1.508s] running install
[1.508s] running install_lib
[1.508s] copying /home/user/Jina/build/tower_builder/build/lib/tower_builder/main_mod_hub.py -> /home/user/Jina/install/tower_builder/lib/python3.10/site-packages/tower_builder
[1.509s] byte-compiling /home/user/Jina/install/tower_builder/lib/python3.10/site-packages/tower_builder/main_mod_hub.py to main_mod_hub.cpython-310.pyc
[1.510s] running install_data
[1.510s] running install_egg_info
[1.511s] removing '/home/user/Jina/install/tower_builder/lib/python3.10/site-packages/tower_builder-0.0.0-py3.10.egg-info' (and everything under it)
[1.512s] Copying ../../build/tower_builder/tower_builder.egg-info to /home/user/Jina/install/tower_builder/lib/python3.10/site-packages/tower_builder-0.0.0-py3.10.egg-info
[1.512s] running install_scripts
[1.527s] Installing hub script to /home/user/Jina/install/tower_builder/lib/tower_builder
[1.527s] Installing sbt script to /home/user/Jina/install/tower_builder/lib/tower_builder
[1.527s] Installing stb script to /home/user/Jina/install/tower_builder/lib/tower_builder
[1.528s] writing list of installed files to '/home/user/Jina/build/tower_builder/install.log'
[1.544s] Invoked command in '/home/user/Jina/src/tower_builder' returned '0': PYTHONPATH=/home/user/Jina/build/tower_builder/prefix_override:/usr/lib/python3/dist-packages/colcon_core/task/python/colcon_distutils_commands:/home/user/Jina/install/tower_builder/lib/python3.10/site-packages:${PYTHONPATH} /usr/bin/python3 -W ignore:setup.py install is deprecated -W ignore:easy_install command is deprecated setup.py egg_info --egg-base ../../build/tower_builder build --build-base /home/user/Jina/build/tower_builder/build install --record /home/user/Jina/build/tower_builder/install.log --single-version-externally-managed install_data
