[0.093s] Invoking command in '/home/user/Jina/build/dsr_moveit_config_a0509': CMAKE_PREFIX_PATH=${CMAKE_PREFIX_PATH}:/home/user/Jina/install/tower_builder:/home/user/Jina/install/dsr_visualservoing:/home/user/Jina/install/dsr_tests:/home/user/Jina/install/dsr_bringup2:/home/user/Jina/install/dsr_example:/opt/ros/humble /usr/bin/cmake --build /home/user/Jina/build/dsr_moveit_config_a0509 -- -j12 -l12
[0.174s] -- Found ament_cmake: 1.3.12 (/opt/ros/humble/share/ament_cmake/cmake)
[0.591s] -- Configuring done
[0.597s] -- Generating done
[0.601s] -- Build files have been written to: /home/user/Jina/build/dsr_moveit_config_a0509
[0.791s] Invoked command in '/home/user/Jina/build/dsr_moveit_config_a0509' returned '0': CMAKE_PREFIX_PATH=${CMAKE_PREFIX_PATH}:/home/user/Jina/install/tower_builder:/home/user/Jina/install/dsr_visualservoing:/home/user/Jina/install/dsr_tests:/home/user/Jina/install/dsr_bringup2:/home/user/Jina/install/dsr_example:/opt/ros/humble /usr/bin/cmake --build /home/user/Jina/build/dsr_moveit_config_a0509 -- -j12 -l12
[0.793s] Invoking command in '/home/user/Jina/build/dsr_moveit_config_a0509': CMAKE_PREFIX_PATH=${CMAKE_PREFIX_PATH}:/home/user/Jina/install/tower_builder:/home/user/Jina/install/dsr_visualservoing:/home/user/Jina/install/dsr_tests:/home/user/Jina/install/dsr_bringup2:/home/user/Jina/install/dsr_example:/opt/ros/humble /usr/bin/cmake --install /home/user/Jina/build/dsr_moveit_config_a0509
[0.855s] -- Install configuration: ""
[0.855s] -- Installing: /home/user/Jina/install/dsr_moveit_config_a0509/share/ament_index/resource_index/package_run_dependencies/dsr_moveit_config_a0509
[0.855s] -- Installing: /home/user/Jina/install/dsr_moveit_config_a0509/share/ament_index/resource_index/parent_prefix_path/dsr_moveit_config_a0509
[0.855s] -- Installing: /home/user/Jina/install/dsr_moveit_config_a0509/share/dsr_moveit_config_a0509/environment/ament_prefix_path.sh
[0.855s] -- Installing: /home/user/Jina/install/dsr_moveit_config_a0509/share/dsr_moveit_config_a0509/environment/ament_prefix_path.dsv
[0.855s] -- Installing: /home/user/Jina/install/dsr_moveit_config_a0509/share/dsr_moveit_config_a0509/environment/path.sh
[0.855s] -- Installing: /home/user/Jina/install/dsr_moveit_config_a0509/share/dsr_moveit_config_a0509/environment/path.dsv
[0.855s] -- Installing: /home/user/Jina/install/dsr_moveit_config_a0509/share/dsr_moveit_config_a0509/local_setup.bash
[0.855s] -- Installing: /home/user/Jina/install/dsr_moveit_config_a0509/share/dsr_moveit_config_a0509/local_setup.sh
[0.855s] -- Installing: /home/user/Jina/install/dsr_moveit_config_a0509/share/dsr_moveit_config_a0509/local_setup.zsh
[0.855s] -- Installing: /home/user/Jina/install/dsr_moveit_config_a0509/share/dsr_moveit_config_a0509/local_setup.dsv
[0.855s] -- Installing: /home/user/Jina/install/dsr_moveit_config_a0509/share/dsr_moveit_config_a0509/package.dsv
[0.855s] -- Installing: /home/user/Jina/install/dsr_moveit_config_a0509/share/ament_index/resource_index/packages/dsr_moveit_config_a0509
[0.856s] -- Installing: /home/user/Jina/install/dsr_moveit_config_a0509/share/dsr_moveit_config_a0509/cmake/dsr_moveit_config_a0509Config.cmake
[0.856s] -- Installing: /home/user/Jina/install/dsr_moveit_config_a0509/share/dsr_moveit_config_a0509/cmake/dsr_moveit_config_a0509Config-version.cmake
[0.856s] -- Installing: /home/user/Jina/install/dsr_moveit_config_a0509/share/dsr_moveit_config_a0509/package.xml
[0.856s] -- Up-to-date: /home/user/Jina/install/dsr_moveit_config_a0509/share/dsr_moveit_config_a0509/launch
[0.856s] -- Installing: /home/user/Jina/install/dsr_moveit_config_a0509/share/dsr_moveit_config_a0509/launch/start.launch.py
[0.856s] -- Installing: /home/user/Jina/install/dsr_moveit_config_a0509/share/dsr_moveit_config_a0509/launch/moveit.rviz
[0.856s] -- Installing: /home/user/Jina/install/dsr_moveit_config_a0509/share/dsr_moveit_config_a0509/launch/demo.launch.py
[0.857s] -- Up-to-date: /home/user/Jina/install/dsr_moveit_config_a0509/share/dsr_moveit_config_a0509/config
[0.857s] -- Installing: /home/user/Jina/install/dsr_moveit_config_a0509/share/dsr_moveit_config_a0509/config/initial_positions.yaml
[0.857s] -- Installing: /home/user/Jina/install/dsr_moveit_config_a0509/share/dsr_moveit_config_a0509/config/moveit_controllers.yaml
[0.857s] -- Installing: /home/user/Jina/install/dsr_moveit_config_a0509/share/dsr_moveit_config_a0509/config/joint_limits.yaml
[0.857s] -- Installing: /home/user/Jina/install/dsr_moveit_config_a0509/share/dsr_moveit_config_a0509/config/sensors_3d.yaml
[0.857s] -- Installing: /home/user/Jina/install/dsr_moveit_config_a0509/share/dsr_moveit_config_a0509/config/a0509.urdf.xacro
[0.857s] -- Installing: /home/user/Jina/install/dsr_moveit_config_a0509/share/dsr_moveit_config_a0509/config/dsr.ros2_control.xacro
[0.857s] -- Installing: /home/user/Jina/install/dsr_moveit_config_a0509/share/dsr_moveit_config_a0509/config/chomp_planning.yaml
[0.857s] -- Installing: /home/user/Jina/install/dsr_moveit_config_a0509/share/dsr_moveit_config_a0509/config/kinematics.yaml
[0.857s] -- Installing: /home/user/Jina/install/dsr_moveit_config_a0509/share/dsr_moveit_config_a0509/config/dsr.srdf
[0.857s] -- Installing: /home/user/Jina/install/dsr_moveit_config_a0509/share/dsr_moveit_config_a0509/config/pilz_cartesian_limits.yaml
[0.858s] -- Installing: /home/user/Jina/install/dsr_moveit_config_a0509/share/dsr_moveit_config_a0509/config/pilz_industrial_motion_planner_planning.yaml
[0.858s] -- Installing: /home/user/Jina/install/dsr_moveit_config_a0509/share/dsr_moveit_config_a0509/config/ompl_planning.yaml
[0.858s] -- Installing: /home/user/Jina/install/dsr_moveit_config_a0509/share/dsr_moveit_config_a0509/config/ros2_controllers.yaml
[0.860s] -- Installing: /home/user/Jina/install/dsr_moveit_config_a0509/share/dsr_moveit_config_a0509/.setup_assistant
[1.251s] Invoked command in '/home/user/Jina/build/dsr_moveit_config_a0509' returned '0': CMAKE_PREFIX_PATH=${CMAKE_PREFIX_PATH}:/home/user/Jina/install/tower_builder:/home/user/Jina/install/dsr_visualservoing:/home/user/Jina/install/dsr_tests:/home/user/Jina/install/dsr_bringup2:/home/user/Jina/install/dsr_example:/opt/ros/humble /usr/bin/cmake --install /home/user/Jina/build/dsr_moveit_config_a0509
