[0.595s] Invoking command in '/home/user/Jina/src/doosan-robot2/dsr_bringup2': AMENT_PREFIX_PATH=/home/user/Jina/install/dsr_msgs2:${AMENT_PREFIX_PATH} CMAKE_PREFIX_PATH=/home/user/Jina/install/dsr_msgs2 LD_LIBRARY_PATH=/home/user/Jina/install/dsr_msgs2/lib:${LD_LIBRARY_PATH} PYTHONPATH=/home/user/Jina/build/dsr_bringup2/prefix_override:/usr/lib/python3/dist-packages/colcon_core/task/python/colcon_distutils_commands:/home/user/Jina/install/dsr_bringup2/lib/python3.10/site-packages:/home/user/Jina/install/dsr_msgs2/local/lib/python3.10/dist-packages:${PYTHONPATH} /usr/bin/python3 -W ignore:setup.py install is deprecated -W ignore:easy_install command is deprecated setup.py egg_info --egg-base ../../../build/dsr_bringup2 build --build-base /home/user/Jina/build/dsr_bringup2/build install --record /home/user/Jina/build/dsr_bringup2/install.log --single-version-externally-managed install_data
[0.731s] running egg_info
[0.732s] writing ../../../build/dsr_bringup2/dsr_bringup2.egg-info/PKG-INFO
[0.732s] writing dependency_links to ../../../build/dsr_bringup2/dsr_bringup2.egg-info/dependency_links.txt
[0.732s] writing entry points to ../../../build/dsr_bringup2/dsr_bringup2.egg-info/entry_points.txt
[0.732s] writing requirements to ../../../build/dsr_bringup2/dsr_bringup2.egg-info/requires.txt
[0.732s] writing top-level names to ../../../build/dsr_bringup2/dsr_bringup2.egg-info/top_level.txt
[0.733s] reading manifest file '../../../build/dsr_bringup2/dsr_bringup2.egg-info/SOURCES.txt'
[0.733s] writing manifest file '../../../build/dsr_bringup2/dsr_bringup2.egg-info/SOURCES.txt'
[0.734s] running build
[0.734s] running build_py
[0.734s] running install
[0.734s] running install_lib
[0.735s] running install_data
[0.735s] running install_egg_info
[0.736s] removing '/home/user/Jina/install/dsr_bringup2/lib/python3.10/site-packages/dsr_bringup2-0.1.2-py3.10.egg-info' (and everything under it)
[0.736s] Copying ../../../build/dsr_bringup2/dsr_bringup2.egg-info to /home/user/Jina/install/dsr_bringup2/lib/python3.10/site-packages/dsr_bringup2-0.1.2-py3.10.egg-info
[0.736s] running install_scripts
[0.749s] Installing gazebo_connection script to /home/user/Jina/install/dsr_bringup2/lib/dsr_bringup2
[0.749s] Installing moveit_connection script to /home/user/Jina/install/dsr_bringup2/lib/dsr_bringup2
[0.749s] Installing mujoco_bridge script to /home/user/Jina/install/dsr_bringup2/lib/dsr_bringup2
[0.749s] Installing run_emulator script to /home/user/Jina/install/dsr_bringup2/lib/dsr_bringup2
[0.749s] writing list of installed files to '/home/user/Jina/build/dsr_bringup2/install.log'
[0.765s] Invoked command in '/home/user/Jina/src/doosan-robot2/dsr_bringup2' returned '0': AMENT_PREFIX_PATH=/home/user/Jina/install/dsr_msgs2:${AMENT_PREFIX_PATH} CMAKE_PREFIX_PATH=/home/user/Jina/install/dsr_msgs2 LD_LIBRARY_PATH=/home/user/Jina/install/dsr_msgs2/lib:${LD_LIBRARY_PATH} PYTHONPATH=/home/user/Jina/build/dsr_bringup2/prefix_override:/usr/lib/python3/dist-packages/colcon_core/task/python/colcon_distutils_commands:/home/user/Jina/install/dsr_bringup2/lib/python3.10/site-packages:/home/user/Jina/install/dsr_msgs2/local/lib/python3.10/dist-packages:${PYTHONPATH} /usr/bin/python3 -W ignore:setup.py install is deprecated -W ignore:easy_install command is deprecated setup.py egg_info --egg-base ../../../build/dsr_bringup2 build --build-base /home/user/Jina/build/dsr_bringup2/build install --record /home/user/Jina/build/dsr_bringup2/install.log --single-version-externally-managed install_data
