[0.594s] Invoking command in '/home/user/Jina/build/dsr_realtime_control': CMAKE_PREFIX_PATH=/home/user/Jina/install/dsr_msgs2:/home/user/Jina/install/dsr_realtime_control:/home/user/Jina/install/dsr_mujoco:/home/user/Jina/install/dsr_controller2:/home/user/Jina/install/dsr_moveit_config_p3020:/home/user/Jina/install/dsr_moveit_config_m1509:/home/user/Jina/install/dsr_moveit_config_m1013:/home/user/Jina/install/dsr_moveit_config_m0617:/home/user/Jina/install/dsr_moveit_config_m0609:/home/user/Jina/install/dsr_moveit_config_h2515:/home/user/Jina/install/dsr_moveit_config_h2017:/home/user/Jina/install/dsr_moveit_config_e0509:/home/user/Jina/install/dsr_moveit_config_a0912:/home/user/Jina/install/dsr_moveit_config_a0509:/home/user/Jina/install/dsr_hardware2:/home/user/Jina/install/dsr_gazebo2:/home/user/Jina/install/dsr_description2:/home/user/Jina/install/dsr_common2:/home/user/Jina/install/tower_builder:/home/user/Jina/install/dsr_visualservoing:/home/user/Jina/install/dsr_tests:/home/user/Jina/install/dsr_bringup2:/home/user/Jina/install/dsr_example:/opt/ros/humble LD_LIBRARY_PATH=/home/user/Jina/install/dsr_msgs2/lib:/home/user/Jina/install/dsr_controller2/lib:/home/user/Jina/install/dsr_hardware2/lib:/usr/lib/x86_64-linux-gnu/gazebo-11/plugins:/opt/ros/humble/opt/rviz_ogre_vendor/lib:/opt/ros/humble/lib/x86_64-linux-gnu:/opt/ros/humble/lib /usr/bin/cmake --build /home/user/Jina/build/dsr_realtime_control -- -j12 -l12
[0.636s] -- Found ament_cmake: 1.3.12 (/opt/ros/humble/share/ament_cmake/cmake)
[0.927s] -- Found rclcpp: 16.0.16 (/opt/ros/humble/share/rclcpp/cmake)
[0.989s] -- Found rosidl_generator_c: 3.1.7 (/opt/ros/humble/share/rosidl_generator_c/cmake)
[0.993s] -- Found rosidl_adapter: 3.1.7 (/opt/ros/humble/share/rosidl_adapter/cmake)
[1.005s] -- Found rosidl_generator_cpp: 3.1.7 (/opt/ros/humble/share/rosidl_generator_cpp/cmake)
[1.027s] -- Using all available rosidl_typesupport_c: rosidl_typesupport_fastrtps_c;rosidl_typesupport_introspection_c
[1.052s] -- Using all available rosidl_typesupport_cpp: rosidl_typesupport_fastrtps_cpp;rosidl_typesupport_introspection_cpp
[1.114s] -- Found rmw_implementation_cmake: 6.1.2 (/opt/ros/humble/share/rmw_implementation_cmake/cmake)
[1.118s] -- Found rmw_fastrtps_cpp: 6.2.9 (/opt/ros/humble/share/rmw_fastrtps_cpp/cmake)
[1.326s] -- Using RMW implementation 'rmw_fastrtps_cpp' as default
[1.400s] -- Found example_interfaces: 0.9.3 (/opt/ros/humble/share/example_interfaces/cmake)
[1.444s] -- Found dsr_msgs2: 1.1.0 (/home/user/Jina/install/dsr_msgs2/share/dsr_msgs2/cmake)
[1.569s] -- Configuring done
[1.587s] -- Generating done
[1.595s] -- Build files have been written to: /home/user/Jina/build/dsr_realtime_control
[1.658s] [35m[1mConsolidate compiler generated dependencies of target dsr_realtime_control[0m
[1.692s] [ 50%] [32m[1mLinking CXX executable dsr_realtime_control[0m
[2.704s] [100%] Built target dsr_realtime_control
[2.724s] Invoked command in '/home/user/Jina/build/dsr_realtime_control' returned '0': CMAKE_PREFIX_PATH=/home/user/Jina/install/dsr_msgs2:/home/user/Jina/install/dsr_realtime_control:/home/user/Jina/install/dsr_mujoco:/home/user/Jina/install/dsr_controller2:/home/user/Jina/install/dsr_moveit_config_p3020:/home/user/Jina/install/dsr_moveit_config_m1509:/home/user/Jina/install/dsr_moveit_config_m1013:/home/user/Jina/install/dsr_moveit_config_m0617:/home/user/Jina/install/dsr_moveit_config_m0609:/home/user/Jina/install/dsr_moveit_config_h2515:/home/user/Jina/install/dsr_moveit_config_h2017:/home/user/Jina/install/dsr_moveit_config_e0509:/home/user/Jina/install/dsr_moveit_config_a0912:/home/user/Jina/install/dsr_moveit_config_a0509:/home/user/Jina/install/dsr_hardware2:/home/user/Jina/install/dsr_gazebo2:/home/user/Jina/install/dsr_description2:/home/user/Jina/install/dsr_common2:/home/user/Jina/install/tower_builder:/home/user/Jina/install/dsr_visualservoing:/home/user/Jina/install/dsr_tests:/home/user/Jina/install/dsr_bringup2:/home/user/Jina/install/dsr_example:/opt/ros/humble LD_LIBRARY_PATH=/home/user/Jina/install/dsr_msgs2/lib:/home/user/Jina/install/dsr_controller2/lib:/home/user/Jina/install/dsr_hardware2/lib:/usr/lib/x86_64-linux-gnu/gazebo-11/plugins:/opt/ros/humble/opt/rviz_ogre_vendor/lib:/opt/ros/humble/lib/x86_64-linux-gnu:/opt/ros/humble/lib /usr/bin/cmake --build /home/user/Jina/build/dsr_realtime_control -- -j12 -l12
[2.728s] Invoking command in '/home/user/Jina/build/dsr_realtime_control': CMAKE_PREFIX_PATH=/home/user/Jina/install/dsr_msgs2:/home/user/Jina/install/dsr_realtime_control:/home/user/Jina/install/dsr_mujoco:/home/user/Jina/install/dsr_controller2:/home/user/Jina/install/dsr_moveit_config_p3020:/home/user/Jina/install/dsr_moveit_config_m1509:/home/user/Jina/install/dsr_moveit_config_m1013:/home/user/Jina/install/dsr_moveit_config_m0617:/home/user/Jina/install/dsr_moveit_config_m0609:/home/user/Jina/install/dsr_moveit_config_h2515:/home/user/Jina/install/dsr_moveit_config_h2017:/home/user/Jina/install/dsr_moveit_config_e0509:/home/user/Jina/install/dsr_moveit_config_a0912:/home/user/Jina/install/dsr_moveit_config_a0509:/home/user/Jina/install/dsr_hardware2:/home/user/Jina/install/dsr_gazebo2:/home/user/Jina/install/dsr_description2:/home/user/Jina/install/dsr_common2:/home/user/Jina/install/tower_builder:/home/user/Jina/install/dsr_visualservoing:/home/user/Jina/install/dsr_tests:/home/user/Jina/install/dsr_bringup2:/home/user/Jina/install/dsr_example:/opt/ros/humble LD_LIBRARY_PATH=/home/user/Jina/install/dsr_msgs2/lib:/home/user/Jina/install/dsr_controller2/lib:/home/user/Jina/install/dsr_hardware2/lib:/usr/lib/x86_64-linux-gnu/gazebo-11/plugins:/opt/ros/humble/opt/rviz_ogre_vendor/lib:/opt/ros/humble/lib/x86_64-linux-gnu:/opt/ros/humble/lib /usr/bin/cmake --install /home/user/Jina/build/dsr_realtime_control
[2.740s] -- Install configuration: ""
[2.740s] -- Installing: /home/user/Jina/install/dsr_realtime_control/lib/dsr_realtime_control/dsr_realtime_control
[2.743s] -- Set runtime path of "/home/user/Jina/install/dsr_realtime_control/lib/dsr_realtime_control/dsr_realtime_control" to ""
[2.744s] -- Up-to-date: /home/user/Jina/install/dsr_realtime_control/include/dsr_realtime_control
[2.744s] -- Up-to-date: /home/user/Jina/install/dsr_realtime_control/include/dsr_realtime_control/dsr_realtime_control
[2.744s] -- Installing: /home/user/Jina/install/dsr_realtime_control/include/dsr_realtime_control/dsr_realtime_control/command_line_options.hpp
[2.744s] -- Installing: /home/user/Jina/install/dsr_realtime_control/include/dsr_realtime_control/dsr_realtime_control/rusage_utils.hpp
[2.744s] -- Installing: /home/user/Jina/install/dsr_realtime_control/include/dsr_realtime_control/dsr_realtime_control/sched_utils.hpp
[2.744s] -- Installing: /home/user/Jina/install/dsr_realtime_control/include/dsr_realtime_control/dsr_realtime_control/burn_cpu_cycles.hpp
[2.744s] -- Installing: /home/user/Jina/install/dsr_realtime_control/include/dsr_realtime_control/dsr_realtime_control/realtime_control.hpp
[2.744s] -- Installing: /home/user/Jina/install/dsr_realtime_control/share/ament_index/resource_index/package_run_dependencies/dsr_realtime_control
[2.744s] -- Installing: /home/user/Jina/install/dsr_realtime_control/share/ament_index/resource_index/parent_prefix_path/dsr_realtime_control
[2.745s] -- Installing: /home/user/Jina/install/dsr_realtime_control/share/dsr_realtime_control/environment/ament_prefix_path.sh
[2.745s] -- Installing: /home/user/Jina/install/dsr_realtime_control/share/dsr_realtime_control/environment/ament_prefix_path.dsv
[2.745s] -- Installing: /home/user/Jina/install/dsr_realtime_control/share/dsr_realtime_control/environment/path.sh
[2.745s] -- Installing: /home/user/Jina/install/dsr_realtime_control/share/dsr_realtime_control/environment/path.dsv
[2.745s] -- Installing: /home/user/Jina/install/dsr_realtime_control/share/dsr_realtime_control/local_setup.bash
[2.745s] -- Installing: /home/user/Jina/install/dsr_realtime_control/share/dsr_realtime_control/local_setup.sh
[2.745s] -- Installing: /home/user/Jina/install/dsr_realtime_control/share/dsr_realtime_control/local_setup.zsh
[2.745s] -- Installing: /home/user/Jina/install/dsr_realtime_control/share/dsr_realtime_control/local_setup.dsv
[2.745s] -- Installing: /home/user/Jina/install/dsr_realtime_control/share/dsr_realtime_control/package.dsv
[2.745s] -- Installing: /home/user/Jina/install/dsr_realtime_control/share/ament_index/resource_index/packages/dsr_realtime_control
[2.746s] -- Installing: /home/user/Jina/install/dsr_realtime_control/share/dsr_realtime_control/cmake/dsr_realtime_controlConfig.cmake
[2.746s] -- Installing: /home/user/Jina/install/dsr_realtime_control/share/dsr_realtime_control/cmake/dsr_realtime_controlConfig-version.cmake
[2.746s] -- Installing: /home/user/Jina/install/dsr_realtime_control/share/dsr_realtime_control/package.xml
[2.747s] Invoked command in '/home/user/Jina/build/dsr_realtime_control' returned '0': CMAKE_PREFIX_PATH=/home/user/Jina/install/dsr_msgs2:/home/user/Jina/install/dsr_realtime_control:/home/user/Jina/install/dsr_mujoco:/home/user/Jina/install/dsr_controller2:/home/user/Jina/install/dsr_moveit_config_p3020:/home/user/Jina/install/dsr_moveit_config_m1509:/home/user/Jina/install/dsr_moveit_config_m1013:/home/user/Jina/install/dsr_moveit_config_m0617:/home/user/Jina/install/dsr_moveit_config_m0609:/home/user/Jina/install/dsr_moveit_config_h2515:/home/user/Jina/install/dsr_moveit_config_h2017:/home/user/Jina/install/dsr_moveit_config_e0509:/home/user/Jina/install/dsr_moveit_config_a0912:/home/user/Jina/install/dsr_moveit_config_a0509:/home/user/Jina/install/dsr_hardware2:/home/user/Jina/install/dsr_gazebo2:/home/user/Jina/install/dsr_description2:/home/user/Jina/install/dsr_common2:/home/user/Jina/install/tower_builder:/home/user/Jina/install/dsr_visualservoing:/home/user/Jina/install/dsr_tests:/home/user/Jina/install/dsr_bringup2:/home/user/Jina/install/dsr_example:/opt/ros/humble LD_LIBRARY_PATH=/home/user/Jina/install/dsr_msgs2/lib:/home/user/Jina/install/dsr_controller2/lib:/home/user/Jina/install/dsr_hardware2/lib:/usr/lib/x86_64-linux-gnu/gazebo-11/plugins:/opt/ros/humble/opt/rviz_ogre_vendor/lib:/opt/ros/humble/lib/x86_64-linux-gnu:/opt/ros/humble/lib /usr/bin/cmake --install /home/user/Jina/build/dsr_realtime_control
