[0.099s] Invoking command in '/home/user/Jina/build/dsr_description2': CMAKE_PREFIX_PATH=${CMAKE_PREFIX_PATH}:/home/user/Jina/install/tower_builder:/home/user/Jina/install/dsr_visualservoing:/home/user/Jina/install/dsr_tests:/home/user/Jina/install/dsr_bringup2:/home/user/Jina/install/dsr_example:/opt/ros/humble /usr/bin/cmake --build /home/user/Jina/build/dsr_description2 -- -j12 -l12
[0.172s] -- Found ament_cmake: 1.3.12 (/opt/ros/humble/share/ament_cmake/cmake)
[0.620s] -- Configuring done
[0.623s] -- Generating done
[0.627s] -- Build files have been written to: /home/user/Jina/build/dsr_description2
[0.808s] Invoked command in '/home/user/Jina/build/dsr_description2' returned '0': CMAKE_PREFIX_PATH=${CMAKE_PREFIX_PATH}:/home/user/Jina/install/tower_builder:/home/user/Jina/install/dsr_visualservoing:/home/user/Jina/install/dsr_tests:/home/user/Jina/install/dsr_bringup2:/home/user/Jina/install/dsr_example:/opt/ros/humble /usr/bin/cmake --build /home/user/Jina/build/dsr_description2 -- -j12 -l12
[0.809s] Invoking command in '/home/user/Jina/build/dsr_description2': CMAKE_PREFIX_PATH=${CMAKE_PREFIX_PATH}:/home/user/Jina/install/tower_builder:/home/user/Jina/install/dsr_visualservoing:/home/user/Jina/install/dsr_tests:/home/user/Jina/install/dsr_bringup2:/home/user/Jina/install/dsr_example:/opt/ros/humble /usr/bin/cmake --install /home/user/Jina/build/dsr_description2
[0.864s] -- Install configuration: ""
[0.865s] -- Up-to-date: /home/user/Jina/install/dsr_description2/share/dsr_description2/environment/dsr_description2_path.dsv
[0.865s] -- Up-to-date: /home/user/Jina/install/dsr_description2/share/ament_index/resource_index/package_run_dependencies/dsr_description2
[0.865s] -- Installing: /home/user/Jina/install/dsr_description2/share/ament_index/resource_index/parent_prefix_path/dsr_description2
[0.865s] -- Installing: /home/user/Jina/install/dsr_description2/share/dsr_description2/environment/ament_prefix_path.sh
[0.865s] -- Installing: /home/user/Jina/install/dsr_description2/share/dsr_description2/environment/ament_prefix_path.dsv
[0.865s] -- Installing: /home/user/Jina/install/dsr_description2/share/dsr_description2/environment/path.sh
[0.865s] -- Installing: /home/user/Jina/install/dsr_description2/share/dsr_description2/environment/path.dsv
[0.866s] -- Up-to-date: /home/user/Jina/install/dsr_description2/share/dsr_description2/local_setup.bash
[0.866s] -- Up-to-date: /home/user/Jina/install/dsr_description2/share/dsr_description2/local_setup.sh
[0.866s] -- Up-to-date: /home/user/Jina/install/dsr_description2/share/dsr_description2/local_setup.zsh
[0.866s] -- Installing: /home/user/Jina/install/dsr_description2/share/dsr_description2/local_setup.dsv
[0.866s] -- Installing: /home/user/Jina/install/dsr_description2/share/dsr_description2/package.dsv
[0.866s] -- Up-to-date: /home/user/Jina/install/dsr_description2/share/ament_index/resource_index/packages/dsr_description2
[0.866s] -- Up-to-date: /home/user/Jina/install/dsr_description2/share/dsr_description2/cmake/dsr_description2Config.cmake
[0.866s] -- Up-to-date: /home/user/Jina/install/dsr_description2/share/dsr_description2/cmake/dsr_description2Config-version.cmake
[0.866s] -- Installing: /home/user/Jina/install/dsr_description2/share/dsr_description2/package.xml
[0.866s] -- Up-to-date: /home/user/Jina/install/dsr_description2/share/dsr_description2/meshes
[0.867s] -- Up-to-date: /home/user/Jina/install/dsr_description2/share/dsr_description2/meshes/a0912_collision
[0.867s] -- Installing: /home/user/Jina/install/dsr_description2/share/dsr_description2/meshes/a0912_collision/A0912_4_0.dae
[0.867s] -- Installing: /home/user/Jina/install/dsr_description2/share/dsr_description2/meshes/a0912_collision/A0912_6_0.dae
[0.867s] -- Installing: /home/user/Jina/install/dsr_description2/share/dsr_description2/meshes/a0912_collision/A0912_5_1.dae
[0.867s] -- Installing: /home/user/Jina/install/dsr_description2/share/dsr_description2/meshes/a0912_collision/A0912_4_1.dae
[0.867s] -- Installing: /home/user/Jina/install/dsr_description2/share/dsr_description2/meshes/a0912_collision/A0912_1_1.dae
[0.867s] -- Installing: /home/user/Jina/install/dsr_description2/share/dsr_description2/meshes/a0912_collision/A0912_2_0.dae
[0.868s] -- Installing: /home/user/Jina/install/dsr_description2/share/dsr_description2/meshes/a0912_collision/A0912_5_0.dae
[0.868s] -- Installing: /home/user/Jina/install/dsr_description2/share/dsr_description2/meshes/a0912_collision/A0912_2_1.dae
[0.868s] -- Installing: /home/user/Jina/install/dsr_description2/share/dsr_description2/meshes/a0912_collision/A0912_3_1.dae
[0.868s] -- Installing: /home/user/Jina/install/dsr_description2/share/dsr_description2/meshes/a0912_collision/A0912_2_2.dae
[0.868s] -- Installing: /home/user/Jina/install/dsr_description2/share/dsr_description2/meshes/a0912_collision/A0912_1_0.dae
[0.869s] -- Installing: /home/user/Jina/install/dsr_description2/share/dsr_description2/meshes/a0912_collision/A0912_1_2.dae
[0.869s] -- Installing: /home/user/Jina/install/dsr_description2/share/dsr_description2/meshes/a0912_collision/A0912_0_0.dae
[0.869s] -- Installing: /home/user/Jina/install/dsr_description2/share/dsr_description2/meshes/a0912_collision/A0912_3_0.dae
[0.869s] -- Up-to-date: /home/user/Jina/install/dsr_description2/share/dsr_description2/meshes/m0609_white
[0.869s] -- Installing: /home/user/Jina/install/dsr_description2/share/dsr_description2/meshes/m0609_white/MF0609_4_1.dae
[0.869s] -- Installing: /home/user/Jina/install/dsr_description2/share/dsr_description2/meshes/m0609_white/MF0609_2_2.dae
[0.869s] -- Installing: /home/user/Jina/install/dsr_description2/share/dsr_description2/meshes/m0609_white/MF0609_5_0.dae
[0.872s] -- Installing: /home/user/Jina/install/dsr_description2/share/dsr_description2/meshes/m0609_white/MF0609_0_0.dae
[0.872s] -- Installing: /home/user/Jina/install/dsr_description2/share/dsr_description2/meshes/m0609_white/MF0609_1_0.dae
[0.872s] -- Installing: /home/user/Jina/install/dsr_description2/share/dsr_description2/meshes/m0609_white/MF0609_2_0.dae
[0.872s] -- Installing: /home/user/Jina/install/dsr_description2/share/dsr_description2/meshes/m0609_white/MF0609_3_0.dae
[0.873s] -- Installing: /home/user/Jina/install/dsr_description2/share/dsr_description2/meshes/m0609_white/MF0609_2_1.dae
[0.873s] -- Installing: /home/user/Jina/install/dsr_description2/share/dsr_description2/meshes/m0609_white/MF0609_4_0.dae
[0.873s] -- Installing: /home/user/Jina/install/dsr_description2/share/dsr_description2/meshes/m0609_white/MF0609_6_0.dae
[0.873s] -- Up-to-date: /home/user/Jina/install/dsr_description2/share/dsr_description2/meshes/m0617_white
[0.873s] -- Installing: /home/user/Jina/install/dsr_description2/share/dsr_description2/meshes/m0617_white/MF0617_6_0.dae
[0.873s] -- Installing: /home/user/Jina/install/dsr_description2/share/dsr_description2/meshes/m0617_white/MF0617_5_0.dae
[0.873s] -- Installing: /home/user/Jina/install/dsr_description2/share/dsr_description2/meshes/m0617_white/MF0617_0_0.dae
[0.873s] -- Installing: /home/user/Jina/install/dsr_description2/share/dsr_description2/meshes/m0617_white/MF0617_4_0.dae
[0.873s] -- Installing: /home/user/Jina/install/dsr_description2/share/dsr_description2/meshes/m0617_white/MF0617_2_0.dae
[0.873s] -- Installing: /home/user/Jina/install/dsr_description2/share/dsr_description2/meshes/m0617_white/MF0617_1_0.dae
[0.873s] -- Installing: /home/user/Jina/install/dsr_description2/share/dsr_description2/meshes/m0617_white/MF0617_2_2.dae
[0.873s] -- Installing: /home/user/Jina/install/dsr_description2/share/dsr_description2/meshes/m0617_white/MF0617_4_1.dae
[0.873s] -- Installing: /home/user/Jina/install/dsr_description2/share/dsr_description2/meshes/m0617_white/MF0617_2_1.dae
[0.873s] -- Installing: /home/user/Jina/install/dsr_description2/share/dsr_description2/meshes/m0617_white/MF0617_3_0.dae
[0.874s] -- Up-to-date: /home/user/Jina/install/dsr_description2/share/dsr_description2/meshes/m1013_white
[0.874s] -- Installing: /home/user/Jina/install/dsr_description2/share/dsr_description2/meshes/m1013_white/MF1013_6_0.dae
[0.874s] -- Installing: /home/user/Jina/install/dsr_description2/share/dsr_description2/meshes/m1013_white/MF1013_5_0.dae
[0.874s] -- Installing: /home/user/Jina/install/dsr_description2/share/dsr_description2/meshes/m1013_white/MF1013_2_1.dae
[0.874s] -- Installing: /home/user/Jina/install/dsr_description2/share/dsr_description2/meshes/m1013_white/MF1013_4_0.dae
[0.874s] -- Installing: /home/user/Jina/install/dsr_description2/share/dsr_description2/meshes/m1013_white/MF1013_2_2.dae
[0.874s] -- Installing: /home/user/Jina/install/dsr_description2/share/dsr_description2/meshes/m1013_white/MF1013_3_0.dae
[0.874s] -- Installing: /home/user/Jina/install/dsr_description2/share/dsr_description2/meshes/m1013_white/MF1013_1_0.dae
[0.874s] -- Installing: /home/user/Jina/install/dsr_description2/share/dsr_description2/meshes/m1013_white/MF1013_2_0.dae
[0.874s] -- Installing: /home/user/Jina/install/dsr_description2/share/dsr_description2/meshes/m1013_white/MF1013_0_0.dae
[0.877s] -- Installing: /home/user/Jina/install/dsr_description2/share/dsr_description2/meshes/m1013_white/MF1013_4_1.dae
[0.878s] -- Up-to-date: /home/user/Jina/install/dsr_description2/share/dsr_description2/meshes/h2017_blue
[0.878s] -- Installing: /home/user/Jina/install/dsr_description2/share/dsr_description2/meshes/h2017_blue/H2017_0_0.dae
[0.878s] -- Installing: /home/user/Jina/install/dsr_description2/share/dsr_description2/meshes/h2017_blue/H2017_1_0.dae
[0.878s] -- Installing: /home/user/Jina/install/dsr_description2/share/dsr_description2/meshes/h2017_blue/H2017_4_0.dae
[0.878s] -- Installing: /home/user/Jina/install/dsr_description2/share/dsr_description2/meshes/h2017_blue/H2017_2_1.dae
[0.878s] -- Installing: /home/user/Jina/install/dsr_description2/share/dsr_description2/meshes/h2017_blue/H2017_5_0.dae
[0.878s] -- Installing: /home/user/Jina/install/dsr_description2/share/dsr_description2/meshes/h2017_blue/H2017_3_0.dae
[0.878s] -- Installing: /home/user/Jina/install/dsr_description2/share/dsr_description2/meshes/h2017_blue/H2017_6_0.dae
[0.879s] -- Installing: /home/user/Jina/install/dsr_description2/share/dsr_description2/meshes/h2017_blue/H2017_2_2.dae
[0.879s] -- Installing: /home/user/Jina/install/dsr_description2/share/dsr_description2/meshes/h2017_blue/H2017_2_0.dae
[0.879s] -- Installing: /home/user/Jina/install/dsr_description2/share/dsr_description2/meshes/h2017_blue/H2017_4_1.dae
[0.879s] -- Up-to-date: /home/user/Jina/install/dsr_description2/share/dsr_description2/meshes/a0912_white
[0.879s] -- Installing: /home/user/Jina/install/dsr_description2/share/dsr_description2/meshes/a0912_white/A0912_4_0.dae
[0.880s] -- Installing: /home/user/Jina/install/dsr_description2/share/dsr_description2/meshes/a0912_white/A0912_6_0.dae
[0.887s] -- Installing: /home/user/Jina/install/dsr_description2/share/dsr_description2/meshes/a0912_white/A0912_5_1.dae
[0.887s] -- Installing: /home/user/Jina/install/dsr_description2/share/dsr_description2/meshes/a0912_white/A0912_4_1.dae
[0.888s] -- Installing: /home/user/Jina/install/dsr_description2/share/dsr_description2/meshes/a0912_white/A0912_1_1.dae
[0.895s] -- Installing: /home/user/Jina/install/dsr_description2/share/dsr_description2/meshes/a0912_white/A0912_2_0.dae
[0.903s] -- Installing: /home/user/Jina/install/dsr_description2/share/dsr_description2/meshes/a0912_white/A0912_5_0.dae
[0.903s] -- Installing: /home/user/Jina/install/dsr_description2/share/dsr_description2/meshes/a0912_white/A0912_2_1.dae
[0.905s] -- Installing: /home/user/Jina/install/dsr_description2/share/dsr_description2/meshes/a0912_white/A0912_3_1.dae
[0.905s] -- Installing: /home/user/Jina/install/dsr_description2/share/dsr_description2/meshes/a0912_white/A0912_2_2.dae
[0.905s] -- Installing: /home/user/Jina/install/dsr_description2/share/dsr_description2/meshes/a0912_white/A0912_1_0.dae
[0.905s] -- Installing: /home/user/Jina/install/dsr_description2/share/dsr_description2/meshes/a0912_white/A0912_1_2.dae
[0.906s] -- Installing: /home/user/Jina/install/dsr_description2/share/dsr_description2/meshes/a0912_white/A0912_0_0.dae
[0.907s] -- Installing: /home/user/Jina/install/dsr_description2/share/dsr_description2/meshes/a0912_white/A0912_3_0.dae
[0.907s] -- Up-to-date: /home/user/Jina/install/dsr_description2/share/dsr_description2/meshes/m1013_collision
[0.907s] -- Installing: /home/user/Jina/install/dsr_description2/share/dsr_description2/meshes/m1013_collision/MF1013_6_0.dae
[0.907s] -- Installing: /home/user/Jina/install/dsr_description2/share/dsr_description2/meshes/m1013_collision/MF1013_5_0.dae
[0.907s] -- Installing: /home/user/Jina/install/dsr_description2/share/dsr_description2/meshes/m1013_collision/MF1013_2_1.dae
[0.907s] -- Installing: /home/user/Jina/install/dsr_description2/share/dsr_description2/meshes/m1013_collision/MF1013_4_0.dae
[0.907s] -- Installing: /home/user/Jina/install/dsr_description2/share/dsr_description2/meshes/m1013_collision/MF1013_2_2.dae
[0.907s] -- Installing: /home/user/Jina/install/dsr_description2/share/dsr_description2/meshes/m1013_collision/MF1013_3_0.dae
[0.908s] -- Installing: /home/user/Jina/install/dsr_description2/share/dsr_description2/meshes/m1013_collision/MF1013_1_0.dae
[0.910s] -- Installing: /home/user/Jina/install/dsr_description2/share/dsr_description2/meshes/m1013_collision/MF1013_2_0.dae
[0.911s] -- Installing: /home/user/Jina/install/dsr_description2/share/dsr_description2/meshes/m1013_collision/MF1013_0_0.dae
[0.913s] -- Installing: /home/user/Jina/install/dsr_description2/share/dsr_description2/meshes/m1013_collision/MF1013_4_1.dae
[0.914s] -- Up-to-date: /home/user/Jina/install/dsr_description2/share/dsr_description2/meshes/a0509_white
[0.914s] -- Installing: /home/user/Jina/install/dsr_description2/share/dsr_description2/meshes/a0509_white/A0509_1_1.dae
[0.915s] -- Installing: /home/user/Jina/install/dsr_description2/share/dsr_description2/meshes/a0509_white/A0509_4_0.dae
[0.916s] -- Installing: /home/user/Jina/install/dsr_description2/share/dsr_description2/meshes/a0509_white/A0509_3_0.dae
[0.916s] -- Installing: /home/user/Jina/install/dsr_description2/share/dsr_description2/meshes/a0509_white/A0509_0_0.dae
[0.918s] -- Installing: /home/user/Jina/install/dsr_description2/share/dsr_description2/meshes/a0509_white/A0509_1_0.dae
[0.919s] -- Installing: /home/user/Jina/install/dsr_description2/share/dsr_description2/meshes/a0509_white/A0509_2_0.dae
[0.919s] -- Installing: /home/user/Jina/install/dsr_description2/share/dsr_description2/meshes/a0509_white/A0509_3_1.dae
[0.922s] -- Installing: /home/user/Jina/install/dsr_description2/share/dsr_description2/meshes/a0509_white/A0509_5_0.dae
[0.922s] -- Installing: /home/user/Jina/install/dsr_description2/share/dsr_description2/meshes/a0509_white/A0509_2_2.dae
[0.923s] -- Installing: /home/user/Jina/install/dsr_description2/share/dsr_description2/meshes/a0509_white/A0509_1_2.dae
[0.924s] -- Installing: /home/user/Jina/install/dsr_description2/share/dsr_description2/meshes/a0509_white/A0509_2_1.dae
[0.927s] -- Installing: /home/user/Jina/install/dsr_description2/share/dsr_description2/meshes/a0509_white/A0509_4_1.dae
[0.928s] -- Installing: /home/user/Jina/install/dsr_description2/share/dsr_description2/meshes/a0509_white/A0509_5_1.dae
[0.929s] -- Installing: /home/user/Jina/install/dsr_description2/share/dsr_description2/meshes/a0509_white/A0509_6_0.dae
[0.930s] -- Up-to-date: /home/user/Jina/install/dsr_description2/share/dsr_description2/meshes/m1509_collision
[0.930s] -- Installing: /home/user/Jina/install/dsr_description2/share/dsr_description2/meshes/m1509_collision/MF1509_5_0.dae
[0.930s] -- Installing: /home/user/Jina/install/dsr_description2/share/dsr_description2/meshes/m1509_collision/MF1509_6_0.dae
[0.931s] -- Installing: /home/user/Jina/install/dsr_description2/share/dsr_description2/meshes/m1509_collision/MF1509_2_2.dae
[0.931s] -- Installing: /home/user/Jina/install/dsr_description2/share/dsr_description2/meshes/m1509_collision/MF1509_4_1.dae
[0.932s] -- Installing: /home/user/Jina/install/dsr_description2/share/dsr_description2/meshes/m1509_collision/MF1509_0_0.dae
[0.933s] -- Installing: /home/user/Jina/install/dsr_description2/share/dsr_description2/meshes/m1509_collision/MF1509_1_0.dae
[0.933s] -- Installing: /home/user/Jina/install/dsr_description2/share/dsr_description2/meshes/m1509_collision/MF1509_4_0.dae
[0.934s] -- Installing: /home/user/Jina/install/dsr_description2/share/dsr_description2/meshes/m1509_collision/MF1509_2_1.dae
[0.937s] -- Installing: /home/user/Jina/install/dsr_description2/share/dsr_description2/meshes/m1509_collision/MF1509_3_0.dae
[0.938s] -- Installing: /home/user/Jina/install/dsr_description2/share/dsr_description2/meshes/m1509_collision/MF1509_2_0.dae
[0.938s] -- Up-to-date: /home/user/Jina/install/dsr_description2/share/dsr_description2/meshes/m0609_blue
[0.938s] -- Installing: /home/user/Jina/install/dsr_description2/share/dsr_description2/meshes/m0609_blue/MF0609_4_1.dae
[0.939s] -- Installing: /home/user/Jina/install/dsr_description2/share/dsr_description2/meshes/m0609_blue/MF0609_2_2.dae
[0.939s] -- Installing: /home/user/Jina/install/dsr_description2/share/dsr_description2/meshes/m0609_blue/MF0609_5_0.dae
[0.939s] -- Installing: /home/user/Jina/install/dsr_description2/share/dsr_description2/meshes/m0609_blue/MF0609_0_0.dae
[0.941s] -- Installing: /home/user/Jina/install/dsr_description2/share/dsr_description2/meshes/m0609_blue/MF0609_1_0.dae
[0.941s] -- Installing: /home/user/Jina/install/dsr_description2/share/dsr_description2/meshes/m0609_blue/MF0609_2_0.dae
[0.942s] -- Installing: /home/user/Jina/install/dsr_description2/share/dsr_description2/meshes/m0609_blue/MF0609_3_0.dae
[0.943s] -- Installing: /home/user/Jina/install/dsr_description2/share/dsr_description2/meshes/m0609_blue/MF0609_2_1.dae
[0.948s] -- Installing: /home/user/Jina/install/dsr_description2/share/dsr_description2/meshes/m0609_blue/MF0609_4_0.dae
[0.948s] -- Installing: /home/user/Jina/install/dsr_description2/share/dsr_description2/meshes/m0609_blue/MF0609_6_0.dae
[0.949s] -- Up-to-date: /home/user/Jina/install/dsr_description2/share/dsr_description2/meshes/p3020_collision
[0.949s] -- Installing: /home/user/Jina/install/dsr_description2/share/dsr_description2/meshes/p3020_collision/3-8.STL
[0.949s] -- Installing: /home/user/Jina/install/dsr_description2/share/dsr_description2/meshes/p3020_collision/3-5.STL
[0.949s] -- Installing: /home/user/Jina/install/dsr_description2/share/dsr_description2/meshes/p3020_collision/2-3.STL
[0.949s] -- Installing: /home/user/Jina/install/dsr_description2/share/dsr_description2/meshes/p3020_collision/7.STL
[0.950s] -- Installing: /home/user/Jina/install/dsr_description2/share/dsr_description2/meshes/p3020_collision/4-1.STL
[0.951s] -- Installing: /home/user/Jina/install/dsr_description2/share/dsr_description2/meshes/p3020_collision/6-2.STL
[0.952s] -- Installing: /home/user/Jina/install/dsr_description2/share/dsr_description2/meshes/p3020_collision/3-1.STL
[0.952s] -- Installing: /home/user/Jina/install/dsr_description2/share/dsr_description2/meshes/p3020_collision/3-4.STL
[0.953s] -- Installing: /home/user/Jina/install/dsr_description2/share/dsr_description2/meshes/p3020_collision/4-3.STL
[0.953s] -- Installing: /home/user/Jina/install/dsr_description2/share/dsr_description2/meshes/p3020_collision/6-3.STL
[0.954s] -- Installing: /home/user/Jina/install/dsr_description2/share/dsr_description2/meshes/p3020_collision/2-4.STL
[0.954s] -- Installing: /home/user/Jina/install/dsr_description2/share/dsr_description2/meshes/p3020_collision/2-1.STL
[0.954s] -- Installing: /home/user/Jina/install/dsr_description2/share/dsr_description2/meshes/p3020_collision/4-2.STL
[0.955s] -- Installing: /home/user/Jina/install/dsr_description2/share/dsr_description2/meshes/p3020_collision/3-6.STL
[0.955s] -- Installing: /home/user/Jina/install/dsr_description2/share/dsr_description2/meshes/p3020_collision/3-3.STL
[0.956s] -- Installing: /home/user/Jina/install/dsr_description2/share/dsr_description2/meshes/p3020_collision/3-2.STL
[0.956s] -- Installing: /home/user/Jina/install/dsr_description2/share/dsr_description2/meshes/p3020_collision/3-7.STL
[0.957s] -- Installing: /home/user/Jina/install/dsr_description2/share/dsr_description2/meshes/p3020_collision/1.STL
[0.958s] -- Installing: /home/user/Jina/install/dsr_description2/share/dsr_description2/meshes/p3020_collision/4-4.STL
[0.958s] -- Installing: /home/user/Jina/install/dsr_description2/share/dsr_description2/meshes/p3020_collision/6-1.STL
[0.959s] -- Installing: /home/user/Jina/install/dsr_description2/share/dsr_description2/meshes/p3020_collision/2-2.STL
[0.959s] -- Installing: /home/user/Jina/install/dsr_description2/share/dsr_description2/meshes/p3020_collision/2-5.STL
[0.960s] -- Up-to-date: /home/user/Jina/install/dsr_description2/share/dsr_description2/meshes/h2017_collision
[0.960s] -- Installing: /home/user/Jina/install/dsr_description2/share/dsr_description2/meshes/h2017_collision/H2017_0_0.dae
[0.961s] -- Installing: /home/user/Jina/install/dsr_description2/share/dsr_description2/meshes/h2017_collision/H2017_1_0.dae
[0.962s] -- Installing: /home/user/Jina/install/dsr_description2/share/dsr_description2/meshes/h2017_collision/H2017_4_0.dae
[0.963s] -- Installing: /home/user/Jina/install/dsr_description2/share/dsr_description2/meshes/h2017_collision/H2017_2_1.dae
[0.965s] -- Installing: /home/user/Jina/install/dsr_description2/share/dsr_description2/meshes/h2017_collision/H2017_5_0.dae
[0.967s] -- Installing: /home/user/Jina/install/dsr_description2/share/dsr_description2/meshes/h2017_collision/H2017_3_0.dae
[0.969s] -- Installing: /home/user/Jina/install/dsr_description2/share/dsr_description2/meshes/h2017_collision/H2017_6_0.dae
[0.969s] -- Installing: /home/user/Jina/install/dsr_description2/share/dsr_description2/meshes/h2017_collision/H2017_2_2.dae
[0.971s] -- Installing: /home/user/Jina/install/dsr_description2/share/dsr_description2/meshes/h2017_collision/H2017_2_0.dae
[0.972s] -- Installing: /home/user/Jina/install/dsr_description2/share/dsr_description2/meshes/h2017_collision/H2017_4_1.dae
[0.973s] -- Up-to-date: /home/user/Jina/install/dsr_description2/share/dsr_description2/meshes/h2017_white
[0.973s] -- Installing: /home/user/Jina/install/dsr_description2/share/dsr_description2/meshes/h2017_white/H2017_0_0.dae
[0.974s] -- Installing: /home/user/Jina/install/dsr_description2/share/dsr_description2/meshes/h2017_white/H2017_1_0.dae
[0.976s] -- Installing: /home/user/Jina/install/dsr_description2/share/dsr_description2/meshes/h2017_white/H2017_4_0.dae
[0.977s] -- Installing: /home/user/Jina/install/dsr_description2/share/dsr_description2/meshes/h2017_white/H2017_2_1.dae
[0.980s] -- Installing: /home/user/Jina/install/dsr_description2/share/dsr_description2/meshes/h2017_white/H2017_5_0.dae
[0.983s] -- Installing: /home/user/Jina/install/dsr_description2/share/dsr_description2/meshes/h2017_white/H2017_3_0.dae
[0.985s] -- Installing: /home/user/Jina/install/dsr_description2/share/dsr_description2/meshes/h2017_white/H2017_6_0.dae
[0.985s] -- Installing: /home/user/Jina/install/dsr_description2/share/dsr_description2/meshes/h2017_white/H2017_2_2.dae
[0.985s] -- Installing: /home/user/Jina/install/dsr_description2/share/dsr_description2/meshes/h2017_white/H2017_2_0.dae
[0.986s] -- Installing: /home/user/Jina/install/dsr_description2/share/dsr_description2/meshes/h2017_white/H2017_4_1.dae
[0.987s] -- Up-to-date: /home/user/Jina/install/dsr_description2/share/dsr_description2/meshes/h2515_white
[0.987s] -- Installing: /home/user/Jina/install/dsr_description2/share/dsr_description2/meshes/h2515_white/H2515_0_0.dae
[0.988s] -- Installing: /home/user/Jina/install/dsr_description2/share/dsr_description2/meshes/h2515_white/H2515_2_1.dae
[0.991s] -- Installing: /home/user/Jina/install/dsr_description2/share/dsr_description2/meshes/h2515_white/H2515_2_2.dae
[0.992s] -- Installing: /home/user/Jina/install/dsr_description2/share/dsr_description2/meshes/h2515_white/H2515_2_0.dae
[0.995s] -- Installing: /home/user/Jina/install/dsr_description2/share/dsr_description2/meshes/h2515_white/H2515_4_1.dae
[0.996s] -- Installing: /home/user/Jina/install/dsr_description2/share/dsr_description2/meshes/h2515_white/H2515_5_0.dae
[1.000s] -- Installing: /home/user/Jina/install/dsr_description2/share/dsr_description2/meshes/h2515_white/H2515_6_0.dae
[1.000s] -- Installing: /home/user/Jina/install/dsr_description2/share/dsr_description2/meshes/h2515_white/H2515_3_0.dae
[1.001s] -- Installing: /home/user/Jina/install/dsr_description2/share/dsr_description2/meshes/h2515_white/H2515_1_0.dae
[1.001s] -- Installing: /home/user/Jina/install/dsr_description2/share/dsr_description2/meshes/h2515_white/H2515_4_0.dae
[1.002s] -- Up-to-date: /home/user/Jina/install/dsr_description2/share/dsr_description2/meshes/m1013_blue
[1.002s] -- Installing: /home/user/Jina/install/dsr_description2/share/dsr_description2/meshes/m1013_blue/MF1013_6_0.dae
[1.003s] -- Installing: /home/user/Jina/install/dsr_description2/share/dsr_description2/meshes/m1013_blue/MF1013_5_0.dae
[1.003s] -- Installing: /home/user/Jina/install/dsr_description2/share/dsr_description2/meshes/m1013_blue/MF1013_2_1.dae
[1.005s] -- Installing: /home/user/Jina/install/dsr_description2/share/dsr_description2/meshes/m1013_blue/MF1013_4_0.dae
[1.005s] -- Installing: /home/user/Jina/install/dsr_description2/share/dsr_description2/meshes/m1013_blue/MF1013_2_2.dae
[1.006s] -- Installing: /home/user/Jina/install/dsr_description2/share/dsr_description2/meshes/m1013_blue/MF1013_3_0.dae
[1.007s] -- Installing: /home/user/Jina/install/dsr_description2/share/dsr_description2/meshes/m1013_blue/MF1013_1_0.dae
[1.008s] -- Installing: /home/user/Jina/install/dsr_description2/share/dsr_description2/meshes/m1013_blue/MF1013_2_0.dae
[1.009s] -- Installing: /home/user/Jina/install/dsr_description2/share/dsr_description2/meshes/m1013_blue/MF1013_0_0.dae
[1.011s] -- Installing: /home/user/Jina/install/dsr_description2/share/dsr_description2/meshes/m1013_blue/MF1013_4_1.dae
[1.012s] -- Up-to-date: /home/user/Jina/install/dsr_description2/share/dsr_description2/meshes/gripper
[1.012s] -- Up-to-date: /home/user/Jina/install/dsr_description2/share/dsr_description2/meshes/gripper/robotiq
[1.012s] -- Up-to-date: /home/user/Jina/install/dsr_description2/share/dsr_description2/meshes/gripper/robotiq/85_2f
[1.012s] -- Up-to-date: /home/user/Jina/install/dsr_description2/share/dsr_description2/meshes/gripper/robotiq/85_2f/collision
[1.013s] -- Installing: /home/user/Jina/install/dsr_description2/share/dsr_description2/meshes/gripper/robotiq/85_2f/collision/robotiq_85_finger_link.stl
[1.013s] -- Installing: /home/user/Jina/install/dsr_description2/share/dsr_description2/meshes/gripper/robotiq/85_2f/collision/robotiq_85_finger_tip_link.stl
[1.013s] -- Installing: /home/user/Jina/install/dsr_description2/share/dsr_description2/meshes/gripper/robotiq/85_2f/collision/robotiq_85_base_link.stl
[1.016s] -- Installing: /home/user/Jina/install/dsr_description2/share/dsr_description2/meshes/gripper/robotiq/85_2f/collision/robotiq_85_knuckle_link.stl
[1.016s] -- Installing: /home/user/Jina/install/dsr_description2/share/dsr_description2/meshes/gripper/robotiq/85_2f/collision/robotiq_85_inner_knuckle_link.stl
[1.016s] -- Installing: /home/user/Jina/install/dsr_description2/share/dsr_description2/meshes/gripper/robotiq/85_2f/robotiq_85_coupler.stl
[1.017s] -- Up-to-date: /home/user/Jina/install/dsr_description2/share/dsr_description2/meshes/gripper/robotiq/85_2f/visual
[1.017s] -- Installing: /home/user/Jina/install/dsr_description2/share/dsr_description2/meshes/gripper/robotiq/85_2f/visual/robotiq_85_base_link.dae
[1.023s] -- Installing: /home/user/Jina/install/dsr_description2/share/dsr_description2/meshes/gripper/robotiq/85_2f/visual/robotiq_85_knuckle_link.dae
[1.023s] -- Installing: /home/user/Jina/install/dsr_description2/share/dsr_description2/meshes/gripper/robotiq/85_2f/visual/robotiq_85_inner_knuckle_link.dae
[1.024s] -- Installing: /home/user/Jina/install/dsr_description2/share/dsr_description2/meshes/gripper/robotiq/85_2f/visual/robotiq_85_finger_tip_link.dae
[1.024s] -- Installing: /home/user/Jina/install/dsr_description2/share/dsr_description2/meshes/gripper/robotiq/85_2f/visual/robotiq_85_finger_link.dae
[1.025s] -- Up-to-date: /home/user/Jina/install/dsr_description2/share/dsr_description2/meshes/a0509_blue
[1.025s] -- Installing: /home/user/Jina/install/dsr_description2/share/dsr_description2/meshes/a0509_blue/A0509_1_1.dae
[1.026s] -- Installing: /home/user/Jina/install/dsr_description2/share/dsr_description2/meshes/a0509_blue/A0509_4_0.dae
[1.027s] -- Installing: /home/user/Jina/install/dsr_description2/share/dsr_description2/meshes/a0509_blue/A0509_3_0.dae
[1.028s] -- Installing: /home/user/Jina/install/dsr_description2/share/dsr_description2/meshes/a0509_blue/A0509_0_0.dae
[1.029s] -- Installing: /home/user/Jina/install/dsr_description2/share/dsr_description2/meshes/a0509_blue/A0509_1_0.dae
[1.030s] -- Installing: /home/user/Jina/install/dsr_description2/share/dsr_description2/meshes/a0509_blue/A0509_2_0.dae
[1.030s] -- Installing: /home/user/Jina/install/dsr_description2/share/dsr_description2/meshes/a0509_blue/A0509_3_1.dae
[1.031s] -- Installing: /home/user/Jina/install/dsr_description2/share/dsr_description2/meshes/a0509_blue/A0509_5_0.dae
[1.031s] -- Installing: /home/user/Jina/install/dsr_description2/share/dsr_description2/meshes/a0509_blue/A0509_2_2.dae
[1.032s] -- Installing: /home/user/Jina/install/dsr_description2/share/dsr_description2/meshes/a0509_blue/A0509_1_2.dae
[1.033s] -- Installing: /home/user/Jina/install/dsr_description2/share/dsr_description2/meshes/a0509_blue/A0509_2_1.dae
[1.034s] -- Installing: /home/user/Jina/install/dsr_description2/share/dsr_description2/meshes/a0509_blue/A0509_4_1.dae
[1.035s] -- Installing: /home/user/Jina/install/dsr_description2/share/dsr_description2/meshes/a0509_blue/A0509_5_1.dae
[1.036s] -- Installing: /home/user/Jina/install/dsr_description2/share/dsr_description2/meshes/a0509_blue/A0509_6_0.dae
[1.036s] -- Up-to-date: /home/user/Jina/install/dsr_description2/share/dsr_description2/meshes/mobile
[1.036s] -- Installing: /home/user/Jina/install/dsr_description2/share/dsr_description2/meshes/mobile/user_rail.dae
[1.037s] -- Installing: /home/user/Jina/install/dsr_description2/share/dsr_description2/meshes/mobile/user_rail.stl
[1.037s] -- Installing: /home/user/Jina/install/dsr_description2/share/dsr_description2/meshes/mobile/base_link.dae
[1.038s] -- Installing: /home/user/Jina/install/dsr_description2/share/dsr_description2/meshes/mobile/bumper.stl
[1.038s] -- Installing: /home/user/Jina/install/dsr_description2/share/dsr_description2/meshes/mobile/wheel.dae
[1.042s] -- Installing: /home/user/Jina/install/dsr_description2/share/dsr_description2/meshes/mobile/top_plate.stl
[1.042s] -- Installing: /home/user/Jina/install/dsr_description2/share/dsr_description2/meshes/mobile/base_link.stl
[1.042s] -- Installing: /home/user/Jina/install/dsr_description2/share/dsr_description2/meshes/mobile/top_chassis.stl
[1.043s] -- Installing: /home/user/Jina/install/dsr_description2/share/dsr_description2/meshes/mobile/top_plate.dae
[1.044s] -- Installing: /home/user/Jina/install/dsr_description2/share/dsr_description2/meshes/mobile/bumper.dae
[1.044s] -- Installing: /home/user/Jina/install/dsr_description2/share/dsr_description2/meshes/mobile/wheel.stl
[1.045s] -- Installing: /home/user/Jina/install/dsr_description2/share/dsr_description2/meshes/mobile/top_chassis.dae
[1.046s] -- Installing: /home/user/Jina/install/dsr_description2/share/dsr_description2/meshes/mobile/large_top_plate_collision.stl
[1.047s] -- Installing: /home/user/Jina/install/dsr_description2/share/dsr_description2/meshes/mobile/large_top_plate.dae
[1.047s] -- Up-to-date: /home/user/Jina/install/dsr_description2/share/dsr_description2/meshes/e0509_white
[1.047s] -- Installing: /home/user/Jina/install/dsr_description2/share/dsr_description2/meshes/e0509_white/E0509_4_2.dae
[1.047s] -- Installing: /home/user/Jina/install/dsr_description2/share/dsr_description2/meshes/e0509_white/E0509_4_1.dae
[1.049s] -- Installing: /home/user/Jina/install/dsr_description2/share/dsr_description2/meshes/e0509_white/E0509_5_1.dae
[1.051s] -- Installing: /home/user/Jina/install/dsr_description2/share/dsr_description2/meshes/e0509_white/E0509_1_2.dae
[1.052s] -- Installing: /home/user/Jina/install/dsr_description2/share/dsr_description2/meshes/e0509_white/E0509_5_2.dae
[1.052s] -- Installing: /home/user/Jina/install/dsr_description2/share/dsr_description2/meshes/e0509_white/E0509_2_2.dae
[1.052s] -- Installing: /home/user/Jina/install/dsr_description2/share/dsr_description2/meshes/e0509_white/E0509_6_1.dae
[1.053s] -- Installing: /home/user/Jina/install/dsr_description2/share/dsr_description2/meshes/e0509_white/E0509_1_4.dae
[1.053s] -- Installing: /home/user/Jina/install/dsr_description2/share/dsr_description2/meshes/e0509_white/E0509_2_1.dae
[1.055s] -- Installing: /home/user/Jina/install/dsr_description2/share/dsr_description2/meshes/e0509_white/E0509_1_1.dae
[1.055s] -- Installing: /home/user/Jina/install/dsr_description2/share/dsr_description2/meshes/e0509_white/E0509_3_2.dae
[1.055s] -- Installing: /home/user/Jina/install/dsr_description2/share/dsr_description2/meshes/e0509_white/E0509_0_0.dae
[1.055s] -- Installing: /home/user/Jina/install/dsr_description2/share/dsr_description2/meshes/e0509_white/E0509_1_3.dae
[1.055s] -- Installing: /home/user/Jina/install/dsr_description2/share/dsr_description2/meshes/e0509_white/E0509_3_1.dae
[1.056s] -- Up-to-date: /home/user/Jina/install/dsr_description2/share/dsr_description2/meshes/h2515_collision
[1.056s] -- Installing: /home/user/Jina/install/dsr_description2/share/dsr_description2/meshes/h2515_collision/H2515_0_0.dae
[1.057s] -- Installing: /home/user/Jina/install/dsr_description2/share/dsr_description2/meshes/h2515_collision/H2515_2_1.dae
[1.059s] -- Installing: /home/user/Jina/install/dsr_description2/share/dsr_description2/meshes/h2515_collision/H2515_2_2.dae
[1.059s] -- Installing: /home/user/Jina/install/dsr_description2/share/dsr_description2/meshes/h2515_collision/H2515_2_0.dae
[1.060s] -- Installing: /home/user/Jina/install/dsr_description2/share/dsr_description2/meshes/h2515_collision/H2515_4_1.dae
[1.060s] -- Installing: /home/user/Jina/install/dsr_description2/share/dsr_description2/meshes/h2515_collision/H2515_5_0.dae
[1.061s] -- Installing: /home/user/Jina/install/dsr_description2/share/dsr_description2/meshes/h2515_collision/H2515_6_0.dae
[1.061s] -- Installing: /home/user/Jina/install/dsr_description2/share/dsr_description2/meshes/h2515_collision/H2515_3_0.dae
[1.062s] -- Installing: /home/user/Jina/install/dsr_description2/share/dsr_description2/meshes/h2515_collision/H2515_1_0.dae
[1.063s] -- Installing: /home/user/Jina/install/dsr_description2/share/dsr_description2/meshes/h2515_collision/H2515_4_0.dae
[1.063s] -- Up-to-date: /home/user/Jina/install/dsr_description2/share/dsr_description2/meshes/e0509_collision
[1.063s] -- Installing: /home/user/Jina/install/dsr_description2/share/dsr_description2/meshes/e0509_collision/E0509_4_2.dae
[1.063s] -- Installing: /home/user/Jina/install/dsr_description2/share/dsr_description2/meshes/e0509_collision/E0509_4_1.dae
[1.064s] -- Installing: /home/user/Jina/install/dsr_description2/share/dsr_description2/meshes/e0509_collision/E0509_5_1.dae
[1.066s] -- Installing: /home/user/Jina/install/dsr_description2/share/dsr_description2/meshes/e0509_collision/E0509_1_2.dae
[1.067s] -- Installing: /home/user/Jina/install/dsr_description2/share/dsr_description2/meshes/e0509_collision/E0509_5_2.dae
[1.067s] -- Installing: /home/user/Jina/install/dsr_description2/share/dsr_description2/meshes/e0509_collision/E0509_2_2.dae
[1.068s] -- Installing: /home/user/Jina/install/dsr_description2/share/dsr_description2/meshes/e0509_collision/E0509_6_1.dae
[1.068s] -- Installing: /home/user/Jina/install/dsr_description2/share/dsr_description2/meshes/e0509_collision/E0509_1_4.dae
[1.068s] -- Installing: /home/user/Jina/install/dsr_description2/share/dsr_description2/meshes/e0509_collision/E0509_2_1.dae
[1.070s] -- Installing: /home/user/Jina/install/dsr_description2/share/dsr_description2/meshes/e0509_collision/E0509_1_1.dae
[1.070s] -- Installing: /home/user/Jina/install/dsr_description2/share/dsr_description2/meshes/e0509_collision/E0509_3_2.dae
[1.070s] -- Installing: /home/user/Jina/install/dsr_description2/share/dsr_description2/meshes/e0509_collision/E0509_0_0.dae
[1.070s] -- Installing: /home/user/Jina/install/dsr_description2/share/dsr_description2/meshes/e0509_collision/E0509_1_3.dae
[1.071s] -- Installing: /home/user/Jina/install/dsr_description2/share/dsr_description2/meshes/e0509_collision/E0509_3_1.dae
[1.072s] -- Up-to-date: /home/user/Jina/install/dsr_description2/share/dsr_description2/meshes/m0617_blue
[1.072s] -- Installing: /home/user/Jina/install/dsr_description2/share/dsr_description2/meshes/m0617_blue/MF0617_6_0.dae
[1.072s] -- Installing: /home/user/Jina/install/dsr_description2/share/dsr_description2/meshes/m0617_blue/MF0617_5_0.dae
[1.072s] -- Installing: /home/user/Jina/install/dsr_description2/share/dsr_description2/meshes/m0617_blue/MF0617_0_0.dae
[1.073s] -- Installing: /home/user/Jina/install/dsr_description2/share/dsr_description2/meshes/m0617_blue/MF0617_4_0.dae
[1.073s] -- Installing: /home/user/Jina/install/dsr_description2/share/dsr_description2/meshes/m0617_blue/MF0617_2_0.dae
[1.073s] -- Installing: /home/user/Jina/install/dsr_description2/share/dsr_description2/meshes/m0617_blue/MF0617_1_0.dae
[1.074s] -- Installing: /home/user/Jina/install/dsr_description2/share/dsr_description2/meshes/m0617_blue/MF0617_2_2.dae
[1.074s] -- Installing: /home/user/Jina/install/dsr_description2/share/dsr_description2/meshes/m0617_blue/MF0617_4_1.dae
[1.074s] -- Installing: /home/user/Jina/install/dsr_description2/share/dsr_description2/meshes/m0617_blue/MF0617_2_1.dae
[1.076s] -- Installing: /home/user/Jina/install/dsr_description2/share/dsr_description2/meshes/m0617_blue/MF0617_3_0.dae
[1.076s] -- Up-to-date: /home/user/Jina/install/dsr_description2/share/dsr_description2/meshes/m1509_blue
[1.076s] -- Installing: /home/user/Jina/install/dsr_description2/share/dsr_description2/meshes/m1509_blue/MF1509_5_0.dae
[1.076s] -- Installing: /home/user/Jina/install/dsr_description2/share/dsr_description2/meshes/m1509_blue/MF1509_6_0.dae
[1.077s] -- Installing: /home/user/Jina/install/dsr_description2/share/dsr_description2/meshes/m1509_blue/MF1509_2_2.dae
[1.077s] -- Installing: /home/user/Jina/install/dsr_description2/share/dsr_description2/meshes/m1509_blue/MF1509_4_1.dae
[1.078s] -- Installing: /home/user/Jina/install/dsr_description2/share/dsr_description2/meshes/m1509_blue/MF1509_0_0.dae
[1.079s] -- Installing: /home/user/Jina/install/dsr_description2/share/dsr_description2/meshes/m1509_blue/MF1509_1_0.dae
[1.079s] -- Installing: /home/user/Jina/install/dsr_description2/share/dsr_description2/meshes/m1509_blue/MF1509_4_0.dae
[1.079s] -- Installing: /home/user/Jina/install/dsr_description2/share/dsr_description2/meshes/m1509_blue/MF1509_2_1.dae
[1.082s] -- Installing: /home/user/Jina/install/dsr_description2/share/dsr_description2/meshes/m1509_blue/MF1509_3_0.dae
[1.082s] -- Installing: /home/user/Jina/install/dsr_description2/share/dsr_description2/meshes/m1509_blue/MF1509_2_0.dae
[1.083s] -- Up-to-date: /home/user/Jina/install/dsr_description2/share/dsr_description2/meshes/a0912_blue
[1.083s] -- Installing: /home/user/Jina/install/dsr_description2/share/dsr_description2/meshes/a0912_blue/A0912_4_0.dae
[1.083s] -- Installing: /home/user/Jina/install/dsr_description2/share/dsr_description2/meshes/a0912_blue/A0912_6_0.dae
[1.083s] -- Installing: /home/user/Jina/install/dsr_description2/share/dsr_description2/meshes/a0912_blue/A0912_5_1.dae
[1.084s] -- Installing: /home/user/Jina/install/dsr_description2/share/dsr_description2/meshes/a0912_blue/A0912_4_1.dae
[1.085s] -- Installing: /home/user/Jina/install/dsr_description2/share/dsr_description2/meshes/a0912_blue/A0912_1_1.dae
[1.086s] -- Installing: /home/user/Jina/install/dsr_description2/share/dsr_description2/meshes/a0912_blue/A0912_2_0.dae
[1.086s] -- Installing: /home/user/Jina/install/dsr_description2/share/dsr_description2/meshes/a0912_blue/A0912_5_0.dae
[1.087s] -- Installing: /home/user/Jina/install/dsr_description2/share/dsr_description2/meshes/a0912_blue/A0912_2_1.dae
[1.088s] -- Installing: /home/user/Jina/install/dsr_description2/share/dsr_description2/meshes/a0912_blue/A0912_3_1.dae
[1.089s] -- Installing: /home/user/Jina/install/dsr_description2/share/dsr_description2/meshes/a0912_blue/A0912_2_2.dae
[1.090s] -- Installing: /home/user/Jina/install/dsr_description2/share/dsr_description2/meshes/a0912_blue/A0912_1_0.dae
[1.090s] -- Installing: /home/user/Jina/install/dsr_description2/share/dsr_description2/meshes/a0912_blue/A0912_1_2.dae
[1.090s] -- Installing: /home/user/Jina/install/dsr_description2/share/dsr_description2/meshes/a0912_blue/A0912_0_0.dae
[1.091s] -- Installing: /home/user/Jina/install/dsr_description2/share/dsr_description2/meshes/a0912_blue/A0912_3_0.dae
[1.091s] -- Up-to-date: /home/user/Jina/install/dsr_description2/share/dsr_description2/meshes/m0609_collision
[1.091s] -- Installing: /home/user/Jina/install/dsr_description2/share/dsr_description2/meshes/m0609_collision/MF0609_4_1.dae
[1.091s] -- Installing: /home/user/Jina/install/dsr_description2/share/dsr_description2/meshes/m0609_collision/MF0609_2_2.dae
[1.091s] -- Installing: /home/user/Jina/install/dsr_description2/share/dsr_description2/meshes/m0609_collision/MF0609_5_0.dae
[1.092s] -- Installing: /home/user/Jina/install/dsr_description2/share/dsr_description2/meshes/m0609_collision/MF0609_0_0.dae
[1.093s] -- Installing: /home/user/Jina/install/dsr_description2/share/dsr_description2/meshes/m0609_collision/MF0609_1_0.dae
[1.093s] -- Installing: /home/user/Jina/install/dsr_description2/share/dsr_description2/meshes/m0609_collision/MF0609_2_0.dae
[1.094s] -- Installing: /home/user/Jina/install/dsr_description2/share/dsr_description2/meshes/m0609_collision/MF0609_3_0.dae
[1.094s] -- Installing: /home/user/Jina/install/dsr_description2/share/dsr_description2/meshes/m0609_collision/MF0609_2_1.dae
[1.097s] -- Installing: /home/user/Jina/install/dsr_description2/share/dsr_description2/meshes/m0609_collision/MF0609_4_0.dae
[1.097s] -- Installing: /home/user/Jina/install/dsr_description2/share/dsr_description2/meshes/m0609_collision/MF0609_6_0.dae
[1.098s] -- Up-to-date: /home/user/Jina/install/dsr_description2/share/dsr_description2/meshes/p3020
[1.098s] -- Installing: /home/user/Jina/install/dsr_description2/share/dsr_description2/meshes/p3020/P3020_5_1.STL
[1.098s] -- Installing: /home/user/Jina/install/dsr_description2/share/dsr_description2/meshes/p3020/P3020_3_4.STL
[1.098s] -- Installing: /home/user/Jina/install/dsr_description2/share/dsr_description2/meshes/p3020/P3020_3_2.STL
[1.099s] -- Installing: /home/user/Jina/install/dsr_description2/share/dsr_description2/meshes/p3020/P3020_2_2.STL
[1.099s] -- Installing: /home/user/Jina/install/dsr_description2/share/dsr_description2/meshes/p3020/P3020_2_4.STL
[1.099s] -- Installing: /home/user/Jina/install/dsr_description2/share/dsr_description2/meshes/p3020/P3020_2_5.STL
[1.099s] -- Installing: /home/user/Jina/install/dsr_description2/share/dsr_description2/meshes/p3020/P3020_2_7.STL
[1.099s] -- Installing: /home/user/Jina/install/dsr_description2/share/dsr_description2/meshes/p3020/P3020_1_2.STL
[1.099s] -- Installing: /home/user/Jina/install/dsr_description2/share/dsr_description2/meshes/p3020/P3020_1_3.STL
[1.099s] -- Installing: /home/user/Jina/install/dsr_description2/share/dsr_description2/meshes/p3020/P3020_2_3.STL
[1.099s] -- Installing: /home/user/Jina/install/dsr_description2/share/dsr_description2/meshes/p3020/P3020_2_8.STL
[1.100s] -- Installing: /home/user/Jina/install/dsr_description2/share/dsr_description2/meshes/p3020/P3020_1_5.STL
[1.100s] -- Installing: /home/user/Jina/install/dsr_description2/share/dsr_description2/meshes/p3020/P3020_5_3.STL
[1.100s] -- Installing: /home/user/Jina/install/dsr_description2/share/dsr_description2/meshes/p3020/P3020_0_1.STL
[1.101s] -- Installing: /home/user/Jina/install/dsr_description2/share/dsr_description2/meshes/p3020/P3020_5_2.STL
[1.101s] -- Installing: /home/user/Jina/install/dsr_description2/share/dsr_description2/meshes/p3020/P3020_2_6.STL
[1.101s] -- Installing: /home/user/Jina/install/dsr_description2/share/dsr_description2/meshes/p3020/P3020_2_1.STL
[1.101s] -- Installing: /home/user/Jina/install/dsr_description2/share/dsr_description2/meshes/p3020/P3020_3_3.STL
[1.102s] -- Installing: /home/user/Jina/install/dsr_description2/share/dsr_description2/meshes/p3020/P3020_3_1.STL
[1.102s] -- Installing: /home/user/Jina/install/dsr_description2/share/dsr_description2/meshes/p3020/P3020_1_1.STL
[1.102s] -- Installing: /home/user/Jina/install/dsr_description2/share/dsr_description2/meshes/p3020/P3020_6_1.STL
[1.103s] -- Installing: /home/user/Jina/install/dsr_description2/share/dsr_description2/meshes/p3020/P3020_1_4.STL
[1.103s] -- Up-to-date: /home/user/Jina/install/dsr_description2/share/dsr_description2/meshes/m1509_white
[1.103s] -- Installing: /home/user/Jina/install/dsr_description2/share/dsr_description2/meshes/m1509_white/MF1509_5_0.dae
[1.103s] -- Installing: /home/user/Jina/install/dsr_description2/share/dsr_description2/meshes/m1509_white/MF1509_6_0.dae
[1.103s] -- Installing: /home/user/Jina/install/dsr_description2/share/dsr_description2/meshes/m1509_white/MF1509_2_2.dae
[1.103s] -- Installing: /home/user/Jina/install/dsr_description2/share/dsr_description2/meshes/m1509_white/MF1509_4_1.dae
[1.103s] -- Installing: /home/user/Jina/install/dsr_description2/share/dsr_description2/meshes/m1509_white/MF1509_0_0.dae
[1.104s] -- Installing: /home/user/Jina/install/dsr_description2/share/dsr_description2/meshes/m1509_white/MF1509_1_0.dae
[1.104s] -- Installing: /home/user/Jina/install/dsr_description2/share/dsr_description2/meshes/m1509_white/MF1509_4_0.dae
[1.105s] -- Installing: /home/user/Jina/install/dsr_description2/share/dsr_description2/meshes/m1509_white/MF1509_2_1.dae
[1.107s] -- Installing: /home/user/Jina/install/dsr_description2/share/dsr_description2/meshes/m1509_white/MF1509_3_0.dae
[1.107s] -- Installing: /home/user/Jina/install/dsr_description2/share/dsr_description2/meshes/m1509_white/MF1509_2_0.dae
[1.108s] -- Up-to-date: /home/user/Jina/install/dsr_description2/share/dsr_description2/meshes/a0509_collision
[1.108s] -- Installing: /home/user/Jina/install/dsr_description2/share/dsr_description2/meshes/a0509_collision/A0509_1_1.dae
[1.108s] -- Installing: /home/user/Jina/install/dsr_description2/share/dsr_description2/meshes/a0509_collision/A0509_4_0.dae
[1.109s] -- Installing: /home/user/Jina/install/dsr_description2/share/dsr_description2/meshes/a0509_collision/A0509_3_0.dae
[1.109s] -- Installing: /home/user/Jina/install/dsr_description2/share/dsr_description2/meshes/a0509_collision/A0509_0_0.dae
[1.110s] -- Installing: /home/user/Jina/install/dsr_description2/share/dsr_description2/meshes/a0509_collision/A0509_1_0.dae
[1.110s] -- Installing: /home/user/Jina/install/dsr_description2/share/dsr_description2/meshes/a0509_collision/A0509_2_0.dae
[1.111s] -- Installing: /home/user/Jina/install/dsr_description2/share/dsr_description2/meshes/a0509_collision/A0509_3_1.dae
[1.111s] -- Installing: /home/user/Jina/install/dsr_description2/share/dsr_description2/meshes/a0509_collision/A0509_5_0.dae
[1.111s] -- Installing: /home/user/Jina/install/dsr_description2/share/dsr_description2/meshes/a0509_collision/A0509_2_2.dae
[1.112s] -- Installing: /home/user/Jina/install/dsr_description2/share/dsr_description2/meshes/a0509_collision/A0509_1_2.dae
[1.112s] -- Installing: /home/user/Jina/install/dsr_description2/share/dsr_description2/meshes/a0509_collision/A0509_2_1.dae
[1.114s] -- Installing: /home/user/Jina/install/dsr_description2/share/dsr_description2/meshes/a0509_collision/A0509_4_1.dae
[1.114s] -- Installing: /home/user/Jina/install/dsr_description2/share/dsr_description2/meshes/a0509_collision/A0509_5_1.dae
[1.115s] -- Installing: /home/user/Jina/install/dsr_description2/share/dsr_description2/meshes/a0509_collision/A0509_6_0.dae
[1.115s] -- Up-to-date: /home/user/Jina/install/dsr_description2/share/dsr_description2/meshes/m0617_collision
[1.115s] -- Installing: /home/user/Jina/install/dsr_description2/share/dsr_description2/meshes/m0617_collision/MF0617_6_0.dae
[1.115s] -- Installing: /home/user/Jina/install/dsr_description2/share/dsr_description2/meshes/m0617_collision/MF0617_5_0.dae
[1.115s] -- Installing: /home/user/Jina/install/dsr_description2/share/dsr_description2/meshes/m0617_collision/MF0617_0_0.dae
[1.116s] -- Installing: /home/user/Jina/install/dsr_description2/share/dsr_description2/meshes/m0617_collision/MF0617_4_0.dae
[1.116s] -- Installing: /home/user/Jina/install/dsr_description2/share/dsr_description2/meshes/m0617_collision/MF0617_2_0.dae
[1.116s] -- Installing: /home/user/Jina/install/dsr_description2/share/dsr_description2/meshes/m0617_collision/MF0617_1_0.dae
[1.117s] -- Installing: /home/user/Jina/install/dsr_description2/share/dsr_description2/meshes/m0617_collision/MF0617_2_2.dae
[1.117s] -- Installing: /home/user/Jina/install/dsr_description2/share/dsr_description2/meshes/m0617_collision/MF0617_4_1.dae
[1.118s] -- Installing: /home/user/Jina/install/dsr_description2/share/dsr_description2/meshes/m0617_collision/MF0617_2_1.dae
[1.122s] -- Installing: /home/user/Jina/install/dsr_description2/share/dsr_description2/meshes/m0617_collision/MF0617_3_0.dae
[1.122s] -- Up-to-date: /home/user/Jina/install/dsr_description2/share/dsr_description2/meshes/h2515_blue
[1.122s] -- Installing: /home/user/Jina/install/dsr_description2/share/dsr_description2/meshes/h2515_blue/H2515_0_0.dae
[1.123s] -- Installing: /home/user/Jina/install/dsr_description2/share/dsr_description2/meshes/h2515_blue/H2515_2_1.dae
[1.124s] -- Installing: /home/user/Jina/install/dsr_description2/share/dsr_description2/meshes/h2515_blue/H2515_2_2.dae
[1.125s] -- Installing: /home/user/Jina/install/dsr_description2/share/dsr_description2/meshes/h2515_blue/H2515_2_0.dae
[1.126s] -- Installing: /home/user/Jina/install/dsr_description2/share/dsr_description2/meshes/h2515_blue/H2515_4_1.dae
[1.126s] -- Installing: /home/user/Jina/install/dsr_description2/share/dsr_description2/meshes/h2515_blue/H2515_5_0.dae
[1.127s] -- Installing: /home/user/Jina/install/dsr_description2/share/dsr_description2/meshes/h2515_blue/H2515_6_0.dae
[1.128s] -- Installing: /home/user/Jina/install/dsr_description2/share/dsr_description2/meshes/h2515_blue/H2515_3_0.dae
[1.128s] -- Installing: /home/user/Jina/install/dsr_description2/share/dsr_description2/meshes/h2515_blue/H2515_1_0.dae
[1.129s] -- Installing: /home/user/Jina/install/dsr_description2/share/dsr_description2/meshes/h2515_blue/H2515_4_0.dae
[1.130s] -- Up-to-date: /home/user/Jina/install/dsr_description2/share/dsr_description2/urdf
[1.130s] -- Installing: /home/user/Jina/install/dsr_description2/share/dsr_description2/urdf/a0509.urdf
[1.130s] -- Installing: /home/user/Jina/install/dsr_description2/share/dsr_description2/urdf/h2017.blue.urdf
[1.130s] -- Installing: /home/user/Jina/install/dsr_description2/share/dsr_description2/urdf/a0509.white.urdf
[1.130s] -- Installing: /home/user/Jina/install/dsr_description2/share/dsr_description2/urdf/m1509.white.urdf
[1.130s] -- Installing: /home/user/Jina/install/dsr_description2/share/dsr_description2/urdf/m0617.blue.urdf
[1.130s] -- Installing: /home/user/Jina/install/dsr_description2/share/dsr_description2/urdf/m0609_isaac_sim.urdf
[1.130s] -- Installing: /home/user/Jina/install/dsr_description2/share/dsr_description2/urdf/m1013.blue.urdf
[1.131s] -- Installing: /home/user/Jina/install/dsr_description2/share/dsr_description2/urdf/h2515.white.urdf
[1.131s] -- Installing: /home/user/Jina/install/dsr_description2/share/dsr_description2/urdf/m1509.blue.urdf
[1.131s] -- Installing: /home/user/Jina/install/dsr_description2/share/dsr_description2/urdf/p3020.urdf
[1.131s] -- Installing: /home/user/Jina/install/dsr_description2/share/dsr_description2/urdf/a0912.blue.urdf
[1.132s] -- Installing: /home/user/Jina/install/dsr_description2/share/dsr_description2/urdf/a0912.white.urdf
[1.132s] -- Installing: /home/user/Jina/install/dsr_description2/share/dsr_description2/urdf/m1013.urdf
[1.132s] -- Installing: /home/user/Jina/install/dsr_description2/share/dsr_description2/urdf/m0609.urdf
[1.132s] -- Installing: /home/user/Jina/install/dsr_description2/share/dsr_description2/urdf/a0912.urdf
[1.132s] -- Installing: /home/user/Jina/install/dsr_description2/share/dsr_description2/urdf/m1013.white.urdf
[1.132s] -- Installing: /home/user/Jina/install/dsr_description2/share/dsr_description2/urdf/m0609.blue.urdf
[1.133s] -- Installing: /home/user/Jina/install/dsr_description2/share/dsr_description2/urdf/e0509.urdf
[1.133s] -- Installing: /home/user/Jina/install/dsr_description2/share/dsr_description2/urdf/m0617.urdf
[1.133s] -- Installing: /home/user/Jina/install/dsr_description2/share/dsr_description2/urdf/h2515.blue.urdf
[1.133s] -- Installing: /home/user/Jina/install/dsr_description2/share/dsr_description2/urdf/h2515.urdf
[1.133s] -- Installing: /home/user/Jina/install/dsr_description2/share/dsr_description2/urdf/m0609.white.urdf
[1.133s] -- Installing: /home/user/Jina/install/dsr_description2/share/dsr_description2/urdf/e0509.white.urdf
[1.133s] -- Installing: /home/user/Jina/install/dsr_description2/share/dsr_description2/urdf/m1013_isaac_sim.urdf
[1.133s] -- Installing: /home/user/Jina/install/dsr_description2/share/dsr_description2/urdf/h2017.white.urdf
[1.134s] -- Installing: /home/user/Jina/install/dsr_description2/share/dsr_description2/urdf/m1509.urdf
[1.134s] -- Installing: /home/user/Jina/install/dsr_description2/share/dsr_description2/urdf/a0509.blue.urdf
[1.134s] -- Installing: /home/user/Jina/install/dsr_description2/share/dsr_description2/urdf/m0617.white.urdf
[1.134s] -- Installing: /home/user/Jina/install/dsr_description2/share/dsr_description2/urdf/h2017.urdf
[1.134s] -- Up-to-date: /home/user/Jina/install/dsr_description2/share/dsr_description2/xacro
[1.134s] -- Installing: /home/user/Jina/install/dsr_description2/share/dsr_description2/xacro/m1509.urdf.xacro
[1.134s] -- Installing: /home/user/Jina/install/dsr_description2/share/dsr_description2/xacro/macro.p3020.blue.xacro
[1.134s] -- Installing: /home/user/Jina/install/dsr_description2/share/dsr_description2/xacro/macro.m0617.white.xacro
[1.135s] -- Installing: /home/user/Jina/install/dsr_description2/share/dsr_description2/xacro/macro.a0509.blue.xacro
[1.135s] -- Installing: /home/user/Jina/install/dsr_description2/share/dsr_description2/xacro/a0912.urdf.xacro
[1.135s] -- Installing: /home/user/Jina/install/dsr_description2/share/dsr_description2/xacro/macro.p3020.white.xacro
[1.136s] -- Installing: /home/user/Jina/install/dsr_description2/share/dsr_description2/xacro/m0609.urdf.xacro
[1.136s] -- Installing: /home/user/Jina/install/dsr_description2/share/dsr_description2/xacro/macro.h2017.white.xacro
[1.136s] -- Installing: /home/user/Jina/install/dsr_description2/share/dsr_description2/xacro/macro.m1509.white.xacro
[1.136s] -- Installing: /home/user/Jina/install/dsr_description2/share/dsr_description2/xacro/macro.h2515.white.xacro
[1.137s] -- Installing: /home/user/Jina/install/dsr_description2/share/dsr_description2/xacro/a0509.urdf.xacro
[1.137s] -- Installing: /home/user/Jina/install/dsr_description2/share/dsr_description2/xacro/e0509.urdf.xacro
[1.137s] -- Installing: /home/user/Jina/install/dsr_description2/share/dsr_description2/xacro/macro.a0509.white.xacro
[1.137s] -- Installing: /home/user/Jina/install/dsr_description2/share/dsr_description2/xacro/macro.a0912.blue.xacro
[1.137s] -- Installing: /home/user/Jina/install/dsr_description2/share/dsr_description2/xacro/m1013.urdf.xacro
[1.137s] -- Installing: /home/user/Jina/install/dsr_description2/share/dsr_description2/xacro/macro.h2515.blue.xacro
[1.137s] -- Installing: /home/user/Jina/install/dsr_description2/share/dsr_description2/xacro/macro.m1013.white.xacro
[1.137s] -- Installing: /home/user/Jina/install/dsr_description2/share/dsr_description2/xacro/macro.m0609.white.xacro
[1.137s] -- Installing: /home/user/Jina/install/dsr_description2/share/dsr_description2/xacro/h2017.urdf.xacro
[1.137s] -- Installing: /home/user/Jina/install/dsr_description2/share/dsr_description2/xacro/robotiq_2f85.xacro
[1.137s] -- Installing: /home/user/Jina/install/dsr_description2/share/dsr_description2/xacro/macro.m1509.blue.xacro
[1.137s] -- Installing: /home/user/Jina/install/dsr_description2/share/dsr_description2/xacro/p3020.urdf.xacro
[1.137s] -- Installing: /home/user/Jina/install/dsr_description2/share/dsr_description2/xacro/macro.e0509.white.xacro
[1.138s] -- Installing: /home/user/Jina/install/dsr_description2/share/dsr_description2/xacro/macro.m0609.blue.xacro
[1.138s] -- Installing: /home/user/Jina/install/dsr_description2/share/dsr_description2/xacro/m0617.urdf.xacro
[1.138s] -- Installing: /home/user/Jina/install/dsr_description2/share/dsr_description2/xacro/macro.h2017.blue.xacro
[1.138s] -- Installing: /home/user/Jina/install/dsr_description2/share/dsr_description2/xacro/h2515.urdf.xacro
[1.138s] -- Installing: /home/user/Jina/install/dsr_description2/share/dsr_description2/xacro/macro.m1013.blue.xacro
[1.138s] -- Installing: /home/user/Jina/install/dsr_description2/share/dsr_description2/xacro/macro.a0912.white.xacro
[1.138s] -- Installing: /home/user/Jina/install/dsr_description2/share/dsr_description2/xacro/macro.m0617.blue.xacro
[1.139s] -- Up-to-date: /home/user/Jina/install/dsr_description2/share/dsr_description2/config
[1.139s] -- Installing: /home/user/Jina/install/dsr_description2/share/dsr_description2/config/macro.transmission.xacro
[1.139s] -- Installing: /home/user/Jina/install/dsr_description2/share/dsr_description2/config/macro.gazebo.xacro
[1.139s] -- Installing: /home/user/Jina/install/dsr_description2/share/dsr_description2/config/macro.wheel.xacro
[1.139s] -- Installing: /home/user/Jina/install/dsr_description2/share/dsr_description2/config/macro.decorations.xacro
[1.139s] -- Installing: /home/user/Jina/install/dsr_description2/share/dsr_description2/config/macro.materials.xacro
[1.139s] -- Installing: /home/user/Jina/install/dsr_description2/share/dsr_description2/config/macro.gazebo.p3020.xacro
[1.139s] -- Up-to-date: /home/user/Jina/install/dsr_description2/share/dsr_description2/ros2_control
[1.139s] -- Installing: /home/user/Jina/install/dsr_description2/share/dsr_description2/ros2_control/e0509.gz_ros2_control.xacro
[1.139s] -- Installing: /home/user/Jina/install/dsr_description2/share/dsr_description2/ros2_control/m0617.ros2_control.xacro
[1.140s] -- Installing: /home/user/Jina/install/dsr_description2/share/dsr_description2/ros2_control/m0609.ros2_control.xacro
[1.140s] -- Installing: /home/user/Jina/install/dsr_description2/share/dsr_description2/ros2_control/p3020.gz_ros2_control.xacro
[1.140s] -- Installing: /home/user/Jina/install/dsr_description2/share/dsr_description2/ros2_control/robotiq_2f85.mj_ros2_control.xacro
[1.140s] -- Installing: /home/user/Jina/install/dsr_description2/share/dsr_description2/ros2_control/m1509.mj_ros2_control.xacro
[1.140s] -- Installing: /home/user/Jina/install/dsr_description2/share/dsr_description2/ros2_control/h2017.mj_ros2_control.xacro
[1.140s] -- Installing: /home/user/Jina/install/dsr_description2/share/dsr_description2/ros2_control/a0509.mj_ros2_control.xacro
[1.140s] -- Installing: /home/user/Jina/install/dsr_description2/share/dsr_description2/ros2_control/m1509.gz_ros2_control.xacro
[1.141s] -- Installing: /home/user/Jina/install/dsr_description2/share/dsr_description2/ros2_control/p3020.ros2_control.xacro
[1.141s] -- Installing: /home/user/Jina/install/dsr_description2/share/dsr_description2/ros2_control/a0509.gz_ros2_control.xacro
[1.141s] -- Installing: /home/user/Jina/install/dsr_description2/share/dsr_description2/ros2_control/e0509.ros2_control.xacro
[1.141s] -- Installing: /home/user/Jina/install/dsr_description2/share/dsr_description2/ros2_control/m1013.ros2_control.xacro
[1.141s] -- Installing: /home/user/Jina/install/dsr_description2/share/dsr_description2/ros2_control/m0609.gz_ros2_control.xacro
[1.141s] -- Installing: /home/user/Jina/install/dsr_description2/share/dsr_description2/ros2_control/m1509.ros2_control.xacro
[1.141s] -- Installing: /home/user/Jina/install/dsr_description2/share/dsr_description2/ros2_control/a0912.mj_ros2_control.xacro
[1.141s] -- Installing: /home/user/Jina/install/dsr_description2/share/dsr_description2/ros2_control/m1013.gz_ros2_control.xacro
[1.141s] -- Installing: /home/user/Jina/install/dsr_description2/share/dsr_description2/ros2_control/m0617.gz_ros2_control.xacro
[1.141s] -- Installing: /home/user/Jina/install/dsr_description2/share/dsr_description2/ros2_control/e0509.mj_ros2_control.xacro
[1.142s] -- Installing: /home/user/Jina/install/dsr_description2/share/dsr_description2/ros2_control/h2017.gz_ros2_control.xacro
[1.142s] -- Installing: /home/user/Jina/install/dsr_description2/share/dsr_description2/ros2_control/a0509.ros2_control.xacro
[1.142s] -- Installing: /home/user/Jina/install/dsr_description2/share/dsr_description2/ros2_control/m0617.mj_ros2_control.xacro
[1.142s] -- Installing: /home/user/Jina/install/dsr_description2/share/dsr_description2/ros2_control/a0912.ros2_control.xacro
[1.142s] -- Installing: /home/user/Jina/install/dsr_description2/share/dsr_description2/ros2_control/h2515.gz_ros2_control.xacro
[1.142s] -- Installing: /home/user/Jina/install/dsr_description2/share/dsr_description2/ros2_control/a0912.gz_ros2_control.xacro
[1.142s] -- Installing: /home/user/Jina/install/dsr_description2/share/dsr_description2/ros2_control/m0609.mj_ros2_control.xacro
[1.143s] -- Installing: /home/user/Jina/install/dsr_description2/share/dsr_description2/ros2_control/m1013.mj_ros2_control.xacro
[1.143s] -- Installing: /home/user/Jina/install/dsr_description2/share/dsr_description2/ros2_control/h2515.ros2_control.xacro
[1.143s] -- Installing: /home/user/Jina/install/dsr_description2/share/dsr_description2/ros2_control/h2017.ros2_control.xacro
[1.143s] -- Installing: /home/user/Jina/install/dsr_description2/share/dsr_description2/ros2_control/h2515.mj_ros2_control.xacro
[1.143s] -- Up-to-date: /home/user/Jina/install/dsr_description2/share/dsr_description2/mujoco_models
[1.144s] -- Up-to-date: /home/user/Jina/install/dsr_description2/share/dsr_description2/mujoco_models/m0617
[1.144s] -- Installing: /home/user/Jina/install/dsr_description2/share/dsr_description2/mujoco_models/m0617/m0617.xml
[1.144s] -- Installing: /home/user/Jina/install/dsr_description2/share/dsr_description2/mujoco_models/m0617/scene.xml
[1.144s] -- Up-to-date: /home/user/Jina/install/dsr_description2/share/dsr_description2/mujoco_models/m0617/assets
[1.145s] -- Installing: /home/user/Jina/install/dsr_description2/share/dsr_description2/mujoco_models/m0617/assets/MF0617_0_0.stl
[1.145s] -- Installing: /home/user/Jina/install/dsr_description2/share/dsr_description2/mujoco_models/m0617/assets/MF0617_4_1.stl
[1.145s] -- Installing: /home/user/Jina/install/dsr_description2/share/dsr_description2/mujoco_models/m0617/assets/MF0617_3_0.stl
[1.145s] -- Installing: /home/user/Jina/install/dsr_description2/share/dsr_description2/mujoco_models/m0617/assets/MF0617_4_0.stl
[1.145s] -- Installing: /home/user/Jina/install/dsr_description2/share/dsr_description2/mujoco_models/m0617/assets/MF0617_5_0.stl
[1.146s] -- Installing: /home/user/Jina/install/dsr_description2/share/dsr_description2/mujoco_models/m0617/assets/MF0617_2_0.stl
[1.146s] -- Installing: /home/user/Jina/install/dsr_description2/share/dsr_description2/mujoco_models/m0617/assets/MF0617_2_1.stl
[1.148s] -- Installing: /home/user/Jina/install/dsr_description2/share/dsr_description2/mujoco_models/m0617/assets/MF0617_1_0.stl
[1.148s] -- Installing: /home/user/Jina/install/dsr_description2/share/dsr_description2/mujoco_models/m0617/assets/MF0617_2_2.stl
[1.149s] -- Installing: /home/user/Jina/install/dsr_description2/share/dsr_description2/mujoco_models/m0617/assets/MF0617_6_0.stl
[1.150s] -- Up-to-date: /home/user/Jina/install/dsr_description2/share/dsr_description2/mujoco_models/a0509
[1.150s] -- Installing: /home/user/Jina/install/dsr_description2/share/dsr_description2/mujoco_models/a0509/scene.xml
[1.150s] -- Up-to-date: /home/user/Jina/install/dsr_description2/share/dsr_description2/mujoco_models/a0509/assets
[1.150s] -- Installing: /home/user/Jina/install/dsr_description2/share/dsr_description2/mujoco_models/a0509/assets/A0509_2_0.stl
[1.151s] -- Installing: /home/user/Jina/install/dsr_description2/share/dsr_description2/mujoco_models/a0509/assets/A0509_1_2.stl
[1.152s] -- Installing: /home/user/Jina/install/dsr_description2/share/dsr_description2/mujoco_models/a0509/assets/A0509_3_1.stl
[1.153s] -- Installing: /home/user/Jina/install/dsr_description2/share/dsr_description2/mujoco_models/a0509/assets/A0509_2_1.stl
[1.155s] -- Installing: /home/user/Jina/install/dsr_description2/share/dsr_description2/mujoco_models/a0509/assets/A0509_2_2.stl
[1.156s] -- Installing: /home/user/Jina/install/dsr_description2/share/dsr_description2/mujoco_models/a0509/assets/A0509_4_1.stl
[1.157s] -- Installing: /home/user/Jina/install/dsr_description2/share/dsr_description2/mujoco_models/a0509/assets/A0509_1_0.stl
[1.157s] -- Installing: /home/user/Jina/install/dsr_description2/share/dsr_description2/mujoco_models/a0509/assets/A0509_4_0.stl
[1.158s] -- Installing: /home/user/Jina/install/dsr_description2/share/dsr_description2/mujoco_models/a0509/assets/A0509_5_0.stl
[1.158s] -- Installing: /home/user/Jina/install/dsr_description2/share/dsr_description2/mujoco_models/a0509/assets/A0509_3_0.stl
[1.158s] -- Installing: /home/user/Jina/install/dsr_description2/share/dsr_description2/mujoco_models/a0509/assets/A0509_6_0.stl
[1.159s] -- Installing: /home/user/Jina/install/dsr_description2/share/dsr_description2/mujoco_models/a0509/assets/A0509_1_1.stl
[1.159s] -- Installing: /home/user/Jina/install/dsr_description2/share/dsr_description2/mujoco_models/a0509/assets/A0509_0_0.stl
[1.160s] -- Installing: /home/user/Jina/install/dsr_description2/share/dsr_description2/mujoco_models/a0509/assets/A0509_5_1.stl
[1.161s] -- Installing: /home/user/Jina/install/dsr_description2/share/dsr_description2/mujoco_models/a0509/a0509.xml
[1.161s] -- Up-to-date: /home/user/Jina/install/dsr_description2/share/dsr_description2/mujoco_models/m0609
[1.162s] -- Installing: /home/user/Jina/install/dsr_description2/share/dsr_description2/mujoco_models/m0609/m0609.xml
[1.162s] -- Installing: /home/user/Jina/install/dsr_description2/share/dsr_description2/mujoco_models/m0609/scene.xml
[1.162s] -- Up-to-date: /home/user/Jina/install/dsr_description2/share/dsr_description2/mujoco_models/m0609/assets
[1.162s] -- Installing: /home/user/Jina/install/dsr_description2/share/dsr_description2/mujoco_models/m0609/assets/MF0609_6_0.stl
[1.162s] -- Installing: /home/user/Jina/install/dsr_description2/share/dsr_description2/mujoco_models/m0609/assets/MF0609_2_2.stl
[1.162s] -- Installing: /home/user/Jina/install/dsr_description2/share/dsr_description2/mujoco_models/m0609/assets/MF0609_0_0.stl
[1.163s] -- Installing: /home/user/Jina/install/dsr_description2/share/dsr_description2/mujoco_models/m0609/assets/MF0609_2_1.stl
[1.166s] -- Installing: /home/user/Jina/install/dsr_description2/share/dsr_description2/mujoco_models/m0609/assets/MF0609_4_1.stl
[1.167s] -- Installing: /home/user/Jina/install/dsr_description2/share/dsr_description2/mujoco_models/m0609/assets/MF0609_1_0.stl
[1.167s] -- Installing: /home/user/Jina/install/dsr_description2/share/dsr_description2/mujoco_models/m0609/assets/MF0609_4_0.stl
[1.168s] -- Installing: /home/user/Jina/install/dsr_description2/share/dsr_description2/mujoco_models/m0609/assets/MF0609_5_0.stl
[1.168s] -- Installing: /home/user/Jina/install/dsr_description2/share/dsr_description2/mujoco_models/m0609/assets/MF0609_2_0.stl
[1.168s] -- Installing: /home/user/Jina/install/dsr_description2/share/dsr_description2/mujoco_models/m0609/assets/MF0609_3_0.stl
[1.169s] -- Up-to-date: /home/user/Jina/install/dsr_description2/share/dsr_description2/mujoco_models/m1509
[1.169s] -- Installing: /home/user/Jina/install/dsr_description2/share/dsr_description2/mujoco_models/m1509/m1509.xml
[1.169s] -- Installing: /home/user/Jina/install/dsr_description2/share/dsr_description2/mujoco_models/m1509/scene.xml
[1.169s] -- Up-to-date: /home/user/Jina/install/dsr_description2/share/dsr_description2/mujoco_models/m1509/assets
[1.169s] -- Installing: /home/user/Jina/install/dsr_description2/share/dsr_description2/mujoco_models/m1509/assets/MF1509_2_0.stl
[1.170s] -- Installing: /home/user/Jina/install/dsr_description2/share/dsr_description2/mujoco_models/m1509/assets/MF1509_5_0.stl
[1.170s] -- Installing: /home/user/Jina/install/dsr_description2/share/dsr_description2/mujoco_models/m1509/assets/MF1509_1_0.stl
[1.171s] -- Installing: /home/user/Jina/install/dsr_description2/share/dsr_description2/mujoco_models/m1509/assets/MF1509_2_2.stl
[1.171s] -- Installing: /home/user/Jina/install/dsr_description2/share/dsr_description2/mujoco_models/m1509/assets/MF1509_4_0.stl
[1.172s] -- Installing: /home/user/Jina/install/dsr_description2/share/dsr_description2/mujoco_models/m1509/assets/MF1509_4_1.stl
[1.172s] -- Installing: /home/user/Jina/install/dsr_description2/share/dsr_description2/mujoco_models/m1509/assets/MF1509_3_0.stl
[1.173s] -- Installing: /home/user/Jina/install/dsr_description2/share/dsr_description2/mujoco_models/m1509/assets/MF1509_6_0.stl
[1.173s] -- Installing: /home/user/Jina/install/dsr_description2/share/dsr_description2/mujoco_models/m1509/assets/MF1509_0_0.stl
[1.174s] -- Installing: /home/user/Jina/install/dsr_description2/share/dsr_description2/mujoco_models/m1509/assets/MF1509_2_1.stl
[1.177s] -- Up-to-date: /home/user/Jina/install/dsr_description2/share/dsr_description2/mujoco_models/e0509
[1.178s] -- Installing: /home/user/Jina/install/dsr_description2/share/dsr_description2/mujoco_models/e0509/scene.xml
[1.178s] -- Up-to-date: /home/user/Jina/install/dsr_description2/share/dsr_description2/mujoco_models/e0509/assets
[1.178s] -- Installing: /home/user/Jina/install/dsr_description2/share/dsr_description2/mujoco_models/e0509/assets/E0509_1_1.stl
[1.178s] -- Installing: /home/user/Jina/install/dsr_description2/share/dsr_description2/mujoco_models/e0509/assets/E0509_1_2.stl
[1.179s] -- Installing: /home/user/Jina/install/dsr_description2/share/dsr_description2/mujoco_models/e0509/assets/E0509_1_3.stl
[1.179s] -- Installing: /home/user/Jina/install/dsr_description2/share/dsr_description2/mujoco_models/e0509/assets/E0509_2_2.stl
[1.179s] -- Installing: /home/user/Jina/install/dsr_description2/share/dsr_description2/mujoco_models/e0509/assets/E0509_6_1.stl
[1.180s] -- Installing: /home/user/Jina/install/dsr_description2/share/dsr_description2/mujoco_models/e0509/assets/E0509_2_1.stl
[1.181s] -- Installing: /home/user/Jina/install/dsr_description2/share/dsr_description2/mujoco_models/e0509/assets/E0509_3_1.stl
[1.182s] -- Installing: /home/user/Jina/install/dsr_description2/share/dsr_description2/mujoco_models/e0509/assets/E0509_4_2.stl
[1.182s] -- Installing: /home/user/Jina/install/dsr_description2/share/dsr_description2/mujoco_models/e0509/assets/E0509_0_0.stl
[1.183s] -- Installing: /home/user/Jina/install/dsr_description2/share/dsr_description2/mujoco_models/e0509/assets/E0509_4_1.stl
[1.185s] -- Installing: /home/user/Jina/install/dsr_description2/share/dsr_description2/mujoco_models/e0509/assets/E0509_3_2.stl
[1.185s] -- Installing: /home/user/Jina/install/dsr_description2/share/dsr_description2/mujoco_models/e0509/assets/E0509_1_4.stl
[1.185s] -- Installing: /home/user/Jina/install/dsr_description2/share/dsr_description2/mujoco_models/e0509/assets/E0509_5_2.stl
[1.186s] -- Installing: /home/user/Jina/install/dsr_description2/share/dsr_description2/mujoco_models/e0509/assets/E0509_5_1.stl
[1.187s] -- Installing: /home/user/Jina/install/dsr_description2/share/dsr_description2/mujoco_models/e0509/e0509.xml
[1.187s] -- Up-to-date: /home/user/Jina/install/dsr_description2/share/dsr_description2/mujoco_models/m1013
[1.187s] -- Installing: /home/user/Jina/install/dsr_description2/share/dsr_description2/mujoco_models/m1013/m1013.xml
[1.187s] -- Installing: /home/user/Jina/install/dsr_description2/share/dsr_description2/mujoco_models/m1013/scene.xml
[1.187s] -- Up-to-date: /home/user/Jina/install/dsr_description2/share/dsr_description2/mujoco_models/m1013/assets
[1.187s] -- Installing: /home/user/Jina/install/dsr_description2/share/dsr_description2/mujoco_models/m1013/assets/MF1013_3_0.stl
[1.188s] -- Installing: /home/user/Jina/install/dsr_description2/share/dsr_description2/mujoco_models/m1013/assets/MF1013_5_0.stl
[1.189s] -- Installing: /home/user/Jina/install/dsr_description2/share/dsr_description2/mujoco_models/m1013/assets/MF1013_0_0.stl
[1.191s] -- Installing: /home/user/Jina/install/dsr_description2/share/dsr_description2/mujoco_models/m1013/assets/MF1013_2_2.stl
[1.192s] -- Installing: /home/user/Jina/install/dsr_description2/share/dsr_description2/mujoco_models/m1013/assets/MF1013_6_0.stl
[1.192s] -- Installing: /home/user/Jina/install/dsr_description2/share/dsr_description2/mujoco_models/m1013/assets/MF1013_2_1.stl
[1.194s] -- Installing: /home/user/Jina/install/dsr_description2/share/dsr_description2/mujoco_models/m1013/assets/MF1013_2_0.stl
[1.194s] -- Installing: /home/user/Jina/install/dsr_description2/share/dsr_description2/mujoco_models/m1013/assets/MF1013_1_0.stl
[1.195s] -- Installing: /home/user/Jina/install/dsr_description2/share/dsr_description2/mujoco_models/m1013/assets/MF1013_4_0.stl
[1.195s] -- Installing: /home/user/Jina/install/dsr_description2/share/dsr_description2/mujoco_models/m1013/assets/MF1013_4_1.stl
[1.196s] -- Up-to-date: /home/user/Jina/install/dsr_description2/share/dsr_description2/mujoco_models/2f85
[1.196s] -- Installing: /home/user/Jina/install/dsr_description2/share/dsr_description2/mujoco_models/2f85/README.md
[1.196s] -- Installing: /home/user/Jina/install/dsr_description2/share/dsr_description2/mujoco_models/2f85/LICENSE
[1.196s] -- Installing: /home/user/Jina/install/dsr_description2/share/dsr_description2/mujoco_models/2f85/scene.xml
[1.196s] -- Installing: /home/user/Jina/install/dsr_description2/share/dsr_description2/mujoco_models/2f85/2f85.xml
[1.196s] -- Up-to-date: /home/user/Jina/install/dsr_description2/share/dsr_description2/mujoco_models/2f85/assets
[1.196s] -- Installing: /home/user/Jina/install/dsr_description2/share/dsr_description2/mujoco_models/2f85/assets/driver.stl
[1.196s] -- Installing: /home/user/Jina/install/dsr_description2/share/dsr_description2/mujoco_models/2f85/assets/follower.stl
[1.196s] -- Installing: /home/user/Jina/install/dsr_description2/share/dsr_description2/mujoco_models/2f85/assets/base.stl
[1.201s] -- Installing: /home/user/Jina/install/dsr_description2/share/dsr_description2/mujoco_models/2f85/assets/base_mount.stl
[1.204s] -- Installing: /home/user/Jina/install/dsr_description2/share/dsr_description2/mujoco_models/2f85/assets/coupler.stl
[1.204s] -- Installing: /home/user/Jina/install/dsr_description2/share/dsr_description2/mujoco_models/2f85/assets/spring_link.stl
[1.204s] -- Installing: /home/user/Jina/install/dsr_description2/share/dsr_description2/mujoco_models/2f85/assets/pad.stl
[1.204s] -- Installing: /home/user/Jina/install/dsr_description2/share/dsr_description2/mujoco_models/2f85/assets/silicone_pad.stl
[1.204s] -- Up-to-date: /home/user/Jina/install/dsr_description2/share/dsr_description2/mujoco_models/h2515
[1.204s] -- Installing: /home/user/Jina/install/dsr_description2/share/dsr_description2/mujoco_models/h2515/scene.xml
[1.205s] -- Up-to-date: /home/user/Jina/install/dsr_description2/share/dsr_description2/mujoco_models/h2515/assets
[1.205s] -- Installing: /home/user/Jina/install/dsr_description2/share/dsr_description2/mujoco_models/h2515/assets/H2515_0_0.stl
[1.206s] -- Installing: /home/user/Jina/install/dsr_description2/share/dsr_description2/mujoco_models/h2515/assets/H2515_6_0.stl
[1.206s] -- Installing: /home/user/Jina/install/dsr_description2/share/dsr_description2/mujoco_models/h2515/assets/H2515_4_0.stl
[1.207s] -- Installing: /home/user/Jina/install/dsr_description2/share/dsr_description2/mujoco_models/h2515/assets/H2515_2_1.stl
[1.209s] -- Installing: /home/user/Jina/install/dsr_description2/share/dsr_description2/mujoco_models/h2515/assets/H2515_2_2.stl
[1.209s] -- Installing: /home/user/Jina/install/dsr_description2/share/dsr_description2/mujoco_models/h2515/assets/H2515_3_0.stl
[1.210s] -- Installing: /home/user/Jina/install/dsr_description2/share/dsr_description2/mujoco_models/h2515/assets/H2515_2_0.stl
[1.211s] -- Installing: /home/user/Jina/install/dsr_description2/share/dsr_description2/mujoco_models/h2515/assets/H2515_5_0.stl
[1.212s] -- Installing: /home/user/Jina/install/dsr_description2/share/dsr_description2/mujoco_models/h2515/assets/H2515_4_1.stl
[1.212s] -- Installing: /home/user/Jina/install/dsr_description2/share/dsr_description2/mujoco_models/h2515/assets/H2515_1_0.stl
[1.213s] -- Installing: /home/user/Jina/install/dsr_description2/share/dsr_description2/mujoco_models/h2515/h2515.xml
[1.213s] -- Up-to-date: /home/user/Jina/install/dsr_description2/share/dsr_description2/mujoco_models/h2017
[1.213s] -- Installing: /home/user/Jina/install/dsr_description2/share/dsr_description2/mujoco_models/h2017/h2017.xml
[1.213s] -- Installing: /home/user/Jina/install/dsr_description2/share/dsr_description2/mujoco_models/h2017/scene.xml
[1.214s] -- Up-to-date: /home/user/Jina/install/dsr_description2/share/dsr_description2/mujoco_models/h2017/assets
[1.214s] -- Installing: /home/user/Jina/install/dsr_description2/share/dsr_description2/mujoco_models/h2017/assets/H2017_0_0.stl
[1.214s] -- Installing: /home/user/Jina/install/dsr_description2/share/dsr_description2/mujoco_models/h2017/assets/H2017_5_0.stl
[1.216s] -- Installing: /home/user/Jina/install/dsr_description2/share/dsr_description2/mujoco_models/h2017/assets/H2017_3_0.stl
[1.218s] -- Installing: /home/user/Jina/install/dsr_description2/share/dsr_description2/mujoco_models/h2017/assets/H2017_6_0.stl
[1.218s] -- Installing: /home/user/Jina/install/dsr_description2/share/dsr_description2/mujoco_models/h2017/assets/H2017_4_0.stl
[1.219s] -- Installing: /home/user/Jina/install/dsr_description2/share/dsr_description2/mujoco_models/h2017/assets/H2017_2_0.stl
[1.220s] -- Installing: /home/user/Jina/install/dsr_description2/share/dsr_description2/mujoco_models/h2017/assets/H2017_2_1.stl
[1.221s] -- Installing: /home/user/Jina/install/dsr_description2/share/dsr_description2/mujoco_models/h2017/assets/H2017_4_1.stl
[1.222s] -- Installing: /home/user/Jina/install/dsr_description2/share/dsr_description2/mujoco_models/h2017/assets/H2017_1_0.stl
[1.223s] -- Installing: /home/user/Jina/install/dsr_description2/share/dsr_description2/mujoco_models/h2017/assets/H2017_2_2.stl
[1.224s] -- Up-to-date: /home/user/Jina/install/dsr_description2/share/dsr_description2/mujoco_models/a0912
[1.224s] -- Installing: /home/user/Jina/install/dsr_description2/share/dsr_description2/mujoco_models/a0912/a0912.xml
[1.224s] -- Installing: /home/user/Jina/install/dsr_description2/share/dsr_description2/mujoco_models/a0912/scene.xml
[1.224s] -- Up-to-date: /home/user/Jina/install/dsr_description2/share/dsr_description2/mujoco_models/a0912/assets
[1.224s] -- Installing: /home/user/Jina/install/dsr_description2/share/dsr_description2/mujoco_models/a0912/assets/A0912_5_0.stl
[1.224s] -- Installing: /home/user/Jina/install/dsr_description2/share/dsr_description2/mujoco_models/a0912/assets/A0912_1_2.stl
[1.225s] -- Installing: /home/user/Jina/install/dsr_description2/share/dsr_description2/mujoco_models/a0912/assets/A0912_1_0.stl
[1.225s] -- Installing: /home/user/Jina/install/dsr_description2/share/dsr_description2/mujoco_models/a0912/assets/A0912_5_1.stl
[1.226s] -- Installing: /home/user/Jina/install/dsr_description2/share/dsr_description2/mujoco_models/a0912/assets/A0912_6_0.stl
[1.226s] -- Installing: /home/user/Jina/install/dsr_description2/share/dsr_description2/mujoco_models/a0912/assets/A0912_0_0.stl
[1.227s] -- Installing: /home/user/Jina/install/dsr_description2/share/dsr_description2/mujoco_models/a0912/assets/A0912_4_1.stl
[1.229s] -- Installing: /home/user/Jina/install/dsr_description2/share/dsr_description2/mujoco_models/a0912/assets/A0912_3_0.stl
[1.229s] -- Installing: /home/user/Jina/install/dsr_description2/share/dsr_description2/mujoco_models/a0912/assets/A0912_2_0.stl
[1.229s] -- Installing: /home/user/Jina/install/dsr_description2/share/dsr_description2/mujoco_models/a0912/assets/A0912_3_1.stl
[1.229s] -- Installing: /home/user/Jina/install/dsr_description2/share/dsr_description2/mujoco_models/a0912/assets/A0912_2_2.stl
[1.229s] -- Installing: /home/user/Jina/install/dsr_description2/share/dsr_description2/mujoco_models/a0912/assets/A0912_2_1.stl
[1.231s] -- Installing: /home/user/Jina/install/dsr_description2/share/dsr_description2/mujoco_models/a0912/assets/A0912_4_0.stl
[1.233s] -- Installing: /home/user/Jina/install/dsr_description2/share/dsr_description2/mujoco_models/a0912/assets/A0912_1_1.stl
[1.234s] -- Up-to-date: /home/user/Jina/install/dsr_description2/share/dsr_description2/mujoco_models/demo
[1.234s] -- Installing: /home/user/Jina/install/dsr_description2/share/dsr_description2/mujoco_models/demo/slope_demo_scene.xml
[1.234s] -- Up-to-date: /home/user/Jina/install/dsr_description2/share/dsr_description2/mujoco_models/demo/assets
[1.234s] -- Installing: /home/user/Jina/install/dsr_description2/share/dsr_description2/mujoco_models/demo/assets/stopper_left.stl
[1.234s] -- Installing: /home/user/Jina/install/dsr_description2/share/dsr_description2/mujoco_models/demo/assets/top_fence_left.stl
[1.234s] -- Installing: /home/user/Jina/install/dsr_description2/share/dsr_description2/mujoco_models/demo/assets/bottom_fence_right.stl
[1.235s] -- Installing: /home/user/Jina/install/dsr_description2/share/dsr_description2/mujoco_models/demo/assets/storage_box.stl
[1.235s] -- Installing: /home/user/Jina/install/dsr_description2/share/dsr_description2/mujoco_models/demo/assets/stopper_right.stl
[1.236s] -- Installing: /home/user/Jina/install/dsr_description2/share/dsr_description2/mujoco_models/demo/assets/stopper.stl
[1.236s] -- Installing: /home/user/Jina/install/dsr_description2/share/dsr_description2/mujoco_models/demo/assets/top_fence_right.stl
[1.236s] -- Installing: /home/user/Jina/install/dsr_description2/share/dsr_description2/mujoco_models/demo/assets/bottom_fence_left.stl
[1.236s] -- Installing: /home/user/Jina/install/dsr_description2/share/dsr_description2/mujoco_models/demo/assets/left_fence.stl
[1.236s] -- Installing: /home/user/Jina/install/dsr_description2/share/dsr_description2/mujoco_models/demo/assets/bottom_slope.stl
[1.236s] -- Installing: /home/user/Jina/install/dsr_description2/share/dsr_description2/mujoco_models/demo/assets/bottom_support_right.stl
[1.236s] -- Installing: /home/user/Jina/install/dsr_description2/share/dsr_description2/mujoco_models/demo/assets/bottom_support_left.stl
[1.236s] -- Installing: /home/user/Jina/install/dsr_description2/share/dsr_description2/mujoco_models/demo/assets/top_slope.stl
[1.237s] -- Up-to-date: /home/user/Jina/install/dsr_description2/share/dsr_description2/launch
[1.237s] -- Installing: /home/user/Jina/install/dsr_description2/share/dsr_description2/launch/dsr_description.launch.py
[1.238s] -- Up-to-date: /home/user/Jina/install/dsr_description2/share/dsr_description2/rviz
[1.238s] -- Installing: /home/user/Jina/install/dsr_description2/share/dsr_description2/rviz/moveit.rviz
[1.238s] -- Installing: /home/user/Jina/install/dsr_description2/share/dsr_description2/rviz/default.rviz
[1.641s] Invoked command in '/home/user/Jina/build/dsr_description2' returned '0': CMAKE_PREFIX_PATH=${CMAKE_PREFIX_PATH}:/home/user/Jina/install/tower_builder:/home/user/Jina/install/dsr_visualservoing:/home/user/Jina/install/dsr_tests:/home/user/Jina/install/dsr_bringup2:/home/user/Jina/install/dsr_example:/opt/ros/humble /usr/bin/cmake --install /home/user/Jina/build/dsr_description2
