[1.536s] Invoking command in '/home/user/Jina/src/doosan-robot2/dsr_example2/dsr_visualservoing': PYTHONPATH=/home/user/Jina/build/dsr_visualservoing/prefix_override:/usr/lib/python3/dist-packages/colcon_core/task/python/colcon_distutils_commands:/home/user/Jina/install/dsr_visualservoing/lib/python3.10/site-packages:${PYTHONPATH} /usr/bin/python3 -W ignore:setup.py install is deprecated -W ignore:easy_install command is deprecated setup.py egg_info --egg-base ../../../../build/dsr_visualservoing build --build-base /home/user/Jina/build/dsr_visualservoing/build install --record /home/user/Jina/build/dsr_visualservoing/install.log --single-version-externally-managed install_data
[1.824s] running egg_info
[1.824s] writing ../../../../build/dsr_visualservoing/dsr_visualservoing.egg-info/PKG-INFO
[1.825s] writing dependency_links to ../../../../build/dsr_visualservoing/dsr_visualservoing.egg-info/dependency_links.txt
[1.825s] writing entry points to ../../../../build/dsr_visualservoing/dsr_visualservoing.egg-info/entry_points.txt
[1.825s] writing requirements to ../../../../build/dsr_visualservoing/dsr_visualservoing.egg-info/requires.txt
[1.825s] writing top-level names to ../../../../build/dsr_visualservoing/dsr_visualservoing.egg-info/top_level.txt
[1.827s] reading manifest file '../../../../build/dsr_visualservoing/dsr_visualservoing.egg-info/SOURCES.txt'
[1.829s] writing manifest file '../../../../build/dsr_visualservoing/dsr_visualservoing.egg-info/SOURCES.txt'
[1.829s] running build
[1.829s] running build_py
[1.829s] running install
[1.830s] running install_lib
[1.831s] running install_data
[1.832s] running install_egg_info
[1.834s] removing '/home/user/Jina/install/dsr_visualservoing/lib/python3.10/site-packages/dsr_visualservoing-0.0.0-py3.10.egg-info' (and everything under it)
[1.834s] Copying ../../../../build/dsr_visualservoing/dsr_visualservoing.egg-info to /home/user/Jina/install/dsr_visualservoing/lib/python3.10/site-packages/dsr_visualservoing-0.0.0-py3.10.egg-info
[1.835s] running install_scripts
[1.859s] Installing camera_publisher script to /home/user/Jina/install/dsr_visualservoing/lib/dsr_visualservoing
[1.859s] Installing detect_marker_gz script to /home/user/Jina/install/dsr_visualservoing/lib/dsr_visualservoing
[1.859s] Installing joint90 script to /home/user/Jina/install/dsr_visualservoing/lib/dsr_visualservoing
[1.859s] Installing send_pose_servol_gz script to /home/user/Jina/install/dsr_visualservoing/lib/dsr_visualservoing
[1.860s] writing list of installed files to '/home/user/Jina/build/dsr_visualservoing/install.log'
[1.900s] Invoked command in '/home/user/Jina/src/doosan-robot2/dsr_example2/dsr_visualservoing' returned '0': PYTHONPATH=/home/user/Jina/build/dsr_visualservoing/prefix_override:/usr/lib/python3/dist-packages/colcon_core/task/python/colcon_distutils_commands:/home/user/Jina/install/dsr_visualservoing/lib/python3.10/site-packages:${PYTHONPATH} /usr/bin/python3 -W ignore:setup.py install is deprecated -W ignore:easy_install command is deprecated setup.py egg_info --egg-base ../../../../build/dsr_visualservoing build --build-base /home/user/Jina/build/dsr_visualservoing/build install --record /home/user/Jina/build/dsr_visualservoing/install.log --single-version-externally-managed install_data
