[0.028s] Invoking command in '/home/user/Jina/build/dsr_moveit_config_m1013': CMAKE_PREFIX_PATH=/opt/ros/humble /usr/bin/cmake /home/user/Jina/src/doosan-robot2/dsr_moveit2/dsr_moveit_config_m1013 -DCMAKE_INSTALL_PREFIX=/home/user/Jina/install/dsr_moveit_config_m1013
[0.834s] -- The C compiler identification is GNU 11.4.0
[0.835s] -- The CXX compiler identification is GNU 11.4.0
[0.835s] -- Detecting C compiler ABI info
[0.835s] -- Detecting C compiler ABI info - done
[0.835s] -- Check for working C compiler: /usr/bin/cc - skipped
[0.836s] -- Detecting C compile features
[0.836s] -- Detecting C compile features - done
[0.836s] -- Detecting CXX compiler ABI info
[0.836s] -- Detecting CXX compiler ABI info - done
[0.836s] -- Check for working CXX compiler: /usr/bin/c++ - skipped
[0.836s] -- Detecting CXX compile features
[0.836s] -- Detecting CXX compile features - done
[0.837s] -- Found ament_cmake: 1.3.12 (/opt/ros/humble/share/ament_cmake/cmake)
[0.837s] -- Found Python3: /usr/bin/python3 (found version "3.10.12") found components: Interpreter 
[0.837s] -- Configuring done
[0.837s] -- Generating done
[0.837s] -- Build files have been written to: /home/user/Jina/build/dsr_moveit_config_m1013
[0.854s] Invoked command in '/home/user/Jina/build/dsr_moveit_config_m1013' returned '0': CMAKE_PREFIX_PATH=/opt/ros/humble /usr/bin/cmake /home/user/Jina/src/doosan-robot2/dsr_moveit2/dsr_moveit_config_m1013 -DCMAKE_INSTALL_PREFIX=/home/user/Jina/install/dsr_moveit_config_m1013
[0.854s] Invoking command in '/home/user/Jina/build/dsr_moveit_config_m1013': CMAKE_PREFIX_PATH=/opt/ros/humble /usr/bin/cmake --build /home/user/Jina/build/dsr_moveit_config_m1013 -- -j12 -l12
[0.898s] Invoked command in '/home/user/Jina/build/dsr_moveit_config_m1013' returned '0': CMAKE_PREFIX_PATH=/opt/ros/humble /usr/bin/cmake --build /home/user/Jina/build/dsr_moveit_config_m1013 -- -j12 -l12
[0.901s] Invoking command in '/home/user/Jina/build/dsr_moveit_config_m1013': CMAKE_PREFIX_PATH=/opt/ros/humble /usr/bin/cmake --install /home/user/Jina/build/dsr_moveit_config_m1013
[0.909s] -- Install configuration: ""
[0.909s] -- Installing: /home/user/Jina/install/dsr_moveit_config_m1013/share/ament_index/resource_index/package_run_dependencies/dsr_moveit_config_m1013
[0.909s] -- Installing: /home/user/Jina/install/dsr_moveit_config_m1013/share/ament_index/resource_index/parent_prefix_path/dsr_moveit_config_m1013
[0.909s] -- Installing: /home/user/Jina/install/dsr_moveit_config_m1013/share/dsr_moveit_config_m1013/environment/ament_prefix_path.sh
[0.909s] -- Installing: /home/user/Jina/install/dsr_moveit_config_m1013/share/dsr_moveit_config_m1013/environment/ament_prefix_path.dsv
[0.909s] -- Installing: /home/user/Jina/install/dsr_moveit_config_m1013/share/dsr_moveit_config_m1013/environment/path.sh
[0.909s] -- Installing: /home/user/Jina/install/dsr_moveit_config_m1013/share/dsr_moveit_config_m1013/environment/path.dsv
[0.909s] -- Installing: /home/user/Jina/install/dsr_moveit_config_m1013/share/dsr_moveit_config_m1013/local_setup.bash
[0.909s] -- Installing: /home/user/Jina/install/dsr_moveit_config_m1013/share/dsr_moveit_config_m1013/local_setup.sh
[0.909s] -- Installing: /home/user/Jina/install/dsr_moveit_config_m1013/share/dsr_moveit_config_m1013/local_setup.zsh
[0.910s] -- Installing: /home/user/Jina/install/dsr_moveit_config_m1013/share/dsr_moveit_config_m1013/local_setup.dsv
[0.910s] -- Installing: /home/user/Jina/install/dsr_moveit_config_m1013/share/dsr_moveit_config_m1013/package.dsv
[0.910s] -- Installing: /home/user/Jina/install/dsr_moveit_config_m1013/share/ament_index/resource_index/packages/dsr_moveit_config_m1013
[0.910s] -- Installing: /home/user/Jina/install/dsr_moveit_config_m1013/share/dsr_moveit_config_m1013/cmake/dsr_moveit_config_m1013Config.cmake
[0.910s] -- Installing: /home/user/Jina/install/dsr_moveit_config_m1013/share/dsr_moveit_config_m1013/cmake/dsr_moveit_config_m1013Config-version.cmake
[0.910s] -- Installing: /home/user/Jina/install/dsr_moveit_config_m1013/share/dsr_moveit_config_m1013/package.xml
[0.910s] -- Installing: /home/user/Jina/install/dsr_moveit_config_m1013/share/dsr_moveit_config_m1013/launch
[0.910s] -- Installing: /home/user/Jina/install/dsr_moveit_config_m1013/share/dsr_moveit_config_m1013/launch/start.launch.py
[0.911s] -- Installing: /home/user/Jina/install/dsr_moveit_config_m1013/share/dsr_moveit_config_m1013/launch/moveit.rviz
[0.911s] -- Installing: /home/user/Jina/install/dsr_moveit_config_m1013/share/dsr_moveit_config_m1013/launch/demo.launch.py
[0.911s] -- Installing: /home/user/Jina/install/dsr_moveit_config_m1013/share/dsr_moveit_config_m1013/config
[0.911s] -- Installing: /home/user/Jina/install/dsr_moveit_config_m1013/share/dsr_moveit_config_m1013/config/initial_positions.yaml
[0.911s] -- Installing: /home/user/Jina/install/dsr_moveit_config_m1013/share/dsr_moveit_config_m1013/config/moveit_controllers.yaml
[0.911s] -- Installing: /home/user/Jina/install/dsr_moveit_config_m1013/share/dsr_moveit_config_m1013/config/joint_limits.yaml
[0.911s] -- Installing: /home/user/Jina/install/dsr_moveit_config_m1013/share/dsr_moveit_config_m1013/config/sensors_3d.yaml
[0.911s] -- Installing: /home/user/Jina/install/dsr_moveit_config_m1013/share/dsr_moveit_config_m1013/config/dsr.ros2_control.xacro
[0.911s] -- Installing: /home/user/Jina/install/dsr_moveit_config_m1013/share/dsr_moveit_config_m1013/config/chomp_planning.yaml
[0.912s] -- Installing: /home/user/Jina/install/dsr_moveit_config_m1013/share/dsr_moveit_config_m1013/config/m1013.urdf.xacro
[0.912s] -- Installing: /home/user/Jina/install/dsr_moveit_config_m1013/share/dsr_moveit_config_m1013/config/kinematics.yaml
[0.912s] -- Installing: /home/user/Jina/install/dsr_moveit_config_m1013/share/dsr_moveit_config_m1013/config/dsr.srdf
[0.912s] -- Installing: /home/user/Jina/install/dsr_moveit_config_m1013/share/dsr_moveit_config_m1013/config/pilz_cartesian_limits.yaml
[0.912s] -- Installing: /home/user/Jina/install/dsr_moveit_config_m1013/share/dsr_moveit_config_m1013/config/pilz_industrial_motion_planner_planning.yaml
[0.912s] -- Installing: /home/user/Jina/install/dsr_moveit_config_m1013/share/dsr_moveit_config_m1013/config/ompl_planning.yaml
[0.912s] -- Installing: /home/user/Jina/install/dsr_moveit_config_m1013/share/dsr_moveit_config_m1013/config/ros2_controllers.yaml
[0.912s] -- Installing: /home/user/Jina/install/dsr_moveit_config_m1013/share/dsr_moveit_config_m1013/.setup_assistant
[0.994s] Invoked command in '/home/user/Jina/build/dsr_moveit_config_m1013' returned '0': CMAKE_PREFIX_PATH=/opt/ros/humble /usr/bin/cmake --install /home/user/Jina/build/dsr_moveit_config_m1013
