[0.462s] Invoking command in '/home/user/Jina/src/doosan-robot2/dsr_bringup2': AMENT_PREFIX_PATH=/home/user/Jina/install/dsr_msgs2:${AMENT_PREFIX_PATH} CMAKE_PREFIX_PATH=/home/user/Jina/install/dsr_msgs2 LD_LIBRARY_PATH=/home/user/Jina/install/dsr_msgs2/lib:${LD_LIBRARY_PATH} PYTHONPATH=/home/user/Jina/build/dsr_bringup2/prefix_override:/usr/lib/python3/dist-packages/colcon_core/task/python/colcon_distutils_commands:/home/user/Jina/install/dsr_bringup2/lib/python3.10/site-packages:/home/user/Jina/install/dsr_msgs2/local/lib/python3.10/dist-packages:${PYTHONPATH} /usr/bin/python3 -W ignore:setup.py install is deprecated -W ignore:easy_install command is deprecated setup.py egg_info --egg-base ../../../build/dsr_bringup2 build --build-base /home/user/Jina/build/dsr_bringup2/build install --record /home/user/Jina/build/dsr_bringup2/install.log --single-version-externally-managed install_data
[0.609s] running egg_info
[0.610s] writing ../../../build/dsr_bringup2/dsr_bringup2.egg-info/PKG-INFO
[0.610s] writing dependency_links to ../../../build/dsr_bringup2/dsr_bringup2.egg-info/dependency_links.txt
[0.610s] writing entry points to ../../../build/dsr_bringup2/dsr_bringup2.egg-info/entry_points.txt
[0.610s] writing requirements to ../../../build/dsr_bringup2/dsr_bringup2.egg-info/requires.txt
[0.610s] writing top-level names to ../../../build/dsr_bringup2/dsr_bringup2.egg-info/top_level.txt
[0.611s] reading manifest file '../../../build/dsr_bringup2/dsr_bringup2.egg-info/SOURCES.txt'
[0.612s] writing manifest file '../../../build/dsr_bringup2/dsr_bringup2.egg-info/SOURCES.txt'
[0.612s] running build
[0.612s] running build_py
[0.612s] running install
[0.612s] running install_lib
[0.613s] byte-compiling /home/user/Jina/install/dsr_bringup2/lib/python3.10/site-packages/dsr_bringup2/gazebo_connection.py to gazebo_connection.cpython-310.pyc
[0.614s] byte-compiling /home/user/Jina/install/dsr_bringup2/lib/python3.10/site-packages/dsr_bringup2/gazebo_connection_pos.py to gazebo_connection_pos.cpython-310.pyc
[0.614s] byte-compiling /home/user/Jina/install/dsr_bringup2/lib/python3.10/site-packages/dsr_bringup2/run_emulator.py to run_emulator.cpython-310.pyc
[0.614s] byte-compiling /home/user/Jina/install/dsr_bringup2/lib/python3.10/site-packages/dsr_bringup2/utils.py to utils.cpython-310.pyc
[0.615s] byte-compiling /home/user/Jina/install/dsr_bringup2/lib/python3.10/site-packages/dsr_bringup2/__init__.py to __init__.cpython-310.pyc
[0.615s] byte-compiling /home/user/Jina/install/dsr_bringup2/lib/python3.10/site-packages/dsr_bringup2/dsr_mujoco_bridge.py to dsr_mujoco_bridge.cpython-310.pyc
[0.615s] byte-compiling /home/user/Jina/install/dsr_bringup2/lib/python3.10/site-packages/dsr_bringup2/moveit_connection.py to moveit_connection.cpython-310.pyc
[0.616s] running install_data
[0.616s] running install_egg_info
[0.617s] removing '/home/user/Jina/install/dsr_bringup2/lib/python3.10/site-packages/dsr_bringup2-0.1.2-py3.10.egg-info' (and everything under it)
[0.617s] Copying ../../../build/dsr_bringup2/dsr_bringup2.egg-info to /home/user/Jina/install/dsr_bringup2/lib/python3.10/site-packages/dsr_bringup2-0.1.2-py3.10.egg-info
[0.617s] running install_scripts
[0.629s] Installing gazebo_connection script to /home/user/Jina/install/dsr_bringup2/lib/dsr_bringup2
[0.629s] Installing moveit_connection script to /home/user/Jina/install/dsr_bringup2/lib/dsr_bringup2
[0.629s] Installing mujoco_bridge script to /home/user/Jina/install/dsr_bringup2/lib/dsr_bringup2
[0.629s] Installing run_emulator script to /home/user/Jina/install/dsr_bringup2/lib/dsr_bringup2
[0.630s] writing list of installed files to '/home/user/Jina/build/dsr_bringup2/install.log'
[0.648s] Invoked command in '/home/user/Jina/src/doosan-robot2/dsr_bringup2' returned '0': AMENT_PREFIX_PATH=/home/user/Jina/install/dsr_msgs2:${AMENT_PREFIX_PATH} CMAKE_PREFIX_PATH=/home/user/Jina/install/dsr_msgs2 LD_LIBRARY_PATH=/home/user/Jina/install/dsr_msgs2/lib:${LD_LIBRARY_PATH} PYTHONPATH=/home/user/Jina/build/dsr_bringup2/prefix_override:/usr/lib/python3/dist-packages/colcon_core/task/python/colcon_distutils_commands:/home/user/Jina/install/dsr_bringup2/lib/python3.10/site-packages:/home/user/Jina/install/dsr_msgs2/local/lib/python3.10/dist-packages:${PYTHONPATH} /usr/bin/python3 -W ignore:setup.py install is deprecated -W ignore:easy_install command is deprecated setup.py egg_info --egg-base ../../../build/dsr_bringup2 build --build-base /home/user/Jina/build/dsr_bringup2/build install --record /home/user/Jina/build/dsr_bringup2/install.log --single-version-externally-managed install_data
