-- Install configuration: ""
-- Up-to-date: /home/user/Jina/install/dsr_common2/lib/python3.10/site-packages/
-- Up-to-date: /home/user/Jina/install/dsr_common2/lib/python3.10/site-packages//DR_common2.py
-- Up-to-date: /home/user/Jina/install/dsr_common2/lib/python3.10/site-packages//DR_error2.py
-- Up-to-date: /home/user/Jina/install/dsr_common2/lib/python3.10/site-packages//DR_tcp_server2.py
-- Up-to-date: /home/user/Jina/install/dsr_common2/lib/python3.10/site-packages//DSR_ROBOT2.py
-- Up-to-date: /home/user/Jina/install/dsr_common2/lib/python3.10/site-packages//__init__.py
-- Up-to-date: /home/user/Jina/install/dsr_common2/lib/python3.10/site-packages//DSR_util2.py
-- Up-to-date: /home/user/Jina/install/dsr_common2/lib/python3.10/site-packages//DR_init.py
-- Up-to-date: /home/user/Jina/install/dsr_common2/lib/python3.10/site-packages//DRFC.py
-- Up-to-date: /home/user/Jina/install/dsr_common2/lib/python3.10/site-packages//DR_tcp_client2.py
-- Up-to-date: /home/user/Jina/install/dsr_common2/share/ament_index/resource_index/package_run_dependencies/dsr_common2
-- Up-to-date: /home/user/Jina/install/dsr_common2/share/ament_index/resource_index/parent_prefix_path/dsr_common2
-- Up-to-date: /home/user/Jina/install/dsr_common2/share/dsr_common2/environment/ament_prefix_path.sh
-- Up-to-date: /home/user/Jina/install/dsr_common2/share/dsr_common2/environment/ament_prefix_path.dsv
-- Up-to-date: /home/user/Jina/install/dsr_common2/share/dsr_common2/environment/path.sh
-- Up-to-date: /home/user/Jina/install/dsr_common2/share/dsr_common2/environment/path.dsv
-- Up-to-date: /home/user/Jina/install/dsr_common2/share/dsr_common2/local_setup.bash
-- Up-to-date: /home/user/Jina/install/dsr_common2/share/dsr_common2/local_setup.sh
-- Up-to-date: /home/user/Jina/install/dsr_common2/share/dsr_common2/local_setup.zsh
-- Up-to-date: /home/user/Jina/install/dsr_common2/share/dsr_common2/local_setup.dsv
-- Up-to-date: /home/user/Jina/install/dsr_common2/share/dsr_common2/package.dsv
-- Up-to-date: /home/user/Jina/install/dsr_common2/share/ament_index/resource_index/packages/dsr_common2
-- Up-to-date: /home/user/Jina/install/dsr_common2/share/dsr_common2/cmake/dsr_common2Config.cmake
-- Up-to-date: /home/user/Jina/install/dsr_common2/share/dsr_common2/cmake/dsr_common2Config-version.cmake
-- Up-to-date: /home/user/Jina/install/dsr_common2/share/dsr_common2/package.xml
-- Up-to-date: /home/user/Jina/install/dsr_common2/share/dsr_common2/bin
-- Up-to-date: /home/user/Jina/install/dsr_common2/share/dsr_common2/bin/run_drcf.sh
-- Up-to-date: /home/user/Jina/install/dsr_common2/share/dsr_common2/bin/common2
-- Up-to-date: /home/user/Jina/install/dsr_common2/lib/dsr_common2/imp
-- Up-to-date: /home/user/Jina/install/dsr_common2/lib/dsr_common2/imp/DR_common2.py
-- Up-to-date: /home/user/Jina/install/dsr_common2/lib/dsr_common2/imp/DR_error2.py
-- Up-to-date: /home/user/Jina/install/dsr_common2/lib/dsr_common2/imp/DR_tcp_server2.py
-- Up-to-date: /home/user/Jina/install/dsr_common2/lib/dsr_common2/imp/DSR_ROBOT2.py
-- Up-to-date: /home/user/Jina/install/dsr_common2/lib/dsr_common2/imp/__init__.py
-- Up-to-date: /home/user/Jina/install/dsr_common2/lib/dsr_common2/imp/DSR_util2.py
-- Up-to-date: /home/user/Jina/install/dsr_common2/lib/dsr_common2/imp/DR_init.py
-- Up-to-date: /home/user/Jina/install/dsr_common2/lib/dsr_common2/imp/DRFC.py
-- Up-to-date: /home/user/Jina/install/dsr_common2/lib/dsr_common2/imp/DR_tcp_client2.py
