running egg_info
writing ../../../build/dsr_bringup2/dsr_bringup2.egg-info/PKG-INFO
writing dependency_links to ../../../build/dsr_bringup2/dsr_bringup2.egg-info/dependency_links.txt
writing entry points to ../../../build/dsr_bringup2/dsr_bringup2.egg-info/entry_points.txt
writing requirements to ../../../build/dsr_bringup2/dsr_bringup2.egg-info/requires.txt
writing top-level names to ../../../build/dsr_bringup2/dsr_bringup2.egg-info/top_level.txt
reading manifest file '../../../build/dsr_bringup2/dsr_bringup2.egg-info/SOURCES.txt'
writing manifest file '../../../build/dsr_bringup2/dsr_bringup2.egg-info/SOURCES.txt'
running build
running build_py
running install
running install_lib
running install_data
running install_egg_info
removing '/home/user/Jina/install/dsr_bringup2/lib/python3.10/site-packages/dsr_bringup2-0.1.2-py3.10.egg-info' (and everything under it)
Copying ../../../build/dsr_bringup2/dsr_bringup2.egg-info to /home/user/Jina/install/dsr_bringup2/lib/python3.10/site-packages/dsr_bringup2-0.1.2-py3.10.egg-info
running install_scripts
Installing gazebo_connection script to /home/user/Jina/install/dsr_bringup2/lib/dsr_bringup2
Installing moveit_connection script to /home/user/Jina/install/dsr_bringup2/lib/dsr_bringup2
Installing mujoco_bridge script to /home/user/Jina/install/dsr_bringup2/lib/dsr_bringup2
Installing run_emulator script to /home/user/Jina/install/dsr_bringup2/lib/dsr_bringup2
writing list of installed files to '/home/user/Jina/build/dsr_bringup2/install.log'
