[0.065s] Invoking command in '/home/user/Jina/build/dsr_moveit_config_m0609': CMAKE_PREFIX_PATH=${CMAKE_PREFIX_PATH}:/home/user/Jina/install/tower_builder:/home/user/Jina/install/dsr_visualservoing:/home/user/Jina/install/dsr_tests:/home/user/Jina/install/dsr_bringup2:/home/user/Jina/install/dsr_example:/opt/ros/humble /usr/bin/cmake --build /home/user/Jina/build/dsr_moveit_config_m0609 -- -j12 -l12
[0.175s] Invoked command in '/home/user/Jina/build/dsr_moveit_config_m0609' returned '0': CMAKE_PREFIX_PATH=${CMAKE_PREFIX_PATH}:/home/user/Jina/install/tower_builder:/home/user/Jina/install/dsr_visualservoing:/home/user/Jina/install/dsr_tests:/home/user/Jina/install/dsr_bringup2:/home/user/Jina/install/dsr_example:/opt/ros/humble /usr/bin/cmake --build /home/user/Jina/build/dsr_moveit_config_m0609 -- -j12 -l12
[0.177s] Invoking command in '/home/user/Jina/build/dsr_moveit_config_m0609': CMAKE_PREFIX_PATH=${CMAKE_PREFIX_PATH}:/home/user/Jina/install/tower_builder:/home/user/Jina/install/dsr_visualservoing:/home/user/Jina/install/dsr_tests:/home/user/Jina/install/dsr_bringup2:/home/user/Jina/install/dsr_example:/opt/ros/humble /usr/bin/cmake --install /home/user/Jina/build/dsr_moveit_config_m0609
[0.198s] -- Install configuration: ""
[0.199s] -- Up-to-date: /home/user/Jina/install/dsr_moveit_config_m0609/share/ament_index/resource_index/package_run_dependencies/dsr_moveit_config_m0609
[0.199s] -- Up-to-date: /home/user/Jina/install/dsr_moveit_config_m0609/share/ament_index/resource_index/parent_prefix_path/dsr_moveit_config_m0609
[0.199s] -- Up-to-date: /home/user/Jina/install/dsr_moveit_config_m0609/share/dsr_moveit_config_m0609/environment/ament_prefix_path.sh
[0.199s] -- Up-to-date: /home/user/Jina/install/dsr_moveit_config_m0609/share/dsr_moveit_config_m0609/environment/ament_prefix_path.dsv
[0.200s] -- Up-to-date: /home/user/Jina/install/dsr_moveit_config_m0609/share/dsr_moveit_config_m0609/environment/path.sh
[0.200s] -- Up-to-date: /home/user/Jina/install/dsr_moveit_config_m0609/share/dsr_moveit_config_m0609/environment/path.dsv
[0.200s] -- Up-to-date: /home/user/Jina/install/dsr_moveit_config_m0609/share/dsr_moveit_config_m0609/local_setup.bash
[0.200s] -- Up-to-date: /home/user/Jina/install/dsr_moveit_config_m0609/share/dsr_moveit_config_m0609/local_setup.sh
[0.200s] -- Up-to-date: /home/user/Jina/install/dsr_moveit_config_m0609/share/dsr_moveit_config_m0609/local_setup.zsh
[0.200s] -- Up-to-date: /home/user/Jina/install/dsr_moveit_config_m0609/share/dsr_moveit_config_m0609/local_setup.dsv
[0.200s] -- Installing: /home/user/Jina/install/dsr_moveit_config_m0609/share/dsr_moveit_config_m0609/package.dsv
[0.201s] -- Up-to-date: /home/user/Jina/install/dsr_moveit_config_m0609/share/ament_index/resource_index/packages/dsr_moveit_config_m0609
[0.202s] -- Up-to-date: /home/user/Jina/install/dsr_moveit_config_m0609/share/dsr_moveit_config_m0609/cmake/dsr_moveit_config_m0609Config.cmake
[0.202s] -- Up-to-date: /home/user/Jina/install/dsr_moveit_config_m0609/share/dsr_moveit_config_m0609/cmake/dsr_moveit_config_m0609Config-version.cmake
[0.202s] -- Up-to-date: /home/user/Jina/install/dsr_moveit_config_m0609/share/dsr_moveit_config_m0609/package.xml
[0.202s] -- Up-to-date: /home/user/Jina/install/dsr_moveit_config_m0609/share/dsr_moveit_config_m0609/launch
[0.202s] -- Up-to-date: /home/user/Jina/install/dsr_moveit_config_m0609/share/dsr_moveit_config_m0609/launch/start.launch.py
[0.203s] -- Up-to-date: /home/user/Jina/install/dsr_moveit_config_m0609/share/dsr_moveit_config_m0609/launch/moveit.rviz
[0.203s] -- Up-to-date: /home/user/Jina/install/dsr_moveit_config_m0609/share/dsr_moveit_config_m0609/launch/demo.launch.py
[0.203s] -- Up-to-date: /home/user/Jina/install/dsr_moveit_config_m0609/share/dsr_moveit_config_m0609/config
[0.203s] -- Up-to-date: /home/user/Jina/install/dsr_moveit_config_m0609/share/dsr_moveit_config_m0609/config/initial_positions.yaml
[0.203s] -- Up-to-date: /home/user/Jina/install/dsr_moveit_config_m0609/share/dsr_moveit_config_m0609/config/m0609.urdf.xacro
[0.203s] -- Up-to-date: /home/user/Jina/install/dsr_moveit_config_m0609/share/dsr_moveit_config_m0609/config/moveit_controllers.yaml
[0.203s] -- Up-to-date: /home/user/Jina/install/dsr_moveit_config_m0609/share/dsr_moveit_config_m0609/config/joint_limits.yaml
[0.203s] -- Up-to-date: /home/user/Jina/install/dsr_moveit_config_m0609/share/dsr_moveit_config_m0609/config/sensors_3d.yaml
[0.203s] -- Up-to-date: /home/user/Jina/install/dsr_moveit_config_m0609/share/dsr_moveit_config_m0609/config/dsr.ros2_control.xacro
[0.204s] -- Up-to-date: /home/user/Jina/install/dsr_moveit_config_m0609/share/dsr_moveit_config_m0609/config/chomp_planning.yaml
[0.204s] -- Up-to-date: /home/user/Jina/install/dsr_moveit_config_m0609/share/dsr_moveit_config_m0609/config/kinematics.yaml
[0.204s] -- Up-to-date: /home/user/Jina/install/dsr_moveit_config_m0609/share/dsr_moveit_config_m0609/config/dsr.srdf
[0.204s] -- Up-to-date: /home/user/Jina/install/dsr_moveit_config_m0609/share/dsr_moveit_config_m0609/config/pilz_cartesian_limits.yaml
[0.204s] -- Up-to-date: /home/user/Jina/install/dsr_moveit_config_m0609/share/dsr_moveit_config_m0609/config/pilz_industrial_motion_planner_planning.yaml
[0.204s] -- Up-to-date: /home/user/Jina/install/dsr_moveit_config_m0609/share/dsr_moveit_config_m0609/config/ompl_planning.yaml
[0.204s] -- Up-to-date: /home/user/Jina/install/dsr_moveit_config_m0609/share/dsr_moveit_config_m0609/config/ros2_controllers.yaml
[0.204s] -- Up-to-date: /home/user/Jina/install/dsr_moveit_config_m0609/share/dsr_moveit_config_m0609/.setup_assistant
[0.323s] Invoked command in '/home/user/Jina/build/dsr_moveit_config_m0609' returned '0': CMAKE_PREFIX_PATH=${CMAKE_PREFIX_PATH}:/home/user/Jina/install/tower_builder:/home/user/Jina/install/dsr_visualservoing:/home/user/Jina/install/dsr_tests:/home/user/Jina/install/dsr_bringup2:/home/user/Jina/install/dsr_example:/opt/ros/humble /usr/bin/cmake --install /home/user/Jina/build/dsr_moveit_config_m0609
