[0.417s] Invoking command in '/home/user/Jina/build/dsr_moveit_config_p3020': CMAKE_PREFIX_PATH=${CMAKE_PREFIX_PATH}:/home/user/Jina/install/tower_builder:/home/user/Jina/install/dsr_visualservoing:/home/user/Jina/install/dsr_tests:/home/user/Jina/install/dsr_bringup2:/home/user/Jina/install/dsr_example:/opt/ros/humble /usr/bin/cmake --build /home/user/Jina/build/dsr_moveit_config_p3020 -- -j12 -l12
[2.910s] Invoked command in '/home/user/Jina/build/dsr_moveit_config_p3020' returned '0': CMAKE_PREFIX_PATH=${CMAKE_PREFIX_PATH}:/home/user/Jina/install/tower_builder:/home/user/Jina/install/dsr_visualservoing:/home/user/Jina/install/dsr_tests:/home/user/Jina/install/dsr_bringup2:/home/user/Jina/install/dsr_example:/opt/ros/humble /usr/bin/cmake --build /home/user/Jina/build/dsr_moveit_config_p3020 -- -j12 -l12
[2.911s] Invoking command in '/home/user/Jina/build/dsr_moveit_config_p3020': CMAKE_PREFIX_PATH=${CMAKE_PREFIX_PATH}:/home/user/Jina/install/tower_builder:/home/user/Jina/install/dsr_visualservoing:/home/user/Jina/install/dsr_tests:/home/user/Jina/install/dsr_bringup2:/home/user/Jina/install/dsr_example:/opt/ros/humble /usr/bin/cmake --install /home/user/Jina/build/dsr_moveit_config_p3020
[2.927s] -- Install configuration: ""
[2.927s] -- Up-to-date: /home/user/Jina/install/dsr_moveit_config_p3020/share/ament_index/resource_index/package_run_dependencies/dsr_moveit_config_p3020
[2.927s] -- Up-to-date: /home/user/Jina/install/dsr_moveit_config_p3020/share/ament_index/resource_index/parent_prefix_path/dsr_moveit_config_p3020
[2.927s] -- Up-to-date: /home/user/Jina/install/dsr_moveit_config_p3020/share/dsr_moveit_config_p3020/environment/ament_prefix_path.sh
[2.927s] -- Up-to-date: /home/user/Jina/install/dsr_moveit_config_p3020/share/dsr_moveit_config_p3020/environment/ament_prefix_path.dsv
[2.927s] -- Up-to-date: /home/user/Jina/install/dsr_moveit_config_p3020/share/dsr_moveit_config_p3020/environment/path.sh
[2.927s] -- Up-to-date: /home/user/Jina/install/dsr_moveit_config_p3020/share/dsr_moveit_config_p3020/environment/path.dsv
[2.927s] -- Up-to-date: /home/user/Jina/install/dsr_moveit_config_p3020/share/dsr_moveit_config_p3020/local_setup.bash
[2.927s] -- Up-to-date: /home/user/Jina/install/dsr_moveit_config_p3020/share/dsr_moveit_config_p3020/local_setup.sh
[2.928s] -- Up-to-date: /home/user/Jina/install/dsr_moveit_config_p3020/share/dsr_moveit_config_p3020/local_setup.zsh
[2.928s] -- Up-to-date: /home/user/Jina/install/dsr_moveit_config_p3020/share/dsr_moveit_config_p3020/local_setup.dsv
[2.928s] -- Installing: /home/user/Jina/install/dsr_moveit_config_p3020/share/dsr_moveit_config_p3020/package.dsv
[2.928s] -- Up-to-date: /home/user/Jina/install/dsr_moveit_config_p3020/share/ament_index/resource_index/packages/dsr_moveit_config_p3020
[2.928s] -- Up-to-date: /home/user/Jina/install/dsr_moveit_config_p3020/share/dsr_moveit_config_p3020/cmake/dsr_moveit_config_p3020Config.cmake
[2.928s] -- Up-to-date: /home/user/Jina/install/dsr_moveit_config_p3020/share/dsr_moveit_config_p3020/cmake/dsr_moveit_config_p3020Config-version.cmake
[2.928s] -- Up-to-date: /home/user/Jina/install/dsr_moveit_config_p3020/share/dsr_moveit_config_p3020/package.xml
[2.928s] -- Up-to-date: /home/user/Jina/install/dsr_moveit_config_p3020/share/dsr_moveit_config_p3020/launch
[2.928s] -- Up-to-date: /home/user/Jina/install/dsr_moveit_config_p3020/share/dsr_moveit_config_p3020/launch/start.launch.py
[2.928s] -- Up-to-date: /home/user/Jina/install/dsr_moveit_config_p3020/share/dsr_moveit_config_p3020/launch/moveit.rviz
[2.928s] -- Up-to-date: /home/user/Jina/install/dsr_moveit_config_p3020/share/dsr_moveit_config_p3020/config
[2.929s] -- Up-to-date: /home/user/Jina/install/dsr_moveit_config_p3020/share/dsr_moveit_config_p3020/config/initial_positions.yaml
[2.929s] -- Up-to-date: /home/user/Jina/install/dsr_moveit_config_p3020/share/dsr_moveit_config_p3020/config/moveit_controllers.yaml
[2.929s] -- Up-to-date: /home/user/Jina/install/dsr_moveit_config_p3020/share/dsr_moveit_config_p3020/config/joint_limits.yaml
[2.929s] -- Up-to-date: /home/user/Jina/install/dsr_moveit_config_p3020/share/dsr_moveit_config_p3020/config/sensors_3d.yaml
[2.932s] -- Up-to-date: /home/user/Jina/install/dsr_moveit_config_p3020/share/dsr_moveit_config_p3020/config/dsr.ros2_control.xacro
[2.932s] -- Up-to-date: /home/user/Jina/install/dsr_moveit_config_p3020/share/dsr_moveit_config_p3020/config/chomp_planning.yaml
[2.932s] -- Up-to-date: /home/user/Jina/install/dsr_moveit_config_p3020/share/dsr_moveit_config_p3020/config/kinematics.yaml
[2.933s] -- Up-to-date: /home/user/Jina/install/dsr_moveit_config_p3020/share/dsr_moveit_config_p3020/config/dsr.srdf
[2.933s] -- Up-to-date: /home/user/Jina/install/dsr_moveit_config_p3020/share/dsr_moveit_config_p3020/config/pilz_cartesian_limits.yaml
[2.933s] -- Up-to-date: /home/user/Jina/install/dsr_moveit_config_p3020/share/dsr_moveit_config_p3020/config/pilz_industrial_motion_planner_planning.yaml
[2.933s] -- Up-to-date: /home/user/Jina/install/dsr_moveit_config_p3020/share/dsr_moveit_config_p3020/config/ompl_planning.yaml
[2.933s] -- Up-to-date: /home/user/Jina/install/dsr_moveit_config_p3020/share/dsr_moveit_config_p3020/config/p3020.urdf.xacro
[2.933s] -- Up-to-date: /home/user/Jina/install/dsr_moveit_config_p3020/share/dsr_moveit_config_p3020/config/ros2_controllers.yaml
[2.933s] -- Up-to-date: /home/user/Jina/install/dsr_moveit_config_p3020/share/dsr_moveit_config_p3020/.setup_assistant
[3.095s] Invoked command in '/home/user/Jina/build/dsr_moveit_config_p3020' returned '0': CMAKE_PREFIX_PATH=${CMAKE_PREFIX_PATH}:/home/user/Jina/install/tower_builder:/home/user/Jina/install/dsr_visualservoing:/home/user/Jina/install/dsr_tests:/home/user/Jina/install/dsr_bringup2:/home/user/Jina/install/dsr_example:/opt/ros/humble /usr/bin/cmake --install /home/user/Jina/build/dsr_moveit_config_p3020
