[1.970s] Invoking command in '/home/user/Jina/src/tower_builder': PYTHONPATH=/home/user/Jina/build/tower_builder/prefix_override:/usr/lib/python3/dist-packages/colcon_core/task/python/colcon_distutils_commands:/home/user/Jina/install/tower_builder/lib/python3.10/site-packages:${PYTHONPATH} /usr/bin/python3 -W ignore:setup.py install is deprecated -W ignore:easy_install command is deprecated setup.py egg_info --egg-base ../../build/tower_builder build --build-base /home/user/Jina/build/tower_builder/build install --record /home/user/Jina/build/tower_builder/install.log --single-version-externally-managed install_data
[2.556s] running egg_info
[2.556s] writing ../../build/tower_builder/tower_builder.egg-info/PKG-INFO
[2.556s] writing dependency_links to ../../build/tower_builder/tower_builder.egg-info/dependency_links.txt
[2.556s] writing entry points to ../../build/tower_builder/tower_builder.egg-info/entry_points.txt
[2.556s] writing requirements to ../../build/tower_builder/tower_builder.egg-info/requires.txt
[2.557s] writing top-level names to ../../build/tower_builder/tower_builder.egg-info/top_level.txt
[2.557s] reading manifest file '../../build/tower_builder/tower_builder.egg-info/SOURCES.txt'
[2.558s] writing manifest file '../../build/tower_builder/tower_builder.egg-info/SOURCES.txt'
[2.560s] running build
[2.560s] running build_py
[2.560s] copying tower_builder/main2.py -> /home/user/Jina/build/tower_builder/build/lib/tower_builder
[2.564s] running install
[2.564s] running install_lib
[2.565s] copying /home/user/Jina/build/tower_builder/build/lib/tower_builder/main2.py -> /home/user/Jina/install/tower_builder/lib/python3.10/site-packages/tower_builder
[2.572s] byte-compiling /home/user/Jina/install/tower_builder/lib/python3.10/site-packages/tower_builder/main2.py to main2.cpython-310.pyc
[2.576s] running install_data
[2.576s] running install_egg_info
[2.579s] removing '/home/user/Jina/install/tower_builder/lib/python3.10/site-packages/tower_builder-0.0.0-py3.10.egg-info' (and everything under it)
[2.581s] Copying ../../build/tower_builder/tower_builder.egg-info to /home/user/Jina/install/tower_builder/lib/python3.10/site-packages/tower_builder-0.0.0-py3.10.egg-info
[2.590s] running install_scripts
[2.613s] Installing hub script to /home/user/Jina/install/tower_builder/lib/tower_builder
[2.613s] Installing stb script to /home/user/Jina/install/tower_builder/lib/tower_builder
[2.613s] Installing two script to /home/user/Jina/install/tower_builder/lib/tower_builder
[2.613s] writing list of installed files to '/home/user/Jina/build/tower_builder/install.log'
[2.690s] Invoked command in '/home/user/Jina/src/tower_builder' returned '0': PYTHONPATH=/home/user/Jina/build/tower_builder/prefix_override:/usr/lib/python3/dist-packages/colcon_core/task/python/colcon_distutils_commands:/home/user/Jina/install/tower_builder/lib/python3.10/site-packages:${PYTHONPATH} /usr/bin/python3 -W ignore:setup.py install is deprecated -W ignore:easy_install command is deprecated setup.py egg_info --egg-base ../../build/tower_builder build --build-base /home/user/Jina/build/tower_builder/build install --record /home/user/Jina/build/tower_builder/install.log --single-version-externally-managed install_data
