[2.316s] Invoking command in '/home/user/Jina/src/doosan-robot2/dsr_example2/dsr_visualservoing': PYTHONPATH=/home/user/Jina/build/dsr_visualservoing/prefix_override:/usr/lib/python3/dist-packages/colcon_core/task/python/colcon_distutils_commands:/home/user/Jina/install/dsr_visualservoing/lib/python3.10/site-packages:${PYTHONPATH} /usr/bin/python3 -W ignore:setup.py install is deprecated -W ignore:easy_install command is deprecated setup.py egg_info --egg-base ../../../../build/dsr_visualservoing build --build-base /home/user/Jina/build/dsr_visualservoing/build install --record /home/user/Jina/build/dsr_visualservoing/install.log --single-version-externally-managed install_data
[2.838s] running egg_info
[2.840s] writing ../../../../build/dsr_visualservoing/dsr_visualservoing.egg-info/PKG-INFO
[2.843s] writing dependency_links to ../../../../build/dsr_visualservoing/dsr_visualservoing.egg-info/dependency_links.txt
[2.843s] writing entry points to ../../../../build/dsr_visualservoing/dsr_visualservoing.egg-info/entry_points.txt
[2.843s] writing requirements to ../../../../build/dsr_visualservoing/dsr_visualservoing.egg-info/requires.txt
[2.843s] writing top-level names to ../../../../build/dsr_visualservoing/dsr_visualservoing.egg-info/top_level.txt
[2.844s] reading manifest file '../../../../build/dsr_visualservoing/dsr_visualservoing.egg-info/SOURCES.txt'
[2.847s] writing manifest file '../../../../build/dsr_visualservoing/dsr_visualservoing.egg-info/SOURCES.txt'
[2.847s] running build
[2.848s] running build_py
[2.849s] running install
[2.850s] running install_lib
[2.855s] running install_data
[2.855s] running install_egg_info
[2.860s] removing '/home/user/Jina/install/dsr_visualservoing/lib/python3.10/site-packages/dsr_visualservoing-0.0.0-py3.10.egg-info' (and everything under it)
[2.860s] Copying ../../../../build/dsr_visualservoing/dsr_visualservoing.egg-info to /home/user/Jina/install/dsr_visualservoing/lib/python3.10/site-packages/dsr_visualservoing-0.0.0-py3.10.egg-info
[2.866s] running install_scripts
[2.896s] Installing camera_publisher script to /home/user/Jina/install/dsr_visualservoing/lib/dsr_visualservoing
[2.896s] Installing detect_marker_gz script to /home/user/Jina/install/dsr_visualservoing/lib/dsr_visualservoing
[2.896s] Installing joint90 script to /home/user/Jina/install/dsr_visualservoing/lib/dsr_visualservoing
[2.896s] Installing send_pose_servol_gz script to /home/user/Jina/install/dsr_visualservoing/lib/dsr_visualservoing
[2.897s] writing list of installed files to '/home/user/Jina/build/dsr_visualservoing/install.log'
[2.975s] Invoked command in '/home/user/Jina/src/doosan-robot2/dsr_example2/dsr_visualservoing' returned '0': PYTHONPATH=/home/user/Jina/build/dsr_visualservoing/prefix_override:/usr/lib/python3/dist-packages/colcon_core/task/python/colcon_distutils_commands:/home/user/Jina/install/dsr_visualservoing/lib/python3.10/site-packages:${PYTHONPATH} /usr/bin/python3 -W ignore:setup.py install is deprecated -W ignore:easy_install command is deprecated setup.py egg_info --egg-base ../../../../build/dsr_visualservoing build --build-base /home/user/Jina/build/dsr_visualservoing/build install --record /home/user/Jina/build/dsr_visualservoing/install.log --single-version-externally-managed install_data
