[3.347s] Invoking command in '/home/user/Jina/src/doosan-robot2/dsr_example2/dsr_visualservoing': PYTHONPATH=/home/user/Jina/build/dsr_visualservoing/prefix_override:/usr/lib/python3/dist-packages/colcon_core/task/python/colcon_distutils_commands:/home/user/Jina/install/dsr_visualservoing/lib/python3.10/site-packages:${PYTHONPATH} /usr/bin/python3 -W ignore:setup.py install is deprecated -W ignore:easy_install command is deprecated setup.py egg_info --egg-base ../../../../build/dsr_visualservoing build --build-base /home/user/Jina/build/dsr_visualservoing/build install --record /home/user/Jina/build/dsr_visualservoing/install.log --single-version-externally-managed install_data
[3.969s] running egg_info
[3.972s] writing ../../../../build/dsr_visualservoing/dsr_visualservoing.egg-info/PKG-INFO
[3.973s] writing dependency_links to ../../../../build/dsr_visualservoing/dsr_visualservoing.egg-info/dependency_links.txt
[3.973s] writing entry points to ../../../../build/dsr_visualservoing/dsr_visualservoing.egg-info/entry_points.txt
[3.973s] writing requirements to ../../../../build/dsr_visualservoing/dsr_visualservoing.egg-info/requires.txt
[3.973s] writing top-level names to ../../../../build/dsr_visualservoing/dsr_visualservoing.egg-info/top_level.txt
[3.981s] reading manifest file '../../../../build/dsr_visualservoing/dsr_visualservoing.egg-info/SOURCES.txt'
[3.982s] writing manifest file '../../../../build/dsr_visualservoing/dsr_visualservoing.egg-info/SOURCES.txt'
[3.982s] running build
[3.983s] running build_py
[3.984s] running install
[3.985s] running install_lib
[3.989s] running install_data
[3.990s] running install_egg_info
[3.996s] removing '/home/user/Jina/install/dsr_visualservoing/lib/python3.10/site-packages/dsr_visualservoing-0.0.0-py3.10.egg-info' (and everything under it)
[3.997s] Copying ../../../../build/dsr_visualservoing/dsr_visualservoing.egg-info to /home/user/Jina/install/dsr_visualservoing/lib/python3.10/site-packages/dsr_visualservoing-0.0.0-py3.10.egg-info
[4.009s] running install_scripts
[4.068s] Installing camera_publisher script to /home/user/Jina/install/dsr_visualservoing/lib/dsr_visualservoing
[4.069s] Installing detect_marker_gz script to /home/user/Jina/install/dsr_visualservoing/lib/dsr_visualservoing
[4.070s] Installing joint90 script to /home/user/Jina/install/dsr_visualservoing/lib/dsr_visualservoing
[4.070s] Installing send_pose_servol_gz script to /home/user/Jina/install/dsr_visualservoing/lib/dsr_visualservoing
[4.075s] writing list of installed files to '/home/user/Jina/build/dsr_visualservoing/install.log'
[4.227s] Invoked command in '/home/user/Jina/src/doosan-robot2/dsr_example2/dsr_visualservoing' returned '0': PYTHONPATH=/home/user/Jina/build/dsr_visualservoing/prefix_override:/usr/lib/python3/dist-packages/colcon_core/task/python/colcon_distutils_commands:/home/user/Jina/install/dsr_visualservoing/lib/python3.10/site-packages:${PYTHONPATH} /usr/bin/python3 -W ignore:setup.py install is deprecated -W ignore:easy_install command is deprecated setup.py egg_info --egg-base ../../../../build/dsr_visualservoing build --build-base /home/user/Jina/build/dsr_visualservoing/build install --record /home/user/Jina/build/dsr_visualservoing/install.log --single-version-externally-managed install_data
