[0.118s] Invoking command in '/home/user/Jina/build/dsr_moveit_config_p3020': CMAKE_PREFIX_PATH=/opt/ros/humble /usr/bin/cmake --build /home/user/Jina/build/dsr_moveit_config_p3020 -- -j12 -l12
[0.782s] Invoked command in '/home/user/Jina/build/dsr_moveit_config_p3020' returned '0': CMAKE_PREFIX_PATH=/opt/ros/humble /usr/bin/cmake --build /home/user/Jina/build/dsr_moveit_config_p3020 -- -j12 -l12
[0.783s] Invoking command in '/home/user/Jina/build/dsr_moveit_config_p3020': CMAKE_PREFIX_PATH=/opt/ros/humble /usr/bin/cmake --install /home/user/Jina/build/dsr_moveit_config_p3020
[0.791s] -- Install configuration: ""
[0.791s] -- Up-to-date: /home/user/Jina/install/dsr_moveit_config_p3020/share/ament_index/resource_index/package_run_dependencies/dsr_moveit_config_p3020
[0.791s] -- Up-to-date: /home/user/Jina/install/dsr_moveit_config_p3020/share/ament_index/resource_index/parent_prefix_path/dsr_moveit_config_p3020
[0.791s] -- Up-to-date: /home/user/Jina/install/dsr_moveit_config_p3020/share/dsr_moveit_config_p3020/environment/ament_prefix_path.sh
[0.791s] -- Up-to-date: /home/user/Jina/install/dsr_moveit_config_p3020/share/dsr_moveit_config_p3020/environment/ament_prefix_path.dsv
[0.791s] -- Up-to-date: /home/user/Jina/install/dsr_moveit_config_p3020/share/dsr_moveit_config_p3020/environment/path.sh
[0.791s] -- Up-to-date: /home/user/Jina/install/dsr_moveit_config_p3020/share/dsr_moveit_config_p3020/environment/path.dsv
[0.791s] -- Up-to-date: /home/user/Jina/install/dsr_moveit_config_p3020/share/dsr_moveit_config_p3020/local_setup.bash
[0.792s] -- Up-to-date: /home/user/Jina/install/dsr_moveit_config_p3020/share/dsr_moveit_config_p3020/local_setup.sh
[0.792s] -- Up-to-date: /home/user/Jina/install/dsr_moveit_config_p3020/share/dsr_moveit_config_p3020/local_setup.zsh
[0.793s] -- Up-to-date: /home/user/Jina/install/dsr_moveit_config_p3020/share/dsr_moveit_config_p3020/local_setup.dsv
[0.793s] -- Installing: /home/user/Jina/install/dsr_moveit_config_p3020/share/dsr_moveit_config_p3020/package.dsv
[0.793s] -- Up-to-date: /home/user/Jina/install/dsr_moveit_config_p3020/share/ament_index/resource_index/packages/dsr_moveit_config_p3020
[0.793s] -- Up-to-date: /home/user/Jina/install/dsr_moveit_config_p3020/share/dsr_moveit_config_p3020/cmake/dsr_moveit_config_p3020Config.cmake
[0.793s] -- Up-to-date: /home/user/Jina/install/dsr_moveit_config_p3020/share/dsr_moveit_config_p3020/cmake/dsr_moveit_config_p3020Config-version.cmake
[0.793s] -- Up-to-date: /home/user/Jina/install/dsr_moveit_config_p3020/share/dsr_moveit_config_p3020/package.xml
[0.794s] -- Up-to-date: /home/user/Jina/install/dsr_moveit_config_p3020/share/dsr_moveit_config_p3020/launch
[0.794s] -- Up-to-date: /home/user/Jina/install/dsr_moveit_config_p3020/share/dsr_moveit_config_p3020/launch/start.launch.py
[0.794s] -- Up-to-date: /home/user/Jina/install/dsr_moveit_config_p3020/share/dsr_moveit_config_p3020/launch/moveit.rviz
[0.794s] -- Up-to-date: /home/user/Jina/install/dsr_moveit_config_p3020/share/dsr_moveit_config_p3020/config
[0.794s] -- Up-to-date: /home/user/Jina/install/dsr_moveit_config_p3020/share/dsr_moveit_config_p3020/config/initial_positions.yaml
[0.794s] -- Up-to-date: /home/user/Jina/install/dsr_moveit_config_p3020/share/dsr_moveit_config_p3020/config/moveit_controllers.yaml
[0.795s] -- Up-to-date: /home/user/Jina/install/dsr_moveit_config_p3020/share/dsr_moveit_config_p3020/config/joint_limits.yaml
[0.795s] -- Up-to-date: /home/user/Jina/install/dsr_moveit_config_p3020/share/dsr_moveit_config_p3020/config/sensors_3d.yaml
[0.796s] -- Up-to-date: /home/user/Jina/install/dsr_moveit_config_p3020/share/dsr_moveit_config_p3020/config/dsr.ros2_control.xacro
[0.797s] -- Up-to-date: /home/user/Jina/install/dsr_moveit_config_p3020/share/dsr_moveit_config_p3020/config/chomp_planning.yaml
[0.797s] -- Up-to-date: /home/user/Jina/install/dsr_moveit_config_p3020/share/dsr_moveit_config_p3020/config/kinematics.yaml
[0.797s] -- Up-to-date: /home/user/Jina/install/dsr_moveit_config_p3020/share/dsr_moveit_config_p3020/config/dsr.srdf
[0.797s] -- Up-to-date: /home/user/Jina/install/dsr_moveit_config_p3020/share/dsr_moveit_config_p3020/config/pilz_cartesian_limits.yaml
[0.797s] -- Up-to-date: /home/user/Jina/install/dsr_moveit_config_p3020/share/dsr_moveit_config_p3020/config/pilz_industrial_motion_planner_planning.yaml
[0.797s] -- Up-to-date: /home/user/Jina/install/dsr_moveit_config_p3020/share/dsr_moveit_config_p3020/config/ompl_planning.yaml
[0.798s] -- Up-to-date: /home/user/Jina/install/dsr_moveit_config_p3020/share/dsr_moveit_config_p3020/config/p3020.urdf.xacro
[0.798s] -- Up-to-date: /home/user/Jina/install/dsr_moveit_config_p3020/share/dsr_moveit_config_p3020/config/ros2_controllers.yaml
[0.798s] -- Up-to-date: /home/user/Jina/install/dsr_moveit_config_p3020/share/dsr_moveit_config_p3020/.setup_assistant
[0.828s] Invoked command in '/home/user/Jina/build/dsr_moveit_config_p3020' returned '0': CMAKE_PREFIX_PATH=/opt/ros/humble /usr/bin/cmake --install /home/user/Jina/build/dsr_moveit_config_p3020
