[0.452s] Invoking command in '/home/user/Jina/build/dsr_mujoco': CMAKE_PREFIX_PATH=${CMAKE_PREFIX_PATH}:/home/user/Jina/install/tower_builder:/home/user/Jina/install/dsr_visualservoing:/home/user/Jina/install/dsr_tests:/home/user/Jina/install/dsr_bringup2:/home/user/Jina/install/dsr_example:/opt/ros/humble /usr/bin/cmake --build /home/user/Jina/build/dsr_mujoco -- -j12 -l12
[0.584s] Built target ament_cmake_python_copy_dsr_mujoco
[1.539s] running egg_info
[1.541s] writing dsr_mujoco.egg-info/PKG-INFO
[1.542s] writing dependency_links to dsr_mujoco.egg-info/dependency_links.txt
[1.542s] writing top-level names to dsr_mujoco.egg-info/top_level.txt
[1.549s] reading manifest file 'dsr_mujoco.egg-info/SOURCES.txt'
[1.550s] writing manifest file 'dsr_mujoco.egg-info/SOURCES.txt'
[1.781s] Built target ament_cmake_python_build_dsr_mujoco_egg
[2.959s] Invoked command in '/home/user/Jina/build/dsr_mujoco' returned '0': CMAKE_PREFIX_PATH=${CMAKE_PREFIX_PATH}:/home/user/Jina/install/tower_builder:/home/user/Jina/install/dsr_visualservoing:/home/user/Jina/install/dsr_tests:/home/user/Jina/install/dsr_bringup2:/home/user/Jina/install/dsr_example:/opt/ros/humble /usr/bin/cmake --build /home/user/Jina/build/dsr_mujoco -- -j12 -l12
[2.960s] Invoking command in '/home/user/Jina/build/dsr_mujoco': CMAKE_PREFIX_PATH=${CMAKE_PREFIX_PATH}:/home/user/Jina/install/tower_builder:/home/user/Jina/install/dsr_visualservoing:/home/user/Jina/install/dsr_tests:/home/user/Jina/install/dsr_bringup2:/home/user/Jina/install/dsr_example:/opt/ros/humble /usr/bin/cmake --install /home/user/Jina/build/dsr_mujoco
[3.078s] -- Install configuration: ""
[3.078s] -- Up-to-date: /home/user/Jina/install/dsr_mujoco/share/dsr_mujoco/environment/pythonpath.sh
[3.082s] -- Up-to-date: /home/user/Jina/install/dsr_mujoco/share/dsr_mujoco/environment/pythonpath.dsv
[3.082s] -- Up-to-date: /home/user/Jina/install/dsr_mujoco/local/lib/python3.10/dist-packages/dsr_mujoco-0.1.0-py3.10.egg-info
[3.082s] -- Installing: /home/user/Jina/install/dsr_mujoco/local/lib/python3.10/dist-packages/dsr_mujoco-0.1.0-py3.10.egg-info/dependency_links.txt
[3.082s] -- Installing: /home/user/Jina/install/dsr_mujoco/local/lib/python3.10/dist-packages/dsr_mujoco-0.1.0-py3.10.egg-info/SOURCES.txt
[3.083s] -- Installing: /home/user/Jina/install/dsr_mujoco/local/lib/python3.10/dist-packages/dsr_mujoco-0.1.0-py3.10.egg-info/PKG-INFO
[3.083s] -- Installing: /home/user/Jina/install/dsr_mujoco/local/lib/python3.10/dist-packages/dsr_mujoco-0.1.0-py3.10.egg-info/top_level.txt
[3.083s] -- Up-to-date: /home/user/Jina/install/dsr_mujoco/local/lib/python3.10/dist-packages/dsr_mujoco
[3.083s] -- Up-to-date: /home/user/Jina/install/dsr_mujoco/local/lib/python3.10/dist-packages/dsr_mujoco/__init__.py
[3.083s] -- Up-to-date: /home/user/Jina/install/dsr_mujoco/local/lib/python3.10/dist-packages/dsr_mujoco/dsr_merge_gripper.py
[3.083s] -- Up-to-date: /home/user/Jina/install/dsr_mujoco/local/lib/python3.10/dist-packages/dsr_mujoco/dsr_build_scene.py
[3.682s] Listing '/home/user/Jina/install/dsr_mujoco/local/lib/python3.10/dist-packages/dsr_mujoco'...
[3.823s] -- Up-to-date: /home/user/Jina/install/dsr_mujoco/share/dsr_mujoco//launch
[3.823s] -- Up-to-date: /home/user/Jina/install/dsr_mujoco/share/dsr_mujoco//launch/dsr_mujoco_default.launch.py
[3.823s] -- Up-to-date: /home/user/Jina/install/dsr_mujoco/share/dsr_mujoco//launch/dsr_mujoco.launch.py
[3.823s] -- Up-to-date: /home/user/Jina/install/dsr_mujoco/share/dsr_mujoco//config
[3.823s] -- Up-to-date: /home/user/Jina/install/dsr_mujoco/share/dsr_mujoco//config/dsr_mujoco_controller_with_2f85.yaml
[3.823s] -- Up-to-date: /home/user/Jina/install/dsr_mujoco/share/dsr_mujoco//config/2f85_controller.yaml
[3.823s] -- Up-to-date: /home/user/Jina/install/dsr_mujoco/share/dsr_mujoco//config/dsr_mujoco_controller.yaml
[3.824s] -- Up-to-date: /home/user/Jina/install/dsr_mujoco/share/ament_index/resource_index/package_run_dependencies/dsr_mujoco
[3.824s] -- Up-to-date: /home/user/Jina/install/dsr_mujoco/share/ament_index/resource_index/parent_prefix_path/dsr_mujoco
[3.824s] -- Up-to-date: /home/user/Jina/install/dsr_mujoco/share/dsr_mujoco/environment/ament_prefix_path.sh
[3.824s] -- Up-to-date: /home/user/Jina/install/dsr_mujoco/share/dsr_mujoco/environment/ament_prefix_path.dsv
[3.852s] -- Up-to-date: /home/user/Jina/install/dsr_mujoco/share/dsr_mujoco/environment/path.sh
[3.852s] -- Up-to-date: /home/user/Jina/install/dsr_mujoco/share/dsr_mujoco/environment/path.dsv
[3.853s] -- Up-to-date: /home/user/Jina/install/dsr_mujoco/share/dsr_mujoco/local_setup.bash
[3.853s] -- Up-to-date: /home/user/Jina/install/dsr_mujoco/share/dsr_mujoco/local_setup.sh
[3.853s] -- Up-to-date: /home/user/Jina/install/dsr_mujoco/share/dsr_mujoco/local_setup.zsh
[3.853s] -- Up-to-date: /home/user/Jina/install/dsr_mujoco/share/dsr_mujoco/local_setup.dsv
[3.853s] -- Installing: /home/user/Jina/install/dsr_mujoco/share/dsr_mujoco/package.dsv
[3.853s] -- Up-to-date: /home/user/Jina/install/dsr_mujoco/share/ament_index/resource_index/packages/dsr_mujoco
[3.853s] -- Up-to-date: /home/user/Jina/install/dsr_mujoco/share/dsr_mujoco/cmake/dsr_mujocoConfig.cmake
[3.853s] -- Up-to-date: /home/user/Jina/install/dsr_mujoco/share/dsr_mujoco/cmake/dsr_mujocoConfig-version.cmake
[3.853s] -- Up-to-date: /home/user/Jina/install/dsr_mujoco/share/dsr_mujoco/package.xml
[3.980s] Invoked command in '/home/user/Jina/build/dsr_mujoco' returned '0': CMAKE_PREFIX_PATH=${CMAKE_PREFIX_PATH}:/home/user/Jina/install/tower_builder:/home/user/Jina/install/dsr_visualservoing:/home/user/Jina/install/dsr_tests:/home/user/Jina/install/dsr_bringup2:/home/user/Jina/install/dsr_example:/opt/ros/humble /usr/bin/cmake --install /home/user/Jina/build/dsr_mujoco
