[1.113s] Invoking command in '/home/user/Jina/build/dsr_gazebo2': CMAKE_PREFIX_PATH=/home/user/Jina/install/dsr_description2:/home/user/Jina/install/dsr_realtime_control:/home/user/Jina/install/dsr_mujoco:/home/user/Jina/install/dsr_controller2:/home/user/Jina/install/dsr_msgs2:/home/user/Jina/install/dsr_moveit_config_p3020:/home/user/Jina/install/dsr_moveit_config_m1509:/home/user/Jina/install/dsr_moveit_config_m1013:/home/user/Jina/install/dsr_moveit_config_m0617:/home/user/Jina/install/dsr_moveit_config_m0609:/home/user/Jina/install/dsr_moveit_config_h2515:/home/user/Jina/install/dsr_moveit_config_h2017:/home/user/Jina/install/dsr_moveit_config_e0509:/home/user/Jina/install/dsr_moveit_config_a0912:/home/user/Jina/install/dsr_moveit_config_a0509:/home/user/Jina/install/dsr_hardware2:/home/user/Jina/install/dsr_gazebo2:/home/user/Jina/install/dsr_common2:/home/user/Jina/install/tower_builder:/home/user/Jina/install/dsr_visualservoing:/home/user/Jina/install/dsr_tests:/home/user/Jina/install/dsr_bringup2:/home/user/Jina/install/dsr_example:/opt/ros/humble /usr/bin/cmake --build /home/user/Jina/build/dsr_gazebo2 -- -j12 -l12
[1.386s] Invoked command in '/home/user/Jina/build/dsr_gazebo2' returned '0': CMAKE_PREFIX_PATH=/home/user/Jina/install/dsr_description2:/home/user/Jina/install/dsr_realtime_control:/home/user/Jina/install/dsr_mujoco:/home/user/Jina/install/dsr_controller2:/home/user/Jina/install/dsr_msgs2:/home/user/Jina/install/dsr_moveit_config_p3020:/home/user/Jina/install/dsr_moveit_config_m1509:/home/user/Jina/install/dsr_moveit_config_m1013:/home/user/Jina/install/dsr_moveit_config_m0617:/home/user/Jina/install/dsr_moveit_config_m0609:/home/user/Jina/install/dsr_moveit_config_h2515:/home/user/Jina/install/dsr_moveit_config_h2017:/home/user/Jina/install/dsr_moveit_config_e0509:/home/user/Jina/install/dsr_moveit_config_a0912:/home/user/Jina/install/dsr_moveit_config_a0509:/home/user/Jina/install/dsr_hardware2:/home/user/Jina/install/dsr_gazebo2:/home/user/Jina/install/dsr_common2:/home/user/Jina/install/tower_builder:/home/user/Jina/install/dsr_visualservoing:/home/user/Jina/install/dsr_tests:/home/user/Jina/install/dsr_bringup2:/home/user/Jina/install/dsr_example:/opt/ros/humble /usr/bin/cmake --build /home/user/Jina/build/dsr_gazebo2 -- -j12 -l12
[1.407s] Invoking command in '/home/user/Jina/build/dsr_gazebo2': CMAKE_PREFIX_PATH=/home/user/Jina/install/dsr_description2:/home/user/Jina/install/dsr_realtime_control:/home/user/Jina/install/dsr_mujoco:/home/user/Jina/install/dsr_controller2:/home/user/Jina/install/dsr_msgs2:/home/user/Jina/install/dsr_moveit_config_p3020:/home/user/Jina/install/dsr_moveit_config_m1509:/home/user/Jina/install/dsr_moveit_config_m1013:/home/user/Jina/install/dsr_moveit_config_m0617:/home/user/Jina/install/dsr_moveit_config_m0609:/home/user/Jina/install/dsr_moveit_config_h2515:/home/user/Jina/install/dsr_moveit_config_h2017:/home/user/Jina/install/dsr_moveit_config_e0509:/home/user/Jina/install/dsr_moveit_config_a0912:/home/user/Jina/install/dsr_moveit_config_a0509:/home/user/Jina/install/dsr_hardware2:/home/user/Jina/install/dsr_gazebo2:/home/user/Jina/install/dsr_common2:/home/user/Jina/install/tower_builder:/home/user/Jina/install/dsr_visualservoing:/home/user/Jina/install/dsr_tests:/home/user/Jina/install/dsr_bringup2:/home/user/Jina/install/dsr_example:/opt/ros/humble /usr/bin/cmake --install /home/user/Jina/build/dsr_gazebo2
[1.468s] -- Install configuration: ""
[1.468s] -- Up-to-date: /home/user/Jina/install/dsr_gazebo2/share/dsr_gazebo2/launch
[1.475s] -- Up-to-date: /home/user/Jina/install/dsr_gazebo2/share/dsr_gazebo2/launch/dsr_spawn_on_gazebo.launch.py
[1.475s] -- Up-to-date: /home/user/Jina/install/dsr_gazebo2/share/dsr_gazebo2/launch/dsr_gazebo.launch.py
[1.481s] -- Up-to-date: /home/user/Jina/install/dsr_gazebo2/share/dsr_gazebo2/model
[1.481s] -- Up-to-date: /home/user/Jina/install/dsr_gazebo2/share/dsr_gazebo2/model/m0617
[1.481s] -- Up-to-date: /home/user/Jina/install/dsr_gazebo2/share/dsr_gazebo2/model/m0617/m0617.sdf
[1.481s] -- Up-to-date: /home/user/Jina/install/dsr_gazebo2/share/dsr_gazebo2/model/m0617/model.config
[1.481s] -- Up-to-date: /home/user/Jina/install/dsr_gazebo2/share/dsr_gazebo2/model/m0617/meshes
[1.482s] -- Up-to-date: /home/user/Jina/install/dsr_gazebo2/share/dsr_gazebo2/model/m0617/meshes/MF0617_6_0.dae
[1.482s] -- Up-to-date: /home/user/Jina/install/dsr_gazebo2/share/dsr_gazebo2/model/m0617/meshes/MF0617_5_0.dae
[1.482s] -- Up-to-date: /home/user/Jina/install/dsr_gazebo2/share/dsr_gazebo2/model/m0617/meshes/MF0617_0_0.dae
[1.482s] -- Up-to-date: /home/user/Jina/install/dsr_gazebo2/share/dsr_gazebo2/model/m0617/meshes/MF0617_4_0.dae
[1.485s] -- Up-to-date: /home/user/Jina/install/dsr_gazebo2/share/dsr_gazebo2/model/m0617/meshes/MF0617_2_0.dae
[1.485s] -- Up-to-date: /home/user/Jina/install/dsr_gazebo2/share/dsr_gazebo2/model/m0617/meshes/MF0617_1_0.dae
[1.485s] -- Up-to-date: /home/user/Jina/install/dsr_gazebo2/share/dsr_gazebo2/model/m0617/meshes/MF0617_2_2.dae
[1.485s] -- Up-to-date: /home/user/Jina/install/dsr_gazebo2/share/dsr_gazebo2/model/m0617/meshes/MF0617_4_1.dae
[1.486s] -- Up-to-date: /home/user/Jina/install/dsr_gazebo2/share/dsr_gazebo2/model/m0617/meshes/MF0617_2_1.dae
[1.486s] -- Up-to-date: /home/user/Jina/install/dsr_gazebo2/share/dsr_gazebo2/model/m0617/meshes/MF0617_3_0.dae
[1.487s] -- Up-to-date: /home/user/Jina/install/dsr_gazebo2/share/dsr_gazebo2/model/a0509
[1.487s] -- Up-to-date: /home/user/Jina/install/dsr_gazebo2/share/dsr_gazebo2/model/a0509/a0509.sdf
[1.487s] -- Up-to-date: /home/user/Jina/install/dsr_gazebo2/share/dsr_gazebo2/model/a0509/model.config
[1.487s] -- Up-to-date: /home/user/Jina/install/dsr_gazebo2/share/dsr_gazebo2/model/a0509/meshes
[1.487s] -- Up-to-date: /home/user/Jina/install/dsr_gazebo2/share/dsr_gazebo2/model/a0509/meshes/A0509_1_1.dae
[1.487s] -- Up-to-date: /home/user/Jina/install/dsr_gazebo2/share/dsr_gazebo2/model/a0509/meshes/A0509_4_0.dae
[1.487s] -- Up-to-date: /home/user/Jina/install/dsr_gazebo2/share/dsr_gazebo2/model/a0509/meshes/A0509_3_0.dae
[1.487s] -- Up-to-date: /home/user/Jina/install/dsr_gazebo2/share/dsr_gazebo2/model/a0509/meshes/A0509_0_0.dae
[1.488s] -- Up-to-date: /home/user/Jina/install/dsr_gazebo2/share/dsr_gazebo2/model/a0509/meshes/A0509_1_0.dae
[1.488s] -- Up-to-date: /home/user/Jina/install/dsr_gazebo2/share/dsr_gazebo2/model/a0509/meshes/A0509_2_0.dae
[1.488s] -- Up-to-date: /home/user/Jina/install/dsr_gazebo2/share/dsr_gazebo2/model/a0509/meshes/A0509_3_1.dae
[1.488s] -- Up-to-date: /home/user/Jina/install/dsr_gazebo2/share/dsr_gazebo2/model/a0509/meshes/A0509_5_0.dae
[1.488s] -- Up-to-date: /home/user/Jina/install/dsr_gazebo2/share/dsr_gazebo2/model/a0509/meshes/A0509_2_2.dae
[1.488s] -- Up-to-date: /home/user/Jina/install/dsr_gazebo2/share/dsr_gazebo2/model/a0509/meshes/A0509_1_2.dae
[1.488s] -- Up-to-date: /home/user/Jina/install/dsr_gazebo2/share/dsr_gazebo2/model/a0509/meshes/A0509_2_1.dae
[1.488s] -- Up-to-date: /home/user/Jina/install/dsr_gazebo2/share/dsr_gazebo2/model/a0509/meshes/A0509_4_1.dae
[1.488s] -- Up-to-date: /home/user/Jina/install/dsr_gazebo2/share/dsr_gazebo2/model/a0509/meshes/A0509_5_1.dae
[1.488s] -- Up-to-date: /home/user/Jina/install/dsr_gazebo2/share/dsr_gazebo2/model/a0509/meshes/A0509_6_0.dae
[1.488s] -- Up-to-date: /home/user/Jina/install/dsr_gazebo2/share/dsr_gazebo2/model/m0609
[1.488s] -- Up-to-date: /home/user/Jina/install/dsr_gazebo2/share/dsr_gazebo2/model/m0609/m0609.sdf
[1.488s] -- Up-to-date: /home/user/Jina/install/dsr_gazebo2/share/dsr_gazebo2/model/m0609/model.config
[1.489s] -- Up-to-date: /home/user/Jina/install/dsr_gazebo2/share/dsr_gazebo2/model/m0609/meshes
[1.489s] -- Up-to-date: /home/user/Jina/install/dsr_gazebo2/share/dsr_gazebo2/model/m0609/meshes/MF0609_4_1.dae
[1.489s] -- Up-to-date: /home/user/Jina/install/dsr_gazebo2/share/dsr_gazebo2/model/m0609/meshes/MF0609_2_2.dae
[1.489s] -- Up-to-date: /home/user/Jina/install/dsr_gazebo2/share/dsr_gazebo2/model/m0609/meshes/MF0609_5_0.dae
[1.489s] -- Up-to-date: /home/user/Jina/install/dsr_gazebo2/share/dsr_gazebo2/model/m0609/meshes/MF0609_0_0.dae
[1.504s] -- Up-to-date: /home/user/Jina/install/dsr_gazebo2/share/dsr_gazebo2/model/m0609/meshes/MF0609_1_0.dae
[1.504s] -- Up-to-date: /home/user/Jina/install/dsr_gazebo2/share/dsr_gazebo2/model/m0609/meshes/MF0609_2_0.dae
[1.504s] -- Up-to-date: /home/user/Jina/install/dsr_gazebo2/share/dsr_gazebo2/model/m0609/meshes/MF0609_3_0.dae
[1.504s] -- Up-to-date: /home/user/Jina/install/dsr_gazebo2/share/dsr_gazebo2/model/m0609/meshes/MF0609_2_1.dae
[1.504s] -- Up-to-date: /home/user/Jina/install/dsr_gazebo2/share/dsr_gazebo2/model/m0609/meshes/MF0609_4_0.dae
[1.504s] -- Up-to-date: /home/user/Jina/install/dsr_gazebo2/share/dsr_gazebo2/model/m0609/meshes/MF0609_6_0.dae
[1.504s] -- Up-to-date: /home/user/Jina/install/dsr_gazebo2/share/dsr_gazebo2/model/m1509
[1.504s] -- Up-to-date: /home/user/Jina/install/dsr_gazebo2/share/dsr_gazebo2/model/m1509/m1509.sdf
[1.505s] -- Up-to-date: /home/user/Jina/install/dsr_gazebo2/share/dsr_gazebo2/model/m1509/model.config
[1.505s] -- Up-to-date: /home/user/Jina/install/dsr_gazebo2/share/dsr_gazebo2/model/m1509/meshes
[1.505s] -- Up-to-date: /home/user/Jina/install/dsr_gazebo2/share/dsr_gazebo2/model/m1509/meshes/MF1509_5_0.dae
[1.505s] -- Up-to-date: /home/user/Jina/install/dsr_gazebo2/share/dsr_gazebo2/model/m1509/meshes/MF1509_6_0.dae
[1.505s] -- Up-to-date: /home/user/Jina/install/dsr_gazebo2/share/dsr_gazebo2/model/m1509/meshes/MF1509_2_2.dae
[1.505s] -- Up-to-date: /home/user/Jina/install/dsr_gazebo2/share/dsr_gazebo2/model/m1509/meshes/MF1509_4_1.dae
[1.506s] -- Up-to-date: /home/user/Jina/install/dsr_gazebo2/share/dsr_gazebo2/model/m1509/meshes/MF1509_0_0.dae
[1.506s] -- Up-to-date: /home/user/Jina/install/dsr_gazebo2/share/dsr_gazebo2/model/m1509/meshes/MF1509_1_0.dae
[1.506s] -- Up-to-date: /home/user/Jina/install/dsr_gazebo2/share/dsr_gazebo2/model/m1509/meshes/MF1509_4_0.dae
[1.506s] -- Up-to-date: /home/user/Jina/install/dsr_gazebo2/share/dsr_gazebo2/model/m1509/meshes/MF1509_2_1.dae
[1.506s] -- Up-to-date: /home/user/Jina/install/dsr_gazebo2/share/dsr_gazebo2/model/m1509/meshes/MF1509_3_0.dae
[1.506s] -- Up-to-date: /home/user/Jina/install/dsr_gazebo2/share/dsr_gazebo2/model/m1509/meshes/MF1509_2_0.dae
[1.506s] -- Up-to-date: /home/user/Jina/install/dsr_gazebo2/share/dsr_gazebo2/model/m1013
[1.506s] -- Up-to-date: /home/user/Jina/install/dsr_gazebo2/share/dsr_gazebo2/model/m1013/m1013.sdf
[1.506s] -- Up-to-date: /home/user/Jina/install/dsr_gazebo2/share/dsr_gazebo2/model/m1013/model.config
[1.506s] -- Up-to-date: /home/user/Jina/install/dsr_gazebo2/share/dsr_gazebo2/model/m1013/meshes
[1.506s] -- Up-to-date: /home/user/Jina/install/dsr_gazebo2/share/dsr_gazebo2/model/m1013/meshes/MF1013_6_0.dae
[1.506s] -- Up-to-date: /home/user/Jina/install/dsr_gazebo2/share/dsr_gazebo2/model/m1013/meshes/MF1013_5_0.dae
[1.507s] -- Up-to-date: /home/user/Jina/install/dsr_gazebo2/share/dsr_gazebo2/model/m1013/meshes/MF1013_2_1.dae
[1.507s] -- Up-to-date: /home/user/Jina/install/dsr_gazebo2/share/dsr_gazebo2/model/m1013/meshes/MF1013_4_0.dae
[1.507s] -- Up-to-date: /home/user/Jina/install/dsr_gazebo2/share/dsr_gazebo2/model/m1013/meshes/MF1013_2_2.dae
[1.507s] -- Up-to-date: /home/user/Jina/install/dsr_gazebo2/share/dsr_gazebo2/model/m1013/meshes/MF1013_3_0.dae
[1.507s] -- Up-to-date: /home/user/Jina/install/dsr_gazebo2/share/dsr_gazebo2/model/m1013/meshes/MF1013_1_0.dae
[1.507s] -- Up-to-date: /home/user/Jina/install/dsr_gazebo2/share/dsr_gazebo2/model/m1013/meshes/MF1013_2_0.dae
[1.508s] -- Up-to-date: /home/user/Jina/install/dsr_gazebo2/share/dsr_gazebo2/model/m1013/meshes/MF1013_0_0.dae
[1.508s] -- Up-to-date: /home/user/Jina/install/dsr_gazebo2/share/dsr_gazebo2/model/m1013/meshes/MF1013_4_1.dae
[1.508s] -- Up-to-date: /home/user/Jina/install/dsr_gazebo2/share/dsr_gazebo2/model/h2515
[1.508s] -- Up-to-date: /home/user/Jina/install/dsr_gazebo2/share/dsr_gazebo2/model/h2515/model.config
[1.508s] -- Up-to-date: /home/user/Jina/install/dsr_gazebo2/share/dsr_gazebo2/model/h2515/h2515.sdf
[1.508s] -- Up-to-date: /home/user/Jina/install/dsr_gazebo2/share/dsr_gazebo2/model/h2515/meshes
[1.508s] -- Up-to-date: /home/user/Jina/install/dsr_gazebo2/share/dsr_gazebo2/model/h2515/meshes/H2515_0_0.dae
[1.508s] -- Up-to-date: /home/user/Jina/install/dsr_gazebo2/share/dsr_gazebo2/model/h2515/meshes/H2515_2_1.dae
[1.508s] -- Up-to-date: /home/user/Jina/install/dsr_gazebo2/share/dsr_gazebo2/model/h2515/meshes/H2515_2_2.dae
[1.512s] -- Up-to-date: /home/user/Jina/install/dsr_gazebo2/share/dsr_gazebo2/model/h2515/meshes/H2515_2_0.dae
[1.512s] -- Up-to-date: /home/user/Jina/install/dsr_gazebo2/share/dsr_gazebo2/model/h2515/meshes/H2515_4_1.dae
[1.512s] -- Up-to-date: /home/user/Jina/install/dsr_gazebo2/share/dsr_gazebo2/model/h2515/meshes/H2515_5_0.dae
[1.512s] -- Up-to-date: /home/user/Jina/install/dsr_gazebo2/share/dsr_gazebo2/model/h2515/meshes/H2515_6_0.dae
[1.512s] -- Up-to-date: /home/user/Jina/install/dsr_gazebo2/share/dsr_gazebo2/model/h2515/meshes/H2515_3_0.dae
[1.512s] -- Up-to-date: /home/user/Jina/install/dsr_gazebo2/share/dsr_gazebo2/model/h2515/meshes/H2515_1_0.dae
[1.512s] -- Up-to-date: /home/user/Jina/install/dsr_gazebo2/share/dsr_gazebo2/model/h2515/meshes/H2515_4_0.dae
[1.512s] -- Up-to-date: /home/user/Jina/install/dsr_gazebo2/share/dsr_gazebo2/model/h2017
[1.513s] -- Up-to-date: /home/user/Jina/install/dsr_gazebo2/share/dsr_gazebo2/model/h2017/h2017.sdf
[1.513s] -- Up-to-date: /home/user/Jina/install/dsr_gazebo2/share/dsr_gazebo2/model/h2017/model.config
[1.513s] -- Up-to-date: /home/user/Jina/install/dsr_gazebo2/share/dsr_gazebo2/model/h2017/meshes
[1.513s] -- Up-to-date: /home/user/Jina/install/dsr_gazebo2/share/dsr_gazebo2/model/h2017/meshes/H2017_0_0.dae
[1.513s] -- Up-to-date: /home/user/Jina/install/dsr_gazebo2/share/dsr_gazebo2/model/h2017/meshes/H2017_1_0.dae
[1.513s] -- Up-to-date: /home/user/Jina/install/dsr_gazebo2/share/dsr_gazebo2/model/h2017/meshes/H2017_4_0.dae
[1.513s] -- Up-to-date: /home/user/Jina/install/dsr_gazebo2/share/dsr_gazebo2/model/h2017/meshes/H2017_2_1.dae
[1.513s] -- Up-to-date: /home/user/Jina/install/dsr_gazebo2/share/dsr_gazebo2/model/h2017/meshes/H2017_5_0.dae
[1.514s] -- Up-to-date: /home/user/Jina/install/dsr_gazebo2/share/dsr_gazebo2/model/h2017/meshes/H2017_3_0.dae
[1.514s] -- Up-to-date: /home/user/Jina/install/dsr_gazebo2/share/dsr_gazebo2/model/h2017/meshes/H2017_6_0.dae
[1.514s] -- Up-to-date: /home/user/Jina/install/dsr_gazebo2/share/dsr_gazebo2/model/h2017/meshes/H2017_2_2.dae
[1.514s] -- Up-to-date: /home/user/Jina/install/dsr_gazebo2/share/dsr_gazebo2/model/h2017/meshes/H2017_2_0.dae
[1.514s] -- Up-to-date: /home/user/Jina/install/dsr_gazebo2/share/dsr_gazebo2/model/h2017/meshes/H2017_4_1.dae
[1.514s] -- Up-to-date: /home/user/Jina/install/dsr_gazebo2/share/dsr_gazebo2/model/a0912
[1.514s] -- Up-to-date: /home/user/Jina/install/dsr_gazebo2/share/dsr_gazebo2/model/a0912/a0912.sdf
[1.514s] -- Up-to-date: /home/user/Jina/install/dsr_gazebo2/share/dsr_gazebo2/model/a0912/model.config
[1.514s] -- Up-to-date: /home/user/Jina/install/dsr_gazebo2/share/dsr_gazebo2/model/a0912/meshes
[1.515s] -- Up-to-date: /home/user/Jina/install/dsr_gazebo2/share/dsr_gazebo2/model/a0912/meshes/A0912_4_0.dae
[1.515s] -- Up-to-date: /home/user/Jina/install/dsr_gazebo2/share/dsr_gazebo2/model/a0912/meshes/A0912_6_0.dae
[1.515s] -- Up-to-date: /home/user/Jina/install/dsr_gazebo2/share/dsr_gazebo2/model/a0912/meshes/A0912_5_1.dae
[1.515s] -- Up-to-date: /home/user/Jina/install/dsr_gazebo2/share/dsr_gazebo2/model/a0912/meshes/A0912_4_1.dae
[1.515s] -- Up-to-date: /home/user/Jina/install/dsr_gazebo2/share/dsr_gazebo2/model/a0912/meshes/A0912_1_1.dae
[1.515s] -- Up-to-date: /home/user/Jina/install/dsr_gazebo2/share/dsr_gazebo2/model/a0912/meshes/A0912_2_0.dae
[1.515s] -- Up-to-date: /home/user/Jina/install/dsr_gazebo2/share/dsr_gazebo2/model/a0912/meshes/A0912_5_0.dae
[1.515s] -- Up-to-date: /home/user/Jina/install/dsr_gazebo2/share/dsr_gazebo2/model/a0912/meshes/A0912_2_1.dae
[1.516s] -- Up-to-date: /home/user/Jina/install/dsr_gazebo2/share/dsr_gazebo2/model/a0912/meshes/A0912_3_1.dae
[1.516s] -- Up-to-date: /home/user/Jina/install/dsr_gazebo2/share/dsr_gazebo2/model/a0912/meshes/A0912_2_2.dae
[1.516s] -- Up-to-date: /home/user/Jina/install/dsr_gazebo2/share/dsr_gazebo2/model/a0912/meshes/A0912_1_0.dae
[1.516s] -- Up-to-date: /home/user/Jina/install/dsr_gazebo2/share/dsr_gazebo2/model/a0912/meshes/A0912_1_2.dae
[1.516s] -- Up-to-date: /home/user/Jina/install/dsr_gazebo2/share/dsr_gazebo2/model/a0912/meshes/A0912_0_0.dae
[1.516s] -- Up-to-date: /home/user/Jina/install/dsr_gazebo2/share/dsr_gazebo2/model/a0912/meshes/A0912_3_0.dae
[1.516s] -- Up-to-date: /home/user/Jina/install/dsr_gazebo2/share/dsr_gazebo2/worlds
[1.516s] -- Up-to-date: /home/user/Jina/install/dsr_gazebo2/share/dsr_gazebo2/worlds/empty_world.model
[1.517s] -- Up-to-date: /home/user/Jina/install/dsr_gazebo2/share/dsr_gazebo2/worlds/empty_world.world
[1.517s] -- Up-to-date: /home/user/Jina/install/dsr_gazebo2/share/ament_index/resource_index/package_run_dependencies/dsr_gazebo2
[1.518s] -- Up-to-date: /home/user/Jina/install/dsr_gazebo2/share/ament_index/resource_index/parent_prefix_path/dsr_gazebo2
[1.518s] -- Up-to-date: /home/user/Jina/install/dsr_gazebo2/share/dsr_gazebo2/environment/ament_prefix_path.sh
[1.518s] -- Up-to-date: /home/user/Jina/install/dsr_gazebo2/share/dsr_gazebo2/environment/ament_prefix_path.dsv
[1.518s] -- Up-to-date: /home/user/Jina/install/dsr_gazebo2/share/dsr_gazebo2/environment/path.sh
[1.518s] -- Up-to-date: /home/user/Jina/install/dsr_gazebo2/share/dsr_gazebo2/environment/path.dsv
[1.518s] -- Up-to-date: /home/user/Jina/install/dsr_gazebo2/share/dsr_gazebo2/local_setup.bash
[1.518s] -- Up-to-date: /home/user/Jina/install/dsr_gazebo2/share/dsr_gazebo2/local_setup.sh
[1.518s] -- Up-to-date: /home/user/Jina/install/dsr_gazebo2/share/dsr_gazebo2/local_setup.zsh
[1.519s] -- Up-to-date: /home/user/Jina/install/dsr_gazebo2/share/dsr_gazebo2/local_setup.dsv
[1.519s] -- Installing: /home/user/Jina/install/dsr_gazebo2/share/dsr_gazebo2/package.dsv
[1.519s] -- Up-to-date: /home/user/Jina/install/dsr_gazebo2/share/ament_index/resource_index/packages/dsr_gazebo2
[1.519s] -- Up-to-date: /home/user/Jina/install/dsr_gazebo2/share/dsr_gazebo2/cmake/ament_cmake_export_dependencies-extras.cmake
[1.519s] -- Up-to-date: /home/user/Jina/install/dsr_gazebo2/share/dsr_gazebo2/cmake/dsr_gazebo2Config.cmake
[1.519s] -- Up-to-date: /home/user/Jina/install/dsr_gazebo2/share/dsr_gazebo2/cmake/dsr_gazebo2Config-version.cmake
[1.519s] -- Up-to-date: /home/user/Jina/install/dsr_gazebo2/share/dsr_gazebo2/package.xml
[1.535s] Invoked command in '/home/user/Jina/build/dsr_gazebo2' returned '0': CMAKE_PREFIX_PATH=/home/user/Jina/install/dsr_description2:/home/user/Jina/install/dsr_realtime_control:/home/user/Jina/install/dsr_mujoco:/home/user/Jina/install/dsr_controller2:/home/user/Jina/install/dsr_msgs2:/home/user/Jina/install/dsr_moveit_config_p3020:/home/user/Jina/install/dsr_moveit_config_m1509:/home/user/Jina/install/dsr_moveit_config_m1013:/home/user/Jina/install/dsr_moveit_config_m0617:/home/user/Jina/install/dsr_moveit_config_m0609:/home/user/Jina/install/dsr_moveit_config_h2515:/home/user/Jina/install/dsr_moveit_config_h2017:/home/user/Jina/install/dsr_moveit_config_e0509:/home/user/Jina/install/dsr_moveit_config_a0912:/home/user/Jina/install/dsr_moveit_config_a0509:/home/user/Jina/install/dsr_hardware2:/home/user/Jina/install/dsr_gazebo2:/home/user/Jina/install/dsr_common2:/home/user/Jina/install/tower_builder:/home/user/Jina/install/dsr_visualservoing:/home/user/Jina/install/dsr_tests:/home/user/Jina/install/dsr_bringup2:/home/user/Jina/install/dsr_example:/opt/ros/humble /usr/bin/cmake --install /home/user/Jina/build/dsr_gazebo2
