-- The C compiler identification is GNU 11.4.0
-- The CXX compiler identification is GNU 11.4.0
-- Detecting C compiler ABI info
-- Detecting C compiler ABI info - done
-- Check for working C compiler: /usr/bin/cc - skipped
-- Detecting C compile features
-- Detecting C compile features - done
-- Detecting CXX compiler ABI info
-- Detecting CXX compiler ABI info - done
-- Check for working CXX compiler: /usr/bin/c++ - skipped
-- Detecting CXX compile features
-- Detecting CXX compile features - done
-- Found ament_cmake: 1.3.12 (/opt/ros/humble/share/ament_cmake/cmake)
-- Found Python3: /usr/bin/python3 (found version "3.10.12") found components: Interpreter 
-- Found rclcpp: 16.0.16 (/opt/ros/humble/share/rclcpp/cmake)
-- Found rosidl_generator_c: 3.1.7 (/opt/ros/humble/share/rosidl_generator_c/cmake)
-- Found rosidl_adapter: 3.1.7 (/opt/ros/humble/share/rosidl_adapter/cmake)
-- Found rosidl_generator_cpp: 3.1.7 (/opt/ros/humble/share/rosidl_generator_cpp/cmake)
-- Using all available rosidl_typesupport_c: rosidl_typesupport_fastrtps_c;rosidl_typesupport_introspection_c
-- Using all available rosidl_typesupport_cpp: rosidl_typesupport_fastrtps_cpp;rosidl_typesupport_introspection_cpp
-- Found rmw_implementation_cmake: 6.1.2 (/opt/ros/humble/share/rmw_implementation_cmake/cmake)
-- Found rmw_fastrtps_cpp: 6.2.9 (/opt/ros/humble/share/rmw_fastrtps_cpp/cmake)
-- Found OpenSSL: /usr/lib/x86_64-linux-gnu/libcrypto.so (found version "3.0.2")  
-- Found FastRTPS: /opt/ros/humble/include  
-- Using RMW implementation 'rmw_fastrtps_cpp' as default
-- Looking for pthread.h
-- Looking for pthread.h - found
-- Performing Test CMAKE_HAVE_LIBC_PTHREAD
-- Performing Test CMAKE_HAVE_LIBC_PTHREAD - Success
-- Found Threads: TRUE  
-- Found example_interfaces: 0.9.3 (/opt/ros/humble/share/example_interfaces/cmake)
-- Found dsr_msgs2: 1.1.0 (/home/user/Jina/install/dsr_msgs2/share/dsr_msgs2/cmake)
-- Configuring done
-- Generating done
-- Build files have been written to: /home/user/Jina/build/dsr_realtime_control
[ 50%] [32mBuilding CXX object CMakeFiles/dsr_realtime_control.dir/src/realtime_control.cpp.o[0m
[100%] [32m[1mLinking CXX executable dsr_realtime_control[0m
[100%] Built target dsr_realtime_control
-- Install configuration: ""
-- Installing: /home/user/Jina/install/dsr_realtime_control/lib/dsr_realtime_control/dsr_realtime_control
-- Set runtime path of "/home/user/Jina/install/dsr_realtime_control/lib/dsr_realtime_control/dsr_realtime_control" to ""
-- Installing: /home/user/Jina/install/dsr_realtime_control/include/dsr_realtime_control
-- Installing: /home/user/Jina/install/dsr_realtime_control/include/dsr_realtime_control/dsr_realtime_control
-- Installing: /home/user/Jina/install/dsr_realtime_control/include/dsr_realtime_control/dsr_realtime_control/command_line_options.hpp
-- Installing: /home/user/Jina/install/dsr_realtime_control/include/dsr_realtime_control/dsr_realtime_control/rusage_utils.hpp
-- Installing: /home/user/Jina/install/dsr_realtime_control/include/dsr_realtime_control/dsr_realtime_control/sched_utils.hpp
-- Installing: /home/user/Jina/install/dsr_realtime_control/include/dsr_realtime_control/dsr_realtime_control/burn_cpu_cycles.hpp
-- Installing: /home/user/Jina/install/dsr_realtime_control/include/dsr_realtime_control/dsr_realtime_control/realtime_control.hpp
-- Installing: /home/user/Jina/install/dsr_realtime_control/share/ament_index/resource_index/package_run_dependencies/dsr_realtime_control
-- Installing: /home/user/Jina/install/dsr_realtime_control/share/ament_index/resource_index/parent_prefix_path/dsr_realtime_control
-- Installing: /home/user/Jina/install/dsr_realtime_control/share/dsr_realtime_control/environment/ament_prefix_path.sh
-- Installing: /home/user/Jina/install/dsr_realtime_control/share/dsr_realtime_control/environment/ament_prefix_path.dsv
-- Installing: /home/user/Jina/install/dsr_realtime_control/share/dsr_realtime_control/environment/path.sh
-- Installing: /home/user/Jina/install/dsr_realtime_control/share/dsr_realtime_control/environment/path.dsv
-- Installing: /home/user/Jina/install/dsr_realtime_control/share/dsr_realtime_control/local_setup.bash
-- Installing: /home/user/Jina/install/dsr_realtime_control/share/dsr_realtime_control/local_setup.sh
-- Installing: /home/user/Jina/install/dsr_realtime_control/share/dsr_realtime_control/local_setup.zsh
-- Installing: /home/user/Jina/install/dsr_realtime_control/share/dsr_realtime_control/local_setup.dsv
-- Installing: /home/user/Jina/install/dsr_realtime_control/share/dsr_realtime_control/package.dsv
-- Installing: /home/user/Jina/install/dsr_realtime_control/share/ament_index/resource_index/packages/dsr_realtime_control
-- Installing: /home/user/Jina/install/dsr_realtime_control/share/dsr_realtime_control/cmake/dsr_realtime_controlConfig.cmake
-- Installing: /home/user/Jina/install/dsr_realtime_control/share/dsr_realtime_control/cmake/dsr_realtime_controlConfig-version.cmake
-- Installing: /home/user/Jina/install/dsr_realtime_control/share/dsr_realtime_control/package.xml
