-- Install configuration: ""
-- Up-to-date: /home/user/Jina/install/dsr_gazebo2/share/dsr_gazebo2/launch
-- Up-to-date: /home/user/Jina/install/dsr_gazebo2/share/dsr_gazebo2/launch/dsr_spawn_on_gazebo.launch.py
-- Up-to-date: /home/user/Jina/install/dsr_gazebo2/share/dsr_gazebo2/launch/dsr_gazebo.launch.py
-- Up-to-date: /home/user/Jina/install/dsr_gazebo2/share/dsr_gazebo2/model
-- Up-to-date: /home/user/Jina/install/dsr_gazebo2/share/dsr_gazebo2/model/m0617
-- Up-to-date: /home/user/Jina/install/dsr_gazebo2/share/dsr_gazebo2/model/m0617/m0617.sdf
-- Up-to-date: /home/user/Jina/install/dsr_gazebo2/share/dsr_gazebo2/model/m0617/model.config
-- Up-to-date: /home/user/Jina/install/dsr_gazebo2/share/dsr_gazebo2/model/m0617/meshes
-- Up-to-date: /home/user/Jina/install/dsr_gazebo2/share/dsr_gazebo2/model/m0617/meshes/MF0617_6_0.dae
-- Up-to-date: /home/user/Jina/install/dsr_gazebo2/share/dsr_gazebo2/model/m0617/meshes/MF0617_5_0.dae
-- Up-to-date: /home/user/Jina/install/dsr_gazebo2/share/dsr_gazebo2/model/m0617/meshes/MF0617_0_0.dae
-- Up-to-date: /home/user/Jina/install/dsr_gazebo2/share/dsr_gazebo2/model/m0617/meshes/MF0617_4_0.dae
-- Up-to-date: /home/user/Jina/install/dsr_gazebo2/share/dsr_gazebo2/model/m0617/meshes/MF0617_2_0.dae
-- Up-to-date: /home/user/Jina/install/dsr_gazebo2/share/dsr_gazebo2/model/m0617/meshes/MF0617_1_0.dae
-- Up-to-date: /home/user/Jina/install/dsr_gazebo2/share/dsr_gazebo2/model/m0617/meshes/MF0617_2_2.dae
-- Up-to-date: /home/user/Jina/install/dsr_gazebo2/share/dsr_gazebo2/model/m0617/meshes/MF0617_4_1.dae
-- Up-to-date: /home/user/Jina/install/dsr_gazebo2/share/dsr_gazebo2/model/m0617/meshes/MF0617_2_1.dae
-- Up-to-date: /home/user/Jina/install/dsr_gazebo2/share/dsr_gazebo2/model/m0617/meshes/MF0617_3_0.dae
-- Up-to-date: /home/user/Jina/install/dsr_gazebo2/share/dsr_gazebo2/model/a0509
-- Up-to-date: /home/user/Jina/install/dsr_gazebo2/share/dsr_gazebo2/model/a0509/a0509.sdf
-- Up-to-date: /home/user/Jina/install/dsr_gazebo2/share/dsr_gazebo2/model/a0509/model.config
-- Up-to-date: /home/user/Jina/install/dsr_gazebo2/share/dsr_gazebo2/model/a0509/meshes
-- Up-to-date: /home/user/Jina/install/dsr_gazebo2/share/dsr_gazebo2/model/a0509/meshes/A0509_1_1.dae
-- Up-to-date: /home/user/Jina/install/dsr_gazebo2/share/dsr_gazebo2/model/a0509/meshes/A0509_4_0.dae
-- Up-to-date: /home/user/Jina/install/dsr_gazebo2/share/dsr_gazebo2/model/a0509/meshes/A0509_3_0.dae
-- Up-to-date: /home/user/Jina/install/dsr_gazebo2/share/dsr_gazebo2/model/a0509/meshes/A0509_0_0.dae
-- Up-to-date: /home/user/Jina/install/dsr_gazebo2/share/dsr_gazebo2/model/a0509/meshes/A0509_1_0.dae
-- Up-to-date: /home/user/Jina/install/dsr_gazebo2/share/dsr_gazebo2/model/a0509/meshes/A0509_2_0.dae
-- Up-to-date: /home/user/Jina/install/dsr_gazebo2/share/dsr_gazebo2/model/a0509/meshes/A0509_3_1.dae
-- Up-to-date: /home/user/Jina/install/dsr_gazebo2/share/dsr_gazebo2/model/a0509/meshes/A0509_5_0.dae
-- Up-to-date: /home/user/Jina/install/dsr_gazebo2/share/dsr_gazebo2/model/a0509/meshes/A0509_2_2.dae
-- Up-to-date: /home/user/Jina/install/dsr_gazebo2/share/dsr_gazebo2/model/a0509/meshes/A0509_1_2.dae
-- Up-to-date: /home/user/Jina/install/dsr_gazebo2/share/dsr_gazebo2/model/a0509/meshes/A0509_2_1.dae
-- Up-to-date: /home/user/Jina/install/dsr_gazebo2/share/dsr_gazebo2/model/a0509/meshes/A0509_4_1.dae
-- Up-to-date: /home/user/Jina/install/dsr_gazebo2/share/dsr_gazebo2/model/a0509/meshes/A0509_5_1.dae
-- Up-to-date: /home/user/Jina/install/dsr_gazebo2/share/dsr_gazebo2/model/a0509/meshes/A0509_6_0.dae
-- Up-to-date: /home/user/Jina/install/dsr_gazebo2/share/dsr_gazebo2/model/m0609
-- Up-to-date: /home/user/Jina/install/dsr_gazebo2/share/dsr_gazebo2/model/m0609/m0609.sdf
-- Up-to-date: /home/user/Jina/install/dsr_gazebo2/share/dsr_gazebo2/model/m0609/model.config
-- Up-to-date: /home/user/Jina/install/dsr_gazebo2/share/dsr_gazebo2/model/m0609/meshes
-- Up-to-date: /home/user/Jina/install/dsr_gazebo2/share/dsr_gazebo2/model/m0609/meshes/MF0609_4_1.dae
-- Up-to-date: /home/user/Jina/install/dsr_gazebo2/share/dsr_gazebo2/model/m0609/meshes/MF0609_2_2.dae
-- Up-to-date: /home/user/Jina/install/dsr_gazebo2/share/dsr_gazebo2/model/m0609/meshes/MF0609_5_0.dae
-- Up-to-date: /home/user/Jina/install/dsr_gazebo2/share/dsr_gazebo2/model/m0609/meshes/MF0609_0_0.dae
-- Up-to-date: /home/user/Jina/install/dsr_gazebo2/share/dsr_gazebo2/model/m0609/meshes/MF0609_1_0.dae
-- Up-to-date: /home/user/Jina/install/dsr_gazebo2/share/dsr_gazebo2/model/m0609/meshes/MF0609_2_0.dae
-- Up-to-date: /home/user/Jina/install/dsr_gazebo2/share/dsr_gazebo2/model/m0609/meshes/MF0609_3_0.dae
-- Up-to-date: /home/user/Jina/install/dsr_gazebo2/share/dsr_gazebo2/model/m0609/meshes/MF0609_2_1.dae
-- Up-to-date: /home/user/Jina/install/dsr_gazebo2/share/dsr_gazebo2/model/m0609/meshes/MF0609_4_0.dae
-- Up-to-date: /home/user/Jina/install/dsr_gazebo2/share/dsr_gazebo2/model/m0609/meshes/MF0609_6_0.dae
-- Up-to-date: /home/user/Jina/install/dsr_gazebo2/share/dsr_gazebo2/model/m1509
-- Up-to-date: /home/user/Jina/install/dsr_gazebo2/share/dsr_gazebo2/model/m1509/m1509.sdf
-- Up-to-date: /home/user/Jina/install/dsr_gazebo2/share/dsr_gazebo2/model/m1509/model.config
-- Up-to-date: /home/user/Jina/install/dsr_gazebo2/share/dsr_gazebo2/model/m1509/meshes
-- Up-to-date: /home/user/Jina/install/dsr_gazebo2/share/dsr_gazebo2/model/m1509/meshes/MF1509_5_0.dae
-- Up-to-date: /home/user/Jina/install/dsr_gazebo2/share/dsr_gazebo2/model/m1509/meshes/MF1509_6_0.dae
-- Up-to-date: /home/user/Jina/install/dsr_gazebo2/share/dsr_gazebo2/model/m1509/meshes/MF1509_2_2.dae
-- Up-to-date: /home/user/Jina/install/dsr_gazebo2/share/dsr_gazebo2/model/m1509/meshes/MF1509_4_1.dae
-- Up-to-date: /home/user/Jina/install/dsr_gazebo2/share/dsr_gazebo2/model/m1509/meshes/MF1509_0_0.dae
-- Up-to-date: /home/user/Jina/install/dsr_gazebo2/share/dsr_gazebo2/model/m1509/meshes/MF1509_1_0.dae
-- Up-to-date: /home/user/Jina/install/dsr_gazebo2/share/dsr_gazebo2/model/m1509/meshes/MF1509_4_0.dae
-- Up-to-date: /home/user/Jina/install/dsr_gazebo2/share/dsr_gazebo2/model/m1509/meshes/MF1509_2_1.dae
-- Up-to-date: /home/user/Jina/install/dsr_gazebo2/share/dsr_gazebo2/model/m1509/meshes/MF1509_3_0.dae
-- Up-to-date: /home/user/Jina/install/dsr_gazebo2/share/dsr_gazebo2/model/m1509/meshes/MF1509_2_0.dae
-- Up-to-date: /home/user/Jina/install/dsr_gazebo2/share/dsr_gazebo2/model/m1013
-- Up-to-date: /home/user/Jina/install/dsr_gazebo2/share/dsr_gazebo2/model/m1013/m1013.sdf
-- Up-to-date: /home/user/Jina/install/dsr_gazebo2/share/dsr_gazebo2/model/m1013/model.config
-- Up-to-date: /home/user/Jina/install/dsr_gazebo2/share/dsr_gazebo2/model/m1013/meshes
-- Up-to-date: /home/user/Jina/install/dsr_gazebo2/share/dsr_gazebo2/model/m1013/meshes/MF1013_6_0.dae
-- Up-to-date: /home/user/Jina/install/dsr_gazebo2/share/dsr_gazebo2/model/m1013/meshes/MF1013_5_0.dae
-- Up-to-date: /home/user/Jina/install/dsr_gazebo2/share/dsr_gazebo2/model/m1013/meshes/MF1013_2_1.dae
-- Up-to-date: /home/user/Jina/install/dsr_gazebo2/share/dsr_gazebo2/model/m1013/meshes/MF1013_4_0.dae
-- Up-to-date: /home/user/Jina/install/dsr_gazebo2/share/dsr_gazebo2/model/m1013/meshes/MF1013_2_2.dae
-- Up-to-date: /home/user/Jina/install/dsr_gazebo2/share/dsr_gazebo2/model/m1013/meshes/MF1013_3_0.dae
-- Up-to-date: /home/user/Jina/install/dsr_gazebo2/share/dsr_gazebo2/model/m1013/meshes/MF1013_1_0.dae
-- Up-to-date: /home/user/Jina/install/dsr_gazebo2/share/dsr_gazebo2/model/m1013/meshes/MF1013_2_0.dae
-- Up-to-date: /home/user/Jina/install/dsr_gazebo2/share/dsr_gazebo2/model/m1013/meshes/MF1013_0_0.dae
-- Up-to-date: /home/user/Jina/install/dsr_gazebo2/share/dsr_gazebo2/model/m1013/meshes/MF1013_4_1.dae
-- Up-to-date: /home/user/Jina/install/dsr_gazebo2/share/dsr_gazebo2/model/h2515
-- Up-to-date: /home/user/Jina/install/dsr_gazebo2/share/dsr_gazebo2/model/h2515/model.config
-- Up-to-date: /home/user/Jina/install/dsr_gazebo2/share/dsr_gazebo2/model/h2515/h2515.sdf
-- Up-to-date: /home/user/Jina/install/dsr_gazebo2/share/dsr_gazebo2/model/h2515/meshes
-- Up-to-date: /home/user/Jina/install/dsr_gazebo2/share/dsr_gazebo2/model/h2515/meshes/H2515_0_0.dae
-- Up-to-date: /home/user/Jina/install/dsr_gazebo2/share/dsr_gazebo2/model/h2515/meshes/H2515_2_1.dae
-- Up-to-date: /home/user/Jina/install/dsr_gazebo2/share/dsr_gazebo2/model/h2515/meshes/H2515_2_2.dae
-- Up-to-date: /home/user/Jina/install/dsr_gazebo2/share/dsr_gazebo2/model/h2515/meshes/H2515_2_0.dae
-- Up-to-date: /home/user/Jina/install/dsr_gazebo2/share/dsr_gazebo2/model/h2515/meshes/H2515_4_1.dae
-- Up-to-date: /home/user/Jina/install/dsr_gazebo2/share/dsr_gazebo2/model/h2515/meshes/H2515_5_0.dae
-- Up-to-date: /home/user/Jina/install/dsr_gazebo2/share/dsr_gazebo2/model/h2515/meshes/H2515_6_0.dae
-- Up-to-date: /home/user/Jina/install/dsr_gazebo2/share/dsr_gazebo2/model/h2515/meshes/H2515_3_0.dae
-- Up-to-date: /home/user/Jina/install/dsr_gazebo2/share/dsr_gazebo2/model/h2515/meshes/H2515_1_0.dae
-- Up-to-date: /home/user/Jina/install/dsr_gazebo2/share/dsr_gazebo2/model/h2515/meshes/H2515_4_0.dae
-- Up-to-date: /home/user/Jina/install/dsr_gazebo2/share/dsr_gazebo2/model/h2017
-- Up-to-date: /home/user/Jina/install/dsr_gazebo2/share/dsr_gazebo2/model/h2017/h2017.sdf
-- Up-to-date: /home/user/Jina/install/dsr_gazebo2/share/dsr_gazebo2/model/h2017/model.config
-- Up-to-date: /home/user/Jina/install/dsr_gazebo2/share/dsr_gazebo2/model/h2017/meshes
-- Up-to-date: /home/user/Jina/install/dsr_gazebo2/share/dsr_gazebo2/model/h2017/meshes/H2017_0_0.dae
-- Up-to-date: /home/user/Jina/install/dsr_gazebo2/share/dsr_gazebo2/model/h2017/meshes/H2017_1_0.dae
-- Up-to-date: /home/user/Jina/install/dsr_gazebo2/share/dsr_gazebo2/model/h2017/meshes/H2017_4_0.dae
-- Up-to-date: /home/user/Jina/install/dsr_gazebo2/share/dsr_gazebo2/model/h2017/meshes/H2017_2_1.dae
-- Up-to-date: /home/user/Jina/install/dsr_gazebo2/share/dsr_gazebo2/model/h2017/meshes/H2017_5_0.dae
-- Up-to-date: /home/user/Jina/install/dsr_gazebo2/share/dsr_gazebo2/model/h2017/meshes/H2017_3_0.dae
-- Up-to-date: /home/user/Jina/install/dsr_gazebo2/share/dsr_gazebo2/model/h2017/meshes/H2017_6_0.dae
-- Up-to-date: /home/user/Jina/install/dsr_gazebo2/share/dsr_gazebo2/model/h2017/meshes/H2017_2_2.dae
-- Up-to-date: /home/user/Jina/install/dsr_gazebo2/share/dsr_gazebo2/model/h2017/meshes/H2017_2_0.dae
-- Up-to-date: /home/user/Jina/install/dsr_gazebo2/share/dsr_gazebo2/model/h2017/meshes/H2017_4_1.dae
-- Up-to-date: /home/user/Jina/install/dsr_gazebo2/share/dsr_gazebo2/model/a0912
-- Up-to-date: /home/user/Jina/install/dsr_gazebo2/share/dsr_gazebo2/model/a0912/a0912.sdf
-- Up-to-date: /home/user/Jina/install/dsr_gazebo2/share/dsr_gazebo2/model/a0912/model.config
-- Up-to-date: /home/user/Jina/install/dsr_gazebo2/share/dsr_gazebo2/model/a0912/meshes
-- Up-to-date: /home/user/Jina/install/dsr_gazebo2/share/dsr_gazebo2/model/a0912/meshes/A0912_4_0.dae
-- Up-to-date: /home/user/Jina/install/dsr_gazebo2/share/dsr_gazebo2/model/a0912/meshes/A0912_6_0.dae
-- Up-to-date: /home/user/Jina/install/dsr_gazebo2/share/dsr_gazebo2/model/a0912/meshes/A0912_5_1.dae
-- Up-to-date: /home/user/Jina/install/dsr_gazebo2/share/dsr_gazebo2/model/a0912/meshes/A0912_4_1.dae
-- Up-to-date: /home/user/Jina/install/dsr_gazebo2/share/dsr_gazebo2/model/a0912/meshes/A0912_1_1.dae
-- Up-to-date: /home/user/Jina/install/dsr_gazebo2/share/dsr_gazebo2/model/a0912/meshes/A0912_2_0.dae
-- Up-to-date: /home/user/Jina/install/dsr_gazebo2/share/dsr_gazebo2/model/a0912/meshes/A0912_5_0.dae
-- Up-to-date: /home/user/Jina/install/dsr_gazebo2/share/dsr_gazebo2/model/a0912/meshes/A0912_2_1.dae
-- Up-to-date: /home/user/Jina/install/dsr_gazebo2/share/dsr_gazebo2/model/a0912/meshes/A0912_3_1.dae
-- Up-to-date: /home/user/Jina/install/dsr_gazebo2/share/dsr_gazebo2/model/a0912/meshes/A0912_2_2.dae
-- Up-to-date: /home/user/Jina/install/dsr_gazebo2/share/dsr_gazebo2/model/a0912/meshes/A0912_1_0.dae
-- Up-to-date: /home/user/Jina/install/dsr_gazebo2/share/dsr_gazebo2/model/a0912/meshes/A0912_1_2.dae
-- Up-to-date: /home/user/Jina/install/dsr_gazebo2/share/dsr_gazebo2/model/a0912/meshes/A0912_0_0.dae
-- Up-to-date: /home/user/Jina/install/dsr_gazebo2/share/dsr_gazebo2/model/a0912/meshes/A0912_3_0.dae
-- Up-to-date: /home/user/Jina/install/dsr_gazebo2/share/dsr_gazebo2/worlds
-- Up-to-date: /home/user/Jina/install/dsr_gazebo2/share/dsr_gazebo2/worlds/empty_world.model
-- Up-to-date: /home/user/Jina/install/dsr_gazebo2/share/dsr_gazebo2/worlds/empty_world.world
-- Up-to-date: /home/user/Jina/install/dsr_gazebo2/share/ament_index/resource_index/package_run_dependencies/dsr_gazebo2
-- Up-to-date: /home/user/Jina/install/dsr_gazebo2/share/ament_index/resource_index/parent_prefix_path/dsr_gazebo2
-- Up-to-date: /home/user/Jina/install/dsr_gazebo2/share/dsr_gazebo2/environment/ament_prefix_path.sh
-- Up-to-date: /home/user/Jina/install/dsr_gazebo2/share/dsr_gazebo2/environment/ament_prefix_path.dsv
-- Up-to-date: /home/user/Jina/install/dsr_gazebo2/share/dsr_gazebo2/environment/path.sh
-- Up-to-date: /home/user/Jina/install/dsr_gazebo2/share/dsr_gazebo2/environment/path.dsv
-- Up-to-date: /home/user/Jina/install/dsr_gazebo2/share/dsr_gazebo2/local_setup.bash
-- Up-to-date: /home/user/Jina/install/dsr_gazebo2/share/dsr_gazebo2/local_setup.sh
-- Up-to-date: /home/user/Jina/install/dsr_gazebo2/share/dsr_gazebo2/local_setup.zsh
-- Up-to-date: /home/user/Jina/install/dsr_gazebo2/share/dsr_gazebo2/local_setup.dsv
-- Installing: /home/user/Jina/install/dsr_gazebo2/share/dsr_gazebo2/package.dsv
-- Up-to-date: /home/user/Jina/install/dsr_gazebo2/share/ament_index/resource_index/packages/dsr_gazebo2
-- Up-to-date: /home/user/Jina/install/dsr_gazebo2/share/dsr_gazebo2/cmake/ament_cmake_export_dependencies-extras.cmake
-- Up-to-date: /home/user/Jina/install/dsr_gazebo2/share/dsr_gazebo2/cmake/dsr_gazebo2Config.cmake
-- Up-to-date: /home/user/Jina/install/dsr_gazebo2/share/dsr_gazebo2/cmake/dsr_gazebo2Config-version.cmake
-- Up-to-date: /home/user/Jina/install/dsr_gazebo2/share/dsr_gazebo2/package.xml
