[1.040s] Invoking command in '/home/user/Jina/src/tower_builder': PYTHONPATH=/home/user/Jina/build/tower_builder/prefix_override:/usr/lib/python3/dist-packages/colcon_core/task/python/colcon_distutils_commands:/home/user/Jina/install/tower_builder/lib/python3.10/site-packages:${PYTHONPATH} /usr/bin/python3 -W ignore:setup.py install is deprecated -W ignore:easy_install command is deprecated setup.py egg_info --egg-base ../../build/tower_builder build --build-base /home/user/Jina/build/tower_builder/build install --record /home/user/Jina/build/tower_builder/install.log --single-version-externally-managed install_data
[1.317s] running egg_info
[1.319s] writing ../../build/tower_builder/tower_builder.egg-info/PKG-INFO
[1.319s] writing dependency_links to ../../build/tower_builder/tower_builder.egg-info/dependency_links.txt
[1.319s] writing entry points to ../../build/tower_builder/tower_builder.egg-info/entry_points.txt
[1.320s] writing requirements to ../../build/tower_builder/tower_builder.egg-info/requires.txt
[1.320s] writing top-level names to ../../build/tower_builder/tower_builder.egg-info/top_level.txt
[1.324s] reading manifest file '../../build/tower_builder/tower_builder.egg-info/SOURCES.txt'
[1.325s] writing manifest file '../../build/tower_builder/tower_builder.egg-info/SOURCES.txt'
[1.325s] running build
[1.325s] running build_py
[1.325s] copying tower_builder/main.py -> /home/user/Jina/build/tower_builder/build/lib/tower_builder
[1.325s] copying tower_builder/robot_node.py -> /home/user/Jina/build/tower_builder/build/lib/tower_builder
[1.325s] copying tower_builder/main_mod_hub.py -> /home/user/Jina/build/tower_builder/build/lib/tower_builder
[1.326s] copying tower_builder/main_backup.py -> /home/user/Jina/build/tower_builder/build/lib/tower_builder
[1.326s] copying tower_builder/camera(ori).py -> /home/user/Jina/build/tower_builder/build/lib/tower_builder
[1.326s] running install
[1.327s] running install_lib
[1.328s] copying /home/user/Jina/build/tower_builder/build/lib/tower_builder/main.py -> /home/user/Jina/install/tower_builder/lib/python3.10/site-packages/tower_builder
[1.328s] copying /home/user/Jina/build/tower_builder/build/lib/tower_builder/robot_node.py -> /home/user/Jina/install/tower_builder/lib/python3.10/site-packages/tower_builder
[1.328s] copying /home/user/Jina/build/tower_builder/build/lib/tower_builder/main_mod_hub.py -> /home/user/Jina/install/tower_builder/lib/python3.10/site-packages/tower_builder
[1.328s] copying /home/user/Jina/build/tower_builder/build/lib/tower_builder/main_backup.py -> /home/user/Jina/install/tower_builder/lib/python3.10/site-packages/tower_builder
[1.328s] copying /home/user/Jina/build/tower_builder/build/lib/tower_builder/camera(ori).py -> /home/user/Jina/install/tower_builder/lib/python3.10/site-packages/tower_builder
[1.329s] byte-compiling /home/user/Jina/install/tower_builder/lib/python3.10/site-packages/tower_builder/main.py to main.cpython-310.pyc
[1.330s]   File "/home/user/Jina/install/tower_builder/lib/python3.10/site-packages/tower_builder/main.py", line 23
[1.330s]     from tower_builder.camera(ori) import BlockDetectionSystem
[1.330s]                              ^
[1.330s] SyntaxError: invalid syntax
[1.330s] 
[1.330s] byte-compiling /home/user/Jina/install/tower_builder/lib/python3.10/site-packages/tower_builder/robot_node.py to robot_node.cpython-310.pyc
[1.333s] byte-compiling /home/user/Jina/install/tower_builder/lib/python3.10/site-packages/tower_builder/main_mod_hub.py to main_mod_hub.cpython-310.pyc
[1.336s] byte-compiling /home/user/Jina/install/tower_builder/lib/python3.10/site-packages/tower_builder/main_backup.py to main_backup.cpython-310.pyc
[1.340s] byte-compiling /home/user/Jina/install/tower_builder/lib/python3.10/site-packages/tower_builder/camera(ori).py to camera(ori).cpython-310.pyc
[1.344s] running install_data
[1.344s] running install_egg_info
[1.345s] removing '/home/user/Jina/install/tower_builder/lib/python3.10/site-packages/tower_builder-0.0.0-py3.10.egg-info' (and everything under it)
[1.346s] Copying ../../build/tower_builder/tower_builder.egg-info to /home/user/Jina/install/tower_builder/lib/python3.10/site-packages/tower_builder-0.0.0-py3.10.egg-info
[1.347s] running install_scripts
[1.372s] Installing cam script to /home/user/Jina/install/tower_builder/lib/tower_builder
[1.372s] Installing hub script to /home/user/Jina/install/tower_builder/lib/tower_builder
[1.372s] Installing rob script to /home/user/Jina/install/tower_builder/lib/tower_builder
[1.373s] Installing stb script to /home/user/Jina/install/tower_builder/lib/tower_builder
[1.373s] writing list of installed files to '/home/user/Jina/build/tower_builder/install.log'
[1.409s] Invoked command in '/home/user/Jina/src/tower_builder' returned '0': PYTHONPATH=/home/user/Jina/build/tower_builder/prefix_override:/usr/lib/python3/dist-packages/colcon_core/task/python/colcon_distutils_commands:/home/user/Jina/install/tower_builder/lib/python3.10/site-packages:${PYTHONPATH} /usr/bin/python3 -W ignore:setup.py install is deprecated -W ignore:easy_install command is deprecated setup.py egg_info --egg-base ../../build/tower_builder build --build-base /home/user/Jina/build/tower_builder/build install --record /home/user/Jina/build/tower_builder/install.log --single-version-externally-managed install_data
