running egg_info
writing ../../../../build/dsr_example/dsr_example.egg-info/PKG-INFO
writing dependency_links to ../../../../build/dsr_example/dsr_example.egg-info/dependency_links.txt
writing entry points to ../../../../build/dsr_example/dsr_example.egg-info/entry_points.txt
writing requirements to ../../../../build/dsr_example/dsr_example.egg-info/requires.txt
writing top-level names to ../../../../build/dsr_example/dsr_example.egg-info/top_level.txt
reading manifest file '../../../../build/dsr_example/dsr_example.egg-info/SOURCES.txt'
writing manifest file '../../../../build/dsr_example/dsr_example.egg-info/SOURCES.txt'
running build
running build_py
running install
running install_lib
running install_data
running install_egg_info
removing '/home/user/Jina/install/dsr_example/lib/python3.10/site-packages/dsr_example-0.0.0-py3.10.egg-info' (and everything under it)
Copying ../../../../build/dsr_example/dsr_example.egg-info to /home/user/Jina/install/dsr_example/lib/python3.10/site-packages/dsr_example-0.0.0-py3.10.egg-info
running install_scripts
Installing dance script to /home/user/Jina/install/dsr_example/lib/dsr_example
Installing single_robot_simple script to /home/user/Jina/install/dsr_example/lib/dsr_example
Installing slope_demo script to /home/user/Jina/install/dsr_example/lib/dsr_example
Installing test script to /home/user/Jina/install/dsr_example/lib/dsr_example
Installing test2 script to /home/user/Jina/install/dsr_example/lib/dsr_example
writing list of installed files to '/home/user/Jina/build/dsr_example/install.log'
