[0.071s] Invoking command in '/home/user/Jina/build/dsr_description2': CMAKE_PREFIX_PATH=${CMAKE_PREFIX_PATH}:/home/user/Jina/install/tower_builder:/home/user/Jina/install/dsr_visualservoing:/home/user/Jina/install/dsr_tests:/home/user/Jina/install/dsr_bringup2:/home/user/Jina/install/dsr_example:/opt/ros/humble /usr/bin/cmake --build /home/user/Jina/build/dsr_description2 -- -j12 -l12
[0.154s] Invoked command in '/home/user/Jina/build/dsr_description2' returned '0': CMAKE_PREFIX_PATH=${CMAKE_PREFIX_PATH}:/home/user/Jina/install/tower_builder:/home/user/Jina/install/dsr_visualservoing:/home/user/Jina/install/dsr_tests:/home/user/Jina/install/dsr_bringup2:/home/user/Jina/install/dsr_example:/opt/ros/humble /usr/bin/cmake --build /home/user/Jina/build/dsr_description2 -- -j12 -l12
[0.156s] Invoking command in '/home/user/Jina/build/dsr_description2': CMAKE_PREFIX_PATH=${CMAKE_PREFIX_PATH}:/home/user/Jina/install/tower_builder:/home/user/Jina/install/dsr_visualservoing:/home/user/Jina/install/dsr_tests:/home/user/Jina/install/dsr_bringup2:/home/user/Jina/install/dsr_example:/opt/ros/humble /usr/bin/cmake --install /home/user/Jina/build/dsr_description2
[0.198s] -- Install configuration: ""
[0.198s] -- Up-to-date: /home/user/Jina/install/dsr_description2/share/dsr_description2/environment/dsr_description2_path.dsv
[0.198s] -- Up-to-date: /home/user/Jina/install/dsr_description2/share/ament_index/resource_index/package_run_dependencies/dsr_description2
[0.198s] -- Up-to-date: /home/user/Jina/install/dsr_description2/share/ament_index/resource_index/parent_prefix_path/dsr_description2
[0.199s] -- Up-to-date: /home/user/Jina/install/dsr_description2/share/dsr_description2/environment/ament_prefix_path.sh
[0.199s] -- Up-to-date: /home/user/Jina/install/dsr_description2/share/dsr_description2/environment/ament_prefix_path.dsv
[0.199s] -- Up-to-date: /home/user/Jina/install/dsr_description2/share/dsr_description2/environment/path.sh
[0.199s] -- Up-to-date: /home/user/Jina/install/dsr_description2/share/dsr_description2/environment/path.dsv
[0.199s] -- Up-to-date: /home/user/Jina/install/dsr_description2/share/dsr_description2/local_setup.bash
[0.199s] -- Up-to-date: /home/user/Jina/install/dsr_description2/share/dsr_description2/local_setup.sh
[0.199s] -- Up-to-date: /home/user/Jina/install/dsr_description2/share/dsr_description2/local_setup.zsh
[0.199s] -- Up-to-date: /home/user/Jina/install/dsr_description2/share/dsr_description2/local_setup.dsv
[0.199s] -- Installing: /home/user/Jina/install/dsr_description2/share/dsr_description2/package.dsv
[0.199s] -- Up-to-date: /home/user/Jina/install/dsr_description2/share/ament_index/resource_index/packages/dsr_description2
[0.199s] -- Up-to-date: /home/user/Jina/install/dsr_description2/share/dsr_description2/cmake/dsr_description2Config.cmake
[0.199s] -- Up-to-date: /home/user/Jina/install/dsr_description2/share/dsr_description2/cmake/dsr_description2Config-version.cmake
[0.199s] -- Up-to-date: /home/user/Jina/install/dsr_description2/share/dsr_description2/package.xml
[0.200s] -- Up-to-date: /home/user/Jina/install/dsr_description2/share/dsr_description2/meshes
[0.200s] -- Up-to-date: /home/user/Jina/install/dsr_description2/share/dsr_description2/meshes/a0912_collision
[0.200s] -- Up-to-date: /home/user/Jina/install/dsr_description2/share/dsr_description2/meshes/a0912_collision/A0912_4_0.dae
[0.200s] -- Up-to-date: /home/user/Jina/install/dsr_description2/share/dsr_description2/meshes/a0912_collision/A0912_6_0.dae
[0.200s] -- Up-to-date: /home/user/Jina/install/dsr_description2/share/dsr_description2/meshes/a0912_collision/A0912_5_1.dae
[0.200s] -- Up-to-date: /home/user/Jina/install/dsr_description2/share/dsr_description2/meshes/a0912_collision/A0912_4_1.dae
[0.200s] -- Up-to-date: /home/user/Jina/install/dsr_description2/share/dsr_description2/meshes/a0912_collision/A0912_1_1.dae
[0.200s] -- Up-to-date: /home/user/Jina/install/dsr_description2/share/dsr_description2/meshes/a0912_collision/A0912_2_0.dae
[0.200s] -- Up-to-date: /home/user/Jina/install/dsr_description2/share/dsr_description2/meshes/a0912_collision/A0912_5_0.dae
[0.200s] -- Up-to-date: /home/user/Jina/install/dsr_description2/share/dsr_description2/meshes/a0912_collision/A0912_2_1.dae
[0.201s] -- Up-to-date: /home/user/Jina/install/dsr_description2/share/dsr_description2/meshes/a0912_collision/A0912_3_1.dae
[0.201s] -- Up-to-date: /home/user/Jina/install/dsr_description2/share/dsr_description2/meshes/a0912_collision/A0912_2_2.dae
[0.201s] -- Up-to-date: /home/user/Jina/install/dsr_description2/share/dsr_description2/meshes/a0912_collision/A0912_1_0.dae
[0.201s] -- Up-to-date: /home/user/Jina/install/dsr_description2/share/dsr_description2/meshes/a0912_collision/A0912_1_2.dae
[0.201s] -- Up-to-date: /home/user/Jina/install/dsr_description2/share/dsr_description2/meshes/a0912_collision/A0912_0_0.dae
[0.201s] -- Up-to-date: /home/user/Jina/install/dsr_description2/share/dsr_description2/meshes/a0912_collision/A0912_3_0.dae
[0.201s] -- Up-to-date: /home/user/Jina/install/dsr_description2/share/dsr_description2/meshes/m0609_white
[0.201s] -- Up-to-date: /home/user/Jina/install/dsr_description2/share/dsr_description2/meshes/m0609_white/MF0609_4_1.dae
[0.201s] -- Up-to-date: /home/user/Jina/install/dsr_description2/share/dsr_description2/meshes/m0609_white/MF0609_2_2.dae
[0.201s] -- Up-to-date: /home/user/Jina/install/dsr_description2/share/dsr_description2/meshes/m0609_white/MF0609_5_0.dae
[0.204s] -- Up-to-date: /home/user/Jina/install/dsr_description2/share/dsr_description2/meshes/m0609_white/MF0609_0_0.dae
[0.204s] -- Up-to-date: /home/user/Jina/install/dsr_description2/share/dsr_description2/meshes/m0609_white/MF0609_1_0.dae
[0.204s] -- Up-to-date: /home/user/Jina/install/dsr_description2/share/dsr_description2/meshes/m0609_white/MF0609_2_0.dae
[0.204s] -- Up-to-date: /home/user/Jina/install/dsr_description2/share/dsr_description2/meshes/m0609_white/MF0609_3_0.dae
[0.204s] -- Up-to-date: /home/user/Jina/install/dsr_description2/share/dsr_description2/meshes/m0609_white/MF0609_2_1.dae
[0.204s] -- Up-to-date: /home/user/Jina/install/dsr_description2/share/dsr_description2/meshes/m0609_white/MF0609_4_0.dae
[0.204s] -- Up-to-date: /home/user/Jina/install/dsr_description2/share/dsr_description2/meshes/m0609_white/MF0609_6_0.dae
[0.204s] -- Up-to-date: /home/user/Jina/install/dsr_description2/share/dsr_description2/meshes/m0617_white
[0.204s] -- Up-to-date: /home/user/Jina/install/dsr_description2/share/dsr_description2/meshes/m0617_white/MF0617_6_0.dae
[0.205s] -- Up-to-date: /home/user/Jina/install/dsr_description2/share/dsr_description2/meshes/m0617_white/MF0617_5_0.dae
[0.205s] -- Up-to-date: /home/user/Jina/install/dsr_description2/share/dsr_description2/meshes/m0617_white/MF0617_0_0.dae
[0.205s] -- Up-to-date: /home/user/Jina/install/dsr_description2/share/dsr_description2/meshes/m0617_white/MF0617_4_0.dae
[0.205s] -- Up-to-date: /home/user/Jina/install/dsr_description2/share/dsr_description2/meshes/m0617_white/MF0617_2_0.dae
[0.205s] -- Up-to-date: /home/user/Jina/install/dsr_description2/share/dsr_description2/meshes/m0617_white/MF0617_1_0.dae
[0.206s] -- Up-to-date: /home/user/Jina/install/dsr_description2/share/dsr_description2/meshes/m0617_white/MF0617_2_2.dae
[0.206s] -- Up-to-date: /home/user/Jina/install/dsr_description2/share/dsr_description2/meshes/m0617_white/MF0617_4_1.dae
[0.206s] -- Up-to-date: /home/user/Jina/install/dsr_description2/share/dsr_description2/meshes/m0617_white/MF0617_2_1.dae
[0.207s] -- Up-to-date: /home/user/Jina/install/dsr_description2/share/dsr_description2/meshes/m0617_white/MF0617_3_0.dae
[0.207s] -- Up-to-date: /home/user/Jina/install/dsr_description2/share/dsr_description2/meshes/m1013_white
[0.207s] -- Up-to-date: /home/user/Jina/install/dsr_description2/share/dsr_description2/meshes/m1013_white/MF1013_6_0.dae
[0.207s] -- Up-to-date: /home/user/Jina/install/dsr_description2/share/dsr_description2/meshes/m1013_white/MF1013_5_0.dae
[0.208s] -- Up-to-date: /home/user/Jina/install/dsr_description2/share/dsr_description2/meshes/m1013_white/MF1013_2_1.dae
[0.208s] -- Up-to-date: /home/user/Jina/install/dsr_description2/share/dsr_description2/meshes/m1013_white/MF1013_4_0.dae
[0.209s] -- Up-to-date: /home/user/Jina/install/dsr_description2/share/dsr_description2/meshes/m1013_white/MF1013_2_2.dae
[0.209s] -- Up-to-date: /home/user/Jina/install/dsr_description2/share/dsr_description2/meshes/m1013_white/MF1013_3_0.dae
[0.209s] -- Up-to-date: /home/user/Jina/install/dsr_description2/share/dsr_description2/meshes/m1013_white/MF1013_1_0.dae
[0.209s] -- Up-to-date: /home/user/Jina/install/dsr_description2/share/dsr_description2/meshes/m1013_white/MF1013_2_0.dae
[0.209s] -- Up-to-date: /home/user/Jina/install/dsr_description2/share/dsr_description2/meshes/m1013_white/MF1013_0_0.dae
[0.209s] -- Up-to-date: /home/user/Jina/install/dsr_description2/share/dsr_description2/meshes/m1013_white/MF1013_4_1.dae
[0.209s] -- Up-to-date: /home/user/Jina/install/dsr_description2/share/dsr_description2/meshes/h2017_blue
[0.209s] -- Up-to-date: /home/user/Jina/install/dsr_description2/share/dsr_description2/meshes/h2017_blue/H2017_0_0.dae
[0.209s] -- Up-to-date: /home/user/Jina/install/dsr_description2/share/dsr_description2/meshes/h2017_blue/H2017_1_0.dae
[0.209s] -- Up-to-date: /home/user/Jina/install/dsr_description2/share/dsr_description2/meshes/h2017_blue/H2017_4_0.dae
[0.210s] -- Up-to-date: /home/user/Jina/install/dsr_description2/share/dsr_description2/meshes/h2017_blue/H2017_2_1.dae
[0.210s] -- Up-to-date: /home/user/Jina/install/dsr_description2/share/dsr_description2/meshes/h2017_blue/H2017_5_0.dae
[0.210s] -- Up-to-date: /home/user/Jina/install/dsr_description2/share/dsr_description2/meshes/h2017_blue/H2017_3_0.dae
[0.210s] -- Up-to-date: /home/user/Jina/install/dsr_description2/share/dsr_description2/meshes/h2017_blue/H2017_6_0.dae
[0.211s] -- Up-to-date: /home/user/Jina/install/dsr_description2/share/dsr_description2/meshes/h2017_blue/H2017_2_2.dae
[0.211s] -- Up-to-date: /home/user/Jina/install/dsr_description2/share/dsr_description2/meshes/h2017_blue/H2017_2_0.dae
[0.211s] -- Up-to-date: /home/user/Jina/install/dsr_description2/share/dsr_description2/meshes/h2017_blue/H2017_4_1.dae
[0.211s] -- Up-to-date: /home/user/Jina/install/dsr_description2/share/dsr_description2/meshes/a0912_white
[0.211s] -- Up-to-date: /home/user/Jina/install/dsr_description2/share/dsr_description2/meshes/a0912_white/A0912_4_0.dae
[0.212s] -- Up-to-date: /home/user/Jina/install/dsr_description2/share/dsr_description2/meshes/a0912_white/A0912_6_0.dae
[0.212s] -- Up-to-date: /home/user/Jina/install/dsr_description2/share/dsr_description2/meshes/a0912_white/A0912_5_1.dae
[0.212s] -- Up-to-date: /home/user/Jina/install/dsr_description2/share/dsr_description2/meshes/a0912_white/A0912_4_1.dae
[0.213s] -- Up-to-date: /home/user/Jina/install/dsr_description2/share/dsr_description2/meshes/a0912_white/A0912_1_1.dae
[0.213s] -- Up-to-date: /home/user/Jina/install/dsr_description2/share/dsr_description2/meshes/a0912_white/A0912_2_0.dae
[0.213s] -- Up-to-date: /home/user/Jina/install/dsr_description2/share/dsr_description2/meshes/a0912_white/A0912_5_0.dae
[0.213s] -- Up-to-date: /home/user/Jina/install/dsr_description2/share/dsr_description2/meshes/a0912_white/A0912_2_1.dae
[0.214s] -- Up-to-date: /home/user/Jina/install/dsr_description2/share/dsr_description2/meshes/a0912_white/A0912_3_1.dae
[0.214s] -- Up-to-date: /home/user/Jina/install/dsr_description2/share/dsr_description2/meshes/a0912_white/A0912_2_2.dae
[0.214s] -- Up-to-date: /home/user/Jina/install/dsr_description2/share/dsr_description2/meshes/a0912_white/A0912_1_0.dae
[0.214s] -- Up-to-date: /home/user/Jina/install/dsr_description2/share/dsr_description2/meshes/a0912_white/A0912_1_2.dae
[0.214s] -- Up-to-date: /home/user/Jina/install/dsr_description2/share/dsr_description2/meshes/a0912_white/A0912_0_0.dae
[0.214s] -- Up-to-date: /home/user/Jina/install/dsr_description2/share/dsr_description2/meshes/a0912_white/A0912_3_0.dae
[0.215s] -- Up-to-date: /home/user/Jina/install/dsr_description2/share/dsr_description2/meshes/m1013_collision
[0.215s] -- Up-to-date: /home/user/Jina/install/dsr_description2/share/dsr_description2/meshes/m1013_collision/MF1013_6_0.dae
[0.215s] -- Up-to-date: /home/user/Jina/install/dsr_description2/share/dsr_description2/meshes/m1013_collision/MF1013_5_0.dae
[0.216s] -- Up-to-date: /home/user/Jina/install/dsr_description2/share/dsr_description2/meshes/m1013_collision/MF1013_2_1.dae
[0.216s] -- Up-to-date: /home/user/Jina/install/dsr_description2/share/dsr_description2/meshes/m1013_collision/MF1013_4_0.dae
[0.216s] -- Up-to-date: /home/user/Jina/install/dsr_description2/share/dsr_description2/meshes/m1013_collision/MF1013_2_2.dae
[0.216s] -- Up-to-date: /home/user/Jina/install/dsr_description2/share/dsr_description2/meshes/m1013_collision/MF1013_3_0.dae
[0.216s] -- Up-to-date: /home/user/Jina/install/dsr_description2/share/dsr_description2/meshes/m1013_collision/MF1013_1_0.dae
[0.216s] -- Up-to-date: /home/user/Jina/install/dsr_description2/share/dsr_description2/meshes/m1013_collision/MF1013_2_0.dae
[0.217s] -- Up-to-date: /home/user/Jina/install/dsr_description2/share/dsr_description2/meshes/m1013_collision/MF1013_0_0.dae
[0.217s] -- Up-to-date: /home/user/Jina/install/dsr_description2/share/dsr_description2/meshes/m1013_collision/MF1013_4_1.dae
[0.217s] -- Up-to-date: /home/user/Jina/install/dsr_description2/share/dsr_description2/meshes/a0509_white
[0.217s] -- Up-to-date: /home/user/Jina/install/dsr_description2/share/dsr_description2/meshes/a0509_white/A0509_1_1.dae
[0.217s] -- Up-to-date: /home/user/Jina/install/dsr_description2/share/dsr_description2/meshes/a0509_white/A0509_4_0.dae
[0.217s] -- Up-to-date: /home/user/Jina/install/dsr_description2/share/dsr_description2/meshes/a0509_white/A0509_3_0.dae
[0.218s] -- Up-to-date: /home/user/Jina/install/dsr_description2/share/dsr_description2/meshes/a0509_white/A0509_0_0.dae
[0.218s] -- Up-to-date: /home/user/Jina/install/dsr_description2/share/dsr_description2/meshes/a0509_white/A0509_1_0.dae
[0.218s] -- Up-to-date: /home/user/Jina/install/dsr_description2/share/dsr_description2/meshes/a0509_white/A0509_2_0.dae
[0.218s] -- Up-to-date: /home/user/Jina/install/dsr_description2/share/dsr_description2/meshes/a0509_white/A0509_3_1.dae
[0.218s] -- Up-to-date: /home/user/Jina/install/dsr_description2/share/dsr_description2/meshes/a0509_white/A0509_5_0.dae
[0.219s] -- Up-to-date: /home/user/Jina/install/dsr_description2/share/dsr_description2/meshes/a0509_white/A0509_2_2.dae
[0.219s] -- Up-to-date: /home/user/Jina/install/dsr_description2/share/dsr_description2/meshes/a0509_white/A0509_1_2.dae
[0.219s] -- Up-to-date: /home/user/Jina/install/dsr_description2/share/dsr_description2/meshes/a0509_white/A0509_2_1.dae
[0.220s] -- Up-to-date: /home/user/Jina/install/dsr_description2/share/dsr_description2/meshes/a0509_white/A0509_4_1.dae
[0.220s] -- Up-to-date: /home/user/Jina/install/dsr_description2/share/dsr_description2/meshes/a0509_white/A0509_5_1.dae
[0.221s] -- Up-to-date: /home/user/Jina/install/dsr_description2/share/dsr_description2/meshes/a0509_white/A0509_6_0.dae
[0.221s] -- Up-to-date: /home/user/Jina/install/dsr_description2/share/dsr_description2/meshes/m1509_collision
[0.221s] -- Up-to-date: /home/user/Jina/install/dsr_description2/share/dsr_description2/meshes/m1509_collision/MF1509_5_0.dae
[0.221s] -- Up-to-date: /home/user/Jina/install/dsr_description2/share/dsr_description2/meshes/m1509_collision/MF1509_6_0.dae
[0.222s] -- Up-to-date: /home/user/Jina/install/dsr_description2/share/dsr_description2/meshes/m1509_collision/MF1509_2_2.dae
[0.222s] -- Up-to-date: /home/user/Jina/install/dsr_description2/share/dsr_description2/meshes/m1509_collision/MF1509_4_1.dae
[0.222s] -- Up-to-date: /home/user/Jina/install/dsr_description2/share/dsr_description2/meshes/m1509_collision/MF1509_0_0.dae
[0.222s] -- Up-to-date: /home/user/Jina/install/dsr_description2/share/dsr_description2/meshes/m1509_collision/MF1509_1_0.dae
[0.222s] -- Up-to-date: /home/user/Jina/install/dsr_description2/share/dsr_description2/meshes/m1509_collision/MF1509_4_0.dae
[0.223s] -- Up-to-date: /home/user/Jina/install/dsr_description2/share/dsr_description2/meshes/m1509_collision/MF1509_2_1.dae
[0.223s] -- Up-to-date: /home/user/Jina/install/dsr_description2/share/dsr_description2/meshes/m1509_collision/MF1509_3_0.dae
[0.223s] -- Up-to-date: /home/user/Jina/install/dsr_description2/share/dsr_description2/meshes/m1509_collision/MF1509_2_0.dae
[0.223s] -- Up-to-date: /home/user/Jina/install/dsr_description2/share/dsr_description2/meshes/m0609_blue
[0.223s] -- Up-to-date: /home/user/Jina/install/dsr_description2/share/dsr_description2/meshes/m0609_blue/MF0609_4_1.dae
[0.223s] -- Up-to-date: /home/user/Jina/install/dsr_description2/share/dsr_description2/meshes/m0609_blue/MF0609_2_2.dae
[0.224s] -- Up-to-date: /home/user/Jina/install/dsr_description2/share/dsr_description2/meshes/m0609_blue/MF0609_5_0.dae
[0.224s] -- Up-to-date: /home/user/Jina/install/dsr_description2/share/dsr_description2/meshes/m0609_blue/MF0609_0_0.dae
[0.224s] -- Up-to-date: /home/user/Jina/install/dsr_description2/share/dsr_description2/meshes/m0609_blue/MF0609_1_0.dae
[0.224s] -- Up-to-date: /home/user/Jina/install/dsr_description2/share/dsr_description2/meshes/m0609_blue/MF0609_2_0.dae
[0.224s] -- Up-to-date: /home/user/Jina/install/dsr_description2/share/dsr_description2/meshes/m0609_blue/MF0609_3_0.dae
[0.225s] -- Up-to-date: /home/user/Jina/install/dsr_description2/share/dsr_description2/meshes/m0609_blue/MF0609_2_1.dae
[0.225s] -- Up-to-date: /home/user/Jina/install/dsr_description2/share/dsr_description2/meshes/m0609_blue/MF0609_4_0.dae
[0.226s] -- Up-to-date: /home/user/Jina/install/dsr_description2/share/dsr_description2/meshes/m0609_blue/MF0609_6_0.dae
[0.226s] -- Up-to-date: /home/user/Jina/install/dsr_description2/share/dsr_description2/meshes/p3020_collision
[0.226s] -- Up-to-date: /home/user/Jina/install/dsr_description2/share/dsr_description2/meshes/p3020_collision/3-8.STL
[0.226s] -- Up-to-date: /home/user/Jina/install/dsr_description2/share/dsr_description2/meshes/p3020_collision/3-5.STL
[0.226s] -- Up-to-date: /home/user/Jina/install/dsr_description2/share/dsr_description2/meshes/p3020_collision/2-3.STL
[0.226s] -- Up-to-date: /home/user/Jina/install/dsr_description2/share/dsr_description2/meshes/p3020_collision/7.STL
[0.226s] -- Up-to-date: /home/user/Jina/install/dsr_description2/share/dsr_description2/meshes/p3020_collision/4-1.STL
[0.226s] -- Up-to-date: /home/user/Jina/install/dsr_description2/share/dsr_description2/meshes/p3020_collision/6-2.STL
[0.226s] -- Up-to-date: /home/user/Jina/install/dsr_description2/share/dsr_description2/meshes/p3020_collision/3-1.STL
[0.226s] -- Up-to-date: /home/user/Jina/install/dsr_description2/share/dsr_description2/meshes/p3020_collision/3-4.STL
[0.226s] -- Up-to-date: /home/user/Jina/install/dsr_description2/share/dsr_description2/meshes/p3020_collision/4-3.STL
[0.226s] -- Up-to-date: /home/user/Jina/install/dsr_description2/share/dsr_description2/meshes/p3020_collision/6-3.STL
[0.226s] -- Up-to-date: /home/user/Jina/install/dsr_description2/share/dsr_description2/meshes/p3020_collision/2-4.STL
[0.226s] -- Up-to-date: /home/user/Jina/install/dsr_description2/share/dsr_description2/meshes/p3020_collision/2-1.STL
[0.226s] -- Up-to-date: /home/user/Jina/install/dsr_description2/share/dsr_description2/meshes/p3020_collision/4-2.STL
[0.226s] -- Up-to-date: /home/user/Jina/install/dsr_description2/share/dsr_description2/meshes/p3020_collision/3-6.STL
[0.226s] -- Up-to-date: /home/user/Jina/install/dsr_description2/share/dsr_description2/meshes/p3020_collision/3-3.STL
[0.227s] -- Up-to-date: /home/user/Jina/install/dsr_description2/share/dsr_description2/meshes/p3020_collision/3-2.STL
[0.227s] -- Up-to-date: /home/user/Jina/install/dsr_description2/share/dsr_description2/meshes/p3020_collision/3-7.STL
[0.227s] -- Up-to-date: /home/user/Jina/install/dsr_description2/share/dsr_description2/meshes/p3020_collision/1.STL
[0.227s] -- Up-to-date: /home/user/Jina/install/dsr_description2/share/dsr_description2/meshes/p3020_collision/4-4.STL
[0.227s] -- Up-to-date: /home/user/Jina/install/dsr_description2/share/dsr_description2/meshes/p3020_collision/6-1.STL
[0.227s] -- Up-to-date: /home/user/Jina/install/dsr_description2/share/dsr_description2/meshes/p3020_collision/2-2.STL
[0.227s] -- Up-to-date: /home/user/Jina/install/dsr_description2/share/dsr_description2/meshes/p3020_collision/2-5.STL
[0.227s] -- Up-to-date: /home/user/Jina/install/dsr_description2/share/dsr_description2/meshes/h2017_collision
[0.227s] -- Up-to-date: /home/user/Jina/install/dsr_description2/share/dsr_description2/meshes/h2017_collision/H2017_0_0.dae
[0.228s] -- Up-to-date: /home/user/Jina/install/dsr_description2/share/dsr_description2/meshes/h2017_collision/H2017_1_0.dae
[0.228s] -- Up-to-date: /home/user/Jina/install/dsr_description2/share/dsr_description2/meshes/h2017_collision/H2017_4_0.dae
[0.228s] -- Up-to-date: /home/user/Jina/install/dsr_description2/share/dsr_description2/meshes/h2017_collision/H2017_2_1.dae
[0.228s] -- Up-to-date: /home/user/Jina/install/dsr_description2/share/dsr_description2/meshes/h2017_collision/H2017_5_0.dae
[0.228s] -- Up-to-date: /home/user/Jina/install/dsr_description2/share/dsr_description2/meshes/h2017_collision/H2017_3_0.dae
[0.228s] -- Up-to-date: /home/user/Jina/install/dsr_description2/share/dsr_description2/meshes/h2017_collision/H2017_6_0.dae
[0.228s] -- Up-to-date: /home/user/Jina/install/dsr_description2/share/dsr_description2/meshes/h2017_collision/H2017_2_2.dae
[0.228s] -- Up-to-date: /home/user/Jina/install/dsr_description2/share/dsr_description2/meshes/h2017_collision/H2017_2_0.dae
[0.229s] -- Up-to-date: /home/user/Jina/install/dsr_description2/share/dsr_description2/meshes/h2017_collision/H2017_4_1.dae
[0.229s] -- Up-to-date: /home/user/Jina/install/dsr_description2/share/dsr_description2/meshes/h2017_white
[0.229s] -- Up-to-date: /home/user/Jina/install/dsr_description2/share/dsr_description2/meshes/h2017_white/H2017_0_0.dae
[0.229s] -- Up-to-date: /home/user/Jina/install/dsr_description2/share/dsr_description2/meshes/h2017_white/H2017_1_0.dae
[0.230s] -- Up-to-date: /home/user/Jina/install/dsr_description2/share/dsr_description2/meshes/h2017_white/H2017_4_0.dae
[0.230s] -- Up-to-date: /home/user/Jina/install/dsr_description2/share/dsr_description2/meshes/h2017_white/H2017_2_1.dae
[0.230s] -- Up-to-date: /home/user/Jina/install/dsr_description2/share/dsr_description2/meshes/h2017_white/H2017_5_0.dae
[0.231s] -- Up-to-date: /home/user/Jina/install/dsr_description2/share/dsr_description2/meshes/h2017_white/H2017_3_0.dae
[0.231s] -- Up-to-date: /home/user/Jina/install/dsr_description2/share/dsr_description2/meshes/h2017_white/H2017_6_0.dae
[0.231s] -- Up-to-date: /home/user/Jina/install/dsr_description2/share/dsr_description2/meshes/h2017_white/H2017_2_2.dae
[0.231s] -- Up-to-date: /home/user/Jina/install/dsr_description2/share/dsr_description2/meshes/h2017_white/H2017_2_0.dae
[0.231s] -- Up-to-date: /home/user/Jina/install/dsr_description2/share/dsr_description2/meshes/h2017_white/H2017_4_1.dae
[0.232s] -- Up-to-date: /home/user/Jina/install/dsr_description2/share/dsr_description2/meshes/h2515_white
[0.232s] -- Up-to-date: /home/user/Jina/install/dsr_description2/share/dsr_description2/meshes/h2515_white/H2515_0_0.dae
[0.232s] -- Up-to-date: /home/user/Jina/install/dsr_description2/share/dsr_description2/meshes/h2515_white/H2515_2_1.dae
[0.232s] -- Up-to-date: /home/user/Jina/install/dsr_description2/share/dsr_description2/meshes/h2515_white/H2515_2_2.dae
[0.232s] -- Up-to-date: /home/user/Jina/install/dsr_description2/share/dsr_description2/meshes/h2515_white/H2515_2_0.dae
[0.232s] -- Up-to-date: /home/user/Jina/install/dsr_description2/share/dsr_description2/meshes/h2515_white/H2515_4_1.dae
[0.232s] -- Up-to-date: /home/user/Jina/install/dsr_description2/share/dsr_description2/meshes/h2515_white/H2515_5_0.dae
[0.233s] -- Up-to-date: /home/user/Jina/install/dsr_description2/share/dsr_description2/meshes/h2515_white/H2515_6_0.dae
[0.233s] -- Up-to-date: /home/user/Jina/install/dsr_description2/share/dsr_description2/meshes/h2515_white/H2515_3_0.dae
[0.233s] -- Up-to-date: /home/user/Jina/install/dsr_description2/share/dsr_description2/meshes/h2515_white/H2515_1_0.dae
[0.233s] -- Up-to-date: /home/user/Jina/install/dsr_description2/share/dsr_description2/meshes/h2515_white/H2515_4_0.dae
[0.233s] -- Up-to-date: /home/user/Jina/install/dsr_description2/share/dsr_description2/meshes/m1013_blue
[0.233s] -- Up-to-date: /home/user/Jina/install/dsr_description2/share/dsr_description2/meshes/m1013_blue/MF1013_6_0.dae
[0.234s] -- Up-to-date: /home/user/Jina/install/dsr_description2/share/dsr_description2/meshes/m1013_blue/MF1013_5_0.dae
[0.234s] -- Up-to-date: /home/user/Jina/install/dsr_description2/share/dsr_description2/meshes/m1013_blue/MF1013_2_1.dae
[0.234s] -- Up-to-date: /home/user/Jina/install/dsr_description2/share/dsr_description2/meshes/m1013_blue/MF1013_4_0.dae
[0.234s] -- Up-to-date: /home/user/Jina/install/dsr_description2/share/dsr_description2/meshes/m1013_blue/MF1013_2_2.dae
[0.234s] -- Up-to-date: /home/user/Jina/install/dsr_description2/share/dsr_description2/meshes/m1013_blue/MF1013_3_0.dae
[0.234s] -- Up-to-date: /home/user/Jina/install/dsr_description2/share/dsr_description2/meshes/m1013_blue/MF1013_1_0.dae
[0.234s] -- Up-to-date: /home/user/Jina/install/dsr_description2/share/dsr_description2/meshes/m1013_blue/MF1013_2_0.dae
[0.234s] -- Up-to-date: /home/user/Jina/install/dsr_description2/share/dsr_description2/meshes/m1013_blue/MF1013_0_0.dae
[0.234s] -- Up-to-date: /home/user/Jina/install/dsr_description2/share/dsr_description2/meshes/m1013_blue/MF1013_4_1.dae
[0.235s] -- Up-to-date: /home/user/Jina/install/dsr_description2/share/dsr_description2/meshes/gripper
[0.235s] -- Up-to-date: /home/user/Jina/install/dsr_description2/share/dsr_description2/meshes/gripper/robotiq
[0.235s] -- Up-to-date: /home/user/Jina/install/dsr_description2/share/dsr_description2/meshes/gripper/robotiq/85_2f
[0.235s] -- Up-to-date: /home/user/Jina/install/dsr_description2/share/dsr_description2/meshes/gripper/robotiq/85_2f/collision
[0.235s] -- Up-to-date: /home/user/Jina/install/dsr_description2/share/dsr_description2/meshes/gripper/robotiq/85_2f/collision/robotiq_85_finger_link.stl
[0.235s] -- Up-to-date: /home/user/Jina/install/dsr_description2/share/dsr_description2/meshes/gripper/robotiq/85_2f/collision/robotiq_85_finger_tip_link.stl
[0.235s] -- Up-to-date: /home/user/Jina/install/dsr_description2/share/dsr_description2/meshes/gripper/robotiq/85_2f/collision/robotiq_85_base_link.stl
[0.236s] -- Up-to-date: /home/user/Jina/install/dsr_description2/share/dsr_description2/meshes/gripper/robotiq/85_2f/collision/robotiq_85_knuckle_link.stl
[0.236s] -- Up-to-date: /home/user/Jina/install/dsr_description2/share/dsr_description2/meshes/gripper/robotiq/85_2f/collision/robotiq_85_inner_knuckle_link.stl
[0.236s] -- Up-to-date: /home/user/Jina/install/dsr_description2/share/dsr_description2/meshes/gripper/robotiq/85_2f/robotiq_85_coupler.stl
[0.236s] -- Up-to-date: /home/user/Jina/install/dsr_description2/share/dsr_description2/meshes/gripper/robotiq/85_2f/visual
[0.236s] -- Up-to-date: /home/user/Jina/install/dsr_description2/share/dsr_description2/meshes/gripper/robotiq/85_2f/visual/robotiq_85_base_link.dae
[0.236s] -- Up-to-date: /home/user/Jina/install/dsr_description2/share/dsr_description2/meshes/gripper/robotiq/85_2f/visual/robotiq_85_knuckle_link.dae
[0.237s] -- Up-to-date: /home/user/Jina/install/dsr_description2/share/dsr_description2/meshes/gripper/robotiq/85_2f/visual/robotiq_85_inner_knuckle_link.dae
[0.237s] -- Up-to-date: /home/user/Jina/install/dsr_description2/share/dsr_description2/meshes/gripper/robotiq/85_2f/visual/robotiq_85_finger_tip_link.dae
[0.237s] -- Up-to-date: /home/user/Jina/install/dsr_description2/share/dsr_description2/meshes/gripper/robotiq/85_2f/visual/robotiq_85_finger_link.dae
[0.237s] -- Up-to-date: /home/user/Jina/install/dsr_description2/share/dsr_description2/meshes/a0509_blue
[0.237s] -- Up-to-date: /home/user/Jina/install/dsr_description2/share/dsr_description2/meshes/a0509_blue/A0509_1_1.dae
[0.237s] -- Up-to-date: /home/user/Jina/install/dsr_description2/share/dsr_description2/meshes/a0509_blue/A0509_4_0.dae
[0.237s] -- Up-to-date: /home/user/Jina/install/dsr_description2/share/dsr_description2/meshes/a0509_blue/A0509_3_0.dae
[0.237s] -- Up-to-date: /home/user/Jina/install/dsr_description2/share/dsr_description2/meshes/a0509_blue/A0509_0_0.dae
[0.238s] -- Up-to-date: /home/user/Jina/install/dsr_description2/share/dsr_description2/meshes/a0509_blue/A0509_1_0.dae
[0.238s] -- Up-to-date: /home/user/Jina/install/dsr_description2/share/dsr_description2/meshes/a0509_blue/A0509_2_0.dae
[0.238s] -- Up-to-date: /home/user/Jina/install/dsr_description2/share/dsr_description2/meshes/a0509_blue/A0509_3_1.dae
[0.239s] -- Up-to-date: /home/user/Jina/install/dsr_description2/share/dsr_description2/meshes/a0509_blue/A0509_5_0.dae
[0.239s] -- Up-to-date: /home/user/Jina/install/dsr_description2/share/dsr_description2/meshes/a0509_blue/A0509_2_2.dae
[0.240s] -- Up-to-date: /home/user/Jina/install/dsr_description2/share/dsr_description2/meshes/a0509_blue/A0509_1_2.dae
[0.240s] -- Up-to-date: /home/user/Jina/install/dsr_description2/share/dsr_description2/meshes/a0509_blue/A0509_2_1.dae
[0.240s] -- Up-to-date: /home/user/Jina/install/dsr_description2/share/dsr_description2/meshes/a0509_blue/A0509_4_1.dae
[0.240s] -- Up-to-date: /home/user/Jina/install/dsr_description2/share/dsr_description2/meshes/a0509_blue/A0509_5_1.dae
[0.240s] -- Up-to-date: /home/user/Jina/install/dsr_description2/share/dsr_description2/meshes/a0509_blue/A0509_6_0.dae
[0.240s] -- Up-to-date: /home/user/Jina/install/dsr_description2/share/dsr_description2/meshes/mobile
[0.240s] -- Up-to-date: /home/user/Jina/install/dsr_description2/share/dsr_description2/meshes/mobile/user_rail.dae
[0.240s] -- Up-to-date: /home/user/Jina/install/dsr_description2/share/dsr_description2/meshes/mobile/user_rail.stl
[0.240s] -- Up-to-date: /home/user/Jina/install/dsr_description2/share/dsr_description2/meshes/mobile/base_link.dae
[0.240s] -- Up-to-date: /home/user/Jina/install/dsr_description2/share/dsr_description2/meshes/mobile/bumper.stl
[0.241s] -- Up-to-date: /home/user/Jina/install/dsr_description2/share/dsr_description2/meshes/mobile/wheel.dae
[0.241s] -- Up-to-date: /home/user/Jina/install/dsr_description2/share/dsr_description2/meshes/mobile/top_plate.stl
[0.241s] -- Up-to-date: /home/user/Jina/install/dsr_description2/share/dsr_description2/meshes/mobile/base_link.stl
[0.241s] -- Up-to-date: /home/user/Jina/install/dsr_description2/share/dsr_description2/meshes/mobile/top_chassis.stl
[0.242s] -- Up-to-date: /home/user/Jina/install/dsr_description2/share/dsr_description2/meshes/mobile/top_plate.dae
[0.242s] -- Up-to-date: /home/user/Jina/install/dsr_description2/share/dsr_description2/meshes/mobile/bumper.dae
[0.242s] -- Up-to-date: /home/user/Jina/install/dsr_description2/share/dsr_description2/meshes/mobile/wheel.stl
[0.242s] -- Up-to-date: /home/user/Jina/install/dsr_description2/share/dsr_description2/meshes/mobile/top_chassis.dae
[0.243s] -- Up-to-date: /home/user/Jina/install/dsr_description2/share/dsr_description2/meshes/mobile/large_top_plate_collision.stl
[0.243s] -- Up-to-date: /home/user/Jina/install/dsr_description2/share/dsr_description2/meshes/mobile/large_top_plate.dae
[0.243s] -- Up-to-date: /home/user/Jina/install/dsr_description2/share/dsr_description2/meshes/e0509_white
[0.243s] -- Up-to-date: /home/user/Jina/install/dsr_description2/share/dsr_description2/meshes/e0509_white/E0509_4_2.dae
[0.243s] -- Up-to-date: /home/user/Jina/install/dsr_description2/share/dsr_description2/meshes/e0509_white/E0509_4_1.dae
[0.243s] -- Up-to-date: /home/user/Jina/install/dsr_description2/share/dsr_description2/meshes/e0509_white/E0509_5_1.dae
[0.244s] -- Up-to-date: /home/user/Jina/install/dsr_description2/share/dsr_description2/meshes/e0509_white/E0509_1_2.dae
[0.244s] -- Up-to-date: /home/user/Jina/install/dsr_description2/share/dsr_description2/meshes/e0509_white/E0509_5_2.dae
[0.245s] -- Up-to-date: /home/user/Jina/install/dsr_description2/share/dsr_description2/meshes/e0509_white/E0509_2_2.dae
[0.245s] -- Up-to-date: /home/user/Jina/install/dsr_description2/share/dsr_description2/meshes/e0509_white/E0509_6_1.dae
[0.245s] -- Up-to-date: /home/user/Jina/install/dsr_description2/share/dsr_description2/meshes/e0509_white/E0509_1_4.dae
[0.245s] -- Up-to-date: /home/user/Jina/install/dsr_description2/share/dsr_description2/meshes/e0509_white/E0509_2_1.dae
[0.245s] -- Up-to-date: /home/user/Jina/install/dsr_description2/share/dsr_description2/meshes/e0509_white/E0509_1_1.dae
[0.245s] -- Up-to-date: /home/user/Jina/install/dsr_description2/share/dsr_description2/meshes/e0509_white/E0509_3_2.dae
[0.245s] -- Up-to-date: /home/user/Jina/install/dsr_description2/share/dsr_description2/meshes/e0509_white/E0509_0_0.dae
[0.247s] -- Up-to-date: /home/user/Jina/install/dsr_description2/share/dsr_description2/meshes/e0509_white/E0509_1_3.dae
[0.247s] -- Up-to-date: /home/user/Jina/install/dsr_description2/share/dsr_description2/meshes/e0509_white/E0509_3_1.dae
[0.247s] -- Up-to-date: /home/user/Jina/install/dsr_description2/share/dsr_description2/meshes/h2515_collision
[0.247s] -- Up-to-date: /home/user/Jina/install/dsr_description2/share/dsr_description2/meshes/h2515_collision/H2515_0_0.dae
[0.247s] -- Up-to-date: /home/user/Jina/install/dsr_description2/share/dsr_description2/meshes/h2515_collision/H2515_2_1.dae
[0.247s] -- Up-to-date: /home/user/Jina/install/dsr_description2/share/dsr_description2/meshes/h2515_collision/H2515_2_2.dae
[0.247s] -- Up-to-date: /home/user/Jina/install/dsr_description2/share/dsr_description2/meshes/h2515_collision/H2515_2_0.dae
[0.248s] -- Up-to-date: /home/user/Jina/install/dsr_description2/share/dsr_description2/meshes/h2515_collision/H2515_4_1.dae
[0.248s] -- Up-to-date: /home/user/Jina/install/dsr_description2/share/dsr_description2/meshes/h2515_collision/H2515_5_0.dae
[0.248s] -- Up-to-date: /home/user/Jina/install/dsr_description2/share/dsr_description2/meshes/h2515_collision/H2515_6_0.dae
[0.248s] -- Up-to-date: /home/user/Jina/install/dsr_description2/share/dsr_description2/meshes/h2515_collision/H2515_3_0.dae
[0.248s] -- Up-to-date: /home/user/Jina/install/dsr_description2/share/dsr_description2/meshes/h2515_collision/H2515_1_0.dae
[0.248s] -- Up-to-date: /home/user/Jina/install/dsr_description2/share/dsr_description2/meshes/h2515_collision/H2515_4_0.dae
[0.248s] -- Up-to-date: /home/user/Jina/install/dsr_description2/share/dsr_description2/meshes/e0509_collision
[0.248s] -- Up-to-date: /home/user/Jina/install/dsr_description2/share/dsr_description2/meshes/e0509_collision/E0509_4_2.dae
[0.248s] -- Up-to-date: /home/user/Jina/install/dsr_description2/share/dsr_description2/meshes/e0509_collision/E0509_4_1.dae
[0.249s] -- Up-to-date: /home/user/Jina/install/dsr_description2/share/dsr_description2/meshes/e0509_collision/E0509_5_1.dae
[0.250s] -- Up-to-date: /home/user/Jina/install/dsr_description2/share/dsr_description2/meshes/e0509_collision/E0509_1_2.dae
[0.250s] -- Up-to-date: /home/user/Jina/install/dsr_description2/share/dsr_description2/meshes/e0509_collision/E0509_5_2.dae
[0.251s] -- Up-to-date: /home/user/Jina/install/dsr_description2/share/dsr_description2/meshes/e0509_collision/E0509_2_2.dae
[0.251s] -- Up-to-date: /home/user/Jina/install/dsr_description2/share/dsr_description2/meshes/e0509_collision/E0509_6_1.dae
[0.251s] -- Up-to-date: /home/user/Jina/install/dsr_description2/share/dsr_description2/meshes/e0509_collision/E0509_1_4.dae
[0.251s] -- Up-to-date: /home/user/Jina/install/dsr_description2/share/dsr_description2/meshes/e0509_collision/E0509_2_1.dae
[0.251s] -- Up-to-date: /home/user/Jina/install/dsr_description2/share/dsr_description2/meshes/e0509_collision/E0509_1_1.dae
[0.251s] -- Up-to-date: /home/user/Jina/install/dsr_description2/share/dsr_description2/meshes/e0509_collision/E0509_3_2.dae
[0.251s] -- Up-to-date: /home/user/Jina/install/dsr_description2/share/dsr_description2/meshes/e0509_collision/E0509_0_0.dae
[0.251s] -- Up-to-date: /home/user/Jina/install/dsr_description2/share/dsr_description2/meshes/e0509_collision/E0509_1_3.dae
[0.251s] -- Up-to-date: /home/user/Jina/install/dsr_description2/share/dsr_description2/meshes/e0509_collision/E0509_3_1.dae
[0.251s] -- Up-to-date: /home/user/Jina/install/dsr_description2/share/dsr_description2/meshes/m0617_blue
[0.252s] -- Up-to-date: /home/user/Jina/install/dsr_description2/share/dsr_description2/meshes/m0617_blue/MF0617_6_0.dae
[0.252s] -- Up-to-date: /home/user/Jina/install/dsr_description2/share/dsr_description2/meshes/m0617_blue/MF0617_5_0.dae
[0.252s] -- Up-to-date: /home/user/Jina/install/dsr_description2/share/dsr_description2/meshes/m0617_blue/MF0617_0_0.dae
[0.252s] -- Up-to-date: /home/user/Jina/install/dsr_description2/share/dsr_description2/meshes/m0617_blue/MF0617_4_0.dae
[0.252s] -- Up-to-date: /home/user/Jina/install/dsr_description2/share/dsr_description2/meshes/m0617_blue/MF0617_2_0.dae
[0.252s] -- Up-to-date: /home/user/Jina/install/dsr_description2/share/dsr_description2/meshes/m0617_blue/MF0617_1_0.dae
[0.252s] -- Up-to-date: /home/user/Jina/install/dsr_description2/share/dsr_description2/meshes/m0617_blue/MF0617_2_2.dae
[0.253s] -- Up-to-date: /home/user/Jina/install/dsr_description2/share/dsr_description2/meshes/m0617_blue/MF0617_4_1.dae
[0.253s] -- Up-to-date: /home/user/Jina/install/dsr_description2/share/dsr_description2/meshes/m0617_blue/MF0617_2_1.dae
[0.253s] -- Up-to-date: /home/user/Jina/install/dsr_description2/share/dsr_description2/meshes/m0617_blue/MF0617_3_0.dae
[0.253s] -- Up-to-date: /home/user/Jina/install/dsr_description2/share/dsr_description2/meshes/m1509_blue
[0.254s] -- Up-to-date: /home/user/Jina/install/dsr_description2/share/dsr_description2/meshes/m1509_blue/MF1509_5_0.dae
[0.254s] -- Up-to-date: /home/user/Jina/install/dsr_description2/share/dsr_description2/meshes/m1509_blue/MF1509_6_0.dae
[0.254s] -- Up-to-date: /home/user/Jina/install/dsr_description2/share/dsr_description2/meshes/m1509_blue/MF1509_2_2.dae
[0.254s] -- Up-to-date: /home/user/Jina/install/dsr_description2/share/dsr_description2/meshes/m1509_blue/MF1509_4_1.dae
[0.255s] -- Up-to-date: /home/user/Jina/install/dsr_description2/share/dsr_description2/meshes/m1509_blue/MF1509_0_0.dae
[0.255s] -- Up-to-date: /home/user/Jina/install/dsr_description2/share/dsr_description2/meshes/m1509_blue/MF1509_1_0.dae
[0.255s] -- Up-to-date: /home/user/Jina/install/dsr_description2/share/dsr_description2/meshes/m1509_blue/MF1509_4_0.dae
[0.255s] -- Up-to-date: /home/user/Jina/install/dsr_description2/share/dsr_description2/meshes/m1509_blue/MF1509_2_1.dae
[0.256s] -- Up-to-date: /home/user/Jina/install/dsr_description2/share/dsr_description2/meshes/m1509_blue/MF1509_3_0.dae
[0.256s] -- Up-to-date: /home/user/Jina/install/dsr_description2/share/dsr_description2/meshes/m1509_blue/MF1509_2_0.dae
[0.257s] -- Up-to-date: /home/user/Jina/install/dsr_description2/share/dsr_description2/meshes/a0912_blue
[0.257s] -- Up-to-date: /home/user/Jina/install/dsr_description2/share/dsr_description2/meshes/a0912_blue/A0912_4_0.dae
[0.257s] -- Up-to-date: /home/user/Jina/install/dsr_description2/share/dsr_description2/meshes/a0912_blue/A0912_6_0.dae
[0.258s] -- Up-to-date: /home/user/Jina/install/dsr_description2/share/dsr_description2/meshes/a0912_blue/A0912_5_1.dae
[0.258s] -- Up-to-date: /home/user/Jina/install/dsr_description2/share/dsr_description2/meshes/a0912_blue/A0912_4_1.dae
[0.258s] -- Up-to-date: /home/user/Jina/install/dsr_description2/share/dsr_description2/meshes/a0912_blue/A0912_1_1.dae
[0.258s] -- Up-to-date: /home/user/Jina/install/dsr_description2/share/dsr_description2/meshes/a0912_blue/A0912_2_0.dae
[0.258s] -- Up-to-date: /home/user/Jina/install/dsr_description2/share/dsr_description2/meshes/a0912_blue/A0912_5_0.dae
[0.258s] -- Up-to-date: /home/user/Jina/install/dsr_description2/share/dsr_description2/meshes/a0912_blue/A0912_2_1.dae
[0.258s] -- Up-to-date: /home/user/Jina/install/dsr_description2/share/dsr_description2/meshes/a0912_blue/A0912_3_1.dae
[0.258s] -- Up-to-date: /home/user/Jina/install/dsr_description2/share/dsr_description2/meshes/a0912_blue/A0912_2_2.dae
[0.258s] -- Up-to-date: /home/user/Jina/install/dsr_description2/share/dsr_description2/meshes/a0912_blue/A0912_1_0.dae
[0.258s] -- Up-to-date: /home/user/Jina/install/dsr_description2/share/dsr_description2/meshes/a0912_blue/A0912_1_2.dae
[0.259s] -- Up-to-date: /home/user/Jina/install/dsr_description2/share/dsr_description2/meshes/a0912_blue/A0912_0_0.dae
[0.259s] -- Up-to-date: /home/user/Jina/install/dsr_description2/share/dsr_description2/meshes/a0912_blue/A0912_3_0.dae
[0.260s] -- Up-to-date: /home/user/Jina/install/dsr_description2/share/dsr_description2/meshes/m0609_collision
[0.260s] -- Up-to-date: /home/user/Jina/install/dsr_description2/share/dsr_description2/meshes/m0609_collision/MF0609_4_1.dae
[0.261s] -- Up-to-date: /home/user/Jina/install/dsr_description2/share/dsr_description2/meshes/m0609_collision/MF0609_2_2.dae
[0.261s] -- Up-to-date: /home/user/Jina/install/dsr_description2/share/dsr_description2/meshes/m0609_collision/MF0609_5_0.dae
[0.261s] -- Up-to-date: /home/user/Jina/install/dsr_description2/share/dsr_description2/meshes/m0609_collision/MF0609_0_0.dae
[0.261s] -- Up-to-date: /home/user/Jina/install/dsr_description2/share/dsr_description2/meshes/m0609_collision/MF0609_1_0.dae
[0.261s] -- Up-to-date: /home/user/Jina/install/dsr_description2/share/dsr_description2/meshes/m0609_collision/MF0609_2_0.dae
[0.261s] -- Up-to-date: /home/user/Jina/install/dsr_description2/share/dsr_description2/meshes/m0609_collision/MF0609_3_0.dae
[0.262s] -- Up-to-date: /home/user/Jina/install/dsr_description2/share/dsr_description2/meshes/m0609_collision/MF0609_2_1.dae
[0.262s] -- Up-to-date: /home/user/Jina/install/dsr_description2/share/dsr_description2/meshes/m0609_collision/MF0609_4_0.dae
[0.262s] -- Up-to-date: /home/user/Jina/install/dsr_description2/share/dsr_description2/meshes/m0609_collision/MF0609_6_0.dae
[0.262s] -- Up-to-date: /home/user/Jina/install/dsr_description2/share/dsr_description2/meshes/p3020
[0.262s] -- Up-to-date: /home/user/Jina/install/dsr_description2/share/dsr_description2/meshes/p3020/P3020_5_1.STL
[0.262s] -- Up-to-date: /home/user/Jina/install/dsr_description2/share/dsr_description2/meshes/p3020/P3020_3_4.STL
[0.262s] -- Up-to-date: /home/user/Jina/install/dsr_description2/share/dsr_description2/meshes/p3020/P3020_3_2.STL
[0.262s] -- Up-to-date: /home/user/Jina/install/dsr_description2/share/dsr_description2/meshes/p3020/P3020_2_2.STL
[0.262s] -- Up-to-date: /home/user/Jina/install/dsr_description2/share/dsr_description2/meshes/p3020/P3020_2_4.STL
[0.263s] -- Up-to-date: /home/user/Jina/install/dsr_description2/share/dsr_description2/meshes/p3020/P3020_2_5.STL
[0.263s] -- Up-to-date: /home/user/Jina/install/dsr_description2/share/dsr_description2/meshes/p3020/P3020_2_7.STL
[0.264s] -- Up-to-date: /home/user/Jina/install/dsr_description2/share/dsr_description2/meshes/p3020/P3020_1_2.STL
[0.264s] -- Up-to-date: /home/user/Jina/install/dsr_description2/share/dsr_description2/meshes/p3020/P3020_1_3.STL
[0.264s] -- Up-to-date: /home/user/Jina/install/dsr_description2/share/dsr_description2/meshes/p3020/P3020_2_3.STL
[0.264s] -- Up-to-date: /home/user/Jina/install/dsr_description2/share/dsr_description2/meshes/p3020/P3020_2_8.STL
[0.264s] -- Up-to-date: /home/user/Jina/install/dsr_description2/share/dsr_description2/meshes/p3020/P3020_1_5.STL
[0.264s] -- Up-to-date: /home/user/Jina/install/dsr_description2/share/dsr_description2/meshes/p3020/P3020_5_3.STL
[0.264s] -- Up-to-date: /home/user/Jina/install/dsr_description2/share/dsr_description2/meshes/p3020/P3020_0_1.STL
[0.264s] -- Up-to-date: /home/user/Jina/install/dsr_description2/share/dsr_description2/meshes/p3020/P3020_5_2.STL
[0.264s] -- Up-to-date: /home/user/Jina/install/dsr_description2/share/dsr_description2/meshes/p3020/P3020_2_6.STL
[0.264s] -- Up-to-date: /home/user/Jina/install/dsr_description2/share/dsr_description2/meshes/p3020/P3020_2_1.STL
[0.265s] -- Up-to-date: /home/user/Jina/install/dsr_description2/share/dsr_description2/meshes/p3020/P3020_3_3.STL
[0.265s] -- Up-to-date: /home/user/Jina/install/dsr_description2/share/dsr_description2/meshes/p3020/P3020_3_1.STL
[0.265s] -- Up-to-date: /home/user/Jina/install/dsr_description2/share/dsr_description2/meshes/p3020/P3020_1_1.STL
[0.265s] -- Up-to-date: /home/user/Jina/install/dsr_description2/share/dsr_description2/meshes/p3020/P3020_6_1.STL
[0.265s] -- Up-to-date: /home/user/Jina/install/dsr_description2/share/dsr_description2/meshes/p3020/P3020_1_4.STL
[0.265s] -- Up-to-date: /home/user/Jina/install/dsr_description2/share/dsr_description2/meshes/m1509_white
[0.265s] -- Up-to-date: /home/user/Jina/install/dsr_description2/share/dsr_description2/meshes/m1509_white/MF1509_5_0.dae
[0.265s] -- Up-to-date: /home/user/Jina/install/dsr_description2/share/dsr_description2/meshes/m1509_white/MF1509_6_0.dae
[0.265s] -- Up-to-date: /home/user/Jina/install/dsr_description2/share/dsr_description2/meshes/m1509_white/MF1509_2_2.dae
[0.265s] -- Up-to-date: /home/user/Jina/install/dsr_description2/share/dsr_description2/meshes/m1509_white/MF1509_4_1.dae
[0.265s] -- Up-to-date: /home/user/Jina/install/dsr_description2/share/dsr_description2/meshes/m1509_white/MF1509_0_0.dae
[0.265s] -- Up-to-date: /home/user/Jina/install/dsr_description2/share/dsr_description2/meshes/m1509_white/MF1509_1_0.dae
[0.265s] -- Up-to-date: /home/user/Jina/install/dsr_description2/share/dsr_description2/meshes/m1509_white/MF1509_4_0.dae
[0.265s] -- Up-to-date: /home/user/Jina/install/dsr_description2/share/dsr_description2/meshes/m1509_white/MF1509_2_1.dae
[0.265s] -- Up-to-date: /home/user/Jina/install/dsr_description2/share/dsr_description2/meshes/m1509_white/MF1509_3_0.dae
[0.265s] -- Up-to-date: /home/user/Jina/install/dsr_description2/share/dsr_description2/meshes/m1509_white/MF1509_2_0.dae
[0.272s] -- Up-to-date: /home/user/Jina/install/dsr_description2/share/dsr_description2/meshes/a0509_collision
[0.272s] -- Up-to-date: /home/user/Jina/install/dsr_description2/share/dsr_description2/meshes/a0509_collision/A0509_1_1.dae
[0.272s] -- Up-to-date: /home/user/Jina/install/dsr_description2/share/dsr_description2/meshes/a0509_collision/A0509_4_0.dae
[0.272s] -- Up-to-date: /home/user/Jina/install/dsr_description2/share/dsr_description2/meshes/a0509_collision/A0509_3_0.dae
[0.272s] -- Up-to-date: /home/user/Jina/install/dsr_description2/share/dsr_description2/meshes/a0509_collision/A0509_0_0.dae
[0.272s] -- Up-to-date: /home/user/Jina/install/dsr_description2/share/dsr_description2/meshes/a0509_collision/A0509_1_0.dae
[0.272s] -- Up-to-date: /home/user/Jina/install/dsr_description2/share/dsr_description2/meshes/a0509_collision/A0509_2_0.dae
[0.272s] -- Up-to-date: /home/user/Jina/install/dsr_description2/share/dsr_description2/meshes/a0509_collision/A0509_3_1.dae
[0.272s] -- Up-to-date: /home/user/Jina/install/dsr_description2/share/dsr_description2/meshes/a0509_collision/A0509_5_0.dae
[0.272s] -- Up-to-date: /home/user/Jina/install/dsr_description2/share/dsr_description2/meshes/a0509_collision/A0509_2_2.dae
[0.272s] -- Up-to-date: /home/user/Jina/install/dsr_description2/share/dsr_description2/meshes/a0509_collision/A0509_1_2.dae
[0.272s] -- Up-to-date: /home/user/Jina/install/dsr_description2/share/dsr_description2/meshes/a0509_collision/A0509_2_1.dae
[0.273s] -- Up-to-date: /home/user/Jina/install/dsr_description2/share/dsr_description2/meshes/a0509_collision/A0509_4_1.dae
[0.273s] -- Up-to-date: /home/user/Jina/install/dsr_description2/share/dsr_description2/meshes/a0509_collision/A0509_5_1.dae
[0.273s] -- Up-to-date: /home/user/Jina/install/dsr_description2/share/dsr_description2/meshes/a0509_collision/A0509_6_0.dae
[0.273s] -- Up-to-date: /home/user/Jina/install/dsr_description2/share/dsr_description2/meshes/m0617_collision
[0.273s] -- Up-to-date: /home/user/Jina/install/dsr_description2/share/dsr_description2/meshes/m0617_collision/MF0617_6_0.dae
[0.273s] -- Up-to-date: /home/user/Jina/install/dsr_description2/share/dsr_description2/meshes/m0617_collision/MF0617_5_0.dae
[0.273s] -- Up-to-date: /home/user/Jina/install/dsr_description2/share/dsr_description2/meshes/m0617_collision/MF0617_0_0.dae
[0.273s] -- Up-to-date: /home/user/Jina/install/dsr_description2/share/dsr_description2/meshes/m0617_collision/MF0617_4_0.dae
[0.273s] -- Up-to-date: /home/user/Jina/install/dsr_description2/share/dsr_description2/meshes/m0617_collision/MF0617_2_0.dae
[0.273s] -- Up-to-date: /home/user/Jina/install/dsr_description2/share/dsr_description2/meshes/m0617_collision/MF0617_1_0.dae
[0.273s] -- Up-to-date: /home/user/Jina/install/dsr_description2/share/dsr_description2/meshes/m0617_collision/MF0617_2_2.dae
[0.273s] -- Up-to-date: /home/user/Jina/install/dsr_description2/share/dsr_description2/meshes/m0617_collision/MF0617_4_1.dae
[0.273s] -- Up-to-date: /home/user/Jina/install/dsr_description2/share/dsr_description2/meshes/m0617_collision/MF0617_2_1.dae
[0.273s] -- Up-to-date: /home/user/Jina/install/dsr_description2/share/dsr_description2/meshes/m0617_collision/MF0617_3_0.dae
[0.273s] -- Up-to-date: /home/user/Jina/install/dsr_description2/share/dsr_description2/meshes/h2515_blue
[0.273s] -- Up-to-date: /home/user/Jina/install/dsr_description2/share/dsr_description2/meshes/h2515_blue/H2515_0_0.dae
[0.273s] -- Up-to-date: /home/user/Jina/install/dsr_description2/share/dsr_description2/meshes/h2515_blue/H2515_2_1.dae
[0.273s] -- Up-to-date: /home/user/Jina/install/dsr_description2/share/dsr_description2/meshes/h2515_blue/H2515_2_2.dae
[0.273s] -- Up-to-date: /home/user/Jina/install/dsr_description2/share/dsr_description2/meshes/h2515_blue/H2515_2_0.dae
[0.273s] -- Up-to-date: /home/user/Jina/install/dsr_description2/share/dsr_description2/meshes/h2515_blue/H2515_4_1.dae
[0.273s] -- Up-to-date: /home/user/Jina/install/dsr_description2/share/dsr_description2/meshes/h2515_blue/H2515_5_0.dae
[0.273s] -- Up-to-date: /home/user/Jina/install/dsr_description2/share/dsr_description2/meshes/h2515_blue/H2515_6_0.dae
[0.273s] -- Up-to-date: /home/user/Jina/install/dsr_description2/share/dsr_description2/meshes/h2515_blue/H2515_3_0.dae
[0.273s] -- Up-to-date: /home/user/Jina/install/dsr_description2/share/dsr_description2/meshes/h2515_blue/H2515_1_0.dae
[0.273s] -- Up-to-date: /home/user/Jina/install/dsr_description2/share/dsr_description2/meshes/h2515_blue/H2515_4_0.dae
[0.273s] -- Up-to-date: /home/user/Jina/install/dsr_description2/share/dsr_description2/urdf
[0.273s] -- Up-to-date: /home/user/Jina/install/dsr_description2/share/dsr_description2/urdf/a0509.urdf
[0.273s] -- Up-to-date: /home/user/Jina/install/dsr_description2/share/dsr_description2/urdf/h2017.blue.urdf
[0.273s] -- Up-to-date: /home/user/Jina/install/dsr_description2/share/dsr_description2/urdf/a0509.white.urdf
[0.273s] -- Up-to-date: /home/user/Jina/install/dsr_description2/share/dsr_description2/urdf/m1509.white.urdf
[0.273s] -- Up-to-date: /home/user/Jina/install/dsr_description2/share/dsr_description2/urdf/m0617.blue.urdf
[0.273s] -- Up-to-date: /home/user/Jina/install/dsr_description2/share/dsr_description2/urdf/m0609_isaac_sim.urdf
[0.273s] -- Up-to-date: /home/user/Jina/install/dsr_description2/share/dsr_description2/urdf/m1013.blue.urdf
[0.274s] -- Up-to-date: /home/user/Jina/install/dsr_description2/share/dsr_description2/urdf/h2515.white.urdf
[0.274s] -- Up-to-date: /home/user/Jina/install/dsr_description2/share/dsr_description2/urdf/m1509.blue.urdf
[0.274s] -- Up-to-date: /home/user/Jina/install/dsr_description2/share/dsr_description2/urdf/p3020.urdf
[0.274s] -- Up-to-date: /home/user/Jina/install/dsr_description2/share/dsr_description2/urdf/a0912.blue.urdf
[0.274s] -- Up-to-date: /home/user/Jina/install/dsr_description2/share/dsr_description2/urdf/a0912.white.urdf
[0.274s] -- Up-to-date: /home/user/Jina/install/dsr_description2/share/dsr_description2/urdf/m1013.urdf
[0.274s] -- Up-to-date: /home/user/Jina/install/dsr_description2/share/dsr_description2/urdf/m0609.urdf
[0.274s] -- Up-to-date: /home/user/Jina/install/dsr_description2/share/dsr_description2/urdf/a0912.urdf
[0.274s] -- Up-to-date: /home/user/Jina/install/dsr_description2/share/dsr_description2/urdf/m1013.white.urdf
[0.274s] -- Up-to-date: /home/user/Jina/install/dsr_description2/share/dsr_description2/urdf/m0609.blue.urdf
[0.274s] -- Up-to-date: /home/user/Jina/install/dsr_description2/share/dsr_description2/urdf/e0509.urdf
[0.274s] -- Up-to-date: /home/user/Jina/install/dsr_description2/share/dsr_description2/urdf/m0617.urdf
[0.274s] -- Up-to-date: /home/user/Jina/install/dsr_description2/share/dsr_description2/urdf/h2515.blue.urdf
[0.274s] -- Up-to-date: /home/user/Jina/install/dsr_description2/share/dsr_description2/urdf/h2515.urdf
[0.274s] -- Up-to-date: /home/user/Jina/install/dsr_description2/share/dsr_description2/urdf/m0609.white.urdf
[0.274s] -- Up-to-date: /home/user/Jina/install/dsr_description2/share/dsr_description2/urdf/e0509.white.urdf
[0.274s] -- Up-to-date: /home/user/Jina/install/dsr_description2/share/dsr_description2/urdf/m1013_isaac_sim.urdf
[0.274s] -- Up-to-date: /home/user/Jina/install/dsr_description2/share/dsr_description2/urdf/h2017.white.urdf
[0.274s] -- Up-to-date: /home/user/Jina/install/dsr_description2/share/dsr_description2/urdf/m1509.urdf
[0.274s] -- Up-to-date: /home/user/Jina/install/dsr_description2/share/dsr_description2/urdf/a0509.blue.urdf
[0.274s] -- Up-to-date: /home/user/Jina/install/dsr_description2/share/dsr_description2/urdf/m0617.white.urdf
[0.274s] -- Up-to-date: /home/user/Jina/install/dsr_description2/share/dsr_description2/urdf/h2017.urdf
[0.274s] -- Up-to-date: /home/user/Jina/install/dsr_description2/share/dsr_description2/xacro
[0.274s] -- Up-to-date: /home/user/Jina/install/dsr_description2/share/dsr_description2/xacro/m1509.urdf.xacro
[0.274s] -- Up-to-date: /home/user/Jina/install/dsr_description2/share/dsr_description2/xacro/macro.p3020.blue.xacro
[0.274s] -- Up-to-date: /home/user/Jina/install/dsr_description2/share/dsr_description2/xacro/macro.m0617.white.xacro
[0.279s] -- Up-to-date: /home/user/Jina/install/dsr_description2/share/dsr_description2/xacro/macro.a0509.blue.xacro
[0.280s] -- Up-to-date: /home/user/Jina/install/dsr_description2/share/dsr_description2/xacro/a0912.urdf.xacro
[0.280s] -- Up-to-date: /home/user/Jina/install/dsr_description2/share/dsr_description2/xacro/macro.p3020.white.xacro
[0.280s] -- Up-to-date: /home/user/Jina/install/dsr_description2/share/dsr_description2/xacro/m0609.urdf.xacro
[0.281s] -- Up-to-date: /home/user/Jina/install/dsr_description2/share/dsr_description2/xacro/macro.h2017.white.xacro
[0.281s] -- Up-to-date: /home/user/Jina/install/dsr_description2/share/dsr_description2/xacro/macro.m1509.white.xacro
[0.281s] -- Up-to-date: /home/user/Jina/install/dsr_description2/share/dsr_description2/xacro/macro.h2515.white.xacro
[0.281s] -- Up-to-date: /home/user/Jina/install/dsr_description2/share/dsr_description2/xacro/a0509.urdf.xacro
[0.281s] -- Up-to-date: /home/user/Jina/install/dsr_description2/share/dsr_description2/xacro/e0509.urdf.xacro
[0.282s] -- Up-to-date: /home/user/Jina/install/dsr_description2/share/dsr_description2/xacro/macro.a0509.white.xacro
[0.282s] -- Up-to-date: /home/user/Jina/install/dsr_description2/share/dsr_description2/xacro/macro.a0912.blue.xacro
[0.282s] -- Up-to-date: /home/user/Jina/install/dsr_description2/share/dsr_description2/xacro/m1013.urdf.xacro
[0.282s] -- Up-to-date: /home/user/Jina/install/dsr_description2/share/dsr_description2/xacro/macro.h2515.blue.xacro
[0.282s] -- Up-to-date: /home/user/Jina/install/dsr_description2/share/dsr_description2/xacro/macro.m1013.white.xacro
[0.282s] -- Up-to-date: /home/user/Jina/install/dsr_description2/share/dsr_description2/xacro/macro.m0609.white.xacro
[0.282s] -- Up-to-date: /home/user/Jina/install/dsr_description2/share/dsr_description2/xacro/h2017.urdf.xacro
[0.282s] -- Up-to-date: /home/user/Jina/install/dsr_description2/share/dsr_description2/xacro/robotiq_2f85.xacro
[0.283s] -- Up-to-date: /home/user/Jina/install/dsr_description2/share/dsr_description2/xacro/macro.m1509.blue.xacro
[0.283s] -- Up-to-date: /home/user/Jina/install/dsr_description2/share/dsr_description2/xacro/p3020.urdf.xacro
[0.283s] -- Up-to-date: /home/user/Jina/install/dsr_description2/share/dsr_description2/xacro/macro.e0509.white.xacro
[0.284s] -- Up-to-date: /home/user/Jina/install/dsr_description2/share/dsr_description2/xacro/macro.m0609.blue.xacro
[0.284s] -- Up-to-date: /home/user/Jina/install/dsr_description2/share/dsr_description2/xacro/m0617.urdf.xacro
[0.284s] -- Up-to-date: /home/user/Jina/install/dsr_description2/share/dsr_description2/xacro/macro.h2017.blue.xacro
[0.286s] -- Up-to-date: /home/user/Jina/install/dsr_description2/share/dsr_description2/xacro/h2515.urdf.xacro
[0.287s] -- Up-to-date: /home/user/Jina/install/dsr_description2/share/dsr_description2/xacro/macro.m1013.blue.xacro
[0.287s] -- Up-to-date: /home/user/Jina/install/dsr_description2/share/dsr_description2/xacro/macro.a0912.white.xacro
[0.287s] -- Up-to-date: /home/user/Jina/install/dsr_description2/share/dsr_description2/xacro/macro.m0617.blue.xacro
[0.287s] -- Up-to-date: /home/user/Jina/install/dsr_description2/share/dsr_description2/config
[0.296s] -- Up-to-date: /home/user/Jina/install/dsr_description2/share/dsr_description2/config/macro.transmission.xacro
[0.297s] -- Up-to-date: /home/user/Jina/install/dsr_description2/share/dsr_description2/config/macro.gazebo.xacro
[0.297s] -- Up-to-date: /home/user/Jina/install/dsr_description2/share/dsr_description2/config/macro.wheel.xacro
[0.300s] -- Up-to-date: /home/user/Jina/install/dsr_description2/share/dsr_description2/config/macro.decorations.xacro
[0.300s] -- Up-to-date: /home/user/Jina/install/dsr_description2/share/dsr_description2/config/macro.materials.xacro
[0.300s] -- Up-to-date: /home/user/Jina/install/dsr_description2/share/dsr_description2/config/macro.gazebo.p3020.xacro
[0.300s] -- Up-to-date: /home/user/Jina/install/dsr_description2/share/dsr_description2/ros2_control
[0.300s] -- Up-to-date: /home/user/Jina/install/dsr_description2/share/dsr_description2/ros2_control/e0509.gz_ros2_control.xacro
[0.300s] -- Up-to-date: /home/user/Jina/install/dsr_description2/share/dsr_description2/ros2_control/m0617.ros2_control.xacro
[0.300s] -- Up-to-date: /home/user/Jina/install/dsr_description2/share/dsr_description2/ros2_control/m0609.ros2_control.xacro
[0.301s] -- Up-to-date: /home/user/Jina/install/dsr_description2/share/dsr_description2/ros2_control/p3020.gz_ros2_control.xacro
[0.301s] -- Up-to-date: /home/user/Jina/install/dsr_description2/share/dsr_description2/ros2_control/robotiq_2f85.mj_ros2_control.xacro
[0.301s] -- Up-to-date: /home/user/Jina/install/dsr_description2/share/dsr_description2/ros2_control/m1509.mj_ros2_control.xacro
[0.301s] -- Up-to-date: /home/user/Jina/install/dsr_description2/share/dsr_description2/ros2_control/h2017.mj_ros2_control.xacro
[0.301s] -- Up-to-date: /home/user/Jina/install/dsr_description2/share/dsr_description2/ros2_control/a0509.mj_ros2_control.xacro
[0.301s] -- Up-to-date: /home/user/Jina/install/dsr_description2/share/dsr_description2/ros2_control/m1509.gz_ros2_control.xacro
[0.301s] -- Up-to-date: /home/user/Jina/install/dsr_description2/share/dsr_description2/ros2_control/p3020.ros2_control.xacro
[0.301s] -- Up-to-date: /home/user/Jina/install/dsr_description2/share/dsr_description2/ros2_control/a0509.gz_ros2_control.xacro
[0.301s] -- Up-to-date: /home/user/Jina/install/dsr_description2/share/dsr_description2/ros2_control/e0509.ros2_control.xacro
[0.301s] -- Up-to-date: /home/user/Jina/install/dsr_description2/share/dsr_description2/ros2_control/m1013.ros2_control.xacro
[0.301s] -- Up-to-date: /home/user/Jina/install/dsr_description2/share/dsr_description2/ros2_control/m0609.gz_ros2_control.xacro
[0.301s] -- Up-to-date: /home/user/Jina/install/dsr_description2/share/dsr_description2/ros2_control/m1509.ros2_control.xacro
[0.301s] -- Up-to-date: /home/user/Jina/install/dsr_description2/share/dsr_description2/ros2_control/a0912.mj_ros2_control.xacro
[0.301s] -- Up-to-date: /home/user/Jina/install/dsr_description2/share/dsr_description2/ros2_control/m1013.gz_ros2_control.xacro
[0.302s] -- Up-to-date: /home/user/Jina/install/dsr_description2/share/dsr_description2/ros2_control/m0617.gz_ros2_control.xacro
[0.302s] -- Up-to-date: /home/user/Jina/install/dsr_description2/share/dsr_description2/ros2_control/e0509.mj_ros2_control.xacro
[0.302s] -- Up-to-date: /home/user/Jina/install/dsr_description2/share/dsr_description2/ros2_control/h2017.gz_ros2_control.xacro
[0.302s] -- Up-to-date: /home/user/Jina/install/dsr_description2/share/dsr_description2/ros2_control/a0509.ros2_control.xacro
[0.302s] -- Up-to-date: /home/user/Jina/install/dsr_description2/share/dsr_description2/ros2_control/m0617.mj_ros2_control.xacro
[0.302s] -- Up-to-date: /home/user/Jina/install/dsr_description2/share/dsr_description2/ros2_control/a0912.ros2_control.xacro
[0.302s] -- Up-to-date: /home/user/Jina/install/dsr_description2/share/dsr_description2/ros2_control/h2515.gz_ros2_control.xacro
[0.302s] -- Up-to-date: /home/user/Jina/install/dsr_description2/share/dsr_description2/ros2_control/a0912.gz_ros2_control.xacro
[0.302s] -- Up-to-date: /home/user/Jina/install/dsr_description2/share/dsr_description2/ros2_control/m0609.mj_ros2_control.xacro
[0.302s] -- Up-to-date: /home/user/Jina/install/dsr_description2/share/dsr_description2/ros2_control/m1013.mj_ros2_control.xacro
[0.302s] -- Up-to-date: /home/user/Jina/install/dsr_description2/share/dsr_description2/ros2_control/h2515.ros2_control.xacro
[0.302s] -- Up-to-date: /home/user/Jina/install/dsr_description2/share/dsr_description2/ros2_control/h2017.ros2_control.xacro
[0.302s] -- Up-to-date: /home/user/Jina/install/dsr_description2/share/dsr_description2/ros2_control/h2515.mj_ros2_control.xacro
[0.302s] -- Up-to-date: /home/user/Jina/install/dsr_description2/share/dsr_description2/mujoco_models
[0.303s] -- Up-to-date: /home/user/Jina/install/dsr_description2/share/dsr_description2/mujoco_models/m0617
[0.303s] -- Up-to-date: /home/user/Jina/install/dsr_description2/share/dsr_description2/mujoco_models/m0617/m0617.xml
[0.303s] -- Up-to-date: /home/user/Jina/install/dsr_description2/share/dsr_description2/mujoco_models/m0617/scene.xml
[0.303s] -- Up-to-date: /home/user/Jina/install/dsr_description2/share/dsr_description2/mujoco_models/m0617/assets
[0.303s] -- Up-to-date: /home/user/Jina/install/dsr_description2/share/dsr_description2/mujoco_models/m0617/assets/MF0617_0_0.stl
[0.303s] -- Up-to-date: /home/user/Jina/install/dsr_description2/share/dsr_description2/mujoco_models/m0617/assets/MF0617_4_1.stl
[0.303s] -- Up-to-date: /home/user/Jina/install/dsr_description2/share/dsr_description2/mujoco_models/m0617/assets/MF0617_3_0.stl
[0.303s] -- Up-to-date: /home/user/Jina/install/dsr_description2/share/dsr_description2/mujoco_models/m0617/assets/MF0617_4_0.stl
[0.303s] -- Up-to-date: /home/user/Jina/install/dsr_description2/share/dsr_description2/mujoco_models/m0617/assets/MF0617_5_0.stl
[0.303s] -- Up-to-date: /home/user/Jina/install/dsr_description2/share/dsr_description2/mujoco_models/m0617/assets/MF0617_2_0.stl
[0.303s] -- Up-to-date: /home/user/Jina/install/dsr_description2/share/dsr_description2/mujoco_models/m0617/assets/MF0617_2_1.stl
[0.303s] -- Up-to-date: /home/user/Jina/install/dsr_description2/share/dsr_description2/mujoco_models/m0617/assets/MF0617_1_0.stl
[0.304s] -- Up-to-date: /home/user/Jina/install/dsr_description2/share/dsr_description2/mujoco_models/m0617/assets/MF0617_2_2.stl
[0.304s] -- Up-to-date: /home/user/Jina/install/dsr_description2/share/dsr_description2/mujoco_models/m0617/assets/MF0617_6_0.stl
[0.304s] -- Up-to-date: /home/user/Jina/install/dsr_description2/share/dsr_description2/mujoco_models/a0509
[0.304s] -- Up-to-date: /home/user/Jina/install/dsr_description2/share/dsr_description2/mujoco_models/a0509/scene.xml
[0.304s] -- Up-to-date: /home/user/Jina/install/dsr_description2/share/dsr_description2/mujoco_models/a0509/assets
[0.304s] -- Up-to-date: /home/user/Jina/install/dsr_description2/share/dsr_description2/mujoco_models/a0509/assets/A0509_2_0.stl
[0.307s] -- Up-to-date: /home/user/Jina/install/dsr_description2/share/dsr_description2/mujoco_models/a0509/assets/A0509_1_2.stl
[0.307s] -- Up-to-date: /home/user/Jina/install/dsr_description2/share/dsr_description2/mujoco_models/a0509/assets/A0509_3_1.stl
[0.307s] -- Up-to-date: /home/user/Jina/install/dsr_description2/share/dsr_description2/mujoco_models/a0509/assets/A0509_2_1.stl
[0.307s] -- Up-to-date: /home/user/Jina/install/dsr_description2/share/dsr_description2/mujoco_models/a0509/assets/A0509_2_2.stl
[0.307s] -- Up-to-date: /home/user/Jina/install/dsr_description2/share/dsr_description2/mujoco_models/a0509/assets/A0509_4_1.stl
[0.308s] -- Up-to-date: /home/user/Jina/install/dsr_description2/share/dsr_description2/mujoco_models/a0509/assets/A0509_1_0.stl
[0.308s] -- Up-to-date: /home/user/Jina/install/dsr_description2/share/dsr_description2/mujoco_models/a0509/assets/A0509_4_0.stl
[0.308s] -- Up-to-date: /home/user/Jina/install/dsr_description2/share/dsr_description2/mujoco_models/a0509/assets/A0509_5_0.stl
[0.308s] -- Up-to-date: /home/user/Jina/install/dsr_description2/share/dsr_description2/mujoco_models/a0509/assets/A0509_3_0.stl
[0.308s] -- Up-to-date: /home/user/Jina/install/dsr_description2/share/dsr_description2/mujoco_models/a0509/assets/A0509_6_0.stl
[0.308s] -- Up-to-date: /home/user/Jina/install/dsr_description2/share/dsr_description2/mujoco_models/a0509/assets/A0509_1_1.stl
[0.308s] -- Up-to-date: /home/user/Jina/install/dsr_description2/share/dsr_description2/mujoco_models/a0509/assets/A0509_0_0.stl
[0.308s] -- Up-to-date: /home/user/Jina/install/dsr_description2/share/dsr_description2/mujoco_models/a0509/assets/A0509_5_1.stl
[0.308s] -- Up-to-date: /home/user/Jina/install/dsr_description2/share/dsr_description2/mujoco_models/a0509/a0509.xml
[0.308s] -- Up-to-date: /home/user/Jina/install/dsr_description2/share/dsr_description2/mujoco_models/m0609
[0.308s] -- Up-to-date: /home/user/Jina/install/dsr_description2/share/dsr_description2/mujoco_models/m0609/m0609.xml
[0.308s] -- Up-to-date: /home/user/Jina/install/dsr_description2/share/dsr_description2/mujoco_models/m0609/scene.xml
[0.308s] -- Up-to-date: /home/user/Jina/install/dsr_description2/share/dsr_description2/mujoco_models/m0609/assets
[0.309s] -- Up-to-date: /home/user/Jina/install/dsr_description2/share/dsr_description2/mujoco_models/m0609/assets/MF0609_6_0.stl
[0.309s] -- Up-to-date: /home/user/Jina/install/dsr_description2/share/dsr_description2/mujoco_models/m0609/assets/MF0609_2_2.stl
[0.309s] -- Up-to-date: /home/user/Jina/install/dsr_description2/share/dsr_description2/mujoco_models/m0609/assets/MF0609_0_0.stl
[0.309s] -- Up-to-date: /home/user/Jina/install/dsr_description2/share/dsr_description2/mujoco_models/m0609/assets/MF0609_2_1.stl
[0.309s] -- Up-to-date: /home/user/Jina/install/dsr_description2/share/dsr_description2/mujoco_models/m0609/assets/MF0609_4_1.stl
[0.309s] -- Up-to-date: /home/user/Jina/install/dsr_description2/share/dsr_description2/mujoco_models/m0609/assets/MF0609_1_0.stl
[0.309s] -- Up-to-date: /home/user/Jina/install/dsr_description2/share/dsr_description2/mujoco_models/m0609/assets/MF0609_4_0.stl
[0.309s] -- Up-to-date: /home/user/Jina/install/dsr_description2/share/dsr_description2/mujoco_models/m0609/assets/MF0609_5_0.stl
[0.309s] -- Up-to-date: /home/user/Jina/install/dsr_description2/share/dsr_description2/mujoco_models/m0609/assets/MF0609_2_0.stl
[0.309s] -- Up-to-date: /home/user/Jina/install/dsr_description2/share/dsr_description2/mujoco_models/m0609/assets/MF0609_3_0.stl
[0.309s] -- Up-to-date: /home/user/Jina/install/dsr_description2/share/dsr_description2/mujoco_models/m1509
[0.309s] -- Up-to-date: /home/user/Jina/install/dsr_description2/share/dsr_description2/mujoco_models/m1509/m1509.xml
[0.309s] -- Up-to-date: /home/user/Jina/install/dsr_description2/share/dsr_description2/mujoco_models/m1509/scene.xml
[0.310s] -- Up-to-date: /home/user/Jina/install/dsr_description2/share/dsr_description2/mujoco_models/m1509/assets
[0.310s] -- Up-to-date: /home/user/Jina/install/dsr_description2/share/dsr_description2/mujoco_models/m1509/assets/MF1509_2_0.stl
[0.310s] -- Up-to-date: /home/user/Jina/install/dsr_description2/share/dsr_description2/mujoco_models/m1509/assets/MF1509_5_0.stl
[0.310s] -- Up-to-date: /home/user/Jina/install/dsr_description2/share/dsr_description2/mujoco_models/m1509/assets/MF1509_1_0.stl
[0.310s] -- Up-to-date: /home/user/Jina/install/dsr_description2/share/dsr_description2/mujoco_models/m1509/assets/MF1509_2_2.stl
[0.310s] -- Up-to-date: /home/user/Jina/install/dsr_description2/share/dsr_description2/mujoco_models/m1509/assets/MF1509_4_0.stl
[0.310s] -- Up-to-date: /home/user/Jina/install/dsr_description2/share/dsr_description2/mujoco_models/m1509/assets/MF1509_4_1.stl
[0.315s] -- Up-to-date: /home/user/Jina/install/dsr_description2/share/dsr_description2/mujoco_models/m1509/assets/MF1509_3_0.stl
[0.325s] -- Up-to-date: /home/user/Jina/install/dsr_description2/share/dsr_description2/mujoco_models/m1509/assets/MF1509_6_0.stl
[0.325s] -- Up-to-date: /home/user/Jina/install/dsr_description2/share/dsr_description2/mujoco_models/m1509/assets/MF1509_0_0.stl
[0.325s] -- Up-to-date: /home/user/Jina/install/dsr_description2/share/dsr_description2/mujoco_models/m1509/assets/MF1509_2_1.stl
[0.325s] -- Up-to-date: /home/user/Jina/install/dsr_description2/share/dsr_description2/mujoco_models/e0509
[0.325s] -- Up-to-date: /home/user/Jina/install/dsr_description2/share/dsr_description2/mujoco_models/e0509/scene.xml
[0.325s] -- Up-to-date: /home/user/Jina/install/dsr_description2/share/dsr_description2/mujoco_models/e0509/assets
[0.325s] -- Up-to-date: /home/user/Jina/install/dsr_description2/share/dsr_description2/mujoco_models/e0509/assets/E0509_1_1.stl
[0.325s] -- Up-to-date: /home/user/Jina/install/dsr_description2/share/dsr_description2/mujoco_models/e0509/assets/E0509_1_2.stl
[0.326s] -- Up-to-date: /home/user/Jina/install/dsr_description2/share/dsr_description2/mujoco_models/e0509/assets/E0509_1_3.stl
[0.326s] -- Up-to-date: /home/user/Jina/install/dsr_description2/share/dsr_description2/mujoco_models/e0509/assets/E0509_2_2.stl
[0.330s] -- Up-to-date: /home/user/Jina/install/dsr_description2/share/dsr_description2/mujoco_models/e0509/assets/E0509_6_1.stl
[0.330s] -- Up-to-date: /home/user/Jina/install/dsr_description2/share/dsr_description2/mujoco_models/e0509/assets/E0509_2_1.stl
[0.330s] -- Up-to-date: /home/user/Jina/install/dsr_description2/share/dsr_description2/mujoco_models/e0509/assets/E0509_3_1.stl
[0.330s] -- Up-to-date: /home/user/Jina/install/dsr_description2/share/dsr_description2/mujoco_models/e0509/assets/E0509_4_2.stl
[0.330s] -- Up-to-date: /home/user/Jina/install/dsr_description2/share/dsr_description2/mujoco_models/e0509/assets/E0509_0_0.stl
[0.330s] -- Up-to-date: /home/user/Jina/install/dsr_description2/share/dsr_description2/mujoco_models/e0509/assets/E0509_4_1.stl
[0.330s] -- Up-to-date: /home/user/Jina/install/dsr_description2/share/dsr_description2/mujoco_models/e0509/assets/E0509_3_2.stl
[0.331s] -- Up-to-date: /home/user/Jina/install/dsr_description2/share/dsr_description2/mujoco_models/e0509/assets/E0509_1_4.stl
[0.331s] -- Up-to-date: /home/user/Jina/install/dsr_description2/share/dsr_description2/mujoco_models/e0509/assets/E0509_5_2.stl
[0.331s] -- Up-to-date: /home/user/Jina/install/dsr_description2/share/dsr_description2/mujoco_models/e0509/assets/E0509_5_1.stl
[0.331s] -- Up-to-date: /home/user/Jina/install/dsr_description2/share/dsr_description2/mujoco_models/e0509/e0509.xml
[0.331s] -- Up-to-date: /home/user/Jina/install/dsr_description2/share/dsr_description2/mujoco_models/m1013
[0.331s] -- Up-to-date: /home/user/Jina/install/dsr_description2/share/dsr_description2/mujoco_models/m1013/m1013.xml
[0.331s] -- Up-to-date: /home/user/Jina/install/dsr_description2/share/dsr_description2/mujoco_models/m1013/scene.xml
[0.337s] -- Up-to-date: /home/user/Jina/install/dsr_description2/share/dsr_description2/mujoco_models/m1013/assets
[0.338s] -- Up-to-date: /home/user/Jina/install/dsr_description2/share/dsr_description2/mujoco_models/m1013/assets/MF1013_3_0.stl
[0.338s] -- Up-to-date: /home/user/Jina/install/dsr_description2/share/dsr_description2/mujoco_models/m1013/assets/MF1013_5_0.stl
[0.338s] -- Up-to-date: /home/user/Jina/install/dsr_description2/share/dsr_description2/mujoco_models/m1013/assets/MF1013_0_0.stl
[0.338s] -- Up-to-date: /home/user/Jina/install/dsr_description2/share/dsr_description2/mujoco_models/m1013/assets/MF1013_2_2.stl
[0.338s] -- Up-to-date: /home/user/Jina/install/dsr_description2/share/dsr_description2/mujoco_models/m1013/assets/MF1013_6_0.stl
[0.338s] -- Up-to-date: /home/user/Jina/install/dsr_description2/share/dsr_description2/mujoco_models/m1013/assets/MF1013_2_1.stl
[0.338s] -- Up-to-date: /home/user/Jina/install/dsr_description2/share/dsr_description2/mujoco_models/m1013/assets/MF1013_2_0.stl
[0.338s] -- Up-to-date: /home/user/Jina/install/dsr_description2/share/dsr_description2/mujoco_models/m1013/assets/MF1013_1_0.stl
[0.338s] -- Up-to-date: /home/user/Jina/install/dsr_description2/share/dsr_description2/mujoco_models/m1013/assets/MF1013_4_0.stl
[0.338s] -- Up-to-date: /home/user/Jina/install/dsr_description2/share/dsr_description2/mujoco_models/m1013/assets/MF1013_4_1.stl
[0.338s] -- Up-to-date: /home/user/Jina/install/dsr_description2/share/dsr_description2/mujoco_models/2f85
[0.338s] -- Up-to-date: /home/user/Jina/install/dsr_description2/share/dsr_description2/mujoco_models/2f85/README.md
[0.338s] -- Up-to-date: /home/user/Jina/install/dsr_description2/share/dsr_description2/mujoco_models/2f85/LICENSE
[0.338s] -- Up-to-date: /home/user/Jina/install/dsr_description2/share/dsr_description2/mujoco_models/2f85/scene.xml
[0.339s] -- Up-to-date: /home/user/Jina/install/dsr_description2/share/dsr_description2/mujoco_models/2f85/2f85.xml
[0.339s] -- Up-to-date: /home/user/Jina/install/dsr_description2/share/dsr_description2/mujoco_models/2f85/assets
[0.339s] -- Up-to-date: /home/user/Jina/install/dsr_description2/share/dsr_description2/mujoco_models/2f85/assets/driver.stl
[0.339s] -- Up-to-date: /home/user/Jina/install/dsr_description2/share/dsr_description2/mujoco_models/2f85/assets/follower.stl
[0.339s] -- Up-to-date: /home/user/Jina/install/dsr_description2/share/dsr_description2/mujoco_models/2f85/assets/base.stl
[0.339s] -- Up-to-date: /home/user/Jina/install/dsr_description2/share/dsr_description2/mujoco_models/2f85/assets/base_mount.stl
[0.339s] -- Up-to-date: /home/user/Jina/install/dsr_description2/share/dsr_description2/mujoco_models/2f85/assets/coupler.stl
[0.339s] -- Up-to-date: /home/user/Jina/install/dsr_description2/share/dsr_description2/mujoco_models/2f85/assets/spring_link.stl
[0.339s] -- Up-to-date: /home/user/Jina/install/dsr_description2/share/dsr_description2/mujoco_models/2f85/assets/pad.stl
[0.339s] -- Up-to-date: /home/user/Jina/install/dsr_description2/share/dsr_description2/mujoco_models/2f85/assets/silicone_pad.stl
[0.339s] -- Up-to-date: /home/user/Jina/install/dsr_description2/share/dsr_description2/mujoco_models/h2515
[0.339s] -- Up-to-date: /home/user/Jina/install/dsr_description2/share/dsr_description2/mujoco_models/h2515/scene.xml
[0.339s] -- Up-to-date: /home/user/Jina/install/dsr_description2/share/dsr_description2/mujoco_models/h2515/assets
[0.339s] -- Up-to-date: /home/user/Jina/install/dsr_description2/share/dsr_description2/mujoco_models/h2515/assets/H2515_0_0.stl
[0.339s] -- Up-to-date: /home/user/Jina/install/dsr_description2/share/dsr_description2/mujoco_models/h2515/assets/H2515_6_0.stl
[0.339s] -- Up-to-date: /home/user/Jina/install/dsr_description2/share/dsr_description2/mujoco_models/h2515/assets/H2515_4_0.stl
[0.339s] -- Up-to-date: /home/user/Jina/install/dsr_description2/share/dsr_description2/mujoco_models/h2515/assets/H2515_2_1.stl
[0.339s] -- Up-to-date: /home/user/Jina/install/dsr_description2/share/dsr_description2/mujoco_models/h2515/assets/H2515_2_2.stl
[0.340s] -- Up-to-date: /home/user/Jina/install/dsr_description2/share/dsr_description2/mujoco_models/h2515/assets/H2515_3_0.stl
[0.340s] -- Up-to-date: /home/user/Jina/install/dsr_description2/share/dsr_description2/mujoco_models/h2515/assets/H2515_2_0.stl
[0.340s] -- Up-to-date: /home/user/Jina/install/dsr_description2/share/dsr_description2/mujoco_models/h2515/assets/H2515_5_0.stl
[0.340s] -- Up-to-date: /home/user/Jina/install/dsr_description2/share/dsr_description2/mujoco_models/h2515/assets/H2515_4_1.stl
[0.340s] -- Up-to-date: /home/user/Jina/install/dsr_description2/share/dsr_description2/mujoco_models/h2515/assets/H2515_1_0.stl
[0.340s] -- Up-to-date: /home/user/Jina/install/dsr_description2/share/dsr_description2/mujoco_models/h2515/h2515.xml
[0.340s] -- Up-to-date: /home/user/Jina/install/dsr_description2/share/dsr_description2/mujoco_models/h2017
[0.340s] -- Up-to-date: /home/user/Jina/install/dsr_description2/share/dsr_description2/mujoco_models/h2017/h2017.xml
[0.340s] -- Up-to-date: /home/user/Jina/install/dsr_description2/share/dsr_description2/mujoco_models/h2017/scene.xml
[0.340s] -- Up-to-date: /home/user/Jina/install/dsr_description2/share/dsr_description2/mujoco_models/h2017/assets
[0.340s] -- Up-to-date: /home/user/Jina/install/dsr_description2/share/dsr_description2/mujoco_models/h2017/assets/H2017_0_0.stl
[0.340s] -- Up-to-date: /home/user/Jina/install/dsr_description2/share/dsr_description2/mujoco_models/h2017/assets/H2017_5_0.stl
[0.340s] -- Up-to-date: /home/user/Jina/install/dsr_description2/share/dsr_description2/mujoco_models/h2017/assets/H2017_3_0.stl
[0.340s] -- Up-to-date: /home/user/Jina/install/dsr_description2/share/dsr_description2/mujoco_models/h2017/assets/H2017_6_0.stl
[0.340s] -- Up-to-date: /home/user/Jina/install/dsr_description2/share/dsr_description2/mujoco_models/h2017/assets/H2017_4_0.stl
[0.340s] -- Up-to-date: /home/user/Jina/install/dsr_description2/share/dsr_description2/mujoco_models/h2017/assets/H2017_2_0.stl
[0.340s] -- Up-to-date: /home/user/Jina/install/dsr_description2/share/dsr_description2/mujoco_models/h2017/assets/H2017_2_1.stl
[0.340s] -- Up-to-date: /home/user/Jina/install/dsr_description2/share/dsr_description2/mujoco_models/h2017/assets/H2017_4_1.stl
[0.340s] -- Up-to-date: /home/user/Jina/install/dsr_description2/share/dsr_description2/mujoco_models/h2017/assets/H2017_1_0.stl
[0.341s] -- Up-to-date: /home/user/Jina/install/dsr_description2/share/dsr_description2/mujoco_models/h2017/assets/H2017_2_2.stl
[0.341s] -- Up-to-date: /home/user/Jina/install/dsr_description2/share/dsr_description2/mujoco_models/a0912
[0.341s] -- Up-to-date: /home/user/Jina/install/dsr_description2/share/dsr_description2/mujoco_models/a0912/a0912.xml
[0.345s] -- Up-to-date: /home/user/Jina/install/dsr_description2/share/dsr_description2/mujoco_models/a0912/scene.xml
[0.346s] -- Up-to-date: /home/user/Jina/install/dsr_description2/share/dsr_description2/mujoco_models/a0912/assets
[0.346s] -- Up-to-date: /home/user/Jina/install/dsr_description2/share/dsr_description2/mujoco_models/a0912/assets/A0912_5_0.stl
[0.346s] -- Up-to-date: /home/user/Jina/install/dsr_description2/share/dsr_description2/mujoco_models/a0912/assets/A0912_1_2.stl
[0.346s] -- Up-to-date: /home/user/Jina/install/dsr_description2/share/dsr_description2/mujoco_models/a0912/assets/A0912_1_0.stl
[0.346s] -- Up-to-date: /home/user/Jina/install/dsr_description2/share/dsr_description2/mujoco_models/a0912/assets/A0912_5_1.stl
[0.346s] -- Up-to-date: /home/user/Jina/install/dsr_description2/share/dsr_description2/mujoco_models/a0912/assets/A0912_6_0.stl
[0.346s] -- Up-to-date: /home/user/Jina/install/dsr_description2/share/dsr_description2/mujoco_models/a0912/assets/A0912_0_0.stl
[0.346s] -- Up-to-date: /home/user/Jina/install/dsr_description2/share/dsr_description2/mujoco_models/a0912/assets/A0912_4_1.stl
[0.346s] -- Up-to-date: /home/user/Jina/install/dsr_description2/share/dsr_description2/mujoco_models/a0912/assets/A0912_3_0.stl
[0.346s] -- Up-to-date: /home/user/Jina/install/dsr_description2/share/dsr_description2/mujoco_models/a0912/assets/A0912_2_0.stl
[0.346s] -- Up-to-date: /home/user/Jina/install/dsr_description2/share/dsr_description2/mujoco_models/a0912/assets/A0912_3_1.stl
[0.346s] -- Up-to-date: /home/user/Jina/install/dsr_description2/share/dsr_description2/mujoco_models/a0912/assets/A0912_2_2.stl
[0.346s] -- Up-to-date: /home/user/Jina/install/dsr_description2/share/dsr_description2/mujoco_models/a0912/assets/A0912_2_1.stl
[0.346s] -- Up-to-date: /home/user/Jina/install/dsr_description2/share/dsr_description2/mujoco_models/a0912/assets/A0912_4_0.stl
[0.346s] -- Up-to-date: /home/user/Jina/install/dsr_description2/share/dsr_description2/mujoco_models/a0912/assets/A0912_1_1.stl
[0.346s] -- Up-to-date: /home/user/Jina/install/dsr_description2/share/dsr_description2/mujoco_models/demo
[0.346s] -- Up-to-date: /home/user/Jina/install/dsr_description2/share/dsr_description2/mujoco_models/demo/slope_demo_scene.xml
[0.346s] -- Up-to-date: /home/user/Jina/install/dsr_description2/share/dsr_description2/mujoco_models/demo/assets
[0.346s] -- Up-to-date: /home/user/Jina/install/dsr_description2/share/dsr_description2/mujoco_models/demo/assets/stopper_left.stl
[0.346s] -- Up-to-date: /home/user/Jina/install/dsr_description2/share/dsr_description2/mujoco_models/demo/assets/top_fence_left.stl
[0.346s] -- Up-to-date: /home/user/Jina/install/dsr_description2/share/dsr_description2/mujoco_models/demo/assets/bottom_fence_right.stl
[0.346s] -- Up-to-date: /home/user/Jina/install/dsr_description2/share/dsr_description2/mujoco_models/demo/assets/storage_box.stl
[0.346s] -- Up-to-date: /home/user/Jina/install/dsr_description2/share/dsr_description2/mujoco_models/demo/assets/stopper_right.stl
[0.347s] -- Up-to-date: /home/user/Jina/install/dsr_description2/share/dsr_description2/mujoco_models/demo/assets/stopper.stl
[0.347s] -- Up-to-date: /home/user/Jina/install/dsr_description2/share/dsr_description2/mujoco_models/demo/assets/top_fence_right.stl
[0.347s] -- Up-to-date: /home/user/Jina/install/dsr_description2/share/dsr_description2/mujoco_models/demo/assets/bottom_fence_left.stl
[0.347s] -- Up-to-date: /home/user/Jina/install/dsr_description2/share/dsr_description2/mujoco_models/demo/assets/left_fence.stl
[0.347s] -- Up-to-date: /home/user/Jina/install/dsr_description2/share/dsr_description2/mujoco_models/demo/assets/bottom_slope.stl
[0.347s] -- Up-to-date: /home/user/Jina/install/dsr_description2/share/dsr_description2/mujoco_models/demo/assets/bottom_support_right.stl
[0.347s] -- Up-to-date: /home/user/Jina/install/dsr_description2/share/dsr_description2/mujoco_models/demo/assets/bottom_support_left.stl
[0.347s] -- Up-to-date: /home/user/Jina/install/dsr_description2/share/dsr_description2/mujoco_models/demo/assets/top_slope.stl
[0.347s] -- Up-to-date: /home/user/Jina/install/dsr_description2/share/dsr_description2/launch
[0.348s] -- Up-to-date: /home/user/Jina/install/dsr_description2/share/dsr_description2/launch/dsr_description.launch.py
[0.348s] -- Up-to-date: /home/user/Jina/install/dsr_description2/share/dsr_description2/rviz
[0.348s] -- Up-to-date: /home/user/Jina/install/dsr_description2/share/dsr_description2/rviz/moveit.rviz
[0.352s] -- Up-to-date: /home/user/Jina/install/dsr_description2/share/dsr_description2/rviz/default.rviz
[0.467s] Invoked command in '/home/user/Jina/build/dsr_description2' returned '0': CMAKE_PREFIX_PATH=${CMAKE_PREFIX_PATH}:/home/user/Jina/install/tower_builder:/home/user/Jina/install/dsr_visualservoing:/home/user/Jina/install/dsr_tests:/home/user/Jina/install/dsr_bringup2:/home/user/Jina/install/dsr_example:/opt/ros/humble /usr/bin/cmake --install /home/user/Jina/build/dsr_description2
