[100%] Built target dsr_realtime_control
-- Install configuration: ""
-- Up-to-date: /home/user/Jina/install/dsr_realtime_control/lib/dsr_realtime_control/dsr_realtime_control
-- Up-to-date: /home/user/Jina/install/dsr_realtime_control/include/dsr_realtime_control
-- Up-to-date: /home/user/Jina/install/dsr_realtime_control/include/dsr_realtime_control/dsr_realtime_control
-- Up-to-date: /home/user/Jina/install/dsr_realtime_control/include/dsr_realtime_control/dsr_realtime_control/command_line_options.hpp
-- Up-to-date: /home/user/Jina/install/dsr_realtime_control/include/dsr_realtime_control/dsr_realtime_control/rusage_utils.hpp
-- Up-to-date: /home/user/Jina/install/dsr_realtime_control/include/dsr_realtime_control/dsr_realtime_control/sched_utils.hpp
-- Up-to-date: /home/user/Jina/install/dsr_realtime_control/include/dsr_realtime_control/dsr_realtime_control/burn_cpu_cycles.hpp
-- Up-to-date: /home/user/Jina/install/dsr_realtime_control/include/dsr_realtime_control/dsr_realtime_control/realtime_control.hpp
-- Up-to-date: /home/user/Jina/install/dsr_realtime_control/share/ament_index/resource_index/package_run_dependencies/dsr_realtime_control
-- Up-to-date: /home/user/Jina/install/dsr_realtime_control/share/ament_index/resource_index/parent_prefix_path/dsr_realtime_control
-- Up-to-date: /home/user/Jina/install/dsr_realtime_control/share/dsr_realtime_control/environment/ament_prefix_path.sh
-- Up-to-date: /home/user/Jina/install/dsr_realtime_control/share/dsr_realtime_control/environment/ament_prefix_path.dsv
-- Up-to-date: /home/user/Jina/install/dsr_realtime_control/share/dsr_realtime_control/environment/path.sh
-- Up-to-date: /home/user/Jina/install/dsr_realtime_control/share/dsr_realtime_control/environment/path.dsv
-- Up-to-date: /home/user/Jina/install/dsr_realtime_control/share/dsr_realtime_control/local_setup.bash
-- Up-to-date: /home/user/Jina/install/dsr_realtime_control/share/dsr_realtime_control/local_setup.sh
-- Up-to-date: /home/user/Jina/install/dsr_realtime_control/share/dsr_realtime_control/local_setup.zsh
-- Up-to-date: /home/user/Jina/install/dsr_realtime_control/share/dsr_realtime_control/local_setup.dsv
-- Installing: /home/user/Jina/install/dsr_realtime_control/share/dsr_realtime_control/package.dsv
-- Up-to-date: /home/user/Jina/install/dsr_realtime_control/share/ament_index/resource_index/packages/dsr_realtime_control
-- Up-to-date: /home/user/Jina/install/dsr_realtime_control/share/dsr_realtime_control/cmake/dsr_realtime_controlConfig.cmake
-- Up-to-date: /home/user/Jina/install/dsr_realtime_control/share/dsr_realtime_control/cmake/dsr_realtime_controlConfig-version.cmake
-- Up-to-date: /home/user/Jina/install/dsr_realtime_control/share/dsr_realtime_control/package.xml
