[2.669s] Invoking command in '/home/user/Jina/src/tower_builder': PYTHONPATH=/home/user/Jina/build/tower_builder/prefix_override:/usr/lib/python3/dist-packages/colcon_core/task/python/colcon_distutils_commands:/home/user/Jina/install/tower_builder/lib/python3.10/site-packages:${PYTHONPATH} /usr/bin/python3 -W ignore:setup.py install is deprecated -W ignore:easy_install command is deprecated setup.py egg_info --egg-base ../../build/tower_builder build --build-base /home/user/Jina/build/tower_builder/build install --record /home/user/Jina/build/tower_builder/install.log --single-version-externally-managed install_data
[3.348s] running egg_info
[3.354s] writing ../../build/tower_builder/tower_builder.egg-info/PKG-INFO
[3.356s] writing dependency_links to ../../build/tower_builder/tower_builder.egg-info/dependency_links.txt
[3.358s] writing entry points to ../../build/tower_builder/tower_builder.egg-info/entry_points.txt
[3.358s] writing requirements to ../../build/tower_builder/tower_builder.egg-info/requires.txt
[3.358s] writing top-level names to ../../build/tower_builder/tower_builder.egg-info/top_level.txt
[3.374s] reading manifest file '../../build/tower_builder/tower_builder.egg-info/SOURCES.txt'
[3.378s] writing manifest file '../../build/tower_builder/tower_builder.egg-info/SOURCES.txt'
[3.379s] running build
[3.379s] running build_py
[3.389s] copying tower_builder/main_mod_hub.py -> /home/user/Jina/build/tower_builder/build/lib/tower_builder
[3.390s] running install
[3.391s] running install_lib
[3.391s] copying /home/user/Jina/build/tower_builder/build/lib/tower_builder/main_mod_hub.py -> /home/user/Jina/install/tower_builder/lib/python3.10/site-packages/tower_builder
[3.392s] byte-compiling /home/user/Jina/install/tower_builder/lib/python3.10/site-packages/tower_builder/main_mod_hub.py to main_mod_hub.cpython-310.pyc
[3.398s] running install_data
[3.398s] running install_egg_info
[3.406s] removing '/home/user/Jina/install/tower_builder/lib/python3.10/site-packages/tower_builder-0.0.0-py3.10.egg-info' (and everything under it)
[3.406s] Copying ../../build/tower_builder/tower_builder.egg-info to /home/user/Jina/install/tower_builder/lib/python3.10/site-packages/tower_builder-0.0.0-py3.10.egg-info
[3.409s] running install_scripts
[3.464s] Installing hub script to /home/user/Jina/install/tower_builder/lib/tower_builder
[3.465s] Installing stb script to /home/user/Jina/install/tower_builder/lib/tower_builder
[3.466s] writing list of installed files to '/home/user/Jina/build/tower_builder/install.log'
[3.604s] Invoked command in '/home/user/Jina/src/tower_builder' returned '0': PYTHONPATH=/home/user/Jina/build/tower_builder/prefix_override:/usr/lib/python3/dist-packages/colcon_core/task/python/colcon_distutils_commands:/home/user/Jina/install/tower_builder/lib/python3.10/site-packages:${PYTHONPATH} /usr/bin/python3 -W ignore:setup.py install is deprecated -W ignore:easy_install command is deprecated setup.py egg_info --egg-base ../../build/tower_builder build --build-base /home/user/Jina/build/tower_builder/build install --record /home/user/Jina/build/tower_builder/install.log --single-version-externally-managed install_data
