running egg_info
writing ../../build/tower_builder/tower_builder.egg-info/PKG-INFO
writing dependency_links to ../../build/tower_builder/tower_builder.egg-info/dependency_links.txt
writing entry points to ../../build/tower_builder/tower_builder.egg-info/entry_points.txt
writing requirements to ../../build/tower_builder/tower_builder.egg-info/requires.txt
writing top-level names to ../../build/tower_builder/tower_builder.egg-info/top_level.txt
reading manifest file '../../build/tower_builder/tower_builder.egg-info/SOURCES.txt'
writing manifest file '../../build/tower_builder/tower_builder.egg-info/SOURCES.txt'
running build
running build_py
copying tower_builder/final_ver2.py -> /home/user/Jina/build/tower_builder/build/lib/tower_builder
running install
running install_lib
copying /home/user/Jina/build/tower_builder/build/lib/tower_builder/final_ver2.py -> /home/user/Jina/install/tower_builder/lib/python3.10/site-packages/tower_builder
byte-compiling /home/user/Jina/install/tower_builder/lib/python3.10/site-packages/tower_builder/final_ver2.py to final_ver2.cpython-310.pyc
running install_data
running install_egg_info
removing '/home/user/Jina/install/tower_builder/lib/python3.10/site-packages/tower_builder-0.0.0-py3.10.egg-info' (and everything under it)
Copying ../../build/tower_builder/tower_builder.egg-info to /home/user/Jina/install/tower_builder/lib/python3.10/site-packages/tower_builder-0.0.0-py3.10.egg-info
running install_scripts
Installing stb script to /home/user/Jina/install/tower_builder/lib/tower_builder
writing list of installed files to '/home/user/Jina/build/tower_builder/install.log'
