[0.012s] Invoking command in '/home/user/Jina/build/dsr_controller2': CMAKE_PREFIX_PATH=/home/user/Jina/install/dsr_hardware2:/home/user/Jina/install/dsr_msgs2:/home/user/Jina/install/dsr_realtime_control:/home/user/Jina/install/dsr_mujoco:/home/user/Jina/install/dsr_controller2:/home/user/Jina/install/dsr_moveit_config_p3020:/home/user/Jina/install/dsr_moveit_config_m1509:/home/user/Jina/install/dsr_moveit_config_m1013:/home/user/Jina/install/dsr_moveit_config_m0617:/home/user/Jina/install/dsr_moveit_config_m0609:/home/user/Jina/install/dsr_moveit_config_h2515:/home/user/Jina/install/dsr_moveit_config_h2017:/home/user/Jina/install/dsr_moveit_config_e0509:/home/user/Jina/install/dsr_moveit_config_a0912:/home/user/Jina/install/dsr_moveit_config_a0509:/home/user/Jina/install/dsr_gazebo2:/home/user/Jina/install/dsr_description2:/home/user/Jina/install/dsr_common2:/home/user/Jina/install/tower_builder:/home/user/Jina/install/dsr_visualservoing:/home/user/Jina/install/dsr_tests:/home/user/Jina/install/dsr_bringup2:/home/user/Jina/install/dsr_example:/opt/ros/humble LD_LIBRARY_PATH=/home/user/Jina/install/dsr_hardware2/lib:/home/user/Jina/install/dsr_msgs2/lib:/home/user/Jina/install/dsr_controller2/lib:/usr/lib/x86_64-linux-gnu/gazebo-11/plugins:/opt/ros/humble/opt/rviz_ogre_vendor/lib:/opt/ros/humble/lib/x86_64-linux-gnu:/opt/ros/humble/lib /usr/bin/cmake --build /home/user/Jina/build/dsr_controller2 -- -j12 -l12
[0.080s] [ 50%] Built target dsr_joint_trajectory
[0.083s] [100%] Built target dsr_controller2
[0.097s] Invoked command in '/home/user/Jina/build/dsr_controller2' returned '0': CMAKE_PREFIX_PATH=/home/user/Jina/install/dsr_hardware2:/home/user/Jina/install/dsr_msgs2:/home/user/Jina/install/dsr_realtime_control:/home/user/Jina/install/dsr_mujoco:/home/user/Jina/install/dsr_controller2:/home/user/Jina/install/dsr_moveit_config_p3020:/home/user/Jina/install/dsr_moveit_config_m1509:/home/user/Jina/install/dsr_moveit_config_m1013:/home/user/Jina/install/dsr_moveit_config_m0617:/home/user/Jina/install/dsr_moveit_config_m0609:/home/user/Jina/install/dsr_moveit_config_h2515:/home/user/Jina/install/dsr_moveit_config_h2017:/home/user/Jina/install/dsr_moveit_config_e0509:/home/user/Jina/install/dsr_moveit_config_a0912:/home/user/Jina/install/dsr_moveit_config_a0509:/home/user/Jina/install/dsr_gazebo2:/home/user/Jina/install/dsr_description2:/home/user/Jina/install/dsr_common2:/home/user/Jina/install/tower_builder:/home/user/Jina/install/dsr_visualservoing:/home/user/Jina/install/dsr_tests:/home/user/Jina/install/dsr_bringup2:/home/user/Jina/install/dsr_example:/opt/ros/humble LD_LIBRARY_PATH=/home/user/Jina/install/dsr_hardware2/lib:/home/user/Jina/install/dsr_msgs2/lib:/home/user/Jina/install/dsr_controller2/lib:/usr/lib/x86_64-linux-gnu/gazebo-11/plugins:/opt/ros/humble/opt/rviz_ogre_vendor/lib:/opt/ros/humble/lib/x86_64-linux-gnu:/opt/ros/humble/lib /usr/bin/cmake --build /home/user/Jina/build/dsr_controller2 -- -j12 -l12
[0.099s] Invoking command in '/home/user/Jina/build/dsr_controller2': CMAKE_PREFIX_PATH=/home/user/Jina/install/dsr_hardware2:/home/user/Jina/install/dsr_msgs2:/home/user/Jina/install/dsr_realtime_control:/home/user/Jina/install/dsr_mujoco:/home/user/Jina/install/dsr_controller2:/home/user/Jina/install/dsr_moveit_config_p3020:/home/user/Jina/install/dsr_moveit_config_m1509:/home/user/Jina/install/dsr_moveit_config_m1013:/home/user/Jina/install/dsr_moveit_config_m0617:/home/user/Jina/install/dsr_moveit_config_m0609:/home/user/Jina/install/dsr_moveit_config_h2515:/home/user/Jina/install/dsr_moveit_config_h2017:/home/user/Jina/install/dsr_moveit_config_e0509:/home/user/Jina/install/dsr_moveit_config_a0912:/home/user/Jina/install/dsr_moveit_config_a0509:/home/user/Jina/install/dsr_gazebo2:/home/user/Jina/install/dsr_description2:/home/user/Jina/install/dsr_common2:/home/user/Jina/install/tower_builder:/home/user/Jina/install/dsr_visualservoing:/home/user/Jina/install/dsr_tests:/home/user/Jina/install/dsr_bringup2:/home/user/Jina/install/dsr_example:/opt/ros/humble LD_LIBRARY_PATH=/home/user/Jina/install/dsr_hardware2/lib:/home/user/Jina/install/dsr_msgs2/lib:/home/user/Jina/install/dsr_controller2/lib:/usr/lib/x86_64-linux-gnu/gazebo-11/plugins:/opt/ros/humble/opt/rviz_ogre_vendor/lib:/opt/ros/humble/lib/x86_64-linux-gnu:/opt/ros/humble/lib /usr/bin/cmake --install /home/user/Jina/build/dsr_controller2
[0.105s] -- Install configuration: ""
[0.105s] -- Up-to-date: /home/user/Jina/install/dsr_controller2/share/dsr_controller2/dsr_controller2_plugins.xml
[0.106s] -- Up-to-date: /home/user/Jina/install/dsr_controller2/share/dsr_controller2/dsr_joint_trajectory_plugin.xml
[0.106s] -- Up-to-date: /home/user/Jina/install/dsr_controller2/include/dsr_controller2
[0.106s] -- Up-to-date: /home/user/Jina/install/dsr_controller2/include/dsr_controller2/dsr_controller2
[0.106s] -- Up-to-date: /home/user/Jina/install/dsr_controller2/include/dsr_controller2/dsr_controller2/dsr_joint_trajectory.hpp
[0.106s] -- Up-to-date: /home/user/Jina/install/dsr_controller2/include/dsr_controller2/dsr_controller2/visibility_control.h
[0.106s] -- Up-to-date: /home/user/Jina/install/dsr_controller2/include/dsr_controller2/dsr_controller2/dsr_controller2.hpp
[0.106s] -- Up-to-date: /home/user/Jina/install/dsr_controller2/share/dsr_controller2/config
[0.106s] -- Up-to-date: /home/user/Jina/install/dsr_controller2/share/dsr_controller2/config/console.conf
[0.106s] -- Up-to-date: /home/user/Jina/install/dsr_controller2/share/dsr_controller2/config/dsr_controller2_gz.yaml
[0.106s] -- Up-to-date: /home/user/Jina/install/dsr_controller2/share/dsr_controller2/config/dsr_controller2_p3020.yaml
[0.106s] -- Up-to-date: /home/user/Jina/install/dsr_controller2/share/dsr_controller2/config/dsr_controller2_gz_p3020.yaml
[0.106s] -- Up-to-date: /home/user/Jina/install/dsr_controller2/share/dsr_controller2/config/dsr_controller2.yaml
[0.106s] -- Up-to-date: /home/user/Jina/install/dsr_controller2/share/dsr_controller2/config/default.yaml
[0.106s] -- Up-to-date: /home/user/Jina/install/dsr_controller2/share/dsr_controller2/config/dsr_controller2_ex.yaml
[0.107s] -- Up-to-date: /home/user/Jina/install/dsr_controller2/share/dsr_controller2/launch
[0.107s] -- Up-to-date: /home/user/Jina/install/dsr_controller2/share/dsr_controller2/launch/dsr_control2.launch.py
[0.107s] -- Up-to-date: /home/user/Jina/install/dsr_controller2/share/dsr_controller2/launch/dsr_controller2.launch.py
[0.107s] -- Up-to-date: /home/user/Jina/install/dsr_controller2/share/dsr_controller2/launch/dsr_moveit2.launch.py
[0.107s] -- Up-to-date: /home/user/Jina/install/dsr_controller2/lib/libdsr_controller2.so
[0.107s] -- Up-to-date: /home/user/Jina/install/dsr_controller2/lib/libdsr_joint_trajectory.so
[0.107s] -- Up-to-date: /home/user/Jina/install/dsr_controller2/share/dsr_controller2/environment/library_path.sh
[0.107s] -- Up-to-date: /home/user/Jina/install/dsr_controller2/share/dsr_controller2/environment/library_path.dsv
[0.107s] -- Up-to-date: /home/user/Jina/install/dsr_controller2/share/ament_index/resource_index/package_run_dependencies/dsr_controller2
[0.107s] -- Up-to-date: /home/user/Jina/install/dsr_controller2/share/ament_index/resource_index/parent_prefix_path/dsr_controller2
[0.107s] -- Up-to-date: /home/user/Jina/install/dsr_controller2/share/dsr_controller2/environment/ament_prefix_path.sh
[0.107s] -- Up-to-date: /home/user/Jina/install/dsr_controller2/share/dsr_controller2/environment/ament_prefix_path.dsv
[0.107s] -- Up-to-date: /home/user/Jina/install/dsr_controller2/share/dsr_controller2/environment/path.sh
[0.107s] -- Up-to-date: /home/user/Jina/install/dsr_controller2/share/dsr_controller2/environment/path.dsv
[0.107s] -- Up-to-date: /home/user/Jina/install/dsr_controller2/share/dsr_controller2/local_setup.bash
[0.107s] -- Up-to-date: /home/user/Jina/install/dsr_controller2/share/dsr_controller2/local_setup.sh
[0.108s] -- Up-to-date: /home/user/Jina/install/dsr_controller2/share/dsr_controller2/local_setup.zsh
[0.108s] -- Up-to-date: /home/user/Jina/install/dsr_controller2/share/dsr_controller2/local_setup.dsv
[0.108s] -- Installing: /home/user/Jina/install/dsr_controller2/share/dsr_controller2/package.dsv
[0.108s] -- Up-to-date: /home/user/Jina/install/dsr_controller2/share/ament_index/resource_index/packages/dsr_controller2
[0.108s] -- Up-to-date: /home/user/Jina/install/dsr_controller2/share/ament_index/resource_index/controller_interface__pluginlib__plugin/dsr_controller2
[0.108s] -- Up-to-date: /home/user/Jina/install/dsr_controller2/share/dsr_controller2/cmake/export_dsr_controller2Export.cmake
[0.108s] -- Up-to-date: /home/user/Jina/install/dsr_controller2/share/dsr_controller2/cmake/export_dsr_controller2Export-noconfig.cmake
[0.108s] -- Up-to-date: /home/user/Jina/install/dsr_controller2/share/dsr_controller2/cmake/export_dsr_joint_trajectoryExport.cmake
[0.108s] -- Up-to-date: /home/user/Jina/install/dsr_controller2/share/dsr_controller2/cmake/export_dsr_joint_trajectoryExport-noconfig.cmake
[0.108s] -- Up-to-date: /home/user/Jina/install/dsr_controller2/share/dsr_controller2/cmake/ament_cmake_export_targets-extras.cmake
[0.108s] -- Up-to-date: /home/user/Jina/install/dsr_controller2/share/dsr_controller2/cmake/ament_cmake_export_dependencies-extras.cmake
[0.108s] -- Up-to-date: /home/user/Jina/install/dsr_controller2/share/dsr_controller2/cmake/dsr_controller2Config.cmake
[0.109s] -- Up-to-date: /home/user/Jina/install/dsr_controller2/share/dsr_controller2/cmake/dsr_controller2Config-version.cmake
[0.109s] -- Up-to-date: /home/user/Jina/install/dsr_controller2/share/dsr_controller2/package.xml
[0.111s] Invoked command in '/home/user/Jina/build/dsr_controller2' returned '0': CMAKE_PREFIX_PATH=/home/user/Jina/install/dsr_hardware2:/home/user/Jina/install/dsr_msgs2:/home/user/Jina/install/dsr_realtime_control:/home/user/Jina/install/dsr_mujoco:/home/user/Jina/install/dsr_controller2:/home/user/Jina/install/dsr_moveit_config_p3020:/home/user/Jina/install/dsr_moveit_config_m1509:/home/user/Jina/install/dsr_moveit_config_m1013:/home/user/Jina/install/dsr_moveit_config_m0617:/home/user/Jina/install/dsr_moveit_config_m0609:/home/user/Jina/install/dsr_moveit_config_h2515:/home/user/Jina/install/dsr_moveit_config_h2017:/home/user/Jina/install/dsr_moveit_config_e0509:/home/user/Jina/install/dsr_moveit_config_a0912:/home/user/Jina/install/dsr_moveit_config_a0509:/home/user/Jina/install/dsr_gazebo2:/home/user/Jina/install/dsr_description2:/home/user/Jina/install/dsr_common2:/home/user/Jina/install/tower_builder:/home/user/Jina/install/dsr_visualservoing:/home/user/Jina/install/dsr_tests:/home/user/Jina/install/dsr_bringup2:/home/user/Jina/install/dsr_example:/opt/ros/humble LD_LIBRARY_PATH=/home/user/Jina/install/dsr_hardware2/lib:/home/user/Jina/install/dsr_msgs2/lib:/home/user/Jina/install/dsr_controller2/lib:/usr/lib/x86_64-linux-gnu/gazebo-11/plugins:/opt/ros/humble/opt/rviz_ogre_vendor/lib:/opt/ros/humble/lib/x86_64-linux-gnu:/opt/ros/humble/lib /usr/bin/cmake --install /home/user/Jina/build/dsr_controller2
