[0.127s] Invoking command in '/home/user/Jina/build/dsr_mujoco': CMAKE_PREFIX_PATH=/opt/ros/humble /usr/bin/cmake /home/user/Jina/src/doosan-robot2/dsr_mujoco -DCMAKE_INSTALL_PREFIX=/home/user/Jina/install/dsr_mujoco
[0.168s] -- The C compiler identification is GNU 11.4.0
[0.209s] -- The CXX compiler identification is GNU 11.4.0
[0.215s] -- Detecting C compiler ABI info
[0.273s] -- Detecting C compiler ABI info - done
[0.277s] -- Check for working C compiler: /usr/bin/cc - skipped
[0.277s] -- Detecting C compile features
[0.277s] -- Detecting C compile features - done
[0.279s] -- Detecting CXX compiler ABI info
[0.334s] -- Detecting CXX compiler ABI info - done
[0.341s] -- Check for working CXX compiler: /usr/bin/c++ - skipped
[0.341s] -- Detecting CXX compile features
[0.341s] -- Detecting CXX compile features - done
[0.344s] -- Found ament_cmake: 1.3.12 (/opt/ros/humble/share/ament_cmake/cmake)
[0.470s] -- Found Python3: /usr/bin/python3 (found version "3.10.12") found components: Interpreter 
[0.531s] -- Found rclcpp: 16.0.16 (/opt/ros/humble/share/rclcpp/cmake)
[0.572s] -- Found rosidl_generator_c: 3.1.7 (/opt/ros/humble/share/rosidl_generator_c/cmake)
[0.576s] -- Found rosidl_adapter: 3.1.7 (/opt/ros/humble/share/rosidl_adapter/cmake)
[0.585s] -- Found rosidl_generator_cpp: 3.1.7 (/opt/ros/humble/share/rosidl_generator_cpp/cmake)
[0.596s] -- Using all available rosidl_typesupport_c: rosidl_typesupport_fastrtps_c;rosidl_typesupport_introspection_c
[0.611s] -- Using all available rosidl_typesupport_cpp: rosidl_typesupport_fastrtps_cpp;rosidl_typesupport_introspection_cpp
[0.653s] -- Found rmw_implementation_cmake: 6.1.2 (/opt/ros/humble/share/rmw_implementation_cmake/cmake)
[0.655s] -- Found rmw_fastrtps_cpp: 6.2.9 (/opt/ros/humble/share/rmw_fastrtps_cpp/cmake)
[0.731s] -- Found OpenSSL: /usr/lib/x86_64-linux-gnu/libcrypto.so (found version "3.0.2")  
[0.747s] -- Found FastRTPS: /opt/ros/humble/include  
[0.782s] -- Using RMW implementation 'rmw_fastrtps_cpp' as default
[0.790s] -- Looking for pthread.h
[0.863s] -- Looking for pthread.h - found
[0.864s] -- Performing Test CMAKE_HAVE_LIBC_PTHREAD
[0.930s] -- Performing Test CMAKE_HAVE_LIBC_PTHREAD - Success
[0.931s] -- Found Threads: TRUE  
[0.987s] -- Found rclcpp_action: 16.0.16 (/opt/ros/humble/share/rclcpp_action/cmake)
[1.032s] -- Found control_msgs: 4.8.0 (/opt/ros/humble/share/control_msgs/cmake)
[1.239s] -- Configuring done
[1.241s] -- Generating done
[1.243s] -- Build files have been written to: /home/user/Jina/build/dsr_mujoco
[1.256s] Invoked command in '/home/user/Jina/build/dsr_mujoco' returned '0': CMAKE_PREFIX_PATH=/opt/ros/humble /usr/bin/cmake /home/user/Jina/src/doosan-robot2/dsr_mujoco -DCMAKE_INSTALL_PREFIX=/home/user/Jina/install/dsr_mujoco
[1.257s] Invoking command in '/home/user/Jina/build/dsr_mujoco': CMAKE_PREFIX_PATH=/opt/ros/humble /usr/bin/cmake --build /home/user/Jina/build/dsr_mujoco -- -j12 -l12
[1.311s] Built target ament_cmake_python_copy_dsr_mujoco
[1.454s] running egg_info
[1.454s] creating dsr_mujoco.egg-info
[1.455s] writing dsr_mujoco.egg-info/PKG-INFO
[1.455s] writing dependency_links to dsr_mujoco.egg-info/dependency_links.txt
[1.455s] writing top-level names to dsr_mujoco.egg-info/top_level.txt
[1.455s] writing manifest file 'dsr_mujoco.egg-info/SOURCES.txt'
[1.457s] reading manifest file 'dsr_mujoco.egg-info/SOURCES.txt'
[1.457s] writing manifest file 'dsr_mujoco.egg-info/SOURCES.txt'
[1.487s] Built target ament_cmake_python_build_dsr_mujoco_egg
[1.497s] Invoked command in '/home/user/Jina/build/dsr_mujoco' returned '0': CMAKE_PREFIX_PATH=/opt/ros/humble /usr/bin/cmake --build /home/user/Jina/build/dsr_mujoco -- -j12 -l12
[1.498s] Invoking command in '/home/user/Jina/build/dsr_mujoco': CMAKE_PREFIX_PATH=/opt/ros/humble /usr/bin/cmake --install /home/user/Jina/build/dsr_mujoco
[1.503s] -- Install configuration: ""
[1.504s] -- Installing: /home/user/Jina/install/dsr_mujoco/share/dsr_mujoco/environment/pythonpath.sh
[1.504s] -- Installing: /home/user/Jina/install/dsr_mujoco/share/dsr_mujoco/environment/pythonpath.dsv
[1.504s] -- Installing: /home/user/Jina/install/dsr_mujoco/local/lib/python3.10/dist-packages/dsr_mujoco-0.1.0-py3.10.egg-info
[1.504s] -- Installing: /home/user/Jina/install/dsr_mujoco/local/lib/python3.10/dist-packages/dsr_mujoco-0.1.0-py3.10.egg-info/dependency_links.txt
[1.505s] -- Installing: /home/user/Jina/install/dsr_mujoco/local/lib/python3.10/dist-packages/dsr_mujoco-0.1.0-py3.10.egg-info/SOURCES.txt
[1.505s] -- Installing: /home/user/Jina/install/dsr_mujoco/local/lib/python3.10/dist-packages/dsr_mujoco-0.1.0-py3.10.egg-info/PKG-INFO
[1.505s] -- Installing: /home/user/Jina/install/dsr_mujoco/local/lib/python3.10/dist-packages/dsr_mujoco-0.1.0-py3.10.egg-info/top_level.txt
[1.505s] -- Installing: /home/user/Jina/install/dsr_mujoco/local/lib/python3.10/dist-packages/dsr_mujoco
[1.505s] -- Installing: /home/user/Jina/install/dsr_mujoco/local/lib/python3.10/dist-packages/dsr_mujoco/__init__.py
[1.505s] -- Installing: /home/user/Jina/install/dsr_mujoco/local/lib/python3.10/dist-packages/dsr_mujoco/dsr_merge_gripper.py
[1.505s] -- Installing: /home/user/Jina/install/dsr_mujoco/local/lib/python3.10/dist-packages/dsr_mujoco/dsr_build_scene.py
[1.538s] Listing '/home/user/Jina/install/dsr_mujoco/local/lib/python3.10/dist-packages/dsr_mujoco'...
[1.538s] Compiling '/home/user/Jina/install/dsr_mujoco/local/lib/python3.10/dist-packages/dsr_mujoco/__init__.py'...
[1.539s] Compiling '/home/user/Jina/install/dsr_mujoco/local/lib/python3.10/dist-packages/dsr_mujoco/dsr_build_scene.py'...
[1.539s] Compiling '/home/user/Jina/install/dsr_mujoco/local/lib/python3.10/dist-packages/dsr_mujoco/dsr_merge_gripper.py'...
[1.541s] -- Installing: /home/user/Jina/install/dsr_mujoco/share/dsr_mujoco//launch
[1.541s] -- Installing: /home/user/Jina/install/dsr_mujoco/share/dsr_mujoco//launch/dsr_mujoco_default.launch.py
[1.541s] -- Installing: /home/user/Jina/install/dsr_mujoco/share/dsr_mujoco//launch/dsr_mujoco.launch.py
[1.542s] -- Installing: /home/user/Jina/install/dsr_mujoco/share/dsr_mujoco//config
[1.542s] -- Installing: /home/user/Jina/install/dsr_mujoco/share/dsr_mujoco//config/dsr_mujoco_controller_with_2f85.yaml
[1.542s] -- Installing: /home/user/Jina/install/dsr_mujoco/share/dsr_mujoco//config/2f85_controller.yaml
[1.542s] -- Installing: /home/user/Jina/install/dsr_mujoco/share/dsr_mujoco//config/dsr_mujoco_controller.yaml
[1.542s] -- Installing: /home/user/Jina/install/dsr_mujoco/share/ament_index/resource_index/package_run_dependencies/dsr_mujoco
[1.542s] -- Installing: /home/user/Jina/install/dsr_mujoco/share/ament_index/resource_index/parent_prefix_path/dsr_mujoco
[1.542s] -- Installing: /home/user/Jina/install/dsr_mujoco/share/dsr_mujoco/environment/ament_prefix_path.sh
[1.542s] -- Installing: /home/user/Jina/install/dsr_mujoco/share/dsr_mujoco/environment/ament_prefix_path.dsv
[1.542s] -- Installing: /home/user/Jina/install/dsr_mujoco/share/dsr_mujoco/environment/path.sh
[1.542s] -- Installing: /home/user/Jina/install/dsr_mujoco/share/dsr_mujoco/environment/path.dsv
[1.542s] -- Installing: /home/user/Jina/install/dsr_mujoco/share/dsr_mujoco/local_setup.bash
[1.543s] -- Installing: /home/user/Jina/install/dsr_mujoco/share/dsr_mujoco/local_setup.sh
[1.543s] -- Installing: /home/user/Jina/install/dsr_mujoco/share/dsr_mujoco/local_setup.zsh
[1.543s] -- Installing: /home/user/Jina/install/dsr_mujoco/share/dsr_mujoco/local_setup.dsv
[1.543s] -- Installing: /home/user/Jina/install/dsr_mujoco/share/dsr_mujoco/package.dsv
[1.543s] -- Installing: /home/user/Jina/install/dsr_mujoco/share/ament_index/resource_index/packages/dsr_mujoco
[1.543s] -- Installing: /home/user/Jina/install/dsr_mujoco/share/dsr_mujoco/cmake/dsr_mujocoConfig.cmake
[1.543s] -- Installing: /home/user/Jina/install/dsr_mujoco/share/dsr_mujoco/cmake/dsr_mujocoConfig-version.cmake
[1.543s] -- Installing: /home/user/Jina/install/dsr_mujoco/share/dsr_mujoco/package.xml
[1.549s] Invoked command in '/home/user/Jina/build/dsr_mujoco' returned '0': CMAKE_PREFIX_PATH=/opt/ros/humble /usr/bin/cmake --install /home/user/Jina/build/dsr_mujoco
