[1.020s] Invoking command in '/home/user/Jina/src/tower_builder': PYTHONPATH=/home/user/Jina/build/tower_builder/prefix_override:/usr/lib/python3/dist-packages/colcon_core/task/python/colcon_distutils_commands:/home/user/Jina/install/tower_builder/lib/python3.10/site-packages:${PYTHONPATH} /usr/bin/python3 -W ignore:setup.py install is deprecated -W ignore:easy_install command is deprecated setup.py egg_info --egg-base ../../build/tower_builder build --build-base /home/user/Jina/build/tower_builder/build install --record /home/user/Jina/build/tower_builder/install.log --single-version-externally-managed install_data
[1.375s] running egg_info
[1.376s] writing ../../build/tower_builder/tower_builder.egg-info/PKG-INFO
[1.376s] writing dependency_links to ../../build/tower_builder/tower_builder.egg-info/dependency_links.txt
[1.377s] writing entry points to ../../build/tower_builder/tower_builder.egg-info/entry_points.txt
[1.377s] writing requirements to ../../build/tower_builder/tower_builder.egg-info/requires.txt
[1.377s] writing top-level names to ../../build/tower_builder/tower_builder.egg-info/top_level.txt
[1.383s] reading manifest file '../../build/tower_builder/tower_builder.egg-info/SOURCES.txt'
[1.383s] writing manifest file '../../build/tower_builder/tower_builder.egg-info/SOURCES.txt'
[1.384s] running build
[1.384s] running build_py
[1.384s] copying tower_builder/main.py -> /home/user/Jina/build/tower_builder/build/lib/tower_builder
[1.384s] copying tower_builder/camera.py -> /home/user/Jina/build/tower_builder/build/lib/tower_builder
[1.384s] copying tower_builder/controller.py -> /home/user/Jina/build/tower_builder/build/lib/tower_builder
[1.385s] running install
[1.385s] running install_lib
[1.386s] copying /home/user/Jina/build/tower_builder/build/lib/tower_builder/main.py -> /home/user/Jina/install/tower_builder/lib/python3.10/site-packages/tower_builder
[1.386s] copying /home/user/Jina/build/tower_builder/build/lib/tower_builder/camera.py -> /home/user/Jina/install/tower_builder/lib/python3.10/site-packages/tower_builder
[1.386s] copying /home/user/Jina/build/tower_builder/build/lib/tower_builder/controller.py -> /home/user/Jina/install/tower_builder/lib/python3.10/site-packages/tower_builder
[1.387s] byte-compiling /home/user/Jina/install/tower_builder/lib/python3.10/site-packages/tower_builder/main.py to main.cpython-310.pyc
[1.389s] byte-compiling /home/user/Jina/install/tower_builder/lib/python3.10/site-packages/tower_builder/final_ver1.py to final_ver1.cpython-310.pyc
[1.395s] byte-compiling /home/user/Jina/install/tower_builder/lib/python3.10/site-packages/tower_builder/class_ver1.py to class_ver1.cpython-310.pyc
[1.400s] byte-compiling /home/user/Jina/install/tower_builder/lib/python3.10/site-packages/tower_builder/gripper_drl_controller.py to gripper_drl_controller.cpython-310.pyc
[1.401s] byte-compiling /home/user/Jina/install/tower_builder/lib/python3.10/site-packages/tower_builder/__init__.py to __init__.cpython-310.pyc
[1.401s] byte-compiling /home/user/Jina/install/tower_builder/lib/python3.10/site-packages/tower_builder/final_ver2.py to final_ver2.cpython-310.pyc
[1.405s] byte-compiling /home/user/Jina/install/tower_builder/lib/python3.10/site-packages/tower_builder/camera.py to camera.cpython-310.pyc
[1.410s] byte-compiling /home/user/Jina/install/tower_builder/lib/python3.10/site-packages/tower_builder/controller.py to controller.cpython-310.pyc
[1.412s] running install_data
[1.412s] running install_egg_info
[1.415s] removing '/home/user/Jina/install/tower_builder/lib/python3.10/site-packages/tower_builder-0.0.0-py3.10.egg-info' (and everything under it)
[1.415s] Copying ../../build/tower_builder/tower_builder.egg-info to /home/user/Jina/install/tower_builder/lib/python3.10/site-packages/tower_builder-0.0.0-py3.10.egg-info
[1.416s] running install_scripts
[1.438s] Installing stb script to /home/user/Jina/install/tower_builder/lib/tower_builder
[1.438s] writing list of installed files to '/home/user/Jina/build/tower_builder/install.log'
[1.490s] Invoked command in '/home/user/Jina/src/tower_builder' returned '0': PYTHONPATH=/home/user/Jina/build/tower_builder/prefix_override:/usr/lib/python3/dist-packages/colcon_core/task/python/colcon_distutils_commands:/home/user/Jina/install/tower_builder/lib/python3.10/site-packages:${PYTHONPATH} /usr/bin/python3 -W ignore:setup.py install is deprecated -W ignore:easy_install command is deprecated setup.py egg_info --egg-base ../../build/tower_builder build --build-base /home/user/Jina/build/tower_builder/build install --record /home/user/Jina/build/tower_builder/install.log --single-version-externally-managed install_data
